Using GATK jar /export/approved/gatk-4.5.0.0/gatk-package-4.5.0.0-local.jar
Running:
    java -Dsamjdk.use_async_io_read_samtools=false -Dsamjdk.use_async_io_write_samtools=true -Dsamjdk.use_async_io_write_tribble=false -Dsamjdk.compression_level=2 -Xmx40G -XX:+UseParallelGC -XX:ParallelGCThreads=2 -jar /export/approved/gatk-4.5.0.0/gatk-package-4.5.0.0-local.jar HaplotypeCaller -R /export/home/andrew/genome/hg38_v0_20231023/Homo_sapiens_assembly38.fasta -I analysis_onelane.sorted.final.bam -L chr2 -O called.chr2.recal.g.vcf.gz -G StandardAnnotation -G StandardHCAnnotation -GQB 10 -GQB 20 -GQB 30 -GQB 40 -GQB 50 -GQB 60 -GQB 70 -GQB 80 -GQB 90 --native-pair-hmm-threads 8 -ERC GVCF
12:04:55.779 WARN  GATKAnnotationPluginDescriptor - Redundant enabled annotation group (StandardAnnotation) is enabled for this tool by default
12:04:55.801 WARN  GATKAnnotationPluginDescriptor - Redundant enabled annotation group (StandardHCAnnotation) is enabled for this tool by default
12:04:55.951 INFO  NativeLibraryLoader - Loading libgkl_compression.so from jar:file:/export/approved/gatk-4.5.0.0/gatk-package-4.5.0.0-local.jar!/com/intel/gkl/native/libgkl_compression.so
12:04:56.497 INFO  HaplotypeCaller - ------------------------------------------------------------
12:04:56.503 INFO  HaplotypeCaller - The Genome Analysis Toolkit (GATK) v4.5.0.0
12:04:56.503 INFO  HaplotypeCaller - For support and documentation go to https://software.broadinstitute.org/gatk/
12:04:56.503 INFO  HaplotypeCaller - Executing as andrew@compute-0-2 on Linux v5.15.0-102-generic amd64
12:04:56.503 INFO  HaplotypeCaller - Java runtime: OpenJDK 64-Bit Server VM v19.0.2+7-Ubuntu-0ubuntu322.04
12:04:56.504 INFO  HaplotypeCaller - Start Date/Time: May 3, 2024 at 12:04:55 PM UTC
12:04:56.504 INFO  HaplotypeCaller - ------------------------------------------------------------
12:04:56.504 INFO  HaplotypeCaller - ------------------------------------------------------------
12:04:56.505 INFO  HaplotypeCaller - HTSJDK Version: 4.1.0
12:04:56.505 INFO  HaplotypeCaller - Picard Version: 3.1.1
12:04:56.505 INFO  HaplotypeCaller - Built for Spark Version: 3.5.0
12:04:56.505 INFO  HaplotypeCaller - HTSJDK Defaults.COMPRESSION_LEVEL : 2
12:04:56.506 INFO  HaplotypeCaller - HTSJDK Defaults.USE_ASYNC_IO_READ_FOR_SAMTOOLS : false
12:04:56.506 INFO  HaplotypeCaller - HTSJDK Defaults.USE_ASYNC_IO_WRITE_FOR_SAMTOOLS : true
12:04:56.506 INFO  HaplotypeCaller - HTSJDK Defaults.USE_ASYNC_IO_WRITE_FOR_TRIBBLE : false
12:04:56.506 INFO  HaplotypeCaller - Deflater: IntelDeflater
12:04:56.506 INFO  HaplotypeCaller - Inflater: IntelInflater
12:04:56.507 INFO  HaplotypeCaller - GCS max retries/reopens: 20
12:04:56.507 INFO  HaplotypeCaller - Requester pays: disabled
12:04:56.507 INFO  HaplotypeCaller - Initializing engine
12:04:57.100 INFO  IntervalArgumentCollection - Processing 242193529 bp from intervals
12:04:57.117 INFO  HaplotypeCaller - Done initializing engine
12:04:57.120 INFO  HaplotypeCallerEngine - Tool is in reference confidence mode and the annotation, the following changes will be made to any specified annotations: 'StrandBiasBySample' will be enabled. 'ChromosomeCounts', 'FisherStrand', 'StrandOddsRatio' and 'QualByDepth' annotations have been disabled
12:04:57.243 INFO  NativeLibraryLoader - Loading libgkl_utils.so from jar:file:/export/approved/gatk-4.5.0.0/gatk-package-4.5.0.0-local.jar!/com/intel/gkl/native/libgkl_utils.so
12:04:57.248 INFO  SmithWatermanAligner - AVX accelerated SmithWaterman implementation is not supported, falling back to the Java implementation
12:04:57.252 INFO  HaplotypeCallerEngine - Standard Emitting and Calling confidence set to -0.0 for reference-model confidence output
12:04:57.252 INFO  HaplotypeCallerEngine - All sites annotated with PLs forced to true for reference-model confidence output
12:04:57.265 INFO  NativeLibraryLoader - Loading libgkl_pairhmm_omp.so from jar:file:/export/approved/gatk-4.5.0.0/gatk-package-4.5.0.0-local.jar!/com/intel/gkl/native/libgkl_pairhmm_omp.so
12:04:57.291 INFO  IntelPairHmm - Flush-to-zero (FTZ) is enabled when running PairHMM
12:04:57.291 INFO  IntelPairHmm - Available threads: 10
12:04:57.291 INFO  IntelPairHmm - Requested threads: 8
12:04:57.292 INFO  PairHMM - Using the OpenMP multi-threaded AVX-accelerated native PairHMM implementation
12:04:57.411 INFO  ProgressMeter - Starting traversal
12:04:57.412 INFO  ProgressMeter -        Current Locus  Elapsed Minutes     Regions Processed   Regions/Minute
12:04:58.802 WARN  InbreedingCoeff - InbreedingCoeff will not be calculated at position chr2:10286 and possibly subsequent; at least 10 samples must have called genotypes
12:04:58.832 WARN  DepthPerSampleHC - Annotation will not be calculated at position chr2:10388 and possibly subsequent; genotype for sample analysis_onelane is not called
12:04:58.833 WARN  StrandBiasBySample - Annotation will not be calculated at position chr2:10388 and possibly subsequent; genotype for sample analysis_onelane is not called
12:05:07.476 INFO  ProgressMeter -          chr2:172357              0.2                  1150           6856.8
12:05:17.503 INFO  ProgressMeter -          chr2:498405              0.3                  3280           9795.4
12:05:34.304 INFO  ProgressMeter -          chr2:605959              0.6                  4010           6521.7
12:05:44.305 INFO  ProgressMeter -          chr2:837159              0.8                  5670           7255.0
12:05:54.485 INFO  ProgressMeter -         chr2:1142555              1.0                  7800           8200.0
12:06:04.535 INFO  ProgressMeter -         chr2:1313025              1.1                  9040           8080.7
12:06:15.034 INFO  ProgressMeter -         chr2:1526304              1.3                 10520           8131.7
12:06:25.592 INFO  ProgressMeter -         chr2:1536688              1.5                 10580           7198.9
12:06:35.600 INFO  ProgressMeter -         chr2:1652481              1.6                 11440           6990.7
12:06:45.624 INFO  ProgressMeter -         chr2:1992501              1.8                 13710           7601.7
12:06:55.634 INFO  ProgressMeter -         chr2:2444156              2.0                 16480           8363.9
12:07:06.421 INFO  ProgressMeter -         chr2:2574376              2.2                 17340           8064.6
12:07:27.317 INFO  ProgressMeter -         chr2:2751426              2.5                 18660           7468.7
12:07:37.338 INFO  ProgressMeter -         chr2:2977992              2.7                 20300           7616.0
12:07:48.545 INFO  ProgressMeter -         chr2:3047419              2.9                 20750           7275.0
12:07:59.567 INFO  ProgressMeter -         chr2:3294577              3.0                 22610           7447.5
12:08:09.603 INFO  ProgressMeter -         chr2:3478051              3.2                 23890           7458.2
12:08:31.806 INFO  ProgressMeter -         chr2:3528488              3.6                 24250           6786.6
12:08:41.811 INFO  ProgressMeter -         chr2:3901691              3.7                 26780           7160.5
12:08:53.056 INFO  ProgressMeter -         chr2:3972754              3.9                 27300           6951.2
12:09:03.056 INFO  ProgressMeter -         chr2:4397738              4.1                 30090           7349.7
12:09:13.075 INFO  ProgressMeter -         chr2:4837711              4.3                 32960           7735.2
12:09:23.082 INFO  ProgressMeter -         chr2:5012058              4.4                 34190           7721.6
12:09:33.085 INFO  ProgressMeter -         chr2:5216468              4.6                 35580           7744.0
12:09:43.959 INFO  ProgressMeter -         chr2:5510938              4.8                 37570           7866.8
12:09:53.977 INFO  ProgressMeter -         chr2:5935039              4.9                 40370           8167.5
12:10:03.978 INFO  ProgressMeter -         chr2:6342847              5.1                 42950           8406.0
12:10:13.983 INFO  ProgressMeter -         chr2:6695972              5.3                 45380           8600.9
12:10:24.240 INFO  ProgressMeter -         chr2:7040188              5.4                 47670           8751.4
12:10:34.255 INFO  ProgressMeter -         chr2:7434087              5.6                 50290           8957.9
12:10:45.451 INFO  ProgressMeter -         chr2:7769229              5.8                 52540           9057.6
12:10:55.470 INFO  ProgressMeter -         chr2:8171667              6.0                 55150           9241.5
12:11:05.472 INFO  ProgressMeter -         chr2:8537884              6.1                 57580           9386.5
12:11:17.206 INFO  ProgressMeter -         chr2:8597770              6.3                 57990           9161.3
12:11:27.241 INFO  ProgressMeter -         chr2:9000656              6.5                 60510           9313.3
12:11:43.628 INFO  ProgressMeter -         chr2:9305039              6.8                 62540           9237.5
12:11:53.642 INFO  ProgressMeter -         chr2:9481592              6.9                 63680           9179.5
12:12:03.652 INFO  ProgressMeter -         chr2:9870984              7.1                 66370           9342.6
12:12:22.483 INFO  ProgressMeter -        chr2:10013625              7.4                 67390           9084.8
12:12:35.338 INFO  ProgressMeter -        chr2:10015463              7.6                 67400           8831.1
12:12:46.802 INFO  ProgressMeter -        chr2:10191307              7.8                 68640           8773.9
12:12:57.696 INFO  ProgressMeter -        chr2:10312570              8.0                 69510           8683.6
12:13:08.054 INFO  ProgressMeter -        chr2:10604239              8.2                 71520           8746.1
12:13:18.078 INFO  ProgressMeter -        chr2:10880830              8.3                 73610           8821.4
12:13:28.118 INFO  ProgressMeter -        chr2:11229098              8.5                 76000           8928.8
12:13:38.150 INFO  ProgressMeter -        chr2:11600142              8.7                 78540           9049.5
12:13:48.180 INFO  ProgressMeter -        chr2:12012183              8.8                 81230           9182.5
12:13:58.185 INFO  ProgressMeter -        chr2:12364685              9.0                 83590           9274.5
12:14:08.215 INFO  ProgressMeter -        chr2:12752635              9.2                 86180           9387.7
12:14:18.258 INFO  ProgressMeter -        chr2:13202752              9.3                 88990           9520.3
12:14:28.267 INFO  ProgressMeter -        chr2:13655746              9.5                 91810           9649.7
12:14:38.282 INFO  ProgressMeter -        chr2:14140416              9.7                 94870           9799.4
12:14:48.289 INFO  ProgressMeter -        chr2:14564220              9.8                 97600           9910.7
12:14:58.298 INFO  ProgressMeter -        chr2:14996496             10.0                100380          10023.2
12:15:08.330 INFO  ProgressMeter -        chr2:15370772             10.2                102880          10104.1
12:15:18.349 INFO  ProgressMeter -        chr2:15686462             10.3                105200          10165.3
12:15:28.379 INFO  ProgressMeter -        chr2:16047392             10.5                107720          10243.3
12:15:40.028 INFO  ProgressMeter -        chr2:16113490             10.7                108180          10100.6
12:15:51.388 INFO  ProgressMeter -        chr2:16114772             10.9                108190           9926.1
12:16:04.003 INFO  ProgressMeter -        chr2:16395574             11.1                110100           9910.1
12:16:14.016 INFO  ProgressMeter -        chr2:16808577             11.3                112830          10005.6
12:16:24.049 INFO  ProgressMeter -        chr2:17259933             11.4                115690          10109.3
12:16:34.082 INFO  ProgressMeter -        chr2:17673035             11.6                118400          10197.1
12:16:44.084 INFO  ProgressMeter -        chr2:18070713             11.8                120960          10270.1
12:16:54.111 INFO  ProgressMeter -        chr2:18399506             11.9                123230          10316.5
12:17:04.127 INFO  ProgressMeter -        chr2:18779802             12.1                125790          10385.6
12:17:14.140 INFO  ProgressMeter -        chr2:19098305             12.3                127810          10409.0
12:17:24.217 INFO  ProgressMeter -        chr2:19510800             12.4                130530          10487.1
12:17:34.227 INFO  ProgressMeter -        chr2:19829059             12.6                132740          10523.6
12:18:00.150 INFO  ProgressMeter -        chr2:20165512             13.0                134840          10336.0
12:18:10.159 INFO  ProgressMeter -        chr2:20418056             13.2                136430          10325.9
12:18:20.159 INFO  ProgressMeter -        chr2:20780197             13.4                138890          10381.1
12:18:33.763 INFO  ProgressMeter -        chr2:20954800             13.6                139980          10288.2
12:18:43.767 INFO  ProgressMeter -        chr2:21326006             13.8                142470          10344.5
12:18:53.783 INFO  ProgressMeter -        chr2:21787163             13.9                145360          10427.9
12:19:03.794 INFO  ProgressMeter -        chr2:22269878             14.1                148320          10514.4
12:19:13.812 INFO  ProgressMeter -        chr2:22681704             14.3                151080          10584.8
12:19:23.849 INFO  ProgressMeter -        chr2:23107996             14.4                153830          10652.6
12:19:37.131 INFO  ProgressMeter -        chr2:23423358             14.7                155920          10634.3
12:19:47.149 INFO  ProgressMeter -        chr2:23797066             14.8                158540          10691.2
12:19:57.180 INFO  ProgressMeter -        chr2:24187163             15.0                161230          10751.4
12:20:07.218 INFO  ProgressMeter -        chr2:24538517             15.2                163580          10787.8
12:20:17.229 INFO  ProgressMeter -        chr2:24992175             15.3                166470          10858.9
12:20:27.237 INFO  ProgressMeter -        chr2:25439747             15.5                169390          10930.4
12:20:37.249 INFO  ProgressMeter -        chr2:25944415             15.7                172630          11020.8
12:20:47.279 INFO  ProgressMeter -        chr2:26409263             15.8                175600          11092.1
12:20:57.285 INFO  ProgressMeter -        chr2:26819716             16.0                178310          11145.8
12:21:07.294 INFO  ProgressMeter -        chr2:27260311             16.2                181190          11209.0
12:21:17.318 INFO  ProgressMeter -        chr2:27763002             16.3                184380          11289.7
12:21:27.337 INFO  ProgressMeter -        chr2:28193521             16.5                187220          11347.5
12:21:37.380 INFO  ProgressMeter -        chr2:28561642             16.7                189740          11384.8
12:21:47.392 INFO  ProgressMeter -        chr2:28955336             16.8                192430          11431.7
12:21:57.633 INFO  ProgressMeter -        chr2:29007567             17.0                192810          11339.3
12:22:07.645 INFO  ProgressMeter -        chr2:29255767             17.2                194470          11325.8
12:22:17.662 INFO  ProgressMeter -        chr2:29582004             17.3                196790          11350.5
12:22:27.675 INFO  ProgressMeter -        chr2:29923583             17.5                199180          11378.9
12:22:37.684 INFO  ProgressMeter -        chr2:30344926             17.7                201940          11427.6
12:22:47.695 INFO  ProgressMeter -        chr2:30756180             17.8                204600          11469.9
12:22:57.726 INFO  ProgressMeter -        chr2:31152557             18.0                207190          11507.2
12:23:07.726 INFO  ProgressMeter -        chr2:31504007             18.2                209660          11537.6
12:23:17.750 INFO  ProgressMeter -        chr2:31980746             18.3                212660          11596.1
12:23:27.771 INFO  ProgressMeter -        chr2:32457758             18.5                215750          11658.4
12:23:38.214 INFO  ProgressMeter -        chr2:32916091             18.7                218650          11705.0
12:23:48.237 INFO  ProgressMeter -        chr2:33308699             18.8                221160          11734.4
12:23:58.260 INFO  ProgressMeter -        chr2:33734281             19.0                223960          11778.6
12:24:08.280 INFO  ProgressMeter -        chr2:34035078             19.2                226130          11789.2
12:24:18.305 INFO  ProgressMeter -        chr2:34357660             19.3                228550          11812.5
12:24:28.327 INFO  ProgressMeter -        chr2:34733141             19.5                231140          11844.1
12:24:38.336 INFO  ProgressMeter -        chr2:35169997             19.7                234020          11890.0
12:24:48.356 INFO  ProgressMeter -        chr2:35522259             19.8                236450          11912.4
12:24:58.402 INFO  ProgressMeter -        chr2:35844916             20.0                238760          11928.2
12:25:08.405 INFO  ProgressMeter -        chr2:36257528             20.2                241460          11963.4
12:25:18.427 INFO  ProgressMeter -        chr2:36617509             20.4                243920          11986.1
12:25:28.443 INFO  ProgressMeter -        chr2:36918408             20.5                246030          11991.4
12:25:38.469 INFO  ProgressMeter -        chr2:37380690             20.7                248950          12035.7
12:25:48.486 INFO  ProgressMeter -        chr2:37778782             20.9                251530          12063.1
12:25:58.506 INFO  ProgressMeter -        chr2:38181236             21.0                254150          12091.9
12:26:08.506 INFO  ProgressMeter -        chr2:38673315             21.2                257190          12140.3
12:26:18.530 INFO  ProgressMeter -        chr2:39100827             21.4                260100          12181.5
12:26:28.544 INFO  ProgressMeter -        chr2:39508827             21.5                262860          12215.3
12:26:38.557 INFO  ProgressMeter -        chr2:39916223             21.7                265530          12244.4
12:26:48.572 INFO  ProgressMeter -        chr2:40267102             21.9                267970          12262.6
12:26:58.616 INFO  ProgressMeter -        chr2:40692501             22.0                270690          12292.9
12:27:08.641 INFO  ProgressMeter -        chr2:41089083             22.2                273360          12320.6
12:27:18.645 INFO  ProgressMeter -        chr2:41439019             22.4                275790          12337.5
12:27:28.656 INFO  ProgressMeter -        chr2:41817959             22.5                278340          12359.3
12:27:38.671 INFO  ProgressMeter -        chr2:42171883             22.7                280800          12376.8
12:27:48.705 INFO  ProgressMeter -        chr2:42633630             22.9                283860          12420.1
12:27:58.716 INFO  ProgressMeter -        chr2:43066529             23.0                286740          12455.2
12:28:08.742 INFO  ProgressMeter -        chr2:43550202             23.2                289860          12500.0
12:28:18.742 INFO  ProgressMeter -        chr2:43990110             23.4                292750          12534.5
12:28:28.767 INFO  ProgressMeter -        chr2:44407718             23.5                295580          12565.8
12:28:38.772 INFO  ProgressMeter -        chr2:44782935             23.7                298080          12582.9
12:28:48.778 INFO  ProgressMeter -        chr2:45196903             23.9                300840          12610.6
12:28:58.807 INFO  ProgressMeter -        chr2:45569406             24.0                303310          12625.7
12:29:08.829 INFO  ProgressMeter -        chr2:45944117             24.2                305810          12641.9
12:29:18.849 INFO  ProgressMeter -        chr2:46295544             24.4                308220          12654.1
12:29:28.882 INFO  ProgressMeter -        chr2:46675537             24.5                310740          12670.6
12:30:03.180 INFO  ProgressMeter -        chr2:46879345             25.1                312180          12439.4
12:30:13.219 INFO  ProgressMeter -        chr2:47268042             25.3                314830          12461.9
12:30:23.221 INFO  ProgressMeter -        chr2:47724414             25.4                317810          12497.4
12:30:33.228 INFO  ProgressMeter -        chr2:48184532             25.6                320800          12532.8
12:30:43.246 INFO  ProgressMeter -        chr2:48615764             25.8                323610          12560.6
12:30:53.252 INFO  ProgressMeter -        chr2:49018898             25.9                326270          12582.4
12:31:03.301 INFO  ProgressMeter -        chr2:49408951             26.1                328910          12602.8
12:31:13.302 INFO  ProgressMeter -        chr2:49787634             26.3                331430          12618.8
12:31:23.323 INFO  ProgressMeter -        chr2:50255390             26.4                334380          12650.6
12:31:33.368 INFO  ProgressMeter -        chr2:50668754             26.6                337090          12672.9
12:31:43.369 INFO  ProgressMeter -        chr2:51087232             26.8                339850          12697.1
12:31:53.385 INFO  ProgressMeter -        chr2:51451292             26.9                342380          12712.3
12:32:03.502 INFO  ProgressMeter -        chr2:51805834             27.1                344850          12724.4
12:32:13.507 INFO  ProgressMeter -        chr2:52215582             27.3                347600          12747.4
12:32:23.536 INFO  ProgressMeter -        chr2:52632826             27.4                350280          12767.4
12:32:33.561 INFO  ProgressMeter -        chr2:52972468             27.6                352590          12773.9
12:32:43.575 INFO  ProgressMeter -        chr2:53363738             27.8                355210          12791.4
12:32:53.575 INFO  ProgressMeter -        chr2:53783511             27.9                357990          12814.6
12:33:03.606 INFO  ProgressMeter -        chr2:54218643             28.1                360900          12841.9
12:33:13.628 INFO  ProgressMeter -        chr2:54584818             28.3                363330          12852.0
12:33:23.636 INFO  ProgressMeter -        chr2:54985510             28.4                365960          12869.1
12:33:33.664 INFO  ProgressMeter -        chr2:55371764             28.6                368570          12885.2
12:33:43.680 INFO  ProgressMeter -        chr2:55725803             28.8                371060          12897.0
12:33:53.686 INFO  ProgressMeter -        chr2:56073482             28.9                373410          12903.8
12:34:03.688 INFO  ProgressMeter -        chr2:56476201             29.1                376070          12921.3
12:34:13.696 INFO  ProgressMeter -        chr2:56913889             29.3                378850          12942.7
12:34:23.713 INFO  ProgressMeter -        chr2:57313845             29.4                381590          12962.3
12:34:33.724 INFO  ProgressMeter -        chr2:57703874             29.6                384140          12975.4
12:34:43.747 INFO  ProgressMeter -        chr2:58083285             29.8                386580          12984.6
12:34:53.760 INFO  ProgressMeter -        chr2:58569484             29.9                389540          13011.1
12:35:03.770 INFO  ProgressMeter -        chr2:59052487             30.1                392520          13038.0
12:35:13.785 INFO  ProgressMeter -        chr2:59470595             30.3                395240          13055.9
12:35:23.816 INFO  ProgressMeter -        chr2:59857860             30.4                397790          13068.0
12:35:33.832 INFO  ProgressMeter -        chr2:60302731             30.6                400570          13087.5
12:35:43.858 INFO  ProgressMeter -        chr2:60552843             30.8                402120          13066.8
12:35:53.871 INFO  ProgressMeter -        chr2:60989863             30.9                404950          13087.8
12:36:03.871 INFO  ProgressMeter -        chr2:61422587             31.1                407780          13108.7
12:36:13.898 INFO  ProgressMeter -        chr2:61857833             31.3                410630          13129.8
12:36:23.906 INFO  ProgressMeter -        chr2:62311099             31.4                413500          13151.4
12:36:33.909 INFO  ProgressMeter -        chr2:62690798             31.6                416020          13161.7
12:36:43.948 INFO  ProgressMeter -        chr2:63169876             31.8                418960          13185.0
12:36:53.969 INFO  ProgressMeter -        chr2:63542767             31.9                421460          13194.3
12:37:03.993 INFO  ProgressMeter -        chr2:63988281             32.1                424230          13211.9
12:37:14.743 INFO  ProgressMeter -        chr2:64376355             32.3                426790          13217.9
12:37:24.761 INFO  ProgressMeter -        chr2:64770599             32.5                429420          13230.9
12:37:34.806 INFO  ProgressMeter -        chr2:65174848             32.6                432060          13243.9
12:37:44.832 INFO  ProgressMeter -        chr2:65553473             32.8                434650          13255.4
12:37:54.834 INFO  ProgressMeter -        chr2:65970813             33.0                437300          13268.8
12:38:04.849 INFO  ProgressMeter -        chr2:66418685             33.1                440150          13288.0
12:38:14.888 INFO  ProgressMeter -        chr2:66820183             33.3                442820          13301.4
12:38:32.173 INFO  ProgressMeter -        chr2:67213908             33.6                445430          13265.0
12:38:43.192 INFO  ProgressMeter -        chr2:67215138             33.8                445440          13193.1
12:38:53.194 INFO  ProgressMeter -        chr2:67616681             33.9                448090          13206.4
12:39:05.163 INFO  ProgressMeter -        chr2:67672264             34.1                448500          13141.3
12:39:15.206 INFO  ProgressMeter -        chr2:67849588             34.3                449810          13115.3
12:39:25.206 INFO  ProgressMeter -        chr2:68208763             34.5                452190          13120.9
12:39:35.215 INFO  ProgressMeter -        chr2:68570538             34.6                454610          13127.6
12:39:45.228 INFO  ProgressMeter -        chr2:68928259             34.8                456960          13132.2
12:39:55.231 INFO  ProgressMeter -        chr2:69361373             35.0                459640          13146.2
12:40:05.248 INFO  ProgressMeter -        chr2:69771088             35.1                462280          13158.9
12:40:15.250 INFO  ProgressMeter -        chr2:70195739             35.3                465030          13174.7
12:40:25.264 INFO  ProgressMeter -        chr2:70623255             35.5                467830          13191.6
12:40:35.280 INFO  ProgressMeter -        chr2:70944811             35.6                469950          13189.3
12:40:45.313 INFO  ProgressMeter -        chr2:71330122             35.8                472470          13198.1
12:41:08.027 INFO  ProgressMeter -        chr2:71619364             36.2                474420          13113.9
12:41:18.029 INFO  ProgressMeter -        chr2:72035377             36.3                477100          13127.5
12:41:28.052 INFO  ProgressMeter -        chr2:72506742             36.5                480110          13149.9
12:41:38.066 INFO  ProgressMeter -        chr2:72973644             36.7                483060          13170.5
12:41:48.094 INFO  ProgressMeter -        chr2:73458371             36.8                486130          13194.0
12:41:58.103 INFO  ProgressMeter -        chr2:73915891             37.0                488970          13211.3
12:42:22.095 INFO  ProgressMeter -        chr2:74331480             37.4                491600          13140.4
12:42:32.096 INFO  ProgressMeter -        chr2:74803136             37.6                494470          13158.5
12:42:42.127 INFO  ProgressMeter -        chr2:75193467             37.7                497040          13168.3
12:42:52.132 INFO  ProgressMeter -        chr2:75575636             37.9                499610          13178.1
12:43:02.136 INFO  ProgressMeter -        chr2:75950363             38.1                502160          13187.4
12:43:12.147 INFO  ProgressMeter -        chr2:76282629             38.2                504440          13189.5
12:43:22.158 INFO  ProgressMeter -        chr2:76588322             38.4                506600          13188.4
12:43:32.171 INFO  ProgressMeter -        chr2:76957220             38.6                509160          13197.7
12:43:42.194 INFO  ProgressMeter -        chr2:77347362             38.7                511790          13208.7
12:43:52.257 INFO  ProgressMeter -        chr2:77860652             38.9                515010          13234.5
12:44:02.262 INFO  ProgressMeter -        chr2:78298528             39.1                518010          13254.8
12:44:12.279 INFO  ProgressMeter -        chr2:78709973             39.2                520830          13270.3
12:44:22.299 INFO  ProgressMeter -        chr2:79039093             39.4                522920          13267.1
12:44:32.306 INFO  ProgressMeter -        chr2:79436298             39.6                525610          13279.2
12:44:42.314 INFO  ProgressMeter -        chr2:79858194             39.7                528400          13293.6
12:44:52.343 INFO  ProgressMeter -        chr2:80283758             39.9                531130          13306.4
12:45:02.381 INFO  ProgressMeter -        chr2:80714353             40.1                533820          13317.9
12:45:12.408 INFO  ProgressMeter -        chr2:81211299             40.2                536890          13338.9
12:45:22.444 INFO  ProgressMeter -        chr2:81707678             40.4                540060          13362.1
12:45:32.446 INFO  ProgressMeter -        chr2:82099939             40.6                542770          13374.0
12:45:42.465 INFO  ProgressMeter -        chr2:82602824             40.8                545890          13395.8
12:45:52.479 INFO  ProgressMeter -        chr2:83072793             40.9                548870          13414.0
12:46:02.507 INFO  ProgressMeter -        chr2:83472696             41.1                551610          13426.1
12:46:12.525 INFO  ProgressMeter -        chr2:83941224             41.3                554660          13445.7
12:46:22.531 INFO  ProgressMeter -        chr2:84361236             41.4                557480          13459.6
12:46:32.554 INFO  ProgressMeter -        chr2:84813495             41.6                560280          13472.9
12:46:51.160 INFO  ProgressMeter -        chr2:84910227             41.9                560860          13387.0
12:47:01.188 INFO  ProgressMeter -        chr2:85330128             42.1                563700          13401.3
12:47:11.221 INFO  ProgressMeter -        chr2:85766445             42.2                566610          13417.2
12:47:21.243 INFO  ProgressMeter -        chr2:86170780             42.4                569330          13428.5
12:47:31.253 INFO  ProgressMeter -        chr2:86573009             42.6                572000          13438.6
12:47:41.267 INFO  ProgressMeter -        chr2:87180521             42.7                575760          13474.1
12:47:51.296 INFO  ProgressMeter -        chr2:87464647             42.9                577650          13465.6
12:48:01.317 INFO  ProgressMeter -        chr2:88037027             43.1                581390          13500.3
12:48:11.323 INFO  ProgressMeter -        chr2:88482905             43.2                584340          13516.4
12:48:22.107 INFO  ProgressMeter -        chr2:88778909             43.4                586230          13504.0
12:48:32.118 INFO  ProgressMeter -        chr2:89541329             43.6                590520          13550.7
12:48:43.403 INFO  ProgressMeter -        chr2:89831358             43.8                592250          13532.0
12:48:53.426 INFO  ProgressMeter -        chr2:90235696             43.9                594750          13537.5
12:49:06.852 INFO  ProgressMeter -        chr2:90382617             44.2                595780          13492.2
12:49:19.369 INFO  ProgressMeter -        chr2:90385939             44.4                595800          13429.2
12:49:37.520 INFO  ProgressMeter -        chr2:90390952             44.7                595830          13338.9
12:49:52.226 INFO  ProgressMeter -        chr2:90396409             44.9                595860          13266.8
12:50:09.356 INFO  ProgressMeter -        chr2:90398332             45.2                595870          13183.2
12:50:19.365 INFO  ProgressMeter -        chr2:91408824             45.4                599270          13209.7
12:50:29.368 INFO  ProgressMeter -        chr2:91642601             45.5                600820          13195.4
12:50:39.375 INFO  ProgressMeter -        chr2:91969856             45.7                602810          13190.8
12:50:49.379 INFO  ProgressMeter -        chr2:92833916             45.9                607860          13252.9
12:50:59.388 INFO  ProgressMeter -        chr2:94179375             46.0                614930          13358.5
12:51:09.413 INFO  ProgressMeter -        chr2:94759832             46.2                617960          13375.8
12:51:30.913 INFO  ProgressMeter -        chr2:95039026             46.6                619690          13310.0
12:51:41.633 INFO  ProgressMeter -        chr2:95326473             46.7                621510          13298.0
12:51:51.635 INFO  ProgressMeter -        chr2:95861231             46.9                624490          13314.3
12:52:02.587 INFO  ProgressMeter -        chr2:95943503             47.1                625000          13273.5
12:52:12.616 INFO  ProgressMeter -        chr2:96246940             47.3                626850          13265.7
12:52:24.476 INFO  ProgressMeter -        chr2:96801805             47.5                630120          13279.4
12:52:34.951 INFO  ProgressMeter -        chr2:97149133             47.6                632380          13278.1
12:52:45.017 INFO  ProgressMeter -        chr2:97547759             47.8                634320          13272.1
12:52:55.028 INFO  ProgressMeter -        chr2:97973026             48.0                637070          13283.3
12:53:05.051 INFO  ProgressMeter -        chr2:98422136             48.1                639890          13295.8
12:53:15.055 INFO  ProgressMeter -        chr2:98881555             48.3                642750          13309.1
12:53:25.068 INFO  ProgressMeter -        chr2:99329692             48.5                645570          13321.5
12:53:35.089 INFO  ProgressMeter -        chr2:99797529             48.6                648530          13336.6
12:53:54.360 INFO  ProgressMeter -       chr2:100016312             48.9                649900          13277.1
12:54:04.371 INFO  ProgressMeter -       chr2:100061474             49.1                650170          13237.4
12:54:14.400 INFO  ProgressMeter -       chr2:100529426             49.3                653120          13252.4
12:54:24.410 INFO  ProgressMeter -       chr2:100917251             49.4                655700          13259.9
12:54:34.435 INFO  ProgressMeter -       chr2:101326481             49.6                658440          13270.4
12:54:44.453 INFO  ProgressMeter -       chr2:101697295             49.8                660920          13275.7
12:54:55.821 INFO  ProgressMeter -       chr2:102004551             50.0                662910          13265.2
12:55:05.827 INFO  ProgressMeter -       chr2:102374115             50.1                665330          13269.4
12:55:15.835 INFO  ProgressMeter -       chr2:102710540             50.3                667620          13270.9
12:55:25.866 INFO  ProgressMeter -       chr2:103162920             50.5                670480          13283.6
12:55:35.881 INFO  ProgressMeter -       chr2:103603599             50.6                673290          13295.3
12:55:45.919 INFO  ProgressMeter -       chr2:104109382             50.8                676390          13312.6
12:55:55.949 INFO  ProgressMeter -       chr2:104536906             51.0                679190          13323.8
12:56:05.965 INFO  ProgressMeter -       chr2:104963777             51.1                682000          13335.3
12:56:16.022 INFO  ProgressMeter -       chr2:105403302             51.3                684830          13346.9
12:56:26.032 INFO  ProgressMeter -       chr2:105760469             51.5                687310          13351.8
12:56:44.782 INFO  ProgressMeter -       chr2:105937273             51.8                688510          13294.4
12:56:54.817 INFO  ProgressMeter -       chr2:106221438             52.0                690590          13291.6
12:57:04.833 INFO  ProgressMeter -       chr2:106609902             52.1                693320          13301.4
12:57:14.834 INFO  ProgressMeter -       chr2:107001874             52.3                695950          13309.3
12:57:24.866 INFO  ProgressMeter -       chr2:107373693             52.5                698470          13315.0
12:57:34.874 INFO  ProgressMeter -       chr2:107801932             52.6                701230          13325.2
12:57:44.891 INFO  ProgressMeter -       chr2:108235227             52.8                704020          13335.9
12:57:54.910 INFO  ProgressMeter -       chr2:108700224             53.0                707000          13350.1
12:58:04.928 INFO  ProgressMeter -       chr2:109108540             53.1                709750          13359.9
12:58:14.928 INFO  ProgressMeter -       chr2:109474460             53.3                712120          13362.6
12:58:24.960 INFO  ProgressMeter -       chr2:110158186             53.5                715910          13391.7
12:58:34.980 INFO  ProgressMeter -       chr2:110867643             53.6                719730          13421.3
12:58:44.997 INFO  ProgressMeter -       chr2:111258419             53.8                722390          13429.0
12:58:55.005 INFO  ProgressMeter -       chr2:111703463             54.0                725380          13442.9
12:59:05.030 INFO  ProgressMeter -       chr2:112088782             54.1                728040          13450.6
12:59:20.598 INFO  ProgressMeter -       chr2:112346850             54.4                729690          13416.8
12:59:30.630 INFO  ProgressMeter -       chr2:112779725             54.6                732490          13427.0
12:59:40.645 INFO  ProgressMeter -       chr2:113106789             54.7                734710          13426.6
12:59:50.663 INFO  ProgressMeter -       chr2:113456086             54.9                737040          13428.2
13:00:00.673 INFO  ProgressMeter -       chr2:113810029             55.1                739430          13430.9
13:00:10.678 INFO  ProgressMeter -       chr2:114191168             55.2                741930          13435.6
13:00:20.684 INFO  ProgressMeter -       chr2:114643586             55.4                744700          13445.2
13:00:30.697 INFO  ProgressMeter -       chr2:115066960             55.6                747450          13454.3
13:00:40.726 INFO  ProgressMeter -       chr2:115472389             55.7                750220          13463.6
13:00:50.743 INFO  ProgressMeter -       chr2:115808483             55.9                752600          13466.0
13:01:00.770 INFO  ProgressMeter -       chr2:116225351             56.1                755310          13474.2
13:01:10.789 INFO  ProgressMeter -       chr2:116595718             56.2                757740          13477.4
13:01:20.803 INFO  ProgressMeter -       chr2:117071159             56.4                760750          13490.9
13:01:30.853 INFO  ProgressMeter -       chr2:117228116             56.6                761780          13469.2
13:01:40.865 INFO  ProgressMeter -       chr2:117591094             56.7                764220          13472.6
13:01:50.885 INFO  ProgressMeter -       chr2:117902310             56.9                766400          13471.3
13:02:00.886 INFO  ProgressMeter -       chr2:118261327             57.1                768830          13474.6
13:02:10.907 INFO  ProgressMeter -       chr2:118663185             57.2                771450          13481.0
13:02:20.931 INFO  ProgressMeter -       chr2:119044362             57.4                774010          13486.4
13:02:30.940 INFO  ProgressMeter -       chr2:119401440             57.6                776410          13489.0
13:02:40.977 INFO  ProgressMeter -       chr2:119783734             57.7                778840          13492.0
13:02:51.008 INFO  ProgressMeter -       chr2:120206520             57.9                781500          13499.0
13:03:01.022 INFO  ProgressMeter -       chr2:120548677             58.1                783830          13500.3
13:03:11.026 INFO  ProgressMeter -       chr2:120925526             58.2                786340          13504.8
13:03:21.037 INFO  ProgressMeter -       chr2:121116826             58.4                787720          13489.8
13:03:31.052 INFO  ProgressMeter -       chr2:121306384             58.6                789020          13473.5
13:03:41.526 INFO  ProgressMeter -       chr2:121478861             58.7                790050          13451.0
13:03:51.549 INFO  ProgressMeter -       chr2:121676489             58.9                791230          13432.9
13:04:01.564 INFO  ProgressMeter -       chr2:122141875             59.1                794130          13444.1
13:04:11.584 INFO  ProgressMeter -       chr2:122535249             59.2                796770          13450.7
13:04:21.610 INFO  ProgressMeter -       chr2:122911519             59.4                799250          13454.6
13:04:31.630 INFO  ProgressMeter -       chr2:123249033             59.6                801590          13456.2
13:04:41.662 INFO  ProgressMeter -       chr2:123626157             59.7                804150          13461.4
13:04:51.693 INFO  ProgressMeter -       chr2:124045002             59.9                806970          13470.9
13:05:01.726 INFO  ProgressMeter -       chr2:124403988             60.1                809500          13475.5
13:05:16.208 INFO  ProgressMeter -       chr2:124519088             60.3                810240          13433.9
13:05:26.228 INFO  ProgressMeter -       chr2:124853756             60.5                812470          13433.6
13:05:36.245 INFO  ProgressMeter -       chr2:125286922             60.6                815210          13441.8
13:05:46.271 INFO  ProgressMeter -       chr2:125753073             60.8                818110          13452.6
13:05:56.279 INFO  ProgressMeter -       chr2:126133484             61.0                820710          13458.4
13:06:06.296 INFO  ProgressMeter -       chr2:126468114             61.1                822970          13458.6
13:06:16.300 INFO  ProgressMeter -       chr2:126826198             61.3                825360          13461.0
13:06:26.301 INFO  ProgressMeter -       chr2:126940927             61.5                826190          13438.0
13:06:36.311 INFO  ProgressMeter -       chr2:127064599             61.6                827030          13415.3
13:06:46.331 INFO  ProgressMeter -       chr2:127407474             61.8                829400          13417.4
13:06:56.423 INFO  ProgressMeter -       chr2:127589491             62.0                830600          13400.3
13:07:06.423 INFO  ProgressMeter -       chr2:127981842             62.2                833250          13407.0
13:07:17.001 INFO  ProgressMeter -       chr2:128341249             62.3                835640          13407.5
13:07:27.270 INFO  ProgressMeter -       chr2:128547238             62.5                837020          13392.8
13:07:37.277 INFO  ProgressMeter -       chr2:128865712             62.7                839170          13391.5
13:07:47.280 INFO  ProgressMeter -       chr2:129229281             62.8                841650          13395.4
13:07:57.306 INFO  ProgressMeter -       chr2:129335097             63.0                842410          13372.0
13:08:07.320 INFO  ProgressMeter -       chr2:129700383             63.2                844950          13376.8
13:08:22.218 INFO  ProgressMeter -       chr2:129736876             63.4                845220          13328.7
13:08:32.225 INFO  ProgressMeter -       chr2:130083605             63.6                847600          13331.2
13:08:42.225 INFO  ProgressMeter -       chr2:130569699             63.7                850710          13345.1
13:08:52.269 INFO  ProgressMeter -       chr2:131015551             63.9                853620          13355.7
13:09:02.332 INFO  ProgressMeter -       chr2:131431074             64.1                856340          13363.2
13:09:12.349 INFO  ProgressMeter -       chr2:131670886             64.2                858110          13356.0
13:09:22.375 INFO  ProgressMeter -       chr2:132018300             64.4                860420          13357.2
13:09:32.404 INFO  ProgressMeter -       chr2:132299664             64.6                862230          13350.7
13:09:42.489 INFO  ProgressMeter -       chr2:132514414             64.8                863710          13338.9
13:09:52.518 INFO  ProgressMeter -       chr2:132914336             64.9                866310          13344.6
13:10:02.529 INFO  ProgressMeter -       chr2:133403967             65.1                869350          13357.1
13:10:12.546 INFO  ProgressMeter -       chr2:133795534             65.3                871940          13362.6
13:10:22.566 INFO  ProgressMeter -       chr2:134181903             65.4                874480          13367.3
13:10:32.594 INFO  ProgressMeter -       chr2:134535973             65.6                876820          13368.9
13:10:42.596 INFO  ProgressMeter -       chr2:135041781             65.8                879910          13382.0
13:10:52.596 INFO  ProgressMeter -       chr2:135590061             65.9                883190          13398.0
13:11:02.621 INFO  ProgressMeter -       chr2:136078966             66.1                886210          13409.8
13:11:12.635 INFO  ProgressMeter -       chr2:136461688             66.3                888750          13414.3
13:11:22.669 INFO  ProgressMeter -       chr2:136853543             66.4                891340          13419.6
13:11:32.684 INFO  ProgressMeter -       chr2:137205861             66.6                893780          13422.6
13:11:42.708 INFO  ProgressMeter -       chr2:137594867             66.8                896360          13427.6
13:11:52.711 INFO  ProgressMeter -       chr2:137914823             66.9                898600          13427.6
13:12:02.730 INFO  ProgressMeter -       chr2:138304621             67.1                901140          13432.1
13:12:12.747 INFO  ProgressMeter -       chr2:138731251             67.3                903900          13439.8
13:12:22.769 INFO  ProgressMeter -       chr2:139129290             67.4                906510          13445.2
13:12:32.782 INFO  ProgressMeter -       chr2:139503386             67.6                909090          13450.2
13:12:42.801 INFO  ProgressMeter -       chr2:139883160             67.8                911690          13455.4
13:12:52.851 INFO  ProgressMeter -       chr2:140275775             67.9                914290          13460.5
13:13:02.864 INFO  ProgressMeter -       chr2:140642322             68.1                916760          13463.8
13:13:12.904 INFO  ProgressMeter -       chr2:140986327             68.3                919140          13465.6
13:13:22.933 INFO  ProgressMeter -       chr2:141337450             68.4                921560          13468.1
13:13:32.957 INFO  ProgressMeter -       chr2:141635607             68.6                923740          13467.1
13:13:42.960 INFO  ProgressMeter -       chr2:142001949             68.8                926190          13470.1
13:13:52.981 INFO  ProgressMeter -       chr2:142414228             68.9                928840          13475.9
13:14:03.007 INFO  ProgressMeter -       chr2:142946852             69.1                931980          13488.7
13:14:13.020 INFO  ProgressMeter -       chr2:143403358             69.3                934800          13496.9
13:14:23.049 INFO  ProgressMeter -       chr2:143801045             69.4                937390          13501.8
13:14:33.078 INFO  ProgressMeter -       chr2:144234142             69.6                940070          13507.8
13:14:43.096 INFO  ProgressMeter -       chr2:144692126             69.8                942870          13515.6
13:14:53.106 INFO  ProgressMeter -       chr2:145124341             69.9                945610          13522.6
13:15:03.114 INFO  ProgressMeter -       chr2:145561486             70.1                948400          13530.2
13:15:13.130 INFO  ProgressMeter -       chr2:145955385             70.3                951050          13535.8
13:15:23.158 INFO  ProgressMeter -       chr2:146373137             70.4                953770          13542.3
13:15:33.182 INFO  ProgressMeter -       chr2:146820089             70.6                956600          13550.3
13:15:43.191 INFO  ProgressMeter -       chr2:147282716             70.8                959450          13558.6
13:15:53.211 INFO  ProgressMeter -       chr2:147660869             70.9                961920          13561.5
13:16:03.226 INFO  ProgressMeter -       chr2:148071570             71.1                964630          13567.8
13:16:13.228 INFO  ProgressMeter -       chr2:148470388             71.3                967310          13573.7
13:16:23.258 INFO  ProgressMeter -       chr2:148905718             71.4                970040          13580.1
13:16:33.262 INFO  ProgressMeter -       chr2:149101896             71.6                971320          13566.4
13:16:43.300 INFO  ProgressMeter -       chr2:149473422             71.8                973750          13568.6
13:16:53.324 INFO  ProgressMeter -       chr2:149869739             71.9                976320          13572.8
13:17:03.333 INFO  ProgressMeter -       chr2:150296655             72.1                979110          13580.1
13:17:13.338 INFO  ProgressMeter -       chr2:150711045             72.3                981860          13586.9
13:17:23.346 INFO  ProgressMeter -       chr2:151031979             72.4                984100          13586.5
13:17:33.398 INFO  ProgressMeter -       chr2:151353382             72.6                986340          13586.0
13:17:43.417 INFO  ProgressMeter -       chr2:151778885             72.8                989070          13592.3
13:17:53.444 INFO  ProgressMeter -       chr2:152176692             72.9                991680          13597.0
13:18:03.474 INFO  ProgressMeter -       chr2:152566530             73.1                994290          13601.6
13:18:13.483 INFO  ProgressMeter -       chr2:152932423             73.3                996770          13604.5
13:18:23.492 INFO  ProgressMeter -       chr2:153305490             73.4                999260          13607.5
13:18:33.507 INFO  ProgressMeter -       chr2:153695786             73.6               1001880          13612.2
13:18:43.530 INFO  ProgressMeter -       chr2:154075123             73.8               1004470          13616.5
13:18:53.540 INFO  ProgressMeter -       chr2:154460890             73.9               1007050          13620.7
13:19:03.543 INFO  ProgressMeter -       chr2:154876892             74.1               1009770          13626.7
13:19:13.553 INFO  ProgressMeter -       chr2:155304573             74.3               1012510          13633.0
13:19:23.553 INFO  ProgressMeter -       chr2:155663204             74.4               1014890          13634.5
13:19:33.589 INFO  ProgressMeter -       chr2:156063849             74.6               1017560          13639.7
13:19:43.630 INFO  ProgressMeter -       chr2:156468851             74.8               1020230          13644.9
13:19:53.637 INFO  ProgressMeter -       chr2:156843450             74.9               1022680          13647.2
13:20:03.643 INFO  ProgressMeter -       chr2:157291701             75.1               1025440          13653.6
13:20:13.660 INFO  ProgressMeter -       chr2:157758554             75.3               1028310          13661.5
13:20:23.676 INFO  ProgressMeter -       chr2:158143840             75.4               1030910          13665.7
13:20:33.685 INFO  ProgressMeter -       chr2:158519448             75.6               1033420          13668.8
13:20:43.713 INFO  ProgressMeter -       chr2:158884834             75.8               1035950          13672.0
13:20:53.723 INFO  ProgressMeter -       chr2:159275051             75.9               1038580          13676.6
13:21:03.765 INFO  ProgressMeter -       chr2:159627192             76.1               1041040          13678.8
13:21:13.789 INFO  ProgressMeter -       chr2:159961725             76.3               1043310          13678.6
13:21:23.814 INFO  ProgressMeter -       chr2:160353625             76.4               1045850          13682.0
13:21:33.824 INFO  ProgressMeter -       chr2:160736938             76.6               1048360          13684.9
13:21:43.841 INFO  ProgressMeter -       chr2:161038008             76.8               1050490          13682.9
13:21:53.849 INFO  ProgressMeter -       chr2:161370665             76.9               1052550          13680.0
13:22:03.883 INFO  ProgressMeter -       chr2:161777055             77.1               1055200          13684.7
13:22:13.896 INFO  ProgressMeter -       chr2:162173864             77.3               1057790          13688.7
13:22:23.903 INFO  ProgressMeter -       chr2:162669301             77.4               1060790          13697.9
13:22:33.936 INFO  ProgressMeter -       chr2:163094174             77.6               1063530          13703.7
13:22:43.960 INFO  ProgressMeter -       chr2:163603297             77.8               1066570          13713.4
13:22:53.990 INFO  ProgressMeter -       chr2:164082538             77.9               1069510          13721.7
13:23:04.006 INFO  ProgressMeter -       chr2:164487981             78.1               1072140          13726.0
13:23:14.033 INFO  ProgressMeter -       chr2:164939180             78.3               1075060          13734.0
13:23:24.046 INFO  ProgressMeter -       chr2:165394843             78.4               1077950          13741.7
13:23:34.049 INFO  ProgressMeter -       chr2:165814895             78.6               1080630          13746.6
13:23:44.050 INFO  ProgressMeter -       chr2:166164555             78.8               1082980          13747.4
13:23:54.083 INFO  ProgressMeter -       chr2:166582829             78.9               1085740          13753.2
13:24:04.091 INFO  ProgressMeter -       chr2:166890293             79.1               1087800          13750.2
13:24:14.122 INFO  ProgressMeter -       chr2:167365009             79.3               1090740          13758.3
13:24:24.137 INFO  ProgressMeter -       chr2:167785498             79.4               1093490          13764.0
13:24:34.160 INFO  ProgressMeter -       chr2:168173175             79.6               1096030          13767.1
13:24:44.197 INFO  ProgressMeter -       chr2:168527821             79.8               1098410          13768.0
13:24:54.209 INFO  ProgressMeter -       chr2:168907240             79.9               1100870          13770.1
13:25:04.230 INFO  ProgressMeter -       chr2:169316048             80.1               1103490          13774.1
13:25:14.241 INFO  ProgressMeter -       chr2:169712052             80.3               1106190          13779.1
13:25:24.243 INFO  ProgressMeter -       chr2:170072549             80.4               1108660          13781.2
13:25:34.265 INFO  ProgressMeter -       chr2:170360134             80.6               1110670          13777.6
13:25:44.275 INFO  ProgressMeter -       chr2:170726208             80.8               1113180          13780.2
13:25:54.305 INFO  ProgressMeter -       chr2:170983944             80.9               1114970          13773.9
13:26:04.340 INFO  ProgressMeter -       chr2:171410046             81.1               1117680          13778.9
13:26:14.357 INFO  ProgressMeter -       chr2:171824131             81.3               1120360          13783.5
13:26:24.389 INFO  ProgressMeter -       chr2:172228179             81.4               1123050          13788.3
13:26:34.411 INFO  ProgressMeter -       chr2:172536737             81.6               1125210          13786.5
13:26:44.450 INFO  ProgressMeter -       chr2:172902783             81.8               1127650          13788.2
13:26:54.475 INFO  ProgressMeter -       chr2:173274961             82.0               1130100          13789.9
13:27:04.494 INFO  ProgressMeter -       chr2:173615317             82.1               1132400          13789.9
13:27:14.525 INFO  ProgressMeter -       chr2:174002051             82.3               1134910          13792.4
13:27:24.526 INFO  ProgressMeter -       chr2:174440029             82.5               1137690          13798.2
13:27:34.528 INFO  ProgressMeter -       chr2:174793429             82.6               1140030          13798.7
13:27:44.577 INFO  ProgressMeter -       chr2:175225563             82.8               1142730          13803.4
13:27:54.597 INFO  ProgressMeter -       chr2:175680702             83.0               1145510          13809.1
13:28:04.613 INFO  ProgressMeter -       chr2:176072020             83.1               1148110          13812.7
13:28:14.629 INFO  ProgressMeter -       chr2:176472985             83.3               1150800          13817.3
13:28:24.645 INFO  ProgressMeter -       chr2:176851110             83.5               1153260          13819.1
13:28:34.662 INFO  ProgressMeter -       chr2:177237917             83.6               1155800          13821.9
13:28:46.191 INFO  ProgressMeter -       chr2:177351904             83.8               1156560          13799.3
13:28:56.239 INFO  ProgressMeter -       chr2:177693046             84.0               1158820          13798.7
13:29:06.270 INFO  ProgressMeter -       chr2:178064584             84.1               1161320          13801.0
13:29:16.283 INFO  ProgressMeter -       chr2:178498116             84.3               1164020          13805.7
13:29:26.309 INFO  ProgressMeter -       chr2:178963137             84.5               1166820          13811.5
13:29:36.318 INFO  ProgressMeter -       chr2:179325119             84.6               1169200          13812.4
13:29:46.338 INFO  ProgressMeter -       chr2:179658081             84.8               1171450          13811.8
13:29:56.382 INFO  ProgressMeter -       chr2:180058078             85.0               1174130          13816.1
13:30:06.393 INFO  ProgressMeter -       chr2:180415298             85.1               1176560          13817.5
13:30:16.440 INFO  ProgressMeter -       chr2:180848783             85.3               1179250          13822.0
13:30:26.453 INFO  ProgressMeter -       chr2:181231308             85.5               1181650          13823.1
13:30:36.465 INFO  ProgressMeter -       chr2:181566118             85.7               1183860          13821.9
13:30:46.478 INFO  ProgressMeter -       chr2:181990269             85.8               1186490          13825.7
13:30:56.484 INFO  ProgressMeter -       chr2:182388268             86.0               1189030          13828.4
13:31:06.502 INFO  ProgressMeter -       chr2:182788567             86.2               1191580          13831.2
13:31:16.544 INFO  ProgressMeter -       chr2:183167790             86.3               1194110          13833.7
13:31:26.585 INFO  ProgressMeter -       chr2:183502447             86.5               1196470          13834.2
13:31:36.599 INFO  ProgressMeter -       chr2:183876833             86.7               1199010          13836.9
13:31:46.601 INFO  ProgressMeter -       chr2:184284567             86.8               1201700          13841.3
13:31:56.612 INFO  ProgressMeter -       chr2:184709548             87.0               1204480          13846.7
13:32:06.630 INFO  ProgressMeter -       chr2:185165533             87.2               1207460          13854.4
13:32:16.645 INFO  ProgressMeter -       chr2:185539253             87.3               1209980          13856.8
13:32:26.668 INFO  ProgressMeter -       chr2:185951122             87.5               1212720          13861.6
13:32:36.702 INFO  ProgressMeter -       chr2:186373839             87.7               1215450          13866.3
13:32:46.720 INFO  ProgressMeter -       chr2:186724692             87.8               1217860          13867.4
13:32:56.721 INFO  ProgressMeter -       chr2:187120193             88.0               1220530          13871.5
13:33:06.751 INFO  ProgressMeter -       chr2:187533130             88.2               1223250          13876.0
13:33:16.789 INFO  ProgressMeter -       chr2:187912530             88.3               1225730          13877.8
13:33:26.816 INFO  ProgressMeter -       chr2:188267951             88.5               1228160          13879.1
13:33:36.818 INFO  ProgressMeter -       chr2:188741857             88.7               1231110          13886.2
13:33:46.827 INFO  ProgressMeter -       chr2:189122094             88.8               1233650          13888.8
13:33:56.870 INFO  ProgressMeter -       chr2:189512110             89.0               1236220          13891.5
13:34:06.901 INFO  ProgressMeter -       chr2:189893871             89.2               1238740          13893.7
13:34:16.913 INFO  ProgressMeter -       chr2:190266391             89.3               1241190          13895.2
13:34:26.928 INFO  ProgressMeter -       chr2:190639594             89.5               1243680          13897.1
13:34:36.955 INFO  ProgressMeter -       chr2:191031269             89.7               1246260          13900.0
13:34:46.967 INFO  ProgressMeter -       chr2:191389867             89.8               1248680          13901.1
13:34:56.995 INFO  ProgressMeter -       chr2:191776715             90.0               1251190          13903.2
13:35:07.011 INFO  ProgressMeter -       chr2:192189659             90.2               1253860          13907.1
13:35:17.021 INFO  ProgressMeter -       chr2:192578832             90.3               1256560          13911.3
13:35:27.022 INFO  ProgressMeter -       chr2:193068648             90.5               1259610          13919.3
13:35:37.035 INFO  ProgressMeter -       chr2:193540138             90.7               1262630          13927.0
13:35:47.061 INFO  ProgressMeter -       chr2:194014390             90.8               1265650          13934.7
13:35:57.067 INFO  ProgressMeter -       chr2:194421013             91.0               1268340          13938.7
13:36:07.082 INFO  ProgressMeter -       chr2:194827539             91.2               1271050          13942.9
13:36:17.091 INFO  ProgressMeter -       chr2:195191369             91.3               1273520          13944.5
13:36:27.100 INFO  ProgressMeter -       chr2:195601231             91.5               1276160          13947.9
13:36:37.112 INFO  ProgressMeter -       chr2:196087537             91.7               1279160          13955.2
13:36:47.115 INFO  ProgressMeter -       chr2:196438289             91.8               1281520          13955.6
13:36:57.138 INFO  ProgressMeter -       chr2:196890210             92.0               1284330          13960.8
13:37:07.151 INFO  ProgressMeter -       chr2:197310536             92.2               1287090          13965.5
13:37:17.176 INFO  ProgressMeter -       chr2:197810118             92.3               1290270          13974.6
13:37:27.196 INFO  ProgressMeter -       chr2:198238234             92.5               1293010          13979.0
13:37:37.214 INFO  ProgressMeter -       chr2:198656800             92.7               1295750          13983.4
13:37:47.240 INFO  ProgressMeter -       chr2:199083254             92.8               1298610          13989.0
13:37:57.252 INFO  ProgressMeter -       chr2:199527111             93.0               1301580          13995.9
13:38:07.271 INFO  ProgressMeter -       chr2:199957083             93.2               1304390          14001.0
13:38:17.271 INFO  ProgressMeter -       chr2:200388926             93.3               1307140          14005.4
13:38:27.315 INFO  ProgressMeter -       chr2:200787207             93.5               1309770          14008.5
13:38:37.324 INFO  ProgressMeter -       chr2:201255838             93.7               1312740          14015.2
13:38:47.345 INFO  ProgressMeter -       chr2:201653614             93.8               1315320          14017.8
13:38:57.367 INFO  ProgressMeter -       chr2:202057831             94.0               1318020          14021.6
13:39:07.387 INFO  ProgressMeter -       chr2:202543774             94.2               1321130          14029.8
13:39:17.394 INFO  ProgressMeter -       chr2:203047675             94.3               1324300          14038.6
13:39:27.422 INFO  ProgressMeter -       chr2:203510809             94.5               1327330          14045.8
13:39:37.470 INFO  ProgressMeter -       chr2:203913652             94.7               1330030          14049.5
13:39:47.487 INFO  ProgressMeter -       chr2:204319154             94.8               1332770          14053.6
13:39:57.513 INFO  ProgressMeter -       chr2:204777793             95.0               1335670          14059.4
13:40:07.528 INFO  ProgressMeter -       chr2:205235447             95.2               1338660          14066.2
13:40:17.553 INFO  ProgressMeter -       chr2:205651477             95.3               1341440          14070.7
13:40:27.583 INFO  ProgressMeter -       chr2:206091986             95.5               1344250          14075.5
13:40:37.594 INFO  ProgressMeter -       chr2:206578878             95.7               1347310          14082.9
13:40:47.609 INFO  ProgressMeter -       chr2:206985939             95.8               1349960          14086.1
13:40:57.616 INFO  ProgressMeter -       chr2:207376373             96.0               1352640          14089.5
13:41:07.648 INFO  ProgressMeter -       chr2:207764315             96.2               1355290          14092.6
13:41:17.746 INFO  ProgressMeter -       chr2:208158622             96.3               1357910          14095.1
13:41:27.756 INFO  ProgressMeter -       chr2:208524597             96.5               1360470          14097.3
13:41:37.756 INFO  ProgressMeter -       chr2:208940364             96.7               1363200          14101.2
13:41:47.781 INFO  ProgressMeter -       chr2:209310673             96.8               1365710          14102.8
13:41:57.806 INFO  ProgressMeter -       chr2:209761531             97.0               1368640          14108.7
13:42:07.822 INFO  ProgressMeter -       chr2:210263872             97.2               1371780          14116.8
13:42:17.841 INFO  ProgressMeter -       chr2:210696959             97.3               1374650          14122.1
13:42:27.856 INFO  ProgressMeter -       chr2:211091430             97.5               1377310          14125.2
13:42:37.864 INFO  ProgressMeter -       chr2:211489470             97.7               1380000          14128.6
13:42:47.866 INFO  ProgressMeter -       chr2:211874580             97.8               1382640          14131.5
13:42:57.872 INFO  ProgressMeter -       chr2:212249112             98.0               1385150          14133.1
13:43:07.893 INFO  ProgressMeter -       chr2:212681674             98.2               1387900          14137.0
13:43:17.910 INFO  ProgressMeter -       chr2:213072561             98.3               1390490          14139.4
13:43:27.941 INFO  ProgressMeter -       chr2:213461673             98.5               1393050          14141.4
13:43:37.992 INFO  ProgressMeter -       chr2:213868989             98.7               1395710          14144.3
13:43:48.024 INFO  ProgressMeter -       chr2:214253929             98.8               1398340          14147.0
13:43:58.048 INFO  ProgressMeter -       chr2:214635136             99.0               1400970          14149.7
13:44:08.107 INFO  ProgressMeter -       chr2:214998506             99.2               1403490          14151.2
13:44:18.128 INFO  ProgressMeter -       chr2:215364977             99.3               1405930          14152.0
13:44:28.130 INFO  ProgressMeter -       chr2:215724445             99.5               1408410          14153.2
13:44:38.139 INFO  ProgressMeter -       chr2:216104528             99.7               1410900          14154.5
13:44:48.140 INFO  ProgressMeter -       chr2:216517768             99.8               1413560          14157.5
13:44:58.170 INFO  ProgressMeter -       chr2:216952348            100.0               1416400          14162.2
13:45:08.209 INFO  ProgressMeter -       chr2:217165058            100.2               1417830          14152.8
13:45:18.221 INFO  ProgressMeter -       chr2:217566045            100.3               1420470          14155.6
13:45:28.242 INFO  ProgressMeter -       chr2:217916822            100.5               1422740          14154.7
13:45:38.248 INFO  ProgressMeter -       chr2:218219954            100.7               1424720          14150.9
13:45:48.262 INFO  ProgressMeter -       chr2:218681336            100.8               1427800          14158.0
13:45:58.279 INFO  ProgressMeter -       chr2:219122260            101.0               1430590          14162.2
13:46:08.325 INFO  ProgressMeter -       chr2:219547851            101.2               1433400          14166.6
13:46:18.334 INFO  ProgressMeter -       chr2:219961528            101.3               1436150          14170.4
13:46:28.336 INFO  ProgressMeter -       chr2:220377102            101.5               1438930          14174.5
13:46:38.368 INFO  ProgressMeter -       chr2:220769448            101.7               1441540          14176.9
13:46:48.377 INFO  ProgressMeter -       chr2:221175266            101.8               1444250          14180.2
13:46:58.384 INFO  ProgressMeter -       chr2:221587137            102.0               1446990          14183.9
13:47:08.402 INFO  ProgressMeter -       chr2:222066075            102.2               1450040          14190.6
13:47:18.479 INFO  ProgressMeter -       chr2:222477229            102.4               1452740          14193.7
13:47:28.499 INFO  ProgressMeter -       chr2:222881636            102.5               1455410          14196.6
13:47:38.529 INFO  ProgressMeter -       chr2:223241331            102.7               1457890          14197.7
13:47:48.572 INFO  ProgressMeter -       chr2:223717861            102.9               1460880          14203.6
13:47:58.604 INFO  ProgressMeter -       chr2:224050172            103.0               1463320          14204.3
13:48:08.609 INFO  ProgressMeter -       chr2:224422587            103.2               1465850          14205.8
13:48:18.610 INFO  ProgressMeter -       chr2:224884500            103.4               1468820          14211.6
13:48:34.779 INFO  ProgressMeter -       chr2:224920190            103.6               1469060          14177.0
13:48:44.782 INFO  ProgressMeter -       chr2:225284642            103.8               1471590          14178.6
13:48:54.807 INFO  ProgressMeter -       chr2:225727034            104.0               1474490          14183.7
13:49:04.837 INFO  ProgressMeter -       chr2:225946167            104.1               1475950          14175.0
13:49:14.882 INFO  ProgressMeter -       chr2:226381857            104.3               1478780          14179.3
13:49:24.883 INFO  ProgressMeter -       chr2:226767084            104.5               1481300          14180.8
13:49:34.916 INFO  ProgressMeter -       chr2:227223892            104.6               1484200          14185.9
13:49:44.940 INFO  ProgressMeter -       chr2:227586512            104.8               1486660          14186.8
13:49:54.941 INFO  ProgressMeter -       chr2:227907214            105.0               1488920          14185.8
13:50:04.955 INFO  ProgressMeter -       chr2:228266377            105.1               1491360          14186.4
13:50:14.978 INFO  ProgressMeter -       chr2:228699783            105.3               1494160          14190.5
13:50:24.999 INFO  ProgressMeter -       chr2:229106875            105.5               1496890          14193.9
13:50:35.032 INFO  ProgressMeter -       chr2:229486314            105.6               1499480          14196.0
13:50:57.337 INFO  ProgressMeter -       chr2:229565028            106.0               1499990          14151.0
13:51:07.369 INFO  ProgressMeter -       chr2:230014707            106.2               1502940          14156.5
13:51:17.392 INFO  ProgressMeter -       chr2:230373196            106.3               1505390          14157.3
13:51:27.408 INFO  ProgressMeter -       chr2:230665715            106.5               1507470          14154.7
13:51:43.671 INFO  ProgressMeter -       chr2:231006046            106.8               1509560          14138.3
13:51:55.489 INFO  ProgressMeter -       chr2:231382446            107.0               1512030          14135.4
13:52:05.504 INFO  ProgressMeter -       chr2:231770972            107.1               1514750          14138.7
13:52:15.505 INFO  ProgressMeter -       chr2:232182235            107.3               1517550          14142.9
13:52:25.508 INFO  ProgressMeter -       chr2:232593159            107.5               1520400          14147.4
13:52:35.516 INFO  ProgressMeter -       chr2:233012393            107.6               1523220          14151.7
13:52:45.519 INFO  ProgressMeter -       chr2:233056181            107.8               1523520          14132.6
13:52:55.529 INFO  ProgressMeter -       chr2:233208569            108.0               1524620          14121.0
13:53:05.546 INFO  ProgressMeter -       chr2:233641832            108.1               1527480          14125.6
13:53:15.577 INFO  ProgressMeter -       chr2:234052013            108.3               1530180          14128.7
13:53:36.371 INFO  ProgressMeter -       chr2:234514963            108.6               1533200          14111.5
13:53:46.400 INFO  ProgressMeter -       chr2:234827626            108.8               1535460          14110.5
13:53:56.425 INFO  ProgressMeter -       chr2:235206411            109.0               1538040          14112.6
13:54:06.430 INFO  ProgressMeter -       chr2:235621013            109.2               1540920          14117.4
13:54:20.570 INFO  ProgressMeter -       chr2:235804080            109.4               1542190          14098.6
13:54:30.577 INFO  ProgressMeter -       chr2:236224324            109.6               1544960          14102.4
13:54:48.591 INFO  ProgressMeter -       chr2:236593815            109.9               1547240          14084.6
13:55:00.743 INFO  ProgressMeter -       chr2:236595815            110.1               1547250          14058.8
13:55:10.759 INFO  ProgressMeter -       chr2:236942513            110.2               1549550          14058.4
13:55:38.613 INFO  ProgressMeter -       chr2:237213423            110.7               1551300          14015.2
13:55:58.130 INFO  ProgressMeter -       chr2:237517920            111.0               1553310          13992.3
13:56:10.437 INFO  ProgressMeter -       chr2:237566943            111.2               1553610          13969.2
13:56:20.463 INFO  ProgressMeter -       chr2:237924782            111.4               1556080          13970.4
13:56:37.971 INFO  ProgressMeter -       chr2:238119790            111.7               1557470          13946.3
13:56:47.976 INFO  ProgressMeter -       chr2:238160642            111.8               1557760          13928.1
13:57:02.902 INFO  ProgressMeter -       chr2:238485574            112.1               1559940          13916.7
13:57:19.664 INFO  ProgressMeter -       chr2:238487285            112.4               1559950          13882.2
13:57:29.682 INFO  ProgressMeter -       chr2:238604696            112.5               1560780          13868.9
13:57:40.585 INFO  ProgressMeter -       chr2:238715504            112.7               1561480          13852.8
13:57:52.255 INFO  ProgressMeter -       chr2:238903125            112.9               1562800          13840.6
13:58:02.264 INFO  ProgressMeter -       chr2:239078043            113.1               1564040          13831.2
13:58:13.734 INFO  ProgressMeter -       chr2:239282133            113.3               1565460          13820.4
13:58:24.286 INFO  ProgressMeter -       chr2:239346471            113.4               1565900          13802.8
13:58:34.286 INFO  ProgressMeter -       chr2:239528611            113.6               1567120          13793.3
13:58:47.288 INFO  ProgressMeter -       chr2:239643690            113.8               1567950          13774.3
13:59:00.998 INFO  ProgressMeter -       chr2:239866254            114.1               1569550          13760.8
13:59:27.829 INFO  ProgressMeter -       chr2:239867512            114.5               1569560          13707.1
13:59:46.409 INFO  ProgressMeter -       chr2:239868727            114.8               1569570          13670.2
14:00:00.120 INFO  ProgressMeter -       chr2:239915778            115.0               1569900          13645.9
14:00:13.874 INFO  ProgressMeter -       chr2:240148990            115.3               1571390          13631.7
14:00:23.900 INFO  ProgressMeter -       chr2:240282796            115.4               1572340          13620.2
14:00:33.904 INFO  ProgressMeter -       chr2:240453296            115.6               1573460          13610.3
14:00:44.616 INFO  ProgressMeter -       chr2:240732671            115.8               1575400          13606.0
14:00:56.705 INFO  ProgressMeter -       chr2:240951677            116.0               1576940          13595.7
14:01:06.719 INFO  ProgressMeter -       chr2:241356431            116.2               1579660          13599.6
14:01:34.869 INFO  ProgressMeter -       chr2:241517319            116.6               1580760          13554.3
14:01:44.895 INFO  ProgressMeter -       chr2:241649599            116.8               1581640          13542.4
14:02:06.804 INFO  ProgressMeter -       chr2:241866533            117.2               1583130          13512.9
14:02:17.047 INFO  ProgressMeter -       chr2:241991030            117.3               1584010          13500.8
14:02:21.273 INFO  HaplotypeCaller - 1778338 read(s) filtered by: MappingQualityReadFilter 
0 read(s) filtered by: MappingQualityAvailableReadFilter 
0 read(s) filtered by: MappedReadFilter 
0 read(s) filtered by: NotSecondaryAlignmentReadFilter 
493210 read(s) filtered by: NotDuplicateReadFilter 
0 read(s) filtered by: PassesVendorQualityCheckReadFilter 
0 read(s) filtered by: NonZeroReferenceLengthAlignmentReadFilter 
0 read(s) filtered by: GoodCigarReadFilter 
0 read(s) filtered by: WellformedReadFilter 
2271548 total reads filtered out of 11517331 reads processed
14:02:21.273 INFO  ProgressMeter -       chr2:242191682            117.4               1585326          13503.9
14:02:21.274 INFO  ProgressMeter - Traversal complete. Processed 1585326 total regions in 117.4 minutes.
14:02:21.492 INFO  VectorLoglessPairHMM - Time spent in setup for JNI call : 1.658022848
14:02:21.493 INFO  PairHMM - Total compute time in PairHMM computeLogLikelihoods() : 633.681285612
14:02:21.493 INFO  SmithWatermanAligner - Total compute time in java Smith-Waterman : 858.02 sec
14:02:21.494 INFO  HaplotypeCaller - Shutting down engine
[May 3, 2024 at 2:02:21 PM UTC] org.broadinstitute.hellbender.tools.walkers.haplotypecaller.HaplotypeCaller done. Elapsed time: 117.43 minutes.
Runtime.totalMemory()=1409286144
Stage 4: Completed chrom chr2
