Using GATK jar /export/approved/gatk-4.5.0.0/gatk-package-4.5.0.0-local.jar
Running:
    java -Dsamjdk.use_async_io_read_samtools=false -Dsamjdk.use_async_io_write_samtools=true -Dsamjdk.use_async_io_write_tribble=false -Dsamjdk.compression_level=2 -Xmx30G -XX:ParallelGCThreads=4 -jar /export/approved/gatk-4.5.0.0/gatk-package-4.5.0.0-local.jar GenotypeGVCFs -R /export/home/andrew/genome/hg38_v0_20231023/Homo_sapiens_assembly38.fasta -L chr20 -V called.chr20.recal.g.vcf.gz -O genotype.chr20.vcf.gz
00:32:54.201 INFO  NativeLibraryLoader - Loading libgkl_compression.so from jar:file:/export/approved/gatk-4.5.0.0/gatk-package-4.5.0.0-local.jar!/com/intel/gkl/native/libgkl_compression.so
00:32:54.476 INFO  GenotypeGVCFs - ------------------------------------------------------------
00:32:54.480 INFO  GenotypeGVCFs - The Genome Analysis Toolkit (GATK) v4.5.0.0
00:32:54.480 INFO  GenotypeGVCFs - For support and documentation go to https://software.broadinstitute.org/gatk/
00:32:54.481 INFO  GenotypeGVCFs - Executing as andrew@compute-0-5 on Linux v5.15.0-75-generic amd64
00:32:54.481 INFO  GenotypeGVCFs - Java runtime: OpenJDK 64-Bit Server VM v19.0.2+7-Ubuntu-0ubuntu322.04
00:32:54.481 INFO  GenotypeGVCFs - Start Date/Time: May 4, 2024 at 12:32:54 AM UTC
00:32:54.481 INFO  GenotypeGVCFs - ------------------------------------------------------------
00:32:54.482 INFO  GenotypeGVCFs - ------------------------------------------------------------
00:32:54.483 INFO  GenotypeGVCFs - HTSJDK Version: 4.1.0
00:32:54.483 INFO  GenotypeGVCFs - Picard Version: 3.1.1
00:32:54.484 INFO  GenotypeGVCFs - Built for Spark Version: 3.5.0
00:32:54.484 INFO  GenotypeGVCFs - HTSJDK Defaults.COMPRESSION_LEVEL : 2
00:32:54.484 INFO  GenotypeGVCFs - HTSJDK Defaults.USE_ASYNC_IO_READ_FOR_SAMTOOLS : false
00:32:54.485 INFO  GenotypeGVCFs - HTSJDK Defaults.USE_ASYNC_IO_WRITE_FOR_SAMTOOLS : true
00:32:54.485 INFO  GenotypeGVCFs - HTSJDK Defaults.USE_ASYNC_IO_WRITE_FOR_TRIBBLE : false
00:32:54.485 INFO  GenotypeGVCFs - Deflater: IntelDeflater
00:32:54.485 INFO  GenotypeGVCFs - Inflater: IntelInflater
00:32:54.486 INFO  GenotypeGVCFs - GCS max retries/reopens: 20
00:32:54.486 INFO  GenotypeGVCFs - Requester pays: disabled
00:32:54.487 INFO  GenotypeGVCFs - Initializing engine
00:32:55.172 INFO  FeatureManager - Using codec VCFCodec to read file file:///export/home/andrew/genome/analysis_onelane/called.chr20.recal.g.vcf.gz
00:32:55.478 INFO  IntervalArgumentCollection - Processing 64444167 bp from intervals
00:32:55.566 INFO  GenotypeGVCFs - Done initializing engine
00:32:55.794 INFO  ProgressMeter - Starting traversal
00:32:55.795 INFO  ProgressMeter -        Current Locus  Elapsed Minutes    Variants Processed  Variants/Minute
00:32:55.944 WARN  ReferenceConfidenceVariantContextMerger - Detected invalid annotations: When trying to merge variant contexts at location chr20:60291 the annotation MLEAC=[0, 0] was not a numerical value and was ignored
00:32:56.060 WARN  InbreedingCoeff - InbreedingCoeff will not be calculated at position chr20:60343 and possibly subsequent; at least 10 samples must have called genotypes
00:33:05.798 INFO  ProgressMeter -        chr20:1391714              0.2                195000        1169883.0
00:33:15.812 INFO  ProgressMeter -        chr20:4152230              0.3                591000        1771671.2
00:33:25.830 INFO  ProgressMeter -        chr20:6975738              0.5               1025000        2047679.3
00:33:35.847 INFO  ProgressMeter -       chr20:10099482              0.7               1483000        2221667.4
00:33:45.860 INFO  ProgressMeter -       chr20:13561320              0.8               1950000        2337008.6
00:33:55.868 INFO  ProgressMeter -       chr20:16731988              1.0               2413000        2410107.9
00:34:05.880 INFO  ProgressMeter -       chr20:19797950              1.2               2867000        2454483.2
00:34:15.888 INFO  ProgressMeter -       chr20:23140405              1.3               3336000        2499126.0
00:34:25.901 INFO  ProgressMeter -       chr20:27667624              1.5               3791000        2524388.2
00:34:35.922 INFO  ProgressMeter -       chr20:31227011              1.7               4105000        2459900.5
00:34:45.938 INFO  ProgressMeter -       chr20:34380678              1.8               4582000        2496050.6
00:34:55.950 INFO  ProgressMeter -       chr20:37551805              2.0               5057000        2525259.3
00:35:05.962 INFO  ProgressMeter -       chr20:40895553              2.2               5527000        2547669.9
00:35:15.963 INFO  ProgressMeter -       chr20:44082618              2.3               6002000        2569221.0
00:35:25.966 INFO  ProgressMeter -       chr20:47152719              2.5               6472000        2585869.3
00:35:35.975 INFO  ProgressMeter -       chr20:50396543              2.7               6935000        2597718.8
00:35:45.991 INFO  ProgressMeter -       chr20:53707112              2.8               7400000        2608772.3
00:35:56.007 INFO  ProgressMeter -       chr20:56670095              3.0               7862000        2617612.8
00:36:06.021 INFO  ProgressMeter -       chr20:60129664              3.2               8326000        2626153.2
00:36:16.022 INFO  ProgressMeter -       chr20:64008951              3.3               8776000        2629828.3
00:36:16.804 INFO  ProgressMeter -       chr20:64322968              3.4               8813859        2630898.0
00:36:16.804 INFO  ProgressMeter - Traversal complete. Processed 8813859 total variants in 3.4 minutes.
00:36:16.910 INFO  GenotypeGVCFs - Shutting down engine
[May 4, 2024 at 12:36:16 AM UTC] org.broadinstitute.hellbender.tools.walkers.GenotypeGVCFs done. Elapsed time: 3.38 minutes.
Runtime.totalMemory()=738197504
Stage 5: Genotyped chrom
