Using GATK jar /export/approved/gatk-4.5.0.0/gatk-package-4.5.0.0-local.jar
Running:
    java -Dsamjdk.use_async_io_read_samtools=false -Dsamjdk.use_async_io_write_samtools=true -Dsamjdk.use_async_io_write_tribble=false -Dsamjdk.compression_level=2 -Xmx30G -XX:ParallelGCThreads=4 -jar /export/approved/gatk-4.5.0.0/gatk-package-4.5.0.0-local.jar GenotypeGVCFs -R /export/home/andrew/genome/hg38_v0_20231023/Homo_sapiens_assembly38.fasta -L chr10 -V called.chr10.recal.g.vcf.gz -O genotype.chr10.vcf.gz
00:32:53.315 INFO  NativeLibraryLoader - Loading libgkl_compression.so from jar:file:/export/approved/gatk-4.5.0.0/gatk-package-4.5.0.0-local.jar!/com/intel/gkl/native/libgkl_compression.so
00:32:53.587 INFO  GenotypeGVCFs - ------------------------------------------------------------
00:32:53.593 INFO  GenotypeGVCFs - The Genome Analysis Toolkit (GATK) v4.5.0.0
00:32:53.593 INFO  GenotypeGVCFs - For support and documentation go to https://software.broadinstitute.org/gatk/
00:32:53.594 INFO  GenotypeGVCFs - Executing as andrew@compute-0-4 on Linux v5.15.0-102-generic amd64
00:32:53.594 INFO  GenotypeGVCFs - Java runtime: OpenJDK 64-Bit Server VM v19.0.2+7-Ubuntu-0ubuntu322.04
00:32:53.595 INFO  GenotypeGVCFs - Start Date/Time: May 4, 2024 at 12:32:53 AM UTC
00:32:53.595 INFO  GenotypeGVCFs - ------------------------------------------------------------
00:32:53.595 INFO  GenotypeGVCFs - ------------------------------------------------------------
00:32:53.596 INFO  GenotypeGVCFs - HTSJDK Version: 4.1.0
00:32:53.597 INFO  GenotypeGVCFs - Picard Version: 3.1.1
00:32:53.597 INFO  GenotypeGVCFs - Built for Spark Version: 3.5.0
00:32:53.597 INFO  GenotypeGVCFs - HTSJDK Defaults.COMPRESSION_LEVEL : 2
00:32:53.598 INFO  GenotypeGVCFs - HTSJDK Defaults.USE_ASYNC_IO_READ_FOR_SAMTOOLS : false
00:32:53.598 INFO  GenotypeGVCFs - HTSJDK Defaults.USE_ASYNC_IO_WRITE_FOR_SAMTOOLS : true
00:32:53.598 INFO  GenotypeGVCFs - HTSJDK Defaults.USE_ASYNC_IO_WRITE_FOR_TRIBBLE : false
00:32:53.598 INFO  GenotypeGVCFs - Deflater: IntelDeflater
00:32:53.599 INFO  GenotypeGVCFs - Inflater: IntelInflater
00:32:53.599 INFO  GenotypeGVCFs - GCS max retries/reopens: 20
00:32:53.599 INFO  GenotypeGVCFs - Requester pays: disabled
00:32:53.600 INFO  GenotypeGVCFs - Initializing engine
00:32:54.344 INFO  FeatureManager - Using codec VCFCodec to read file file:///export/home/andrew/genome/analysis_onelane/called.chr10.recal.g.vcf.gz
00:32:54.667 INFO  IntervalArgumentCollection - Processing 133797422 bp from intervals
00:32:54.758 INFO  GenotypeGVCFs - Done initializing engine
00:32:54.970 INFO  ProgressMeter - Starting traversal
00:32:54.971 INFO  ProgressMeter -        Current Locus  Elapsed Minutes    Variants Processed  Variants/Minute
00:32:55.315 WARN  ReferenceConfidenceVariantContextMerger - Detected invalid annotations: When trying to merge variant contexts at location chr10:11397 the annotation MLEAC=[1, 0] was not a numerical value and was ignored
00:32:55.406 WARN  InbreedingCoeff - InbreedingCoeff will not be calculated at position chr10:11397 and possibly subsequent; at least 10 samples must have called genotypes
00:33:04.988 INFO  ProgressMeter -        chr10:1549206              0.2                196000        1174238.6
00:33:15.001 INFO  ProgressMeter -        chr10:4391532              0.3                595000        1782415.5
00:33:25.017 INFO  ProgressMeter -        chr10:7618847              0.5               1043000        2082945.0
00:33:35.020 INFO  ProgressMeter -       chr10:10909956              0.7               1518000        2274270.9
00:33:45.020 INFO  ProgressMeter -       chr10:14142728              0.8               1997000        2394101.7
00:33:55.026 INFO  ProgressMeter -       chr10:17503403              1.0               2483000        2480767.3
00:34:05.040 INFO  ProgressMeter -       chr10:21063840              1.2               2959000        2533824.3
00:34:15.056 INFO  ProgressMeter -       chr10:24525076              1.3               3468000        2598271.8
00:34:25.072 INFO  ProgressMeter -       chr10:27657629              1.5               3945000        2627081.0
00:34:35.081 INFO  ProgressMeter -       chr10:30972384              1.7               4427000        2653334.4
00:34:45.093 INFO  ProgressMeter -       chr10:34309105              1.8               4918000        2679597.9
00:34:55.096 INFO  ProgressMeter -       chr10:37955475              2.0               5418000        2706226.1
00:35:05.096 INFO  ProgressMeter -       chr10:42906726              2.2               5835000        2690510.6
00:35:15.103 INFO  ProgressMeter -       chr10:46245660              2.3               6316000        2704326.7
00:35:25.114 INFO  ProgressMeter -       chr10:50632758              2.5               6794000        2715029.8
00:35:35.133 INFO  ProgressMeter -       chr10:54104113              2.7               7268000        2722760.2
00:35:45.139 INFO  ProgressMeter -       chr10:57488545              2.8               7733000        2726615.6
00:35:55.144 INFO  ProgressMeter -       chr10:60619966              3.0               8213000        2735053.2
00:36:05.152 INFO  ProgressMeter -       chr10:63800744              3.2               8707000        2746976.5
00:36:15.154 INFO  ProgressMeter -       chr10:67102256              3.3               9177000        2750610.7
00:36:25.155 INFO  ProgressMeter -       chr10:70297718              3.5               9667000        2759595.2
00:36:35.158 INFO  ProgressMeter -       chr10:73369236              3.7              10159000        2768308.5
00:36:45.173 INFO  ProgressMeter -       chr10:76545961              3.8              10663000        2779223.4
00:36:55.176 INFO  ProgressMeter -       chr10:80123511              4.0              11153000        2785882.0
00:37:05.177 INFO  ProgressMeter -       chr10:83540915              4.2              11637000        2790591.7
00:37:15.189 INFO  ProgressMeter -       chr10:86923251              4.3              12123000        2795282.4
00:37:25.194 INFO  ProgressMeter -       chr10:89985078              4.5              12619000        2801928.8
00:37:35.205 INFO  ProgressMeter -       chr10:93191559              4.7              13112000        2807378.1
00:37:45.212 INFO  ProgressMeter -       chr10:96244015              4.8              13597000        2810846.2
00:37:55.227 INFO  ProgressMeter -       chr10:99368657              5.0              14085000        2814617.0
00:38:05.239 INFO  ProgressMeter -      chr10:102416275              5.2              14583000        2820087.2
00:38:15.259 INFO  ProgressMeter -      chr10:105818312              5.3              15079000        2824779.0
00:38:25.261 INFO  ProgressMeter -      chr10:109015502              5.5              15561000        2826797.1
00:38:35.281 INFO  ProgressMeter -      chr10:112206716              5.7              16051000        2829957.5
00:38:45.300 INFO  ProgressMeter -      chr10:115551993              5.8              16539000        2832602.6
00:38:55.316 INFO  ProgressMeter -      chr10:118982631              6.0              17016000        2833292.6
00:39:05.332 INFO  ProgressMeter -      chr10:122205937              6.2              17487000        2832973.3
00:39:15.336 INFO  ProgressMeter -      chr10:125681796              6.3              17969000        2834502.8
00:39:25.344 INFO  ProgressMeter -      chr10:129391027              6.5              18437000        2833758.6
00:39:35.348 INFO  ProgressMeter -      chr10:133416937              6.7              18901000        2832487.5
00:39:36.020 INFO  ProgressMeter -      chr10:133780052              6.7              18929208        2831961.5
00:39:36.020 INFO  ProgressMeter - Traversal complete. Processed 18929208 total variants in 6.7 minutes.
00:39:36.102 INFO  GenotypeGVCFs - Shutting down engine
[May 4, 2024 at 12:39:36 AM UTC] org.broadinstitute.hellbender.tools.walkers.GenotypeGVCFs done. Elapsed time: 6.71 minutes.
Runtime.totalMemory()=654311424
Stage 5: Genotyped chrom
