Using GATK jar /export/approved/gatk-4.5.0.0/gatk-package-4.5.0.0-local.jar
Running:
    java -Dsamjdk.use_async_io_read_samtools=false -Dsamjdk.use_async_io_write_samtools=true -Dsamjdk.use_async_io_write_tribble=false -Dsamjdk.compression_level=2 -Xmx30G -XX:ParallelGCThreads=4 -jar /export/approved/gatk-4.5.0.0/gatk-package-4.5.0.0-local.jar GenotypeGVCFs -R /export/home/andrew/genome/hg38_v0_20231023/Homo_sapiens_assembly38.fasta -L chr22 -V called.chr22.recal.g.vcf.gz -O genotype.chr22.vcf.gz
00:32:53.098 INFO  NativeLibraryLoader - Loading libgkl_compression.so from jar:file:/export/approved/gatk-4.5.0.0/gatk-package-4.5.0.0-local.jar!/com/intel/gkl/native/libgkl_compression.so
00:32:53.470 INFO  GenotypeGVCFs - ------------------------------------------------------------
00:32:53.474 INFO  GenotypeGVCFs - The Genome Analysis Toolkit (GATK) v4.5.0.0
00:32:53.474 INFO  GenotypeGVCFs - For support and documentation go to https://software.broadinstitute.org/gatk/
00:32:53.474 INFO  GenotypeGVCFs - Executing as andrew@compute-0-5 on Linux v5.15.0-75-generic amd64
00:32:53.474 INFO  GenotypeGVCFs - Java runtime: OpenJDK 64-Bit Server VM v19.0.2+7-Ubuntu-0ubuntu322.04
00:32:53.475 INFO  GenotypeGVCFs - Start Date/Time: May 4, 2024 at 12:32:53 AM UTC
00:32:53.475 INFO  GenotypeGVCFs - ------------------------------------------------------------
00:32:53.475 INFO  GenotypeGVCFs - ------------------------------------------------------------
00:32:53.477 INFO  GenotypeGVCFs - HTSJDK Version: 4.1.0
00:32:53.477 INFO  GenotypeGVCFs - Picard Version: 3.1.1
00:32:53.477 INFO  GenotypeGVCFs - Built for Spark Version: 3.5.0
00:32:53.477 INFO  GenotypeGVCFs - HTSJDK Defaults.COMPRESSION_LEVEL : 2
00:32:53.478 INFO  GenotypeGVCFs - HTSJDK Defaults.USE_ASYNC_IO_READ_FOR_SAMTOOLS : false
00:32:53.478 INFO  GenotypeGVCFs - HTSJDK Defaults.USE_ASYNC_IO_WRITE_FOR_SAMTOOLS : true
00:32:53.478 INFO  GenotypeGVCFs - HTSJDK Defaults.USE_ASYNC_IO_WRITE_FOR_TRIBBLE : false
00:32:53.479 INFO  GenotypeGVCFs - Deflater: IntelDeflater
00:32:53.479 INFO  GenotypeGVCFs - Inflater: IntelInflater
00:32:53.479 INFO  GenotypeGVCFs - GCS max retries/reopens: 20
00:32:53.479 INFO  GenotypeGVCFs - Requester pays: disabled
00:32:53.480 INFO  GenotypeGVCFs - Initializing engine
00:32:53.982 INFO  FeatureManager - Using codec VCFCodec to read file file:///export/home/andrew/genome/analysis_onelane/called.chr22.recal.g.vcf.gz
00:32:54.265 INFO  IntervalArgumentCollection - Processing 50818468 bp from intervals
00:32:54.352 INFO  GenotypeGVCFs - Done initializing engine
00:32:54.568 INFO  ProgressMeter - Starting traversal
00:32:54.569 INFO  ProgressMeter -        Current Locus  Elapsed Minutes    Variants Processed  Variants/Minute
00:32:54.898 WARN  ReferenceConfidenceVariantContextMerger - Detected invalid annotations: When trying to merge variant contexts at location chr22:10522819 the annotation MLEAC=[1, 0] was not a numerical value and was ignored
00:32:54.985 WARN  InbreedingCoeff - InbreedingCoeff will not be calculated at position chr22:10522819 and possibly subsequent; at least 10 samples must have called genotypes
00:33:04.580 INFO  ProgressMeter -       chr22:12048924              0.2                111000         665334.7
00:33:14.591 INFO  ProgressMeter -       chr22:17834137              0.3                456000        1366565.1
00:33:24.601 INFO  ProgressMeter -       chr22:22150854              0.5                895000        1788092.7
00:33:34.610 INFO  ProgressMeter -       chr22:25712660              0.7               1331000        1994505.5
00:33:44.610 INFO  ProgressMeter -       chr22:28518637              0.8               1775000        2128254.8
00:33:54.625 INFO  ProgressMeter -       chr22:31486738              1.0               2230000        2227920.6
00:34:04.631 INFO  ProgressMeter -       chr22:34748374              1.2               2675000        2290828.1
00:34:14.650 INFO  ProgressMeter -       chr22:37898917              1.3               3116000        2334636.2
00:34:24.651 INFO  ProgressMeter -       chr22:41111040              1.5               3568000        2376501.4
00:34:34.659 INFO  ProgressMeter -       chr22:44363461              1.7               4006000        2401462.7
00:34:44.671 INFO  ProgressMeter -       chr22:47787377              1.8               4443000        2421209.4
00:34:52.217 INFO  ProgressMeter -       chr22:50795500              2.0               4761415        2428302.2
00:34:52.217 INFO  ProgressMeter - Traversal complete. Processed 4761415 total variants in 2.0 minutes.
00:34:52.356 INFO  GenotypeGVCFs - Shutting down engine
[May 4, 2024 at 12:34:52 AM UTC] org.broadinstitute.hellbender.tools.walkers.GenotypeGVCFs done. Elapsed time: 1.99 minutes.
Runtime.totalMemory()=654311424
Stage 5: Genotyped chrom
