Using GATK jar /export/approved/gatk-4.5.0.0/gatk-package-4.5.0.0-local.jar
Running:
    java -Dsamjdk.use_async_io_read_samtools=false -Dsamjdk.use_async_io_write_samtools=true -Dsamjdk.use_async_io_write_tribble=false -Dsamjdk.compression_level=2 -Xmx30G -XX:ParallelGCThreads=4 -jar /export/approved/gatk-4.5.0.0/gatk-package-4.5.0.0-local.jar GenotypeGVCFs -R /export/home/andrew/genome/hg38_v0_20231023/Homo_sapiens_assembly38.fasta -L chr11 -V called.chr11.recal.g.vcf.gz -O genotype.chr11.vcf.gz
00:32:53.189 INFO  NativeLibraryLoader - Loading libgkl_compression.so from jar:file:/export/approved/gatk-4.5.0.0/gatk-package-4.5.0.0-local.jar!/com/intel/gkl/native/libgkl_compression.so
00:32:53.484 INFO  GenotypeGVCFs - ------------------------------------------------------------
00:32:53.488 INFO  GenotypeGVCFs - The Genome Analysis Toolkit (GATK) v4.5.0.0
00:32:53.489 INFO  GenotypeGVCFs - For support and documentation go to https://software.broadinstitute.org/gatk/
00:32:53.489 INFO  GenotypeGVCFs - Executing as andrew@compute-0-4 on Linux v5.15.0-102-generic amd64
00:32:53.489 INFO  GenotypeGVCFs - Java runtime: OpenJDK 64-Bit Server VM v19.0.2+7-Ubuntu-0ubuntu322.04
00:32:53.489 INFO  GenotypeGVCFs - Start Date/Time: May 4, 2024 at 12:32:53 AM UTC
00:32:53.490 INFO  GenotypeGVCFs - ------------------------------------------------------------
00:32:53.490 INFO  GenotypeGVCFs - ------------------------------------------------------------
00:32:53.491 INFO  GenotypeGVCFs - HTSJDK Version: 4.1.0
00:32:53.491 INFO  GenotypeGVCFs - Picard Version: 3.1.1
00:32:53.492 INFO  GenotypeGVCFs - Built for Spark Version: 3.5.0
00:32:53.492 INFO  GenotypeGVCFs - HTSJDK Defaults.COMPRESSION_LEVEL : 2
00:32:53.492 INFO  GenotypeGVCFs - HTSJDK Defaults.USE_ASYNC_IO_READ_FOR_SAMTOOLS : false
00:32:53.493 INFO  GenotypeGVCFs - HTSJDK Defaults.USE_ASYNC_IO_WRITE_FOR_SAMTOOLS : true
00:32:53.493 INFO  GenotypeGVCFs - HTSJDK Defaults.USE_ASYNC_IO_WRITE_FOR_TRIBBLE : false
00:32:53.493 INFO  GenotypeGVCFs - Deflater: IntelDeflater
00:32:53.493 INFO  GenotypeGVCFs - Inflater: IntelInflater
00:32:53.494 INFO  GenotypeGVCFs - GCS max retries/reopens: 20
00:32:53.494 INFO  GenotypeGVCFs - Requester pays: disabled
00:32:53.495 INFO  GenotypeGVCFs - Initializing engine
00:32:54.205 INFO  FeatureManager - Using codec VCFCodec to read file file:///export/home/andrew/genome/analysis_onelane/called.chr11.recal.g.vcf.gz
00:32:54.588 INFO  IntervalArgumentCollection - Processing 135086622 bp from intervals
00:32:54.684 INFO  GenotypeGVCFs - Done initializing engine
00:32:54.898 INFO  ProgressMeter - Starting traversal
00:32:54.899 INFO  ProgressMeter -        Current Locus  Elapsed Minutes    Variants Processed  Variants/Minute
00:32:55.357 WARN  ReferenceConfidenceVariantContextMerger - Detected invalid annotations: When trying to merge variant contexts at location chr11:102905 the annotation MLEAC=[1, 0] was not a numerical value and was ignored
00:32:55.461 WARN  InbreedingCoeff - InbreedingCoeff will not be calculated at position chr11:102905 and possibly subsequent; at least 10 samples must have called genotypes
00:33:04.906 INFO  ProgressMeter -        chr11:1325561              0.2                201000        1205397.3
00:33:14.912 INFO  ProgressMeter -        chr11:3545962              0.3                586000        1756945.8
00:33:24.915 INFO  ProgressMeter -        chr11:5549054              0.5                995000        1989005.5
00:33:34.916 INFO  ProgressMeter -        chr11:7461265              0.7               1421000        2130647.7
00:33:44.933 INFO  ProgressMeter -        chr11:9463651              0.8               1865000        2236523.9
00:33:54.939 INFO  ProgressMeter -       chr11:11451085              1.0               2307000        2305539.8
00:34:04.953 INFO  ProgressMeter -       chr11:13737321              1.2               2748000        2353646.5
00:34:14.955 INFO  ProgressMeter -       chr11:16796143              1.3               3198000        2396882.1
00:34:24.966 INFO  ProgressMeter -       chr11:19616831              1.5               3640000        2424888.4
00:34:34.988 INFO  ProgressMeter -       chr11:22698808              1.7               4074000        2442250.8
00:34:45.007 INFO  ProgressMeter -       chr11:25893641              1.8               4496000        2449980.5
00:34:55.008 INFO  ProgressMeter -       chr11:28926910              2.0               4940000        2467779.0
00:35:05.008 INFO  ProgressMeter -       chr11:31875321              2.2               5393000        2487010.8
00:35:15.012 INFO  ProgressMeter -       chr11:34750558              2.3               5846000        2503425.8
00:35:25.030 INFO  ProgressMeter -       chr11:37957164              2.5               6295000        2515819.6
00:35:35.047 INFO  ProgressMeter -       chr11:41216589              2.7               6733000        2522557.4
00:35:45.060 INFO  ProgressMeter -       chr11:44189195              2.8               7176000        2530324.4
00:35:55.061 INFO  ProgressMeter -       chr11:47094235              3.0               7631000        2541393.5
00:36:05.073 INFO  ProgressMeter -       chr11:50370941              3.2               8066000        2544840.8
00:36:15.089 INFO  ProgressMeter -       chr11:57238955              3.3               8490000        2544595.4
00:36:25.101 INFO  ProgressMeter -       chr11:60067251              3.5               8941000        2552128.7
00:36:35.125 INFO  ProgressMeter -       chr11:63160932              3.7               9388000        2557759.4
00:36:45.130 INFO  ProgressMeter -       chr11:66366785              3.8               9840000        2564392.1
00:36:55.144 INFO  ProgressMeter -       chr11:69508683              4.0              10284000        2568388.8
00:37:05.160 INFO  ProgressMeter -       chr11:72810387              4.2              10722000        2570606.6
00:37:15.174 INFO  ProgressMeter -       chr11:75717527              4.3              11180000        2577283.9
00:37:25.176 INFO  ProgressMeter -       chr11:78503994              4.5              11634000        2582693.2
00:37:35.187 INFO  ProgressMeter -       chr11:81717883              4.7              12082000        2586349.0
00:37:45.191 INFO  ProgressMeter -       chr11:84670996              4.8              12532000        2590228.4
00:37:55.205 INFO  ProgressMeter -       chr11:87645877              5.0              12983000        2593962.8
00:38:05.207 INFO  ProgressMeter -       chr11:90927861              5.2              13425000        2595816.4
00:38:15.209 INFO  ProgressMeter -       chr11:93970567              5.3              13870000        2598116.2
00:38:25.229 INFO  ProgressMeter -       chr11:96850599              5.5              14319000        2600861.6
00:38:35.238 INFO  ProgressMeter -      chr11:100171316              5.7              14750000        2600356.1
00:38:45.243 INFO  ProgressMeter -      chr11:103154008              5.8              15194000        2602135.6
00:38:55.263 INFO  ProgressMeter -      chr11:105992870              6.0              15633000        2602875.4
00:39:05.266 INFO  ProgressMeter -      chr11:108973997              6.2              16079000        2604828.7
00:39:15.282 INFO  ProgressMeter -      chr11:111913139              6.3              16532000        2607694.4
00:39:25.298 INFO  ProgressMeter -      chr11:115010341              6.5              16980000        2609644.5
00:39:35.305 INFO  ProgressMeter -      chr11:117971702              6.7              17426000        2611256.1
00:39:45.325 INFO  ProgressMeter -      chr11:120970054              6.8              17888000        2615045.4
00:39:55.327 INFO  ProgressMeter -      chr11:124077861              7.0              18354000        2619343.2
00:40:05.337 INFO  ProgressMeter -      chr11:127104738              7.2              18813000        2622404.7
00:40:15.366 INFO  ProgressMeter -      chr11:130221061              7.3              19281000        2626445.6
00:40:25.377 INFO  ProgressMeter -      chr11:133748387              7.5              19770000        2633208.8
00:40:28.497 INFO  ProgressMeter -      chr11:135065994              7.6              19921621        2635152.5
00:40:28.498 INFO  ProgressMeter - Traversal complete. Processed 19921621 total variants in 7.6 minutes.
00:40:28.577 INFO  GenotypeGVCFs - Shutting down engine
[May 4, 2024 at 12:40:28 AM UTC] org.broadinstitute.hellbender.tools.walkers.GenotypeGVCFs done. Elapsed time: 7.59 minutes.
Runtime.totalMemory()=654311424
Stage 5: Genotyped chrom
