Using GATK jar /export/approved/gatk-4.5.0.0/gatk-package-4.5.0.0-local.jar
Running:
    java -Dsamjdk.use_async_io_read_samtools=false -Dsamjdk.use_async_io_write_samtools=true -Dsamjdk.use_async_io_write_tribble=false -Dsamjdk.compression_level=2 -Xmx30G -XX:ParallelGCThreads=4 -jar /export/approved/gatk-4.5.0.0/gatk-package-4.5.0.0-local.jar GenotypeGVCFs -R /export/home/andrew/genome/hg38_v0_20231023/Homo_sapiens_assembly38.fasta -L chr5 -V called.chr5.recal.g.vcf.gz -O genotype.chr5.vcf.gz
00:32:54.652 INFO  NativeLibraryLoader - Loading libgkl_compression.so from jar:file:/export/approved/gatk-4.5.0.0/gatk-package-4.5.0.0-local.jar!/com/intel/gkl/native/libgkl_compression.so
00:32:54.936 INFO  GenotypeGVCFs - ------------------------------------------------------------
00:32:54.942 INFO  GenotypeGVCFs - The Genome Analysis Toolkit (GATK) v4.5.0.0
00:32:54.942 INFO  GenotypeGVCFs - For support and documentation go to https://software.broadinstitute.org/gatk/
00:32:54.943 INFO  GenotypeGVCFs - Executing as andrew@compute-0-2 on Linux v5.15.0-102-generic amd64
00:32:54.943 INFO  GenotypeGVCFs - Java runtime: OpenJDK 64-Bit Server VM v19.0.2+7-Ubuntu-0ubuntu322.04
00:32:54.943 INFO  GenotypeGVCFs - Start Date/Time: May 4, 2024 at 12:32:54 AM UTC
00:32:54.943 INFO  GenotypeGVCFs - ------------------------------------------------------------
00:32:54.944 INFO  GenotypeGVCFs - ------------------------------------------------------------
00:32:54.945 INFO  GenotypeGVCFs - HTSJDK Version: 4.1.0
00:32:54.945 INFO  GenotypeGVCFs - Picard Version: 3.1.1
00:32:54.945 INFO  GenotypeGVCFs - Built for Spark Version: 3.5.0
00:32:54.946 INFO  GenotypeGVCFs - HTSJDK Defaults.COMPRESSION_LEVEL : 2
00:32:54.946 INFO  GenotypeGVCFs - HTSJDK Defaults.USE_ASYNC_IO_READ_FOR_SAMTOOLS : false
00:32:54.947 INFO  GenotypeGVCFs - HTSJDK Defaults.USE_ASYNC_IO_WRITE_FOR_SAMTOOLS : true
00:32:54.947 INFO  GenotypeGVCFs - HTSJDK Defaults.USE_ASYNC_IO_WRITE_FOR_TRIBBLE : false
00:32:54.947 INFO  GenotypeGVCFs - Deflater: IntelDeflater
00:32:54.947 INFO  GenotypeGVCFs - Inflater: IntelInflater
00:32:54.948 INFO  GenotypeGVCFs - GCS max retries/reopens: 20
00:32:54.948 INFO  GenotypeGVCFs - Requester pays: disabled
00:32:54.949 INFO  GenotypeGVCFs - Initializing engine
00:32:55.560 INFO  FeatureManager - Using codec VCFCodec to read file file:///export/home/andrew/genome/analysis_onelane/called.chr5.recal.g.vcf.gz
00:32:55.891 INFO  IntervalArgumentCollection - Processing 181538259 bp from intervals
00:32:55.988 INFO  GenotypeGVCFs - Done initializing engine
00:32:56.232 INFO  ProgressMeter - Starting traversal
00:32:56.233 INFO  ProgressMeter -        Current Locus  Elapsed Minutes    Variants Processed  Variants/Minute
00:32:56.483 WARN  ReferenceConfidenceVariantContextMerger - Detected invalid annotations: When trying to merge variant contexts at location chr5:12041 the annotation MLEAC=[1, 0] was not a numerical value and was ignored
00:32:56.576 WARN  InbreedingCoeff - InbreedingCoeff will not be calculated at position chr5:12041 and possibly subsequent; at least 10 samples must have called genotypes
00:33:06.256 INFO  ProgressMeter -         chr5:1856236              0.2                199000        1191379.0
00:33:16.276 INFO  ProgressMeter -         chr5:5210765              0.3                587000        1757309.6
00:33:26.279 INFO  ProgressMeter -         chr5:8213274              0.5               1014000        2024895.2
00:33:36.301 INFO  ProgressMeter -        chr5:11193884              0.7               1465000        2193770.6
00:33:46.302 INFO  ProgressMeter -        chr5:14703272              0.8               1926000        2308014.9
00:33:56.303 INFO  ProgressMeter -        chr5:18154560              1.0               2392000        2389212.6
00:34:06.317 INFO  ProgressMeter -        chr5:21572491              1.2               2847000        2437395.7
00:34:16.329 INFO  ProgressMeter -        chr5:25050967              1.3               3310000        2479555.5
00:34:26.334 INFO  ProgressMeter -        chr5:28700635              1.5               3766000        2507852.3
00:34:36.352 INFO  ProgressMeter -        chr5:32175696              1.7               4216000        2526593.4
00:34:46.356 INFO  ProgressMeter -        chr5:35150516              1.8               4672000        2545517.3
00:34:56.367 INFO  ProgressMeter -        chr5:38219065              2.0               5141000        2567632.8
00:35:06.379 INFO  ProgressMeter -        chr5:41354984              2.2               5608000        2585404.1
00:35:16.385 INFO  ProgressMeter -        chr5:44417283              2.3               6079000        2602460.2
00:35:26.392 INFO  ProgressMeter -        chr5:51168475              2.5               6531000        2609633.8
00:35:36.392 INFO  ProgressMeter -        chr5:54527153              2.7               6998000        2621644.7
00:35:46.401 INFO  ProgressMeter -        chr5:57552910              2.8               7461000        2630694.4
00:35:56.409 INFO  ProgressMeter -        chr5:60690350              3.0               7931000        2641084.3
00:36:06.417 INFO  ProgressMeter -        chr5:63879563              3.2               8405000        2651642.6
00:36:16.435 INFO  ProgressMeter -        chr5:66904801              3.3               8874000        2659527.2
00:36:26.437 INFO  ProgressMeter -        chr5:71567176              3.5               9341000        2666267.1
00:36:36.457 INFO  ProgressMeter -        chr5:74613307              3.7               9812000        2673278.1
00:36:46.459 INFO  ProgressMeter -        chr5:77653772              3.8              10286000        2680670.3
00:36:56.471 INFO  ProgressMeter -        chr5:80733829              4.0              10755000        2686086.3
00:37:06.488 INFO  ProgressMeter -        chr5:83850993              4.2              11231000        2692693.5
00:37:16.508 INFO  ProgressMeter -        chr5:87292060              4.3              11693000        2695533.6
00:37:26.525 INFO  ProgressMeter -        chr5:90349807              4.5              12180000        2703752.6
00:37:36.531 INFO  ProgressMeter -        chr5:93631706              4.7              12659000        2709758.9
00:37:46.539 INFO  ProgressMeter -        chr5:96619243              4.8              13137000        2715135.1
00:37:56.563 INFO  ProgressMeter -        chr5:99725493              5.0              13602000        2717410.8
00:38:06.571 INFO  ProgressMeter -       chr5:102884577              5.2              14063000        2718906.5
00:38:16.588 INFO  ProgressMeter -       chr5:106386732              5.3              14536000        2722488.2
00:38:26.595 INFO  ProgressMeter -       chr5:109379121              5.5              15013000        2726645.3
00:38:36.603 INFO  ProgressMeter -       chr5:112359856              5.7              15480000        2728803.2
00:38:46.622 INFO  ProgressMeter -       chr5:115473415              5.8              15941000        2729709.0
00:38:56.633 INFO  ProgressMeter -       chr5:118675435              6.0              16403000        2730799.1
00:39:06.636 INFO  ProgressMeter -       chr5:121916068              6.2              16873000        2733192.6
00:39:16.648 INFO  ProgressMeter -       chr5:125199765              6.3              17343000        2735381.1
00:39:26.652 INFO  ProgressMeter -       chr5:128352144              6.5              17809000        2736905.7
00:39:36.668 INFO  ProgressMeter -       chr5:131617297              6.7              18290000        2740519.7
00:39:46.678 INFO  ProgressMeter -       chr5:134626940              6.8              18764000        2742974.1
00:39:56.693 INFO  ProgressMeter -       chr5:137797176              7.0              19235000        2744850.9
00:40:06.702 INFO  ProgressMeter -       chr5:140826293              7.2              19719000        2748490.6
00:40:16.702 INFO  ProgressMeter -       chr5:143929708              7.3              20192000        2750522.7
00:40:26.710 INFO  ProgressMeter -       chr5:147238563              7.5              20660000        2751749.8
00:40:36.720 INFO  ProgressMeter -       chr5:150518083              7.7              21133000        2753563.1
00:40:46.738 INFO  ProgressMeter -       chr5:153540547              7.8              21606000        2755252.3
00:40:56.759 INFO  ProgressMeter -       chr5:156668778              8.0              22090000        2758227.4
00:41:06.777 INFO  ProgressMeter -       chr5:159618138              8.2              22564000        2759874.8
00:41:16.783 INFO  ProgressMeter -       chr5:162917280              8.3              23034000        2761042.9
00:41:26.790 INFO  ProgressMeter -       chr5:166511139              8.5              23506000        2762394.8
00:41:36.807 INFO  ProgressMeter -       chr5:169810939              8.7              23984000        2764333.2
00:41:46.825 INFO  ProgressMeter -       chr5:172961899              8.8              24461000        2766080.2
00:41:56.825 INFO  ProgressMeter -       chr5:176470924              9.0              24945000        2768631.4
00:42:06.831 INFO  ProgressMeter -       chr5:180183011              9.2              25422000        2770297.0
00:42:09.942 INFO  ProgressMeter -       chr5:181404175              9.2              25573920        2771194.3
00:42:09.942 INFO  ProgressMeter - Traversal complete. Processed 25573920 total variants in 9.2 minutes.
00:42:10.041 INFO  GenotypeGVCFs - Shutting down engine
[May 4, 2024 at 12:42:10 AM UTC] org.broadinstitute.hellbender.tools.walkers.GenotypeGVCFs done. Elapsed time: 9.26 minutes.
Runtime.totalMemory()=654311424
Stage 5: Genotyped chrom
