Using GATK jar /export/approved/gatk-4.5.0.0/gatk-package-4.5.0.0-local.jar
Running:
    java -Dsamjdk.use_async_io_read_samtools=false -Dsamjdk.use_async_io_write_samtools=true -Dsamjdk.use_async_io_write_tribble=false -Dsamjdk.compression_level=2 -Xmx30G -XX:ParallelGCThreads=4 -jar /export/approved/gatk-4.5.0.0/gatk-package-4.5.0.0-local.jar GenotypeGVCFs -R /export/home/andrew/genome/hg38_v0_20231023/Homo_sapiens_assembly38.fasta -L chr18 -V called.chr18.recal.g.vcf.gz -O genotype.chr18.vcf.gz
00:32:54.255 INFO  NativeLibraryLoader - Loading libgkl_compression.so from jar:file:/export/approved/gatk-4.5.0.0/gatk-package-4.5.0.0-local.jar!/com/intel/gkl/native/libgkl_compression.so
00:32:54.474 INFO  GenotypeGVCFs - ------------------------------------------------------------
00:32:54.478 INFO  GenotypeGVCFs - The Genome Analysis Toolkit (GATK) v4.5.0.0
00:32:54.478 INFO  GenotypeGVCFs - For support and documentation go to https://software.broadinstitute.org/gatk/
00:32:54.478 INFO  GenotypeGVCFs - Executing as andrew@compute-0-5 on Linux v5.15.0-75-generic amd64
00:32:54.478 INFO  GenotypeGVCFs - Java runtime: OpenJDK 64-Bit Server VM v19.0.2+7-Ubuntu-0ubuntu322.04
00:32:54.479 INFO  GenotypeGVCFs - Start Date/Time: May 4, 2024 at 12:32:54 AM UTC
00:32:54.479 INFO  GenotypeGVCFs - ------------------------------------------------------------
00:32:54.479 INFO  GenotypeGVCFs - ------------------------------------------------------------
00:32:54.480 INFO  GenotypeGVCFs - HTSJDK Version: 4.1.0
00:32:54.481 INFO  GenotypeGVCFs - Picard Version: 3.1.1
00:32:54.481 INFO  GenotypeGVCFs - Built for Spark Version: 3.5.0
00:32:54.481 INFO  GenotypeGVCFs - HTSJDK Defaults.COMPRESSION_LEVEL : 2
00:32:54.482 INFO  GenotypeGVCFs - HTSJDK Defaults.USE_ASYNC_IO_READ_FOR_SAMTOOLS : false
00:32:54.482 INFO  GenotypeGVCFs - HTSJDK Defaults.USE_ASYNC_IO_WRITE_FOR_SAMTOOLS : true
00:32:54.482 INFO  GenotypeGVCFs - HTSJDK Defaults.USE_ASYNC_IO_WRITE_FOR_TRIBBLE : false
00:32:54.482 INFO  GenotypeGVCFs - Deflater: IntelDeflater
00:32:54.483 INFO  GenotypeGVCFs - Inflater: IntelInflater
00:32:54.483 INFO  GenotypeGVCFs - GCS max retries/reopens: 20
00:32:54.483 INFO  GenotypeGVCFs - Requester pays: disabled
00:32:54.484 INFO  GenotypeGVCFs - Initializing engine
00:32:55.062 INFO  FeatureManager - Using codec VCFCodec to read file file:///export/home/andrew/genome/analysis_onelane/called.chr18.recal.g.vcf.gz
00:32:55.276 INFO  IntervalArgumentCollection - Processing 80373285 bp from intervals
00:32:55.336 INFO  GenotypeGVCFs - Done initializing engine
00:32:55.509 INFO  ProgressMeter - Starting traversal
00:32:55.510 INFO  ProgressMeter -        Current Locus  Elapsed Minutes    Variants Processed  Variants/Minute
00:32:55.676 WARN  ReferenceConfidenceVariantContextMerger - Detected invalid annotations: When trying to merge variant contexts at location chr18:10227 the annotation MLEAC=[0, 0] was not a numerical value and was ignored
00:32:55.761 WARN  InbreedingCoeff - InbreedingCoeff will not be calculated at position chr18:10237 and possibly subsequent; at least 10 samples must have called genotypes
00:33:05.516 INFO  ProgressMeter -        chr18:1267652              0.2                176000        1055472.3
00:33:15.527 INFO  ProgressMeter -        chr18:3931640              0.3                554000        1660588.5
00:33:25.548 INFO  ProgressMeter -        chr18:6961995              0.5                972000        1941540.7
00:33:35.561 INFO  ProgressMeter -       chr18:10043900              0.7               1409000        2110808.7
00:33:45.572 INFO  ProgressMeter -       chr18:12917219              0.8               1850000        2217250.6
00:33:55.578 INFO  ProgressMeter -       chr18:21384070              1.0               2283000        2280415.5
00:34:05.583 INFO  ProgressMeter -       chr18:24477838              1.2               2732000        2339274.8
00:34:15.598 INFO  ProgressMeter -       chr18:27420650              1.3               3181000        2383128.6
00:34:25.607 INFO  ProgressMeter -       chr18:30832634              1.5               3622000        2412093.8
00:34:35.609 INFO  ProgressMeter -       chr18:33914695              1.7               4075000        2442581.8
00:34:45.617 INFO  ProgressMeter -       chr18:36885284              1.8               4533000        2470142.7
00:34:55.623 INFO  ProgressMeter -       chr18:40142207              2.0               4985000        2490155.1
00:35:05.630 INFO  ProgressMeter -       chr18:43402961              2.2               5429000        2503400.7
00:35:15.634 INFO  ProgressMeter -       chr18:46370898              2.3               5882000        2518626.4
00:35:25.650 INFO  ProgressMeter -       chr18:49371016              2.5               6328000        2528839.7
00:35:35.672 INFO  ProgressMeter -       chr18:52316101              2.7               6775000        2538055.2
00:35:45.674 INFO  ProgressMeter -       chr18:55291730              2.8               7213000        2543311.2
00:35:55.688 INFO  ProgressMeter -       chr18:58329962              3.0               7663000        2551824.0
00:36:05.698 INFO  ProgressMeter -       chr18:61176166              3.2               8111000        2558836.5
00:36:15.713 INFO  ProgressMeter -       chr18:64217736              3.3               8559000        2565096.4
00:36:25.722 INFO  ProgressMeter -       chr18:67745504              3.5               9014000        2572831.2
00:36:35.742 INFO  ProgressMeter -       chr18:71019781              3.7               9467000        2579189.2
00:36:45.755 INFO  ProgressMeter -       chr18:74289892              3.8               9915000        2583769.5
00:36:55.777 INFO  ProgressMeter -       chr18:77557387              4.0              10371000        2589868.8
00:37:02.723 INFO  ProgressMeter -       chr18:80251000              4.1              10680598        2592252.3
00:37:02.723 INFO  ProgressMeter - Traversal complete. Processed 10680598 total variants in 4.1 minutes.
00:37:02.802 INFO  GenotypeGVCFs - Shutting down engine
[May 4, 2024 at 12:37:02 AM UTC] org.broadinstitute.hellbender.tools.walkers.GenotypeGVCFs done. Elapsed time: 4.14 minutes.
Runtime.totalMemory()=654311424
Stage 5: Genotyped chrom
