Using GATK jar /export/approved/gatk-4.5.0.0/gatk-package-4.5.0.0-local.jar
Running:
    java -Dsamjdk.use_async_io_read_samtools=false -Dsamjdk.use_async_io_write_samtools=true -Dsamjdk.use_async_io_write_tribble=false -Dsamjdk.compression_level=2 -Xmx30G -XX:ParallelGCThreads=4 -jar /export/approved/gatk-4.5.0.0/gatk-package-4.5.0.0-local.jar GenotypeGVCFs -R /export/home/andrew/genome/hg38_v0_20231023/Homo_sapiens_assembly38.fasta -L chr6 -V called.chr6.recal.g.vcf.gz -O genotype.chr6.vcf.gz
00:32:53.610 INFO  NativeLibraryLoader - Loading libgkl_compression.so from jar:file:/export/approved/gatk-4.5.0.0/gatk-package-4.5.0.0-local.jar!/com/intel/gkl/native/libgkl_compression.so
00:32:53.942 INFO  GenotypeGVCFs - ------------------------------------------------------------
00:32:53.946 INFO  GenotypeGVCFs - The Genome Analysis Toolkit (GATK) v4.5.0.0
00:32:53.946 INFO  GenotypeGVCFs - For support and documentation go to https://software.broadinstitute.org/gatk/
00:32:53.946 INFO  GenotypeGVCFs - Executing as andrew@compute-0-2 on Linux v5.15.0-102-generic amd64
00:32:53.946 INFO  GenotypeGVCFs - Java runtime: OpenJDK 64-Bit Server VM v19.0.2+7-Ubuntu-0ubuntu322.04
00:32:53.947 INFO  GenotypeGVCFs - Start Date/Time: May 4, 2024 at 12:32:53 AM UTC
00:32:53.947 INFO  GenotypeGVCFs - ------------------------------------------------------------
00:32:53.947 INFO  GenotypeGVCFs - ------------------------------------------------------------
00:32:53.948 INFO  GenotypeGVCFs - HTSJDK Version: 4.1.0
00:32:53.948 INFO  GenotypeGVCFs - Picard Version: 3.1.1
00:32:53.948 INFO  GenotypeGVCFs - Built for Spark Version: 3.5.0
00:32:53.949 INFO  GenotypeGVCFs - HTSJDK Defaults.COMPRESSION_LEVEL : 2
00:32:53.949 INFO  GenotypeGVCFs - HTSJDK Defaults.USE_ASYNC_IO_READ_FOR_SAMTOOLS : false
00:32:53.949 INFO  GenotypeGVCFs - HTSJDK Defaults.USE_ASYNC_IO_WRITE_FOR_SAMTOOLS : true
00:32:53.949 INFO  GenotypeGVCFs - HTSJDK Defaults.USE_ASYNC_IO_WRITE_FOR_TRIBBLE : false
00:32:53.950 INFO  GenotypeGVCFs - Deflater: IntelDeflater
00:32:53.950 INFO  GenotypeGVCFs - Inflater: IntelInflater
00:32:53.950 INFO  GenotypeGVCFs - GCS max retries/reopens: 20
00:32:53.950 INFO  GenotypeGVCFs - Requester pays: disabled
00:32:53.951 INFO  GenotypeGVCFs - Initializing engine
00:32:54.613 INFO  FeatureManager - Using codec VCFCodec to read file file:///export/home/andrew/genome/analysis_onelane/called.chr6.recal.g.vcf.gz
00:32:54.956 INFO  IntervalArgumentCollection - Processing 170805979 bp from intervals
00:32:55.053 INFO  GenotypeGVCFs - Done initializing engine
00:32:55.279 INFO  ProgressMeter - Starting traversal
00:32:55.281 INFO  ProgressMeter -        Current Locus  Elapsed Minutes    Variants Processed  Variants/Minute
00:32:55.540 WARN  ReferenceConfidenceVariantContextMerger - Detected invalid annotations: When trying to merge variant contexts at location chr6:64592 the annotation MLEAC=[1, 0] was not a numerical value and was ignored
00:32:55.788 WARN  InbreedingCoeff - InbreedingCoeff will not be calculated at position chr6:91278 and possibly subsequent; at least 10 samples must have called genotypes
00:33:05.284 INFO  ProgressMeter -         chr6:1240596              0.2                185000        1109778.0
00:33:15.285 INFO  ProgressMeter -         chr6:3964153              0.3                566000        1697660.5
00:33:25.305 INFO  ProgressMeter -         chr6:6498600              0.5                973000        1944444.4
00:33:35.325 INFO  ProgressMeter -         chr6:9265697              0.7               1394000        2088702.4
00:33:45.338 INFO  ProgressMeter -        chr6:12206969              0.8               1818000        2179115.8
00:33:55.360 INFO  ProgressMeter -        chr6:14925411              1.0               2252000        2249038.8
00:34:05.376 INFO  ProgressMeter -        chr6:17745649              1.2               2682000        2295741.5
00:34:15.395 INFO  ProgressMeter -        chr6:20712584              1.3               3111000        2329929.8
00:34:25.400 INFO  ProgressMeter -        chr6:23708180              1.5               3537000        2354886.3
00:34:35.419 INFO  ProgressMeter -        chr6:26538562              1.7               3963000        2374523.2
00:34:45.433 INFO  ProgressMeter -        chr6:29611037              1.8               4399000        2396143.5
00:34:55.448 INFO  ProgressMeter -        chr6:32193000              2.0               4783000        2388176.5
00:35:05.460 INFO  ProgressMeter -        chr6:34788912              2.2               5153000        2375037.4
00:35:15.480 INFO  ProgressMeter -        chr6:37687508              2.3               5596000        2394881.6
00:35:25.491 INFO  ProgressMeter -        chr6:40513036              2.5               6027000        2407429.6
00:35:35.506 INFO  ProgressMeter -        chr6:43275076              2.7               6466000        2421345.0
00:35:45.506 INFO  ProgressMeter -        chr6:46264620              2.8               6900000        2432075.2
00:35:55.509 INFO  ProgressMeter -        chr6:49164573              3.0               7329000        2439909.4
00:36:05.528 INFO  ProgressMeter -        chr6:52109501              3.2               7760000        2447344.8
00:36:15.540 INFO  ProgressMeter -        chr6:54963021              3.3               8189000        2453534.9
00:36:25.558 INFO  ProgressMeter -        chr6:58038079              3.5               8627000        2461610.2
00:36:35.573 INFO  ProgressMeter -        chr6:63092020              3.7               9047000        2464093.1
00:36:45.587 INFO  ProgressMeter -        chr6:66358185              3.8               9472000        2467684.2
00:36:55.591 INFO  ProgressMeter -        chr6:69573698              4.0               9892000        2469809.8
00:37:05.599 INFO  ProgressMeter -        chr6:72514742              4.2              10328000        2475571.1
00:37:15.608 INFO  ProgressMeter -        chr6:75450466              4.3              10755000        2478815.0
00:37:25.612 INFO  ProgressMeter -        chr6:78613073              4.5              11184000        2482290.2
00:37:35.630 INFO  ProgressMeter -        chr6:81609730              4.7              11611000        2484974.1
00:37:45.644 INFO  ProgressMeter -        chr6:84553078              4.8              12052000        2490408.5
00:37:55.643 INFO  ProgressMeter -        chr6:87309600              5.0              12483000        2493591.1
00:38:05.653 INFO  ProgressMeter -        chr6:89965045              5.2              12916000        2496874.7
00:38:15.667 INFO  ProgressMeter -        chr6:93016179              5.3              13348000        2499734.7
00:38:25.674 INFO  ProgressMeter -        chr6:96354731              5.5              13784000        2503200.7
00:38:35.682 INFO  ProgressMeter -        chr6:99373789              5.7              14220000        2506455.6
00:38:45.686 INFO  ProgressMeter -       chr6:102533626              5.8              14649000        2508354.6
00:38:55.705 INFO  ProgressMeter -       chr6:105728221              6.0              15080000        2510383.6
00:39:05.723 INFO  ProgressMeter -       chr6:108545896              6.2              15515000        2512944.0
00:39:15.726 INFO  ProgressMeter -       chr6:111525734              6.3              15960000        2517052.4
00:39:25.745 INFO  ProgressMeter -       chr6:114361856              6.5              16398000        2519771.3
00:39:35.765 INFO  ProgressMeter -       chr6:117193163              6.7              16831000        2521598.9
00:39:45.784 INFO  ProgressMeter -       chr6:119954645              6.8              17260000        2522764.8
00:39:55.784 INFO  ProgressMeter -       chr6:123060748              7.0              17688000        2523834.6
00:40:05.789 INFO  ProgressMeter -       chr6:126179862              7.2              18122000        2525673.2
00:40:15.799 INFO  ProgressMeter -       chr6:129145216              7.3              18563000        2528341.6
00:40:25.806 INFO  ProgressMeter -       chr6:132020099              7.5              18998000        2530114.9
00:40:35.807 INFO  ProgressMeter -       chr6:135022897              7.7              19440000        2532756.0
00:40:45.817 INFO  ProgressMeter -       chr6:137785509              7.8              19886000        2535746.5
00:40:55.821 INFO  ProgressMeter -       chr6:140777654              8.0              20332000        2538649.3
00:41:05.821 INFO  ProgressMeter -       chr6:143694648              8.2              20769000        2540343.3
00:41:15.829 INFO  ProgressMeter -       chr6:146593205              8.3              21221000        2543732.1
00:41:25.831 INFO  ProgressMeter -       chr6:149555060              8.5              21659000        2545372.6
00:41:35.844 INFO  ProgressMeter -       chr6:152476431              8.7              22095000        2546665.8
00:41:45.864 INFO  ProgressMeter -       chr6:155420831              8.8              22527000        2547429.0
00:41:55.888 INFO  ProgressMeter -       chr6:158407667              9.0              22979000        2550355.4
00:42:05.888 INFO  ProgressMeter -       chr6:161575932              9.2              23428000        2552964.3
00:42:15.892 INFO  ProgressMeter -       chr6:164912559              9.3              23880000        2555782.9
00:42:25.912 INFO  ProgressMeter -       chr6:168303025              9.5              24335000        2558746.4
00:42:31.550 INFO  ProgressMeter -       chr6:170614788              9.6              24591541        2560423.1
00:42:31.551 INFO  ProgressMeter - Traversal complete. Processed 24591541 total variants in 9.6 minutes.
00:42:31.638 INFO  GenotypeGVCFs - Shutting down engine
[May 4, 2024 at 12:42:31 AM UTC] org.broadinstitute.hellbender.tools.walkers.GenotypeGVCFs done. Elapsed time: 9.63 minutes.
Runtime.totalMemory()=654311424
Stage 5: Genotyped chrom
