Using GATK jar /export/approved/gatk-4.5.0.0/gatk-package-4.5.0.0-local.jar
Running:
    java -Dsamjdk.use_async_io_read_samtools=false -Dsamjdk.use_async_io_write_samtools=true -Dsamjdk.use_async_io_write_tribble=false -Dsamjdk.compression_level=2 -Xmx8G -XX:+UseParallelGC -XX:ParallelGCThreads=4 -jar /export/approved/gatk-4.5.0.0/gatk-package-4.5.0.0-local.jar VariantRecalibrator -R /export/home/andrew/genome/hg38_v0_20231023/Homo_sapiens_assembly38.fasta -V genotype.raw.vcf.gz -O recalibrate_SNP.recal --max-gaussians 6 --tranches-file recalibrate_SNP.tranches --rscript-file vqsr_snp_plots.R -tranche 100.0 -tranche 99.9 -tranche 99.0 -tranche 90.0 -resource:hapmap,known=false,training=true,truth=true,prior=15.0 /export/home/andrew/genome/hg38_v0_20231023/hapmap_3.3.hg38.vcf.gz -resource:omni,known=false,training=true,truth=true,prior=12.0 /export/home/andrew/genome/hg38_v0_20231023/1000G_omni2.5.hg38.vcf.gz -resource:1000G,known=false,training=true,truth=false,prior=10.0 /export/home/andrew/genome/hg38_v0_20231023/1000G_phase1.snps.high_confidence.hg38.vcf.gz -resource:dbsnp,known=true,training=false,truth=false,prior=7.0 /export/home/andrew/genome/hg38_v0_20231023/Homo_sapiens_assembly38.dbsnp138.vcf -tranche 100.0 -tranche 99.95 -tranche 99.9 -tranche 99.8 -tranche 99.6 -tranche 99.5 -tranche 99.4 -tranche 99.3 -tranche 99.0 -tranche 98.0 -tranche 97.0 -tranche 90.0 -an QD -an MQRankSum -an ReadPosRankSum -an FS -an MQ -an SOR -an DP -mode SNP
00:59:16.723 INFO  NativeLibraryLoader - Loading libgkl_compression.so from jar:file:/export/approved/gatk-4.5.0.0/gatk-package-4.5.0.0-local.jar!/com/intel/gkl/native/libgkl_compression.so
00:59:17.061 INFO  VariantRecalibrator - ------------------------------------------------------------
00:59:17.066 INFO  VariantRecalibrator - The Genome Analysis Toolkit (GATK) v4.5.0.0
00:59:17.066 INFO  VariantRecalibrator - For support and documentation go to https://software.broadinstitute.org/gatk/
00:59:17.066 INFO  VariantRecalibrator - Executing as andrew@compute-0-2 on Linux v5.15.0-102-generic amd64
00:59:17.066 INFO  VariantRecalibrator - Java runtime: OpenJDK 64-Bit Server VM v19.0.2+7-Ubuntu-0ubuntu322.04
00:59:17.066 INFO  VariantRecalibrator - Start Date/Time: May 4, 2024 at 12:59:16 AM UTC
00:59:17.067 INFO  VariantRecalibrator - ------------------------------------------------------------
00:59:17.067 INFO  VariantRecalibrator - ------------------------------------------------------------
00:59:17.068 INFO  VariantRecalibrator - HTSJDK Version: 4.1.0
00:59:17.068 INFO  VariantRecalibrator - Picard Version: 3.1.1
00:59:17.068 INFO  VariantRecalibrator - Built for Spark Version: 3.5.0
00:59:17.068 INFO  VariantRecalibrator - HTSJDK Defaults.COMPRESSION_LEVEL : 2
00:59:17.068 INFO  VariantRecalibrator - HTSJDK Defaults.USE_ASYNC_IO_READ_FOR_SAMTOOLS : false
00:59:17.069 INFO  VariantRecalibrator - HTSJDK Defaults.USE_ASYNC_IO_WRITE_FOR_SAMTOOLS : true
00:59:17.069 INFO  VariantRecalibrator - HTSJDK Defaults.USE_ASYNC_IO_WRITE_FOR_TRIBBLE : false
00:59:17.069 INFO  VariantRecalibrator - Deflater: IntelDeflater
00:59:17.069 INFO  VariantRecalibrator - Inflater: IntelInflater
00:59:17.069 INFO  VariantRecalibrator - GCS max retries/reopens: 20
00:59:17.070 INFO  VariantRecalibrator - Requester pays: disabled
00:59:17.070 INFO  VariantRecalibrator - Initializing engine
00:59:17.480 INFO  FeatureManager - Using codec VCFCodec to read file file:///export/home/andrew/genome/hg38_v0_20231023/hapmap_3.3.hg38.vcf.gz
00:59:17.781 INFO  FeatureManager - Using codec VCFCodec to read file file:///export/home/andrew/genome/hg38_v0_20231023/1000G_omni2.5.hg38.vcf.gz
00:59:17.957 INFO  FeatureManager - Using codec VCFCodec to read file file:///export/home/andrew/genome/hg38_v0_20231023/1000G_phase1.snps.high_confidence.hg38.vcf.gz
00:59:18.104 INFO  FeatureManager - Using codec VCFCodec to read file file:///export/home/andrew/genome/hg38_v0_20231023/Homo_sapiens_assembly38.dbsnp138.vcf
00:59:18.432 INFO  FeatureManager - Using codec VCFCodec to read file file:///export/home/andrew/genome/analysis_onelane/genotype.raw.vcf.gz
00:59:18.803 INFO  VariantRecalibrator - Done initializing engine
00:59:18.839 INFO  TrainingSet - Found hapmap track: 	Known = false 	Training = true 	Truth = true 	Prior = Q15.0
00:59:18.840 INFO  TrainingSet - Found omni track: 	Known = false 	Training = true 	Truth = true 	Prior = Q12.0
00:59:18.840 INFO  TrainingSet - Found 1000G track: 	Known = false 	Training = true 	Truth = false 	Prior = Q10.0
00:59:18.840 INFO  TrainingSet - Found dbsnp track: 	Known = true 	Training = false 	Truth = false 	Prior = Q7.0
00:59:18.874 WARN  GATKVariantContextUtils - Can't determine output variant file format from output file extension "recal". Defaulting to VCF.
00:59:18.969 INFO  ProgressMeter - Starting traversal
00:59:18.970 INFO  ProgressMeter -        Current Locus  Elapsed Minutes    Variants Processed  Variants/Minute
00:59:28.975 INFO  ProgressMeter -        chr1:32560296              0.2                 28000         167983.2
00:59:39.133 INFO  ProgressMeter -        chr1:75128663              0.3                 63000         187481.4
00:59:49.166 INFO  ProgressMeter -       chr1:118136330              0.5                104000         206649.9
00:59:59.369 INFO  ProgressMeter -       chr1:189076135              0.7                149000         221292.6
01:00:09.405 INFO  ProgressMeter -       chr1:231267202              0.8                187000         222464.6
01:00:19.548 INFO  ProgressMeter -        chr2:21788642              1.0                229000         226818.8
01:00:29.882 INFO  ProgressMeter -        chr2:61392132              1.2                266000         225067.7
01:00:40.001 INFO  ProgressMeter -       chr2:112952776              1.4                304000         225101.8
01:00:50.050 INFO  ProgressMeter -       chr2:153649485              1.5                341000         224640.1
01:01:00.268 INFO  ProgressMeter -       chr2:191357847              1.7                376000         222709.2
01:01:10.399 INFO  ProgressMeter -       chr2:228620373              1.9                410000         220768.4
01:01:20.697 INFO  ProgressMeter -        chr3:18253405              2.0                443000         218359.3
01:01:30.825 INFO  ProgressMeter -        chr3:55170991              2.2                473000         215238.1
01:01:41.195 INFO  ProgressMeter -        chr3:90306975              2.4                508000         214309.8
01:01:51.409 INFO  ProgressMeter -       chr3:129987798              2.5                543000         213724.8
01:02:01.713 INFO  ProgressMeter -       chr3:167337267              2.7                576000         212360.7
01:02:11.725 INFO  ProgressMeter -         chr4:4108059              2.9                606000         210471.5
01:02:21.951 INFO  ProgressMeter -        chr4:36512496              3.0                639000         209530.0
01:02:32.044 INFO  ProgressMeter -        chr4:72075251              3.2                678000         210697.5
01:02:42.243 INFO  ProgressMeter -       chr4:110246846              3.4                709000         209275.2
01:02:52.521 INFO  ProgressMeter -       chr4:147275229              3.6                745000         209318.7
01:03:02.530 INFO  ProgressMeter -       chr4:181222972              3.7                782000         209877.5
01:03:12.756 INFO  ProgressMeter -        chr5:23255265              3.9                819000         210193.1
01:03:22.797 INFO  ProgressMeter -        chr5:61217885              4.1                854000         210149.0
01:03:32.825 INFO  ProgressMeter -       chr5:100525688              4.2                885000         209175.4
01:03:42.901 INFO  ProgressMeter -       chr5:134191733              4.4                915000         208008.9
01:03:52.966 INFO  ProgressMeter -       chr5:170119430              4.6                944000         206719.1
01:04:03.063 INFO  ProgressMeter -        chr6:22172992              4.7                977000         206341.6
01:04:13.211 INFO  ProgressMeter -        chr6:53966627              4.9               1015000         206973.2
01:04:23.342 INFO  ProgressMeter -        chr6:90861052              5.1               1049000         206786.4
01:04:33.648 INFO  ProgressMeter -       chr6:129218031              5.2               1082000         206306.1
01:04:43.821 INFO  ProgressMeter -       chr6:164077021              5.4               1111000         205201.8
01:04:54.112 INFO  ProgressMeter -        chr7:23532934              5.6               1143000         204630.3
01:05:04.124 INFO  ProgressMeter -        chr7:57737351              5.8               1176000         204430.5
01:05:14.260 INFO  ProgressMeter -        chr7:99976509              5.9               1211000         204509.0
01:05:24.460 INFO  ProgressMeter -       chr7:138028119              6.1               1244000         204219.0
01:05:34.517 INFO  ProgressMeter -         chr8:6796469              6.3               1277000         204022.9
01:05:44.555 INFO  ProgressMeter -        chr8:34665795              6.4               1309000         203691.0
01:05:54.641 INFO  ProgressMeter -        chr8:73205084              6.6               1339000         203047.5
01:06:04.966 INFO  ProgressMeter -       chr8:111748916              6.8               1368000         202170.0
01:06:15.202 INFO  ProgressMeter -          chr9:806240              6.9               1401000         201955.2
01:06:25.282 INFO  ProgressMeter -        chr9:28231937              7.1               1433000         201683.3
01:06:35.293 INFO  ProgressMeter -        chr9:89790089              7.3               1473000         202556.8
01:06:45.652 INFO  ProgressMeter -       chr9:126591633              7.4               1504000         202023.4
01:06:55.751 INFO  ProgressMeter -       chr10:19396357              7.6               1538000         202022.4
01:07:05.798 INFO  ProgressMeter -       chr10:56084928              7.8               1574000         202301.9
01:07:15.950 INFO  ProgressMeter -       chr10:91925677              7.9               1606000         202021.0
01:07:26.087 INFO  ProgressMeter -      chr10:127439454              8.1               1639000         201882.1
01:07:36.266 INFO  ProgressMeter -       chr11:25718530              8.3               1681000         202816.8
01:07:46.512 INFO  ProgressMeter -       chr11:64337016              8.5               1716000         202860.1
01:07:56.763 INFO  ProgressMeter -       chr11:99873099              8.6               1749000         202667.9
01:08:06.960 INFO  ProgressMeter -      chr11:133841019              8.8               1781000         202390.2
01:08:17.031 INFO  ProgressMeter -       chr12:40451642              9.0               1825000         203508.9
01:08:27.350 INFO  ProgressMeter -       chr12:80946388              9.1               1859000         203399.1
01:08:37.429 INFO  ProgressMeter -      chr12:117785449              9.3               1889000         202951.3
01:08:47.621 INFO  ProgressMeter -       chr13:35598688              9.5               1929000         203534.7
01:08:57.627 INFO  ProgressMeter -       chr13:71472096              9.6               1965000         203747.6
01:09:07.692 INFO  ProgressMeter -      chr13:105700411              9.8               1999000         203729.8
01:09:18.030 INFO  ProgressMeter -       chr14:45485036             10.0               2034000         203719.2
01:09:28.317 INFO  ProgressMeter -       chr14:81791055             10.2               2067000         203529.4
01:09:38.495 INFO  ProgressMeter -       chr15:31383710             10.3               2100000         203381.6
01:09:48.664 INFO  ProgressMeter -       chr15:66409981             10.5               2134000         203337.2
01:09:58.787 INFO  ProgressMeter -      chr15:100259112             10.7               2173000         203777.0
01:10:09.039 INFO  ProgressMeter -       chr16:30602411             10.8               2205000         203517.2
01:10:19.338 INFO  ProgressMeter -       chr16:78806848             11.0               2235000         203068.9
01:10:29.476 INFO  ProgressMeter -       chr17:16448618             11.2               2267000         202862.0
01:10:39.647 INFO  ProgressMeter -       chr17:61657678             11.3               2301000         202827.5
01:10:49.780 INFO  ProgressMeter -       chr18:11621666             11.5               2334000         202718.5
01:10:59.934 INFO  ProgressMeter -       chr18:53401857             11.7               2367000         202606.7
01:11:10.123 INFO  ProgressMeter -        chr19:5882309             11.9               2402000         202656.8
01:11:20.210 INFO  ProgressMeter -       chr19:43681921             12.0               2435000         202567.8
01:11:30.253 INFO  ProgressMeter -       chr20:17109840             12.2               2467000         202411.4
01:11:40.444 INFO  ProgressMeter -       chr20:55674941             12.4               2506000         202785.3
01:11:50.472 INFO  ProgressMeter -       chr21:32993005             12.5               2544000         203113.2
01:12:00.794 INFO  ProgressMeter -       chr22:36011073             12.7               2582000         203354.3
01:12:05.479 INFO  ProgressMeter -       chr22:50075442             12.8               2595573         203173.8
01:12:05.479 INFO  ProgressMeter - Traversal complete. Processed 2595573 total variants in 12.8 minutes.
01:12:05.648 INFO  VariantDataManager - QD: 	 mean = 23.49	 standard deviation = 7.88
01:12:05.902 INFO  VariantDataManager - MQRankSum: 	 mean = -0.00	 standard deviation = 0.15
01:12:06.274 INFO  VariantDataManager - ReadPosRankSum: 	 mean = 0.02	 standard deviation = 0.90
01:12:06.590 INFO  VariantDataManager - FS: 	 mean = 0.52	 standard deviation = 1.64
01:12:06.793 INFO  VariantDataManager - MQ: 	 mean = 59.79	 standard deviation = 1.36
01:12:06.996 INFO  VariantDataManager - SOR: 	 mean = 1.34	 standard deviation = 0.81
01:12:07.198 INFO  VariantDataManager - DP: 	 mean = 4.61	 standard deviation = 2.69
01:12:09.538 INFO  VariantDataManager - Annotation order is: [MQ, QD, DP, MQRankSum, SOR, FS, ReadPosRankSum]
01:12:09.634 INFO  VariantDataManager - Training with 1865409 variants after standard deviation thresholding.
01:12:09.663 INFO  GaussianMixtureModel - Initializing model with 100 k-means iterations...
01:13:26.295 INFO  VariantRecalibratorEngine - Finished iteration 0.
01:13:59.980 INFO  VariantRecalibratorEngine - Finished iteration 5. 	Current change in mixture coefficients = 0.42791
01:14:33.548 INFO  VariantRecalibratorEngine - Finished iteration 10. 	Current change in mixture coefficients = 0.04362
01:15:07.080 INFO  VariantRecalibratorEngine - Finished iteration 15. 	Current change in mixture coefficients = 0.00107
01:15:07.080 INFO  VariantRecalibratorEngine - Convergence after 15 iterations!
01:15:11.442 INFO  VariantRecalibratorEngine - Evaluating full set of 2255205 variants...
01:16:19.183 INFO  VariantDataManager - Selected worst 50247 scoring variants --> variants with LOD <= -5.0000.
01:16:19.185 INFO  GaussianMixtureModel - Initializing model with 100 k-means iterations...
01:16:20.278 INFO  VariantRecalibratorEngine - Finished iteration 0.
01:16:20.557 INFO  VariantRecalibratorEngine - Convergence after 3 iterations!
01:16:20.667 INFO  VariantRecalibratorEngine - Evaluating full set of 2255205 variants...
01:16:57.098 INFO  TrancheManager - Finding 16 tranches for 2255205 variants
01:16:58.964 INFO  TrancheManager -   TruthSensitivityTranche threshold 100.00 => selection metric threshold 0.000
01:16:59.523 INFO  TrancheManager -   Found tranche for 100.000: 0.000 threshold starting with variant 0; running score is 0.000 
01:16:59.523 INFO  TrancheManager -   TruthSensitivityTranche is TruthSensitivityTranche targetTruthSensitivity=100.00 minVQSLod=-114742.7959 known=(2120237 @ 2.0851) novel=(134968 @ 1.0099) truthSites(1084243 accessible, 1084243 called), name=anonymous]
01:16:59.523 INFO  TrancheManager -   TruthSensitivityTranche threshold 99.90 => selection metric threshold 0.001
01:17:00.092 INFO  TrancheManager -   Found tranche for 99.900: 0.001 threshold starting with variant 88069; running score is 0.001 
01:17:00.093 INFO  TrancheManager -   TruthSensitivityTranche is TruthSensitivityTranche targetTruthSensitivity=99.90 minVQSLod=-1.2252 known=(2077658 @ 2.0931) novel=(89478 @ 0.9634) truthSites(1084243 accessible, 1083158 called), name=anonymous]
01:17:00.093 INFO  TrancheManager -   TruthSensitivityTranche threshold 99.00 => selection metric threshold 0.010
01:17:00.598 INFO  TrancheManager -   Found tranche for 99.000: 0.010 threshold starting with variant 209689; running score is 0.010 
01:17:00.598 INFO  TrancheManager -   TruthSensitivityTranche is TruthSensitivityTranche targetTruthSensitivity=99.00 minVQSLod=3.4933 known=(1974252 @ 2.0963) novel=(71264 @ 0.8962) truthSites(1084243 accessible, 1073400 called), name=anonymous]
01:17:00.598 INFO  TrancheManager -   TruthSensitivityTranche threshold 90.00 => selection metric threshold 0.100
01:17:01.108 INFO  TrancheManager -   Found tranche for 90.000: 0.100 threshold starting with variant 498687; running score is 0.100 
01:17:01.109 INFO  TrancheManager -   TruthSensitivityTranche is TruthSensitivityTranche targetTruthSensitivity=90.00 minVQSLod=7.8370 known=(1706087 @ 2.0916) novel=(50490 @ 0.9603) truthSites(1084243 accessible, 975877 called), name=anonymous]
01:17:01.109 INFO  TrancheManager -   TruthSensitivityTranche threshold 100.00 => selection metric threshold 0.000
01:17:01.618 INFO  TrancheManager -   Found tranche for 100.000: 0.000 threshold starting with variant 0; running score is 0.000 
01:17:01.618 INFO  TrancheManager -   TruthSensitivityTranche is TruthSensitivityTranche targetTruthSensitivity=100.00 minVQSLod=-114742.7959 known=(2120237 @ 2.0851) novel=(134968 @ 1.0099) truthSites(1084243 accessible, 1084243 called), name=anonymous]
01:17:01.618 INFO  TrancheManager -   TruthSensitivityTranche threshold 99.95 => selection metric threshold 0.000
01:17:02.134 INFO  TrancheManager -   Found tranche for 99.950: 0.000 threshold starting with variant 53587; running score is 0.001 
01:17:02.134 INFO  TrancheManager -   TruthSensitivityTranche is TruthSensitivityTranche targetTruthSensitivity=99.95 minVQSLod=-3.7889 known=(2097863 @ 2.0904) novel=(103755 @ 0.9928) truthSites(1084243 accessible, 1083700 called), name=anonymous]
01:17:02.135 INFO  TrancheManager -   TruthSensitivityTranche threshold 99.90 => selection metric threshold 0.001
01:17:02.640 INFO  TrancheManager -   Found tranche for 99.900: 0.001 threshold starting with variant 88069; running score is 0.001 
01:17:02.641 INFO  TrancheManager -   TruthSensitivityTranche is TruthSensitivityTranche targetTruthSensitivity=99.90 minVQSLod=-1.2252 known=(2077658 @ 2.0931) novel=(89478 @ 0.9634) truthSites(1084243 accessible, 1083158 called), name=anonymous]
01:17:02.641 INFO  TrancheManager -   TruthSensitivityTranche threshold 99.80 => selection metric threshold 0.002
01:17:03.146 INFO  TrancheManager -   Found tranche for 99.800: 0.002 threshold starting with variant 110474; running score is 0.002 
01:17:03.146 INFO  TrancheManager -   TruthSensitivityTranche is TruthSensitivityTranche targetTruthSensitivity=99.80 minVQSLod=-0.2405 known=(2059393 @ 2.0936) novel=(85338 @ 0.9523) truthSites(1084243 accessible, 1082074 called), name=anonymous]
01:17:03.146 INFO  TrancheManager -   TruthSensitivityTranche threshold 99.60 => selection metric threshold 0.004
01:17:03.650 INFO  TrancheManager -   Found tranche for 99.600: 0.004 threshold starting with variant 150394; running score is 0.004 
01:17:03.651 INFO  TrancheManager -   TruthSensitivityTranche is TruthSensitivityTranche targetTruthSensitivity=99.60 minVQSLod=1.6076 known=(2029485 @ 2.0965) novel=(75326 @ 0.9176) truthSites(1084243 accessible, 1079906 called), name=anonymous]
01:17:03.651 INFO  TrancheManager -   TruthSensitivityTranche threshold 99.50 => selection metric threshold 0.005
01:17:04.154 INFO  TrancheManager -   Found tranche for 99.500: 0.005 threshold starting with variant 172716; running score is 0.005 
01:17:04.155 INFO  TrancheManager -   TruthSensitivityTranche is TruthSensitivityTranche targetTruthSensitivity=99.50 minVQSLod=2.2876 known=(2008487 @ 2.0967) novel=(74002 @ 0.9119) truthSites(1084243 accessible, 1078821 called), name=anonymous]
01:17:04.155 INFO  TrancheManager -   TruthSensitivityTranche threshold 99.40 => selection metric threshold 0.006
01:17:04.658 INFO  TrancheManager -   Found tranche for 99.400: 0.006 threshold starting with variant 187250; running score is 0.006 
01:17:04.659 INFO  TrancheManager -   TruthSensitivityTranche is TruthSensitivityTranche targetTruthSensitivity=99.40 minVQSLod=2.6665 known=(1994684 @ 2.0963) novel=(73271 @ 0.9087) truthSites(1084243 accessible, 1077737 called), name=anonymous]
01:17:04.659 INFO  TrancheManager -   TruthSensitivityTranche threshold 99.30 => selection metric threshold 0.007
01:17:05.161 INFO  TrancheManager -   Found tranche for 99.300: 0.007 threshold starting with variant 194199; running score is 0.007 
01:17:05.161 INFO  TrancheManager -   TruthSensitivityTranche is TruthSensitivityTranche targetTruthSensitivity=99.30 minVQSLod=2.8897 known=(1988278 @ 2.0967) novel=(72728 @ 0.9051) truthSites(1084243 accessible, 1076653 called), name=anonymous]
01:17:05.162 INFO  TrancheManager -   TruthSensitivityTranche threshold 99.00 => selection metric threshold 0.010
01:17:05.664 INFO  TrancheManager -   Found tranche for 99.000: 0.010 threshold starting with variant 209689; running score is 0.010 
01:17:05.664 INFO  TrancheManager -   TruthSensitivityTranche is TruthSensitivityTranche targetTruthSensitivity=99.00 minVQSLod=3.4933 known=(1974252 @ 2.0963) novel=(71264 @ 0.8962) truthSites(1084243 accessible, 1073400 called), name=anonymous]
01:17:05.664 INFO  TrancheManager -   TruthSensitivityTranche threshold 98.00 => selection metric threshold 0.020
01:17:06.165 INFO  TrancheManager -   Found tranche for 98.000: 0.020 threshold starting with variant 276474; running score is 0.020 
01:17:06.166 INFO  TrancheManager -   TruthSensitivityTranche is TruthSensitivityTranche targetTruthSensitivity=98.00 minVQSLod=5.4015 known=(1911175 @ 2.0950) novel=(67556 @ 0.8984) truthSites(1084243 accessible, 1062558 called), name=anonymous]
01:17:06.166 INFO  TrancheManager -   TruthSensitivityTranche threshold 97.00 => selection metric threshold 0.030
01:17:06.666 INFO  TrancheManager -   Found tranche for 97.000: 0.030 threshold starting with variant 317336; running score is 0.030 
01:17:06.666 INFO  TrancheManager -   TruthSensitivityTranche is TruthSensitivityTranche targetTruthSensitivity=97.00 minVQSLod=6.5846 known=(1883961 @ 2.0955) novel=(53908 @ 0.9700) truthSites(1084243 accessible, 1051715 called), name=anonymous]
01:17:06.667 INFO  TrancheManager -   TruthSensitivityTranche threshold 90.00 => selection metric threshold 0.100
01:17:07.163 INFO  TrancheManager -   Found tranche for 90.000: 0.100 threshold starting with variant 498687; running score is 0.100 
01:17:07.163 INFO  TrancheManager -   TruthSensitivityTranche is TruthSensitivityTranche targetTruthSensitivity=90.00 minVQSLod=7.8370 known=(1706087 @ 2.0916) novel=(50490 @ 0.9603) truthSites(1084243 accessible, 975877 called), name=anonymous]
01:17:07.166 INFO  VariantRecalibrator - Writing out recalibration table...
01:17:27.101 INFO  VariantRecalibrator - Writing out visualization Rscript file...
01:17:27.507 INFO  VariantRecalibrator - Building MQ x QD plot...
01:17:27.513 INFO  VariantRecalibratorEngine - Evaluating full set of 3660 variants...
01:17:27.978 INFO  VariantRecalibratorEngine - Evaluating full set of 3660 variants...
01:17:28.284 INFO  VariantRecalibrator - Building MQ x DP plot...
01:17:28.289 INFO  VariantRecalibratorEngine - Evaluating full set of 3660 variants...
01:17:28.754 INFO  VariantRecalibratorEngine - Evaluating full set of 3660 variants...
01:17:29.020 INFO  VariantRecalibrator - Building MQ x MQRankSum plot...
01:17:29.023 INFO  VariantRecalibratorEngine - Evaluating full set of 3660 variants...
01:17:29.498 INFO  VariantRecalibratorEngine - Evaluating full set of 3660 variants...
01:17:29.750 INFO  VariantRecalibrator - Building MQ x SOR plot...
01:17:29.751 INFO  VariantRecalibratorEngine - Evaluating full set of 3660 variants...
01:17:30.234 INFO  VariantRecalibratorEngine - Evaluating full set of 3660 variants...
01:17:30.491 INFO  VariantRecalibrator - Building MQ x FS plot...
01:17:30.492 INFO  VariantRecalibratorEngine - Evaluating full set of 3721 variants...
01:17:30.967 INFO  VariantRecalibratorEngine - Evaluating full set of 3721 variants...
01:17:31.223 INFO  VariantRecalibrator - Building MQ x ReadPosRankSum plot...
01:17:31.224 INFO  VariantRecalibratorEngine - Evaluating full set of 3721 variants...
01:17:31.717 INFO  VariantRecalibratorEngine - Evaluating full set of 3721 variants...
01:17:31.973 INFO  VariantRecalibrator - Building QD x DP plot...
01:17:31.974 INFO  VariantRecalibratorEngine - Evaluating full set of 3600 variants...
01:17:32.451 INFO  VariantRecalibratorEngine - Evaluating full set of 3600 variants...
01:17:32.684 INFO  VariantRecalibrator - Building QD x MQRankSum plot...
01:17:32.685 INFO  VariantRecalibratorEngine - Evaluating full set of 3600 variants...
01:17:33.134 INFO  VariantRecalibratorEngine - Evaluating full set of 3600 variants...
01:17:33.370 INFO  VariantRecalibrator - Building QD x SOR plot...
01:17:33.371 INFO  VariantRecalibratorEngine - Evaluating full set of 3600 variants...
01:17:33.826 INFO  VariantRecalibratorEngine - Evaluating full set of 3600 variants...
01:17:34.060 INFO  VariantRecalibrator - Building QD x FS plot...
01:17:34.061 INFO  VariantRecalibratorEngine - Evaluating full set of 3660 variants...
01:17:34.507 INFO  VariantRecalibratorEngine - Evaluating full set of 3660 variants...
01:17:34.746 INFO  VariantRecalibrator - Building QD x ReadPosRankSum plot...
01:17:34.747 INFO  VariantRecalibratorEngine - Evaluating full set of 3660 variants...
01:17:35.214 INFO  VariantRecalibratorEngine - Evaluating full set of 3660 variants...
01:17:35.458 INFO  VariantRecalibrator - Building DP x MQRankSum plot...
01:17:35.459 INFO  VariantRecalibratorEngine - Evaluating full set of 3600 variants...
01:17:35.909 INFO  VariantRecalibratorEngine - Evaluating full set of 3600 variants...
01:17:36.142 INFO  VariantRecalibrator - Building DP x SOR plot...
01:17:36.143 INFO  VariantRecalibratorEngine - Evaluating full set of 3600 variants...
01:17:36.597 INFO  VariantRecalibratorEngine - Evaluating full set of 3600 variants...
01:17:36.832 INFO  VariantRecalibrator - Building DP x FS plot...
01:17:36.832 INFO  VariantRecalibratorEngine - Evaluating full set of 3660 variants...
01:17:37.280 INFO  VariantRecalibratorEngine - Evaluating full set of 3660 variants...
01:17:37.517 INFO  VariantRecalibrator - Building DP x ReadPosRankSum plot...
01:17:37.518 INFO  VariantRecalibratorEngine - Evaluating full set of 3660 variants...
01:17:37.986 INFO  VariantRecalibratorEngine - Evaluating full set of 3660 variants...
01:17:39.035 INFO  VariantRecalibrator - Building MQRankSum x SOR plot...
01:17:39.036 INFO  VariantRecalibratorEngine - Evaluating full set of 3600 variants...
01:17:39.486 INFO  VariantRecalibratorEngine - Evaluating full set of 3600 variants...
01:17:39.721 INFO  VariantRecalibrator - Building MQRankSum x FS plot...
01:17:39.721 INFO  VariantRecalibratorEngine - Evaluating full set of 3660 variants...
01:17:40.165 INFO  VariantRecalibratorEngine - Evaluating full set of 3660 variants...
01:17:40.404 INFO  VariantRecalibrator - Building MQRankSum x ReadPosRankSum plot...
01:17:40.405 INFO  VariantRecalibratorEngine - Evaluating full set of 3660 variants...
01:17:40.861 INFO  VariantRecalibratorEngine - Evaluating full set of 3660 variants...
01:17:41.099 INFO  VariantRecalibrator - Building SOR x FS plot...
01:17:41.099 INFO  VariantRecalibratorEngine - Evaluating full set of 3660 variants...
01:17:41.546 INFO  VariantRecalibratorEngine - Evaluating full set of 3660 variants...
01:17:41.793 INFO  VariantRecalibrator - Building SOR x ReadPosRankSum plot...
01:17:41.794 INFO  VariantRecalibratorEngine - Evaluating full set of 3660 variants...
01:17:42.261 INFO  VariantRecalibratorEngine - Evaluating full set of 3660 variants...
01:17:42.499 INFO  VariantRecalibrator - Building FS x ReadPosRankSum plot...
01:17:42.500 INFO  VariantRecalibratorEngine - Evaluating full set of 3721 variants...
01:17:42.953 INFO  VariantRecalibratorEngine - Evaluating full set of 3721 variants...
01:17:43.700 INFO  VariantRecalibrator - Executing: Rscript /export/home/andrew/genome/analysis_onelane/vqsr_snp_plots.R
01:17:48.930 INFO  VariantRecalibrator - Shutting down engine
[May 4, 2024 at 1:17:48 AM UTC] org.broadinstitute.hellbender.tools.walkers.vqsr.VariantRecalibrator done. Elapsed time: 18.54 minutes.
Runtime.totalMemory()=1900019712
org.broadinstitute.hellbender.utils.R.RScriptExecutorException: 
Rscript exited with 1
Command Line: Rscript -e tempLibDir = '/tmp/Rlib.876753939503150651';source('/export/home/andrew/genome/analysis_onelane/vqsr_snp_plots.R');
Stdout: 
Stderr: During startup - Warning messages:
1: Setting LC_TIME failed, using "C" 
2: Setting LC_MONETARY failed, using "C" 
3: Setting LC_PAPER failed, using "C" 
4: Setting LC_MEASUREMENT failed, using "C" 
Error in library(ggplot2) : there is no package called ?ggplot2?
Calls: source -> withVisible -> eval -> eval -> library
Execution halted

	at org.broadinstitute.hellbender.utils.R.RScriptExecutor.getScriptException(RScriptExecutor.java:79)
	at org.broadinstitute.hellbender.utils.R.RScriptExecutor.getScriptException(RScriptExecutor.java:18)
	at org.broadinstitute.hellbender.utils.runtime.ScriptExecutor.executeCuratedArgs(ScriptExecutor.java:112)
	at org.broadinstitute.hellbender.utils.R.RScriptExecutor.exec(RScriptExecutor.java:125)
	at org.broadinstitute.hellbender.tools.walkers.vqsr.VariantRecalibrator.createVisualizationScript(VariantRecalibrator.java:1146)
	at org.broadinstitute.hellbender.tools.walkers.vqsr.VariantRecalibrator.onTraversalSuccess(VariantRecalibrator.java:706)
	at org.broadinstitute.hellbender.engine.GATKTool.doWork(GATKTool.java:1102)
	at org.broadinstitute.hellbender.cmdline.CommandLineProgram.runTool(CommandLineProgram.java:149)
	at org.broadinstitute.hellbender.cmdline.CommandLineProgram.instanceMainPostParseArgs(CommandLineProgram.java:198)
	at org.broadinstitute.hellbender.cmdline.CommandLineProgram.instanceMain(CommandLineProgram.java:217)
	at org.broadinstitute.hellbender.Main.runCommandLineProgram(Main.java:166)
	at org.broadinstitute.hellbender.Main.mainEntry(Main.java:209)
	at org.broadinstitute.hellbender.Main.main(Main.java:306)
Stage 7: VariantRecalibrator SNPs
Using GATK jar /export/approved/gatk-4.5.0.0/gatk-package-4.5.0.0-local.jar
Running:
    java -Dsamjdk.use_async_io_read_samtools=false -Dsamjdk.use_async_io_write_samtools=true -Dsamjdk.use_async_io_write_tribble=false -Dsamjdk.compression_level=2 -Xmx8g -XX:+UseParallelGC -XX:ParallelGCThreads=4 -jar /export/approved/gatk-4.5.0.0/gatk-package-4.5.0.0-local.jar VariantRecalibrator -R /export/home/andrew/genome/hg38_v0_20231023/Homo_sapiens_assembly38.fasta -V genotype.raw.vcf.gz -O recalibrate_INDEL.recal --max-gaussians 4 --tranches-file recalibrate_INDEL.tranches --rscript-file vqsr_indel_plots.R -resource:mills,known=false,training=true,truth=true,prior=12.0 /export/home/andrew/genome/hg38_v0_20231023/Homo_sapiens_assembly38.known_indels.vcf.gz -resource:dbsnp,known=true,training=false,truth=false,prior=2.0 /export/home/andrew/genome/hg38_v0_20231023/Homo_sapiens_assembly38.dbsnp138.vcf -an QD -an DP -an FS -an SOR -an ReadPosRankSum -an MQRankSum -mode INDEL
01:17:52.036 INFO  NativeLibraryLoader - Loading libgkl_compression.so from jar:file:/export/approved/gatk-4.5.0.0/gatk-package-4.5.0.0-local.jar!/com/intel/gkl/native/libgkl_compression.so
01:17:52.300 INFO  VariantRecalibrator - ------------------------------------------------------------
01:17:52.303 INFO  VariantRecalibrator - The Genome Analysis Toolkit (GATK) v4.5.0.0
01:17:52.304 INFO  VariantRecalibrator - For support and documentation go to https://software.broadinstitute.org/gatk/
01:17:52.304 INFO  VariantRecalibrator - Executing as andrew@compute-0-2 on Linux v5.15.0-102-generic amd64
01:17:52.304 INFO  VariantRecalibrator - Java runtime: OpenJDK 64-Bit Server VM v19.0.2+7-Ubuntu-0ubuntu322.04
01:17:52.304 INFO  VariantRecalibrator - Start Date/Time: May 4, 2024 at 1:17:51 AM UTC
01:17:52.304 INFO  VariantRecalibrator - ------------------------------------------------------------
01:17:52.304 INFO  VariantRecalibrator - ------------------------------------------------------------
01:17:52.305 INFO  VariantRecalibrator - HTSJDK Version: 4.1.0
01:17:52.305 INFO  VariantRecalibrator - Picard Version: 3.1.1
01:17:52.306 INFO  VariantRecalibrator - Built for Spark Version: 3.5.0
01:17:52.306 INFO  VariantRecalibrator - HTSJDK Defaults.COMPRESSION_LEVEL : 2
01:17:52.306 INFO  VariantRecalibrator - HTSJDK Defaults.USE_ASYNC_IO_READ_FOR_SAMTOOLS : false
01:17:52.306 INFO  VariantRecalibrator - HTSJDK Defaults.USE_ASYNC_IO_WRITE_FOR_SAMTOOLS : true
01:17:52.307 INFO  VariantRecalibrator - HTSJDK Defaults.USE_ASYNC_IO_WRITE_FOR_TRIBBLE : false
01:17:52.307 INFO  VariantRecalibrator - Deflater: IntelDeflater
01:17:52.307 INFO  VariantRecalibrator - Inflater: IntelInflater
01:17:52.307 INFO  VariantRecalibrator - GCS max retries/reopens: 20
01:17:52.307 INFO  VariantRecalibrator - Requester pays: disabled
01:17:52.308 INFO  VariantRecalibrator - Initializing engine
01:17:52.671 INFO  FeatureManager - Using codec VCFCodec to read file file:///export/home/andrew/genome/hg38_v0_20231023/Homo_sapiens_assembly38.known_indels.vcf.gz
01:17:52.948 INFO  FeatureManager - Using codec VCFCodec to read file file:///export/home/andrew/genome/hg38_v0_20231023/Homo_sapiens_assembly38.dbsnp138.vcf
01:17:53.114 INFO  FeatureManager - Using codec VCFCodec to read file file:///export/home/andrew/genome/analysis_onelane/genotype.raw.vcf.gz
01:17:53.411 INFO  VariantRecalibrator - Done initializing engine
01:17:53.417 INFO  TrainingSet - Found mills track: 	Known = false 	Training = true 	Truth = true 	Prior = Q12.0
01:17:53.417 INFO  TrainingSet - Found dbsnp track: 	Known = true 	Training = false 	Truth = false 	Prior = Q2.0
01:17:53.448 WARN  GATKVariantContextUtils - Can't determine output variant file format from output file extension "recal". Defaulting to VCF.
01:17:53.521 INFO  ProgressMeter - Starting traversal
01:17:53.521 INFO  ProgressMeter -        Current Locus  Elapsed Minutes    Variants Processed  Variants/Minute
01:18:03.630 INFO  ProgressMeter -        chr1:78208667              0.2                 66000         391885.2
01:18:13.648 INFO  ProgressMeter -       chr1:201929414              0.3                161000         480000.0
01:18:23.678 INFO  ProgressMeter -        chr2:48771920              0.5                255000         507361.7
01:18:33.698 INFO  ProgressMeter -       chr2:159085583              0.7                346000         516726.4
01:18:43.704 INFO  ProgressMeter -        chr3:14780024              0.8                440000         526085.1
01:18:53.744 INFO  ProgressMeter -       chr3:121218922              1.0                535000         533027.8
01:19:03.765 INFO  ProgressMeter -        chr4:22666389              1.2                626000         534715.2
01:19:13.816 INFO  ProgressMeter -       chr4:127168937              1.3                726000         542506.3
01:19:23.855 INFO  ProgressMeter -        chr5:34264488              1.5                831000         551963.9
01:19:33.930 INFO  ProgressMeter -       chr5:145871907              1.7                924000         552152.7
01:19:43.985 INFO  ProgressMeter -        chr6:61162610              1.8               1020000         554036.7
01:19:54.084 INFO  ProgressMeter -       chr6:165726522              2.0               1113000         553910.5
01:20:04.173 INFO  ProgressMeter -        chr7:96227483              2.2               1208000         554760.4
01:20:14.173 INFO  ProgressMeter -        chr8:27864892              2.3               1303000         555843.9
01:20:24.238 INFO  ProgressMeter -       chr8:136634630              2.5               1391000         553760.4
01:20:34.293 INFO  ProgressMeter -       chr9:111874180              2.7               1491000         556447.1
01:20:44.300 INFO  ProgressMeter -       chr10:71367207              2.8               1590000         558620.0
01:20:54.335 INFO  ProgressMeter -       chr11:36322652              3.0               1691000         561132.2
01:21:04.412 INFO  ProgressMeter -        chr12:3048253              3.2               1785000         561056.1
01:21:14.538 INFO  ProgressMeter -      chr12:107845786              3.4               1882000         561746.3
01:21:24.622 INFO  ProgressMeter -       chr13:93031331              3.5               1986000         564471.8
01:21:34.686 INFO  ProgressMeter -       chr14:97744220              3.7               2082000         564829.7
01:21:44.772 INFO  ProgressMeter -        chr16:6702205              3.9               2182000         566140.5
01:21:54.828 INFO  ProgressMeter -       chr17:21103149              4.0               2270000         564428.6
01:22:04.919 INFO  ProgressMeter -       chr18:51510641              4.2               2365000         564445.9
01:22:14.941 INFO  ProgressMeter -        chr20:4774148              4.4               2455000         563463.3
01:22:24.942 INFO  ProgressMeter -       chr22:12550321              4.5               2563000         566577.9
01:22:28.718 INFO  ProgressMeter -       chr22:50075442              4.6               2595573         565903.5
01:22:28.719 INFO  ProgressMeter - Traversal complete. Processed 2595573 total variants in 4.6 minutes.
01:22:28.770 INFO  VariantDataManager - QD: 	 mean = 26.02	 standard deviation = 6.87
01:22:28.826 INFO  VariantDataManager - DP: 	 mean = 3.91	 standard deviation = 6.99
01:22:28.856 INFO  VariantDataManager - FS: 	 mean = 0.31	 standard deviation = 1.28
01:22:28.895 INFO  VariantDataManager - SOR: 	 mean = 1.40	 standard deviation = 0.77
01:22:28.949 INFO  VariantDataManager - ReadPosRankSum: 	 mean = 0.02	 standard deviation = 0.86
01:22:29.020 INFO  VariantDataManager - MQRankSum: 	 mean = -0.01	 standard deviation = 0.24
01:22:29.384 INFO  VariantDataManager - Annotation order is: [QD, DP, SOR, ReadPosRankSum, MQRankSum, FS]
01:22:29.413 INFO  VariantDataManager - Training with 163326 variants after standard deviation thresholding.
01:22:29.418 INFO  GaussianMixtureModel - Initializing model with 100 k-means iterations...
01:22:38.036 INFO  VariantRecalibratorEngine - Finished iteration 0.
01:22:40.653 INFO  VariantRecalibratorEngine - Finished iteration 5. 	Current change in mixture coefficients = 0.10669
01:22:42.968 INFO  VariantRecalibratorEngine - Finished iteration 10. 	Current change in mixture coefficients = 0.03680
01:22:44.686 INFO  VariantRecalibratorEngine - Convergence after 14 iterations!
01:22:45.056 INFO  VariantRecalibratorEngine - Evaluating full set of 340368 variants...
01:22:51.073 INFO  VariantDataManager - Selected worst 17828 scoring variants --> variants with LOD <= -5.0000.
01:22:51.073 INFO  GaussianMixtureModel - Initializing model with 100 k-means iterations...
01:22:51.304 INFO  VariantRecalibratorEngine - Finished iteration 0.
01:22:51.391 INFO  VariantRecalibratorEngine - Finished iteration 5. 	Current change in mixture coefficients = 0.07419
01:22:51.476 INFO  VariantRecalibratorEngine - Finished iteration 10. 	Current change in mixture coefficients = 0.05957
01:22:51.564 INFO  VariantRecalibratorEngine - Finished iteration 15. 	Current change in mixture coefficients = 0.00294
01:22:51.581 INFO  VariantRecalibratorEngine - Convergence after 16 iterations!
01:22:51.609 INFO  VariantRecalibratorEngine - Evaluating full set of 340368 variants...
01:22:55.872 INFO  TrancheManager - Finding 4 tranches for 340368 variants
01:22:56.164 INFO  TrancheManager -   TruthSensitivityTranche threshold 100.00 => selection metric threshold 0.000
01:22:56.266 INFO  TrancheManager -   Found tranche for 100.000: 0.000 threshold starting with variant 0; running score is 0.000 
01:22:56.266 INFO  TrancheManager -   TruthSensitivityTranche is TruthSensitivityTranche targetTruthSensitivity=100.00 minVQSLod=-2272.2610 known=(238634 @ 0.0000) novel=(101734 @ 0.0000) truthSites(163652 accessible, 163652 called), name=anonymous]
01:22:56.267 INFO  TrancheManager -   TruthSensitivityTranche threshold 99.90 => selection metric threshold 0.001
01:22:56.366 INFO  TrancheManager -   Found tranche for 99.900: 0.001 threshold starting with variant 1732; running score is 0.001 
01:22:56.367 INFO  TrancheManager -   TruthSensitivityTranche is TruthSensitivityTranche targetTruthSensitivity=99.90 minVQSLod=-5.9082 known=(237711 @ 0.0000) novel=(100925 @ 0.0000) truthSites(163652 accessible, 163488 called), name=anonymous]
01:22:56.367 INFO  TrancheManager -   TruthSensitivityTranche threshold 99.00 => selection metric threshold 0.010
01:22:56.443 INFO  TrancheManager -   Found tranche for 99.000: 0.010 threshold starting with variant 18266; running score is 0.010 
01:22:56.443 INFO  TrancheManager -   TruthSensitivityTranche is TruthSensitivityTranche targetTruthSensitivity=99.00 minVQSLod=-1.0078 known=(232398 @ 0.0000) novel=(89704 @ 0.0000) truthSites(163652 accessible, 162015 called), name=anonymous]
01:22:56.444 INFO  TrancheManager -   TruthSensitivityTranche threshold 90.00 => selection metric threshold 0.100
01:22:56.524 INFO  TrancheManager -   Found tranche for 90.000: 0.100 threshold starting with variant 143490; running score is 0.100 
01:22:56.524 INFO  TrancheManager -   TruthSensitivityTranche is TruthSensitivityTranche targetTruthSensitivity=90.00 minVQSLod=4.0716 known=(181373 @ 0.0000) novel=(15505 @ 0.0000) truthSites(163652 accessible, 147286 called), name=anonymous]
01:22:56.527 INFO  VariantRecalibrator - Writing out recalibration table...
01:22:59.907 INFO  VariantRecalibrator - Writing out visualization Rscript file...
01:23:00.004 INFO  VariantRecalibrator - Building QD x DP plot...
01:23:00.010 INFO  VariantRecalibratorEngine - Evaluating full set of 3600 variants...
01:23:00.231 INFO  VariantRecalibratorEngine - Evaluating full set of 3600 variants...
01:23:00.479 INFO  VariantRecalibrator - Building QD x SOR plot...
01:23:00.484 INFO  VariantRecalibratorEngine - Evaluating full set of 3600 variants...
01:23:00.707 INFO  VariantRecalibratorEngine - Evaluating full set of 3600 variants...
01:23:01.079 INFO  VariantRecalibrator - Building QD x ReadPosRankSum plot...
01:23:01.081 INFO  VariantRecalibratorEngine - Evaluating full set of 3600 variants...
01:23:01.307 INFO  VariantRecalibratorEngine - Evaluating full set of 3600 variants...
01:23:01.525 INFO  VariantRecalibrator - Building QD x MQRankSum plot...
01:23:01.526 INFO  VariantRecalibratorEngine - Evaluating full set of 3660 variants...
01:23:01.747 INFO  VariantRecalibratorEngine - Evaluating full set of 3660 variants...
01:23:01.930 INFO  VariantRecalibrator - Building QD x FS plot...
01:23:01.931 INFO  VariantRecalibratorEngine - Evaluating full set of 3600 variants...
01:23:02.153 INFO  VariantRecalibratorEngine - Evaluating full set of 3600 variants...
01:23:02.343 INFO  VariantRecalibrator - Building DP x SOR plot...
01:23:02.344 INFO  VariantRecalibratorEngine - Evaluating full set of 3600 variants...
01:23:02.577 INFO  VariantRecalibratorEngine - Evaluating full set of 3600 variants...
01:23:02.757 INFO  VariantRecalibrator - Building DP x ReadPosRankSum plot...
01:23:02.759 INFO  VariantRecalibratorEngine - Evaluating full set of 3600 variants...
01:23:02.989 INFO  VariantRecalibratorEngine - Evaluating full set of 3600 variants...
01:23:03.174 INFO  VariantRecalibrator - Building DP x MQRankSum plot...
01:23:03.176 INFO  VariantRecalibratorEngine - Evaluating full set of 3660 variants...
01:23:03.401 INFO  VariantRecalibratorEngine - Evaluating full set of 3660 variants...
01:23:03.594 INFO  VariantRecalibrator - Building DP x FS plot...
01:23:03.595 INFO  VariantRecalibratorEngine - Evaluating full set of 3600 variants...
01:23:03.839 INFO  VariantRecalibratorEngine - Evaluating full set of 3600 variants...
01:23:04.018 INFO  VariantRecalibrator - Building SOR x ReadPosRankSum plot...
01:23:04.019 INFO  VariantRecalibratorEngine - Evaluating full set of 3600 variants...
01:23:04.241 INFO  VariantRecalibratorEngine - Evaluating full set of 3600 variants...
01:23:04.415 INFO  VariantRecalibrator - Building SOR x MQRankSum plot...
01:23:04.416 INFO  VariantRecalibratorEngine - Evaluating full set of 3660 variants...
01:23:04.632 INFO  VariantRecalibratorEngine - Evaluating full set of 3660 variants...
01:23:04.809 INFO  VariantRecalibrator - Building SOR x FS plot...
01:23:04.809 INFO  VariantRecalibratorEngine - Evaluating full set of 3600 variants...
01:23:05.022 INFO  VariantRecalibratorEngine - Evaluating full set of 3600 variants...
01:23:05.198 INFO  VariantRecalibrator - Building ReadPosRankSum x MQRankSum plot...
01:23:05.198 INFO  VariantRecalibratorEngine - Evaluating full set of 3660 variants...
01:23:05.416 INFO  VariantRecalibratorEngine - Evaluating full set of 3660 variants...
01:23:05.592 INFO  VariantRecalibrator - Building ReadPosRankSum x FS plot...
01:23:05.592 INFO  VariantRecalibratorEngine - Evaluating full set of 3600 variants...
01:23:05.810 INFO  VariantRecalibratorEngine - Evaluating full set of 3600 variants...
01:23:05.985 INFO  VariantRecalibrator - Building MQRankSum x FS plot...
01:23:05.986 INFO  VariantRecalibratorEngine - Evaluating full set of 3660 variants...
01:23:06.196 INFO  VariantRecalibratorEngine - Evaluating full set of 3660 variants...
01:23:06.521 INFO  VariantRecalibrator - Executing: Rscript /export/home/andrew/genome/analysis_onelane/vqsr_indel_plots.R
01:23:07.599 INFO  VariantRecalibrator - Shutting down engine
[May 4, 2024 at 1:23:07 AM UTC] org.broadinstitute.hellbender.tools.walkers.vqsr.VariantRecalibrator done. Elapsed time: 5.26 minutes.
Runtime.totalMemory()=1324875776
org.broadinstitute.hellbender.utils.R.RScriptExecutorException: 
Rscript exited with 1
Command Line: Rscript -e tempLibDir = '/tmp/Rlib.3959860184762308237';source('/export/home/andrew/genome/analysis_onelane/vqsr_indel_plots.R');
Stdout: 
Stderr: During startup - Warning messages:
1: Setting LC_TIME failed, using "C" 
2: Setting LC_MONETARY failed, using "C" 
3: Setting LC_PAPER failed, using "C" 
4: Setting LC_MEASUREMENT failed, using "C" 
Error in library(ggplot2) : there is no package called ?ggplot2?
Calls: source -> withVisible -> eval -> eval -> library
Execution halted

	at org.broadinstitute.hellbender.utils.R.RScriptExecutor.getScriptException(RScriptExecutor.java:79)
	at org.broadinstitute.hellbender.utils.R.RScriptExecutor.getScriptException(RScriptExecutor.java:18)
	at org.broadinstitute.hellbender.utils.runtime.ScriptExecutor.executeCuratedArgs(ScriptExecutor.java:112)
	at org.broadinstitute.hellbender.utils.R.RScriptExecutor.exec(RScriptExecutor.java:125)
	at org.broadinstitute.hellbender.tools.walkers.vqsr.VariantRecalibrator.createVisualizationScript(VariantRecalibrator.java:1146)
	at org.broadinstitute.hellbender.tools.walkers.vqsr.VariantRecalibrator.onTraversalSuccess(VariantRecalibrator.java:706)
	at org.broadinstitute.hellbender.engine.GATKTool.doWork(GATKTool.java:1102)
	at org.broadinstitute.hellbender.cmdline.CommandLineProgram.runTool(CommandLineProgram.java:149)
	at org.broadinstitute.hellbender.cmdline.CommandLineProgram.instanceMainPostParseArgs(CommandLineProgram.java:198)
	at org.broadinstitute.hellbender.cmdline.CommandLineProgram.instanceMain(CommandLineProgram.java:217)
	at org.broadinstitute.hellbender.Main.runCommandLineProgram(Main.java:166)
	at org.broadinstitute.hellbender.Main.mainEntry(Main.java:209)
	at org.broadinstitute.hellbender.Main.main(Main.java:306)
Stage 7: VariantRecalibrator INDELs
Using GATK jar /export/approved/gatk-4.5.0.0/gatk-package-4.5.0.0-local.jar
Running:
    java -Dsamjdk.use_async_io_read_samtools=false -Dsamjdk.use_async_io_write_samtools=true -Dsamjdk.use_async_io_write_tribble=false -Dsamjdk.compression_level=2 -Xmx8G -XX:+UseParallelGC -XX:ParallelGCThreads=4 -jar /export/approved/gatk-4.5.0.0/gatk-package-4.5.0.0-local.jar ApplyVQSR -R /export/home/andrew/genome/hg38_v0_20231023/Homo_sapiens_assembly38.fasta -V genotype.raw.vcf.gz -O analysis_onelane.recalibrated_snps_raw_indels.vcf.gz --truth-sensitivity-filter-level 99.7 --tranches-file recalibrate_SNP.tranches --recal-file recalibrate_SNP.recal --create-output-variant-index true -mode SNP
01:23:10.678 INFO  NativeLibraryLoader - Loading libgkl_compression.so from jar:file:/export/approved/gatk-4.5.0.0/gatk-package-4.5.0.0-local.jar!/com/intel/gkl/native/libgkl_compression.so
01:23:11.013 INFO  ApplyVQSR - ------------------------------------------------------------
01:23:11.017 INFO  ApplyVQSR - The Genome Analysis Toolkit (GATK) v4.5.0.0
01:23:11.017 INFO  ApplyVQSR - For support and documentation go to https://software.broadinstitute.org/gatk/
01:23:11.018 INFO  ApplyVQSR - Executing as andrew@compute-0-2 on Linux v5.15.0-102-generic amd64
01:23:11.018 INFO  ApplyVQSR - Java runtime: OpenJDK 64-Bit Server VM v19.0.2+7-Ubuntu-0ubuntu322.04
01:23:11.018 INFO  ApplyVQSR - Start Date/Time: May 4, 2024 at 1:23:10 AM UTC
01:23:11.018 INFO  ApplyVQSR - ------------------------------------------------------------
01:23:11.018 INFO  ApplyVQSR - ------------------------------------------------------------
01:23:11.019 INFO  ApplyVQSR - HTSJDK Version: 4.1.0
01:23:11.019 INFO  ApplyVQSR - Picard Version: 3.1.1
01:23:11.020 INFO  ApplyVQSR - Built for Spark Version: 3.5.0
01:23:11.020 INFO  ApplyVQSR - HTSJDK Defaults.COMPRESSION_LEVEL : 2
01:23:11.020 INFO  ApplyVQSR - HTSJDK Defaults.USE_ASYNC_IO_READ_FOR_SAMTOOLS : false
01:23:11.020 INFO  ApplyVQSR - HTSJDK Defaults.USE_ASYNC_IO_WRITE_FOR_SAMTOOLS : true
01:23:11.020 INFO  ApplyVQSR - HTSJDK Defaults.USE_ASYNC_IO_WRITE_FOR_TRIBBLE : false
01:23:11.021 INFO  ApplyVQSR - Deflater: IntelDeflater
01:23:11.021 INFO  ApplyVQSR - Inflater: IntelInflater
01:23:11.021 INFO  ApplyVQSR - GCS max retries/reopens: 20
01:23:11.021 INFO  ApplyVQSR - Requester pays: disabled
01:23:11.022 INFO  ApplyVQSR - Initializing engine
01:23:11.380 INFO  FeatureManager - Using codec VCFCodec to read file file:///export/home/andrew/genome/analysis_onelane/recalibrate_SNP.recal
01:23:11.605 INFO  FeatureManager - Using codec VCFCodec to read file file:///export/home/andrew/genome/analysis_onelane/genotype.raw.vcf.gz
01:23:12.074 INFO  ApplyVQSR - Done initializing engine
01:23:12.080 INFO  ApplyVQSR - Read tranche TruthSensitivityTranche targetTruthSensitivity=90.00 minVQSLod=7.8370 known=(1706087 @ 2.0916) novel=(50490 @ 0.9603) truthSites(1084243 accessible, 975877 called), name=VQSRTrancheSNP0.00to90.00]
01:23:12.080 INFO  ApplyVQSR - Read tranche TruthSensitivityTranche targetTruthSensitivity=90.00 minVQSLod=7.8370 known=(1706087 @ 2.0916) novel=(50490 @ 0.9603) truthSites(1084243 accessible, 975877 called), name=VQSRTrancheSNP90.00to90.00]
01:23:12.081 INFO  ApplyVQSR - Read tranche TruthSensitivityTranche targetTruthSensitivity=97.00 minVQSLod=6.5846 known=(1883961 @ 2.0955) novel=(53908 @ 0.9700) truthSites(1084243 accessible, 1051715 called), name=VQSRTrancheSNP90.00to97.00]
01:23:12.081 INFO  ApplyVQSR - Read tranche TruthSensitivityTranche targetTruthSensitivity=98.00 minVQSLod=5.4015 known=(1911175 @ 2.0950) novel=(67556 @ 0.8984) truthSites(1084243 accessible, 1062558 called), name=VQSRTrancheSNP97.00to98.00]
01:23:12.081 INFO  ApplyVQSR - Read tranche TruthSensitivityTranche targetTruthSensitivity=99.00 minVQSLod=3.4933 known=(1974252 @ 2.0963) novel=(71264 @ 0.8962) truthSites(1084243 accessible, 1073400 called), name=VQSRTrancheSNP98.00to99.00]
01:23:12.082 INFO  ApplyVQSR - Read tranche TruthSensitivityTranche targetTruthSensitivity=99.00 minVQSLod=3.4933 known=(1974252 @ 2.0963) novel=(71264 @ 0.8962) truthSites(1084243 accessible, 1073400 called), name=VQSRTrancheSNP99.00to99.00]
01:23:12.082 INFO  ApplyVQSR - Read tranche TruthSensitivityTranche targetTruthSensitivity=99.30 minVQSLod=2.8897 known=(1988278 @ 2.0967) novel=(72728 @ 0.9051) truthSites(1084243 accessible, 1076653 called), name=VQSRTrancheSNP99.00to99.30]
01:23:12.082 INFO  ApplyVQSR - Read tranche TruthSensitivityTranche targetTruthSensitivity=99.40 minVQSLod=2.6665 known=(1994684 @ 2.0963) novel=(73271 @ 0.9087) truthSites(1084243 accessible, 1077737 called), name=VQSRTrancheSNP99.30to99.40]
01:23:12.082 INFO  ApplyVQSR - Read tranche TruthSensitivityTranche targetTruthSensitivity=99.50 minVQSLod=2.2876 known=(2008487 @ 2.0967) novel=(74002 @ 0.9119) truthSites(1084243 accessible, 1078821 called), name=VQSRTrancheSNP99.40to99.50]
01:23:12.083 INFO  ApplyVQSR - Read tranche TruthSensitivityTranche targetTruthSensitivity=99.60 minVQSLod=1.6076 known=(2029485 @ 2.0965) novel=(75326 @ 0.9176) truthSites(1084243 accessible, 1079906 called), name=VQSRTrancheSNP99.50to99.60]
01:23:12.083 INFO  ApplyVQSR - Read tranche TruthSensitivityTranche targetTruthSensitivity=99.80 minVQSLod=-0.2405 known=(2059393 @ 2.0936) novel=(85338 @ 0.9523) truthSites(1084243 accessible, 1082074 called), name=VQSRTrancheSNP99.60to99.80]
01:23:12.083 INFO  ApplyVQSR - Read tranche TruthSensitivityTranche targetTruthSensitivity=99.90 minVQSLod=-1.2252 known=(2077658 @ 2.0931) novel=(89478 @ 0.9634) truthSites(1084243 accessible, 1083158 called), name=VQSRTrancheSNP99.80to99.90]
01:23:12.084 INFO  ApplyVQSR - Read tranche TruthSensitivityTranche targetTruthSensitivity=99.90 minVQSLod=-1.2252 known=(2077658 @ 2.0931) novel=(89478 @ 0.9634) truthSites(1084243 accessible, 1083158 called), name=VQSRTrancheSNP99.90to99.90]
01:23:12.084 INFO  ApplyVQSR - Read tranche TruthSensitivityTranche targetTruthSensitivity=99.95 minVQSLod=-3.7889 known=(2097863 @ 2.0904) novel=(103755 @ 0.9928) truthSites(1084243 accessible, 1083700 called), name=VQSRTrancheSNP99.90to99.95]
01:23:12.084 INFO  ApplyVQSR - Read tranche TruthSensitivityTranche targetTruthSensitivity=100.00 minVQSLod=-114742.7959 known=(2120237 @ 2.0851) novel=(134968 @ 1.0099) truthSites(1084243 accessible, 1084243 called), name=VQSRTrancheSNP99.95to100.00]
01:23:12.085 INFO  ApplyVQSR - Read tranche TruthSensitivityTranche targetTruthSensitivity=100.00 minVQSLod=-114742.7959 known=(2120237 @ 2.0851) novel=(134968 @ 1.0099) truthSites(1084243 accessible, 1084243 called), name=VQSRTrancheSNP100.00to100.00]
01:23:12.131 INFO  ApplyVQSR - Keeping all variants in tranche TruthSensitivityTranche targetTruthSensitivity=99.80 minVQSLod=-0.2405 known=(2059393 @ 2.0936) novel=(85338 @ 0.9523) truthSites(1084243 accessible, 1082074 called), name=VQSRTrancheSNP99.60to99.80]
01:23:12.191 INFO  ProgressMeter - Starting traversal
01:23:12.192 INFO  ProgressMeter -        Current Locus  Elapsed Minutes    Variants Processed  Variants/Minute
01:23:22.197 INFO  ProgressMeter -       chr2:160802502              0.2                348000        2087791.2
01:23:32.202 INFO  ProgressMeter -       chr4:142754564              0.3                741000        2221889.1
01:23:42.223 INFO  ProgressMeter -        chr7:48464296              0.5               1166000        2329592.8
01:23:52.224 INFO  ProgressMeter -       chr10:86773188              0.7               1602000        2401079.1
01:24:02.424 INFO  ProgressMeter -       chr14:60898003              0.8               2049000        2447492.6
01:24:12.439 INFO  ProgressMeter -       chr20:40047664              1.0               2493000        2482779.2
01:24:14.800 INFO  ProgressMeter -       chr22:50075442              1.0               2595573        2487451.8
01:24:14.801 INFO  ProgressMeter - Traversal complete. Processed 2595573 total variants in 1.0 minutes.
01:24:15.669 INFO  ApplyVQSR - Shutting down engine
[May 4, 2024 at 1:24:15 AM UTC] org.broadinstitute.hellbender.tools.walkers.vqsr.ApplyVQSR done. Elapsed time: 1.08 minutes.
Runtime.totalMemory()=2340421632
Stage 7: ApplyVQSR SNPs
Using GATK jar /export/approved/gatk-4.5.0.0/gatk-package-4.5.0.0-local.jar
Running:
    java -Dsamjdk.use_async_io_read_samtools=false -Dsamjdk.use_async_io_write_samtools=true -Dsamjdk.use_async_io_write_tribble=false -Dsamjdk.compression_level=2 -Xmx8G -XX:+UseParallelGC -XX:ParallelGCThreads=4 -jar /export/approved/gatk-4.5.0.0/gatk-package-4.5.0.0-local.jar ApplyVQSR -R /export/home/andrew/genome/hg38_v0_20231023/Homo_sapiens_assembly38.fasta -V analysis_onelane.recalibrated_snps_raw_indels.vcf.gz -O analysis_onelane.recalibrated_snps_recalibrated_indels.vcf.gz --truth-sensitivity-filter-level 99.7 --tranches-file recalibrate_INDEL.tranches --recal-file recalibrate_INDEL.recal -mode INDEL
01:24:18.736 INFO  NativeLibraryLoader - Loading libgkl_compression.so from jar:file:/export/approved/gatk-4.5.0.0/gatk-package-4.5.0.0-local.jar!/com/intel/gkl/native/libgkl_compression.so
01:24:19.093 INFO  ApplyVQSR - ------------------------------------------------------------
01:24:19.097 INFO  ApplyVQSR - The Genome Analysis Toolkit (GATK) v4.5.0.0
01:24:19.097 INFO  ApplyVQSR - For support and documentation go to https://software.broadinstitute.org/gatk/
01:24:19.097 INFO  ApplyVQSR - Executing as andrew@compute-0-2 on Linux v5.15.0-102-generic amd64
01:24:19.098 INFO  ApplyVQSR - Java runtime: OpenJDK 64-Bit Server VM v19.0.2+7-Ubuntu-0ubuntu322.04
01:24:19.098 INFO  ApplyVQSR - Start Date/Time: May 4, 2024 at 1:24:18 AM UTC
01:24:19.098 INFO  ApplyVQSR - ------------------------------------------------------------
01:24:19.098 INFO  ApplyVQSR - ------------------------------------------------------------
01:24:19.099 INFO  ApplyVQSR - HTSJDK Version: 4.1.0
01:24:19.099 INFO  ApplyVQSR - Picard Version: 3.1.1
01:24:19.099 INFO  ApplyVQSR - Built for Spark Version: 3.5.0
01:24:19.100 INFO  ApplyVQSR - HTSJDK Defaults.COMPRESSION_LEVEL : 2
01:24:19.100 INFO  ApplyVQSR - HTSJDK Defaults.USE_ASYNC_IO_READ_FOR_SAMTOOLS : false
01:24:19.100 INFO  ApplyVQSR - HTSJDK Defaults.USE_ASYNC_IO_WRITE_FOR_SAMTOOLS : true
01:24:19.100 INFO  ApplyVQSR - HTSJDK Defaults.USE_ASYNC_IO_WRITE_FOR_TRIBBLE : false
01:24:19.100 INFO  ApplyVQSR - Deflater: IntelDeflater
01:24:19.101 INFO  ApplyVQSR - Inflater: IntelInflater
01:24:19.101 INFO  ApplyVQSR - GCS max retries/reopens: 20
01:24:19.101 INFO  ApplyVQSR - Requester pays: disabled
01:24:19.102 INFO  ApplyVQSR - Initializing engine
01:24:19.470 INFO  FeatureManager - Using codec VCFCodec to read file file:///export/home/andrew/genome/analysis_onelane/recalibrate_INDEL.recal
01:24:19.605 INFO  FeatureManager - Using codec VCFCodec to read file file:///export/home/andrew/genome/analysis_onelane/analysis_onelane.recalibrated_snps_raw_indels.vcf.gz
01:24:20.095 INFO  ApplyVQSR - Done initializing engine
01:24:20.100 INFO  ApplyVQSR - Read tranche TruthSensitivityTranche targetTruthSensitivity=90.00 minVQSLod=4.0716 known=(181373 @ 0.0000) novel=(15505 @ 0.0000) truthSites(163652 accessible, 147286 called), name=VQSRTrancheINDEL0.00to90.00]
01:24:20.100 INFO  ApplyVQSR - Read tranche TruthSensitivityTranche targetTruthSensitivity=99.00 minVQSLod=-1.0078 known=(232398 @ 0.0000) novel=(89704 @ 0.0000) truthSites(163652 accessible, 162015 called), name=VQSRTrancheINDEL90.00to99.00]
01:24:20.101 INFO  ApplyVQSR - Read tranche TruthSensitivityTranche targetTruthSensitivity=99.90 minVQSLod=-5.9082 known=(237711 @ 0.0000) novel=(100925 @ 0.0000) truthSites(163652 accessible, 163488 called), name=VQSRTrancheINDEL99.00to99.90]
01:24:20.101 INFO  ApplyVQSR - Read tranche TruthSensitivityTranche targetTruthSensitivity=100.00 minVQSLod=-2272.2610 known=(238634 @ 0.0000) novel=(101734 @ 0.0000) truthSites(163652 accessible, 163652 called), name=VQSRTrancheINDEL99.90to100.00]
01:24:20.153 INFO  ApplyVQSR - Keeping all variants in tranche TruthSensitivityTranche targetTruthSensitivity=99.90 minVQSLod=-5.9082 known=(237711 @ 0.0000) novel=(100925 @ 0.0000) truthSites(163652 accessible, 163488 called), name=VQSRTrancheINDEL99.00to99.90]
01:24:20.210 INFO  ProgressMeter - Starting traversal
01:24:20.211 INFO  ProgressMeter -        Current Locus  Elapsed Minutes    Variants Processed  Variants/Minute
01:24:30.232 INFO  ProgressMeter -       chr2:195567893              0.2                380000        2276130.6
01:24:40.232 INFO  ProgressMeter -        chr5:38030524              0.3                835000        2502497.5
01:24:50.244 INFO  ProgressMeter -        chr8:49877030              0.5               1319000        2635101.4
01:25:00.247 INFO  ProgressMeter -        chr11:6859311              0.7               1657000        2483265.1
01:25:10.262 INFO  ProgressMeter -       chr15:92365969              0.8               2162000        2591808.2
01:25:18.753 INFO  ProgressMeter -       chr22:50075442              1.0               2595573        2660261.7
01:25:18.753 INFO  ProgressMeter - Traversal complete. Processed 2595573 total variants in 1.0 minutes.
01:25:19.675 INFO  ApplyVQSR - Shutting down engine
[May 4, 2024 at 1:25:19 AM UTC] org.broadinstitute.hellbender.tools.walkers.vqsr.ApplyVQSR done. Elapsed time: 1.02 minutes.
Runtime.totalMemory()=2560098304
Stage 7: Finished recalibrating
