Using GATK jar /export/approved/gatk-4.5.0.0/gatk-package-4.5.0.0-local.jar
Running:
    java -Dsamjdk.use_async_io_read_samtools=false -Dsamjdk.use_async_io_write_samtools=true -Dsamjdk.use_async_io_write_tribble=false -Dsamjdk.compression_level=2 -Xmx40G -XX:+UseParallelGC -XX:ParallelGCThreads=2 -jar /export/approved/gatk-4.5.0.0/gatk-package-4.5.0.0-local.jar HaplotypeCaller -R /export/home/andrew/genome/hg38_v0_20231023/Homo_sapiens_assembly38.fasta -I analysis_onelane.sorted.final.bam -L chr5 -O called.chr5.recal.g.vcf.gz -G StandardAnnotation -G StandardHCAnnotation -GQB 10 -GQB 20 -GQB 30 -GQB 40 -GQB 50 -GQB 60 -GQB 70 -GQB 80 -GQB 90 --native-pair-hmm-threads 8 -ERC GVCF
12:04:56.252 WARN  GATKAnnotationPluginDescriptor - Redundant enabled annotation group (StandardAnnotation) is enabled for this tool by default
12:04:56.257 WARN  GATKAnnotationPluginDescriptor - Redundant enabled annotation group (StandardHCAnnotation) is enabled for this tool by default
12:04:56.338 INFO  NativeLibraryLoader - Loading libgkl_compression.so from jar:file:/export/approved/gatk-4.5.0.0/gatk-package-4.5.0.0-local.jar!/com/intel/gkl/native/libgkl_compression.so
12:04:56.706 INFO  HaplotypeCaller - ------------------------------------------------------------
12:04:56.712 INFO  HaplotypeCaller - The Genome Analysis Toolkit (GATK) v4.5.0.0
12:04:56.712 INFO  HaplotypeCaller - For support and documentation go to https://software.broadinstitute.org/gatk/
12:04:56.712 INFO  HaplotypeCaller - Executing as andrew@compute-0-4 on Linux v5.15.0-102-generic amd64
12:04:56.712 INFO  HaplotypeCaller - Java runtime: OpenJDK 64-Bit Server VM v19.0.2+7-Ubuntu-0ubuntu322.04
12:04:56.713 INFO  HaplotypeCaller - Start Date/Time: May 3, 2024 at 12:04:56 PM UTC
12:04:56.713 INFO  HaplotypeCaller - ------------------------------------------------------------
12:04:56.713 INFO  HaplotypeCaller - ------------------------------------------------------------
12:04:56.714 INFO  HaplotypeCaller - HTSJDK Version: 4.1.0
12:04:56.714 INFO  HaplotypeCaller - Picard Version: 3.1.1
12:04:56.714 INFO  HaplotypeCaller - Built for Spark Version: 3.5.0
12:04:56.714 INFO  HaplotypeCaller - HTSJDK Defaults.COMPRESSION_LEVEL : 2
12:04:56.715 INFO  HaplotypeCaller - HTSJDK Defaults.USE_ASYNC_IO_READ_FOR_SAMTOOLS : false
12:04:56.715 INFO  HaplotypeCaller - HTSJDK Defaults.USE_ASYNC_IO_WRITE_FOR_SAMTOOLS : true
12:04:56.715 INFO  HaplotypeCaller - HTSJDK Defaults.USE_ASYNC_IO_WRITE_FOR_TRIBBLE : false
12:04:56.715 INFO  HaplotypeCaller - Deflater: IntelDeflater
12:04:56.715 INFO  HaplotypeCaller - Inflater: IntelInflater
12:04:56.716 INFO  HaplotypeCaller - GCS max retries/reopens: 20
12:04:56.716 INFO  HaplotypeCaller - Requester pays: disabled
12:04:56.716 INFO  HaplotypeCaller - Initializing engine
12:04:57.257 INFO  IntervalArgumentCollection - Processing 181538259 bp from intervals
12:04:57.275 INFO  HaplotypeCaller - Done initializing engine
12:04:57.278 INFO  HaplotypeCallerEngine - Tool is in reference confidence mode and the annotation, the following changes will be made to any specified annotations: 'StrandBiasBySample' will be enabled. 'ChromosomeCounts', 'FisherStrand', 'StrandOddsRatio' and 'QualByDepth' annotations have been disabled
12:04:57.401 INFO  NativeLibraryLoader - Loading libgkl_utils.so from jar:file:/export/approved/gatk-4.5.0.0/gatk-package-4.5.0.0-local.jar!/com/intel/gkl/native/libgkl_utils.so
12:04:57.435 INFO  SmithWatermanAligner - AVX accelerated SmithWaterman implementation is not supported, falling back to the Java implementation
12:04:57.441 INFO  HaplotypeCallerEngine - Standard Emitting and Calling confidence set to -0.0 for reference-model confidence output
12:04:57.441 INFO  HaplotypeCallerEngine - All sites annotated with PLs forced to true for reference-model confidence output
12:04:57.454 INFO  NativeLibraryLoader - Loading libgkl_pairhmm_omp.so from jar:file:/export/approved/gatk-4.5.0.0/gatk-package-4.5.0.0-local.jar!/com/intel/gkl/native/libgkl_pairhmm_omp.so
12:04:57.482 INFO  IntelPairHmm - Flush-to-zero (FTZ) is enabled when running PairHMM
12:04:57.483 INFO  IntelPairHmm - Available threads: 10
12:04:57.483 INFO  IntelPairHmm - Requested threads: 8
12:04:57.483 INFO  PairHMM - Using the OpenMP multi-threaded AVX-accelerated native PairHMM implementation
12:04:57.597 INFO  ProgressMeter - Starting traversal
12:04:57.598 INFO  ProgressMeter -        Current Locus  Elapsed Minutes     Regions Processed   Regions/Minute
12:05:00.494 WARN  InbreedingCoeff - InbreedingCoeff will not be calculated at position chr5:12041 and possibly subsequent; at least 10 samples must have called genotypes
12:05:01.435 WARN  DepthPerSampleHC - Annotation will not be calculated at position chr5:15968 and possibly subsequent; genotype for sample analysis_onelane is not called
12:05:01.436 WARN  StrandBiasBySample - Annotation will not be calculated at position chr5:15968 and possibly subsequent; genotype for sample analysis_onelane is not called
12:05:07.627 INFO  ProgressMeter -          chr5:138203              0.2                   880           5265.3
12:05:17.640 INFO  ProgressMeter -          chr5:422547              0.3                  2840           8502.1
12:05:28.234 INFO  ProgressMeter -          chr5:518777              0.5                  3550           6952.8
12:05:38.234 INFO  ProgressMeter -          chr5:681672              0.7                  4740           6998.9
12:05:48.260 INFO  ProgressMeter -          chr5:984020              0.8                  6950           8231.0
12:06:12.733 INFO  ProgressMeter -         chr5:1044148              1.3                  7370           5885.4
12:06:37.831 INFO  ProgressMeter -         chr5:1045924              1.7                  7380           4417.7
12:06:49.786 INFO  ProgressMeter -         chr5:1047703              1.9                  7390           3952.3
12:06:59.849 INFO  ProgressMeter -         chr5:1182499              2.0                  8360           4103.0
12:07:10.575 INFO  ProgressMeter -         chr5:1419744              2.2                 10060           4539.1
12:07:20.590 INFO  ProgressMeter -         chr5:1718614              2.4                 12150           5098.2
12:07:47.629 INFO  ProgressMeter -         chr5:1930984              2.8                 13690           4830.9
12:07:58.413 INFO  ProgressMeter -         chr5:2160814              3.0                 15330           5087.0
12:08:08.439 INFO  ProgressMeter -         chr5:2337763              3.2                 16630           5228.5
12:08:23.121 INFO  ProgressMeter -         chr5:2532839              3.4                 17940           5237.4
12:08:33.796 INFO  ProgressMeter -         chr5:2587309              3.6                 18320           5084.2
12:08:46.445 INFO  ProgressMeter -         chr5:2889104              3.8                 20510           5377.4
12:08:56.449 INFO  ProgressMeter -         chr5:3184482              4.0                 22620           5682.2
12:09:09.294 INFO  ProgressMeter -         chr5:3324146              4.2                 23680           5644.9
12:09:25.962 INFO  ProgressMeter -         chr5:3447501              4.5                 24610           5502.2
12:09:35.965 INFO  ProgressMeter -         chr5:3749733              4.6                 26800           5776.5
12:09:55.511 INFO  ProgressMeter -         chr5:3786246              5.0                 27060           5449.9
12:10:05.518 INFO  ProgressMeter -         chr5:4072053              5.1                 29060           5662.5
12:10:15.549 INFO  ProgressMeter -         chr5:4421085              5.3                 31400           5925.4
12:10:25.563 INFO  ProgressMeter -         chr5:4778624              5.5                 33810           6185.4
12:10:35.588 INFO  ProgressMeter -         chr5:5124249              5.6                 36100           6408.5
12:10:48.283 INFO  ProgressMeter -         chr5:5306031              5.8                 37420           6402.3
12:10:58.293 INFO  ProgressMeter -         chr5:5626887              6.0                 39540           6577.3
12:11:13.785 INFO  ProgressMeter -         chr5:5955893              6.3                 41820           6670.1
12:11:23.828 INFO  ProgressMeter -         chr5:6288202              6.4                 44010           6836.9
12:11:47.486 INFO  ProgressMeter -         chr5:6448514              6.8                 45080           6598.9
12:11:57.532 INFO  ProgressMeter -         chr5:6717832              7.0                 46990           6713.9
12:12:07.556 INFO  ProgressMeter -         chr5:7039811              7.2                 49190           6864.4
12:12:17.573 INFO  ProgressMeter -         chr5:7364433              7.3                 51480           7020.4
12:12:28.130 INFO  ProgressMeter -         chr5:7372785              7.5                 51540           6863.9
12:12:38.136 INFO  ProgressMeter -         chr5:7761725              7.7                 54070           7044.4
12:12:48.308 INFO  ProgressMeter -         chr5:8050729              7.8                 56070           7147.1
12:12:58.331 INFO  ProgressMeter -         chr5:8275623              8.0                 57670           7197.8
12:13:08.342 INFO  ProgressMeter -         chr5:8613740              8.2                 60020           7338.2
12:13:18.357 INFO  ProgressMeter -         chr5:8908519              8.3                 62060           7435.9
12:13:28.379 INFO  ProgressMeter -         chr5:9290268              8.5                 64550           7582.5
12:13:38.386 INFO  ProgressMeter -         chr5:9608754              8.7                 66700           7684.5
12:13:48.436 INFO  ProgressMeter -         chr5:9989587              8.8                 69200           7821.6
12:13:58.437 INFO  ProgressMeter -        chr5:10225546              9.0                 70860           7861.1
12:14:08.446 INFO  ProgressMeter -        chr5:10577608              9.2                 73170           7969.9
12:14:18.480 INFO  ProgressMeter -        chr5:10870001              9.3                 75160           8040.2
12:14:28.484 INFO  ProgressMeter -        chr5:11170696              9.5                 77290           8123.2
12:14:55.379 INFO  ProgressMeter -        chr5:11241418             10.0                 77730           7801.9
12:15:09.791 INFO  ProgressMeter -        chr5:11312479             10.2                 78220           7666.2
12:15:19.799 INFO  ProgressMeter -        chr5:11738700             10.4                 80990           7810.0
12:15:29.810 INFO  ProgressMeter -        chr5:12083922             10.5                 83400           7915.1
12:15:39.834 INFO  ProgressMeter -        chr5:12500416             10.7                 86110           8044.7
12:15:49.854 INFO  ProgressMeter -        chr5:12920230             10.9                 88890           8176.9
12:15:59.882 INFO  ProgressMeter -        chr5:13269976             11.0                 91290           8270.5
12:16:09.913 INFO  ProgressMeter -        chr5:13655044             11.2                 93820           8372.9
12:16:19.935 INFO  ProgressMeter -        chr5:13995792             11.4                 96140           8453.9
12:16:30.646 INFO  ProgressMeter -        chr5:14310965             11.6                 98270           8507.6
12:16:56.145 INFO  ProgressMeter -        chr5:14404672             12.0                 98860           8255.0
12:17:06.152 INFO  ProgressMeter -        chr5:14826402             12.1                101590           8366.4
12:17:16.189 INFO  ProgressMeter -        chr5:15244173             12.3                104260           8469.6
12:17:26.190 INFO  ProgressMeter -        chr5:15667832             12.5                106980           8574.5
12:17:36.228 INFO  ProgressMeter -        chr5:16119237             12.6                109840           8687.2
12:17:46.235 INFO  ProgressMeter -        chr5:16489373             12.8                112220           8759.9
12:17:56.262 INFO  ProgressMeter -        chr5:16821546             13.0                114510           8823.6
12:18:06.271 INFO  ProgressMeter -        chr5:17194445             13.1                117060           8905.6
12:18:16.350 INFO  ProgressMeter -        chr5:17596608             13.3                119540           8979.5
12:18:26.368 INFO  ProgressMeter -        chr5:17921474             13.5                121780           9034.5
12:18:36.398 INFO  ProgressMeter -        chr5:18308960             13.6                124360           9112.8
12:18:46.466 INFO  ProgressMeter -        chr5:18664795             13.8                126760           9175.9
12:18:56.481 INFO  ProgressMeter -        chr5:19007580             14.0                129020           9228.0
12:19:06.508 INFO  ProgressMeter -        chr5:19313639             14.1                131170           9270.9
12:19:16.518 INFO  ProgressMeter -        chr5:19669023             14.3                133640           9335.4
12:19:26.535 INFO  ProgressMeter -        chr5:20057830             14.5                136200           9404.6
12:19:36.561 INFO  ProgressMeter -        chr5:20446520             14.6                138810           9475.5
12:19:46.590 INFO  ProgressMeter -        chr5:20774767             14.8                141140           9525.8
12:19:56.605 INFO  ProgressMeter -        chr5:21118932             15.0                143530           9579.2
12:20:06.607 INFO  ProgressMeter -        chr5:21491762             15.2                146010           9637.5
12:20:16.678 INFO  ProgressMeter -        chr5:21904254             15.3                148690           9706.9
12:20:26.708 INFO  ProgressMeter -        chr5:22328642             15.5                151410           9777.7
12:20:36.719 INFO  ProgressMeter -        chr5:22739862             15.7                154150           9848.6
12:20:46.725 INFO  ProgressMeter -        chr5:23112476             15.8                156670           9904.0
12:20:56.755 INFO  ProgressMeter -        chr5:23548334             16.0                159440           9973.8
12:21:06.779 INFO  ProgressMeter -        chr5:23804922             16.2                161360           9989.5
12:21:16.786 INFO  ProgressMeter -        chr5:24150029             16.3                163690          10030.2
12:21:26.794 INFO  ProgressMeter -        chr5:24555591             16.5                166330          10088.8
12:21:36.829 INFO  ProgressMeter -        chr5:24949073             16.7                168960          10145.4
12:21:46.853 INFO  ProgressMeter -        chr5:25335963             16.8                171620          10202.8
12:21:56.879 INFO  ProgressMeter -        chr5:25717516             17.0                174190          10253.7
12:22:06.897 INFO  ProgressMeter -        chr5:26019192             17.2                176390          10282.2
12:22:16.897 INFO  ProgressMeter -        chr5:26320825             17.3                178470          10303.3
12:22:26.914 INFO  ProgressMeter -        chr5:26737656             17.5                181160          10358.7
12:22:36.926 INFO  ProgressMeter -        chr5:27148830             17.7                183830          10412.1
12:22:46.953 INFO  ProgressMeter -        chr5:27571998             17.8                186620          10471.0
12:22:56.954 INFO  ProgressMeter -        chr5:27948842             18.0                189260          10520.7
12:23:06.969 INFO  ProgressMeter -        chr5:28356516             18.2                191960          10572.7
12:23:17.004 INFO  ProgressMeter -        chr5:28738959             18.3                194540          10617.0
12:23:27.006 INFO  ProgressMeter -        chr5:29155460             18.5                197300          10670.6
12:23:37.036 INFO  ProgressMeter -        chr5:29433046             18.7                199340          10684.3
12:23:47.066 INFO  ProgressMeter -        chr5:29756509             18.8                201690          10714.3
12:23:57.112 INFO  ProgressMeter -        chr5:30021625             19.0                203630          10721.9
12:24:07.125 INFO  ProgressMeter -        chr5:30382804             19.2                206090          10756.9
12:24:17.143 INFO  ProgressMeter -        chr5:30779032             19.3                208660          10797.0
12:24:27.158 INFO  ProgressMeter -        chr5:31181703             19.5                211360          10843.1
12:24:37.179 INFO  ProgressMeter -        chr5:31511323             19.7                213640          10866.9
12:24:47.197 INFO  ProgressMeter -        chr5:31829136             19.8                215890          10888.9
12:25:10.070 INFO  ProgressMeter -        chr5:32003865             20.2                217100          10743.3
12:25:20.103 INFO  ProgressMeter -        chr5:32412725             20.4                219860          10790.6
12:25:30.104 INFO  ProgressMeter -        chr5:32727271             20.5                222060          10810.2
12:25:40.148 INFO  ProgressMeter -        chr5:33115253             20.7                224510          10841.1
12:25:50.194 INFO  ProgressMeter -        chr5:33435891             20.9                226730          10860.5
12:26:10.348 INFO  ProgressMeter -        chr5:33626802             21.2                228000          10748.4
12:26:24.162 INFO  ProgressMeter -        chr5:33628403             21.4                228010          10633.4
12:26:34.197 INFO  ProgressMeter -        chr5:33776316             21.6                229020          10597.9
12:26:44.214 INFO  ProgressMeter -        chr5:34140793             21.8                231400          10625.9
12:26:54.255 INFO  ProgressMeter -        chr5:34410760             21.9                233260          10629.6
12:27:04.261 INFO  ProgressMeter -        chr5:34630540             22.1                234920          10624.6
12:27:14.401 INFO  ProgressMeter -        chr5:35031841             22.3                237530          10661.1
12:27:24.454 INFO  ProgressMeter -        chr5:35396433             22.4                239920          10688.0
12:27:34.459 INFO  ProgressMeter -        chr5:35730905             22.6                242120          10706.5
12:27:44.476 INFO  ProgressMeter -        chr5:36067099             22.8                244430          10729.4
12:27:54.484 INFO  ProgressMeter -        chr5:36419814             22.9                246760          10753.0
12:28:04.512 INFO  ProgressMeter -        chr5:36789862             23.1                249240          10782.5
12:28:14.516 INFO  ProgressMeter -        chr5:37260654             23.3                252090          10827.7
12:28:24.524 INFO  ProgressMeter -        chr5:37649543             23.4                254730          10863.3
12:28:34.544 INFO  ProgressMeter -        chr5:38018158             23.6                257190          10890.6
12:28:44.564 INFO  ProgressMeter -        chr5:38377967             23.8                259550          10913.4
12:28:54.588 INFO  ProgressMeter -        chr5:38799099             23.9                262170          10946.6
12:29:04.614 INFO  ProgressMeter -        chr5:39199435             24.1                264750          10977.8
12:29:14.661 INFO  ProgressMeter -        chr5:39564192             24.3                267130          11000.1
12:29:24.711 INFO  ProgressMeter -        chr5:39957953             24.5                269790          11033.5
12:29:34.756 INFO  ProgressMeter -        chr5:40286839             24.6                272070          11051.1
12:29:44.766 INFO  ProgressMeter -        chr5:40609241             24.8                274270          11065.5
12:29:54.798 INFO  ProgressMeter -        chr5:41055525             25.0                277080          11103.9
12:30:04.827 INFO  ProgressMeter -        chr5:41437662             25.1                279580          11129.6
12:30:14.865 INFO  ProgressMeter -        chr5:41833290             25.3                282080          11154.8
12:30:24.882 INFO  ProgressMeter -        chr5:42242429             25.5                284680          11183.8
12:30:34.900 INFO  ProgressMeter -        chr5:42645954             25.6                287280          11212.4
12:30:44.989 INFO  ProgressMeter -        chr5:42984992             25.8                289550          11227.3
12:30:55.005 INFO  ProgressMeter -        chr5:43342608             26.0                291990          11249.1
12:31:05.032 INFO  ProgressMeter -        chr5:43759416             26.1                294650          11278.9
12:31:15.057 INFO  ProgressMeter -        chr5:44138412             26.3                297120          11301.2
12:31:25.075 INFO  ProgressMeter -        chr5:44492453             26.5                299520          11320.6
12:31:35.091 INFO  ProgressMeter -        chr5:44896491             26.6                302150          11348.4
12:31:45.111 INFO  ProgressMeter -        chr5:45379280             26.8                305080          11387.0
12:31:55.124 INFO  ProgressMeter -        chr5:45870323             27.0                308050          11426.7
12:32:05.130 INFO  ProgressMeter -        chr5:46342513             27.1                311130          11470.0
12:32:15.136 INFO  ProgressMeter -        chr5:47269716             27.3                315470          11558.9
12:32:56.546 INFO  ProgressMeter -        chr5:49601831             28.0                323290          11553.3
12:33:24.286 INFO  ProgressMeter -        chr5:49604082             28.4                323300          11365.9
12:33:44.559 INFO  ProgressMeter -        chr5:49657776             28.8                323590          11242.5
12:34:19.585 INFO  ProgressMeter -        chr5:49659367             29.4                323600          11019.4
12:34:55.361 INFO  ProgressMeter -        chr5:49661520             30.0                323610          10800.4
12:35:08.250 INFO  ProgressMeter -        chr5:49667064             30.2                323630          10724.2
12:35:18.467 INFO  ProgressMeter -        chr5:49974976             30.3                325800          10735.5
12:35:28.472 INFO  ProgressMeter -        chr5:50179753             30.5                327120          10720.1
12:35:38.512 INFO  ProgressMeter -        chr5:50550646             30.7                329610          10742.8
12:35:48.559 INFO  ProgressMeter -        chr5:50922121             30.8                332110          10765.5
12:35:58.585 INFO  ProgressMeter -        chr5:51334883             31.0                334760          10793.0
12:36:08.594 INFO  ProgressMeter -        chr5:51760863             31.2                337530          10824.1
12:36:18.605 INFO  ProgressMeter -        chr5:52113019             31.4                339880          10841.4
12:36:28.605 INFO  ProgressMeter -        chr5:52542390             31.5                342630          10871.4
12:36:38.697 INFO  ProgressMeter -        chr5:52891610             31.7                344970          10887.5
12:36:48.703 INFO  ProgressMeter -        chr5:53295008             31.9                347610          10913.4
12:36:58.719 INFO  ProgressMeter -        chr5:53682222             32.0                350180          10936.7
12:37:08.752 INFO  ProgressMeter -        chr5:54055784             32.2                352670          10957.3
12:37:18.762 INFO  ProgressMeter -        chr5:54430224             32.4                355130          10976.8
12:37:28.804 INFO  ProgressMeter -        chr5:54754575             32.5                357370          10989.2
12:37:38.823 INFO  ProgressMeter -        chr5:55096457             32.7                359620          11001.9
12:37:48.847 INFO  ProgressMeter -        chr5:55483752             32.9                362180          11023.9
12:37:58.862 INFO  ProgressMeter -        chr5:55801230             33.0                364390          11035.1
12:38:08.887 INFO  ProgressMeter -        chr5:56108370             33.2                366410          11040.4
12:38:18.900 INFO  ProgressMeter -        chr5:56427077             33.4                368590          11050.5
12:38:28.925 INFO  ProgressMeter -        chr5:56792695             33.5                371020          11067.9
12:38:38.933 INFO  ProgressMeter -        chr5:57164173             33.7                373560          11088.5
12:38:48.959 INFO  ProgressMeter -        chr5:57558737             33.9                376110          11109.1
12:38:58.961 INFO  ProgressMeter -        chr5:57912226             34.0                378470          11124.0
12:39:08.968 INFO  ProgressMeter -        chr5:58282713             34.2                380960          11142.6
12:39:19.009 INFO  ProgressMeter -        chr5:58515031             34.4                382540          11134.3
12:39:29.030 INFO  ProgressMeter -        chr5:58888308             34.5                385030          11152.6
12:39:39.043 INFO  ProgressMeter -        chr5:59271273             34.7                387560          11171.9
12:39:49.055 INFO  ProgressMeter -        chr5:59660276             34.9                390110          11191.5
12:39:59.061 INFO  ProgressMeter -        chr5:60036174             35.0                392610          11209.6
12:40:09.061 INFO  ProgressMeter -        chr5:60461227             35.2                395200          11230.1
12:40:19.094 INFO  ProgressMeter -        chr5:60892217             35.4                397910          11253.7
12:40:29.101 INFO  ProgressMeter -        chr5:61238701             35.5                400260          11267.0
12:40:39.138 INFO  ProgressMeter -        chr5:61627686             35.7                402730          11283.4
12:40:49.153 INFO  ProgressMeter -        chr5:62042771             35.9                405330          11303.4
12:40:59.159 INFO  ProgressMeter -        chr5:62431444             36.0                407850          11321.0
12:41:09.198 INFO  ProgressMeter -        chr5:62865593             36.2                410660          11346.3
12:41:19.213 INFO  ProgressMeter -        chr5:63264015             36.4                413280          11366.3
12:41:29.225 INFO  ProgressMeter -        chr5:63643350             36.5                415840          11384.4
12:41:39.281 INFO  ProgressMeter -        chr5:64074298             36.7                418630          11408.5
12:41:49.283 INFO  ProgressMeter -        chr5:64505732             36.9                421380          11431.5
12:41:59.287 INFO  ProgressMeter -        chr5:64912380             37.0                423980          11450.2
12:42:09.309 INFO  ProgressMeter -        chr5:65276083             37.2                426380          11463.3
12:42:19.319 INFO  ProgressMeter -        chr5:65636032             37.4                428750          11475.6
12:42:29.319 INFO  ProgressMeter -        chr5:65949074             37.5                430910          11482.2
12:42:39.319 INFO  ProgressMeter -        chr5:66355719             37.7                433450          11498.8
12:42:49.364 INFO  ProgressMeter -        chr5:66684220             37.9                435660          11506.3
12:42:59.377 INFO  ProgressMeter -        chr5:67071764             38.0                438130          11520.7
12:43:09.397 INFO  ProgressMeter -        chr5:67498767             38.2                440790          11540.0
12:43:19.434 INFO  ProgressMeter -        chr5:67811706             38.4                442970          11546.5
12:43:29.444 INFO  ProgressMeter -        chr5:68168213             38.5                445330          11557.8
12:43:39.458 INFO  ProgressMeter -        chr5:68558381             38.7                447760          11570.7
12:43:49.462 INFO  ProgressMeter -        chr5:68932431             38.9                450200          11583.9
12:44:01.644 INFO  ProgressMeter -        chr5:68965018             39.1                450410          11529.0
12:44:29.290 INFO  ProgressMeter -        chr5:68966683             39.5                450420          11394.9
12:44:39.298 INFO  ProgressMeter -        chr5:69306882             39.7                452860          11408.5
12:44:49.320 INFO  ProgressMeter -        chr5:70181964             39.9                457240          11470.6
12:44:59.342 INFO  ProgressMeter -        chr5:71416846             40.0                462920          11564.6
12:45:09.349 INFO  ProgressMeter -        chr5:71799261             40.2                465470          11580.1
12:45:19.365 INFO  ProgressMeter -        chr5:72178679             40.4                468000          11594.8
12:45:29.381 INFO  ProgressMeter -        chr5:72596388             40.5                470570          11610.5
12:45:39.389 INFO  ProgressMeter -        chr5:72980511             40.7                473130          11625.8
12:45:49.399 INFO  ProgressMeter -        chr5:73353161             40.9                475530          11637.1
12:45:59.405 INFO  ProgressMeter -        chr5:73746509             41.0                478080          11651.9
12:46:09.429 INFO  ProgressMeter -        chr5:74102238             41.2                480450          11662.2
12:46:19.432 INFO  ProgressMeter -        chr5:74470422             41.4                482840          11673.0
12:46:29.443 INFO  ProgressMeter -        chr5:74830739             41.5                485190          11682.7
12:46:39.481 INFO  ProgressMeter -        chr5:75321170             41.7                488180          11707.5
12:46:49.494 INFO  ProgressMeter -        chr5:75808573             41.9                491080          11730.1
12:46:59.511 INFO  ProgressMeter -        chr5:76161709             42.0                493430          11739.4
12:47:09.526 INFO  ProgressMeter -        chr5:76307700             42.2                494380          11715.5
12:47:19.816 INFO  ProgressMeter -        chr5:76643646             42.4                496620          11720.9
12:47:29.832 INFO  ProgressMeter -        chr5:77004179             42.5                499020          11731.4
12:47:39.848 INFO  ProgressMeter -        chr5:77414543             42.7                501670          11747.6
12:47:49.858 INFO  ProgressMeter -        chr5:77770688             42.9                504050          11757.4
12:47:59.889 INFO  ProgressMeter -        chr5:78149315             43.0                506510          11768.9
12:48:09.922 INFO  ProgressMeter -        chr5:78488878             43.2                508850          11777.5
12:48:19.947 INFO  ProgressMeter -        chr5:78846388             43.4                511220          11786.7
12:48:29.975 INFO  ProgressMeter -        chr5:79226286             43.5                513800          11800.7
12:48:39.995 INFO  ProgressMeter -        chr5:79689853             43.7                516870          11825.9
12:48:50.014 INFO  ProgressMeter -        chr5:80087382             43.9                519490          11840.6
12:49:00.045 INFO  ProgressMeter -        chr5:80503638             44.0                522270          11858.8
12:49:10.048 INFO  ProgressMeter -        chr5:80915517             44.2                524920          11874.0
12:49:20.068 INFO  ProgressMeter -        chr5:81300150             44.4                527490          11887.2
12:49:30.074 INFO  ProgressMeter -        chr5:81803775             44.5                530510          11910.5
12:49:40.083 INFO  ProgressMeter -        chr5:82237606             44.7                533290          11928.3
12:49:50.097 INFO  ProgressMeter -        chr5:82645797             44.9                535980          11943.8
12:50:00.125 INFO  ProgressMeter -        chr5:83010548             45.0                538480          11955.0
12:50:10.150 INFO  ProgressMeter -        chr5:83433976             45.2                541150          11969.9
12:50:20.166 INFO  ProgressMeter -        chr5:83913208             45.4                544140          11991.8
12:50:30.215 INFO  ProgressMeter -        chr5:84356021             45.5                546950          12009.4
12:50:40.215 INFO  ProgressMeter -        chr5:84826123             45.7                549970          12031.6
12:50:50.232 INFO  ProgressMeter -        chr5:85141662             45.9                552110          12034.5
12:51:00.271 INFO  ProgressMeter -        chr5:85486283             46.0                554540          12043.6
12:51:10.301 INFO  ProgressMeter -        chr5:85830093             46.2                557040          12054.1
12:51:20.317 INFO  ProgressMeter -        chr5:86252441             46.4                559760          12069.4
12:51:30.338 INFO  ProgressMeter -        chr5:86677294             46.5                562500          12084.9
12:51:40.376 INFO  ProgressMeter -        chr5:87077598             46.7                565090          12097.1
12:51:50.378 INFO  ProgressMeter -        chr5:87546748             46.9                567920          12114.4
12:52:00.413 INFO  ProgressMeter -        chr5:88021562             47.0                570770          12131.9
12:52:10.441 INFO  ProgressMeter -        chr5:88464306             47.2                573540          12147.7
12:52:20.451 INFO  ProgressMeter -        chr5:88923017             47.4                576360          12164.4
12:52:30.452 INFO  ProgressMeter -        chr5:89381455             47.5                579140          12180.2
12:52:40.484 INFO  ProgressMeter -        chr5:89797009             47.7                581790          12193.1
12:52:50.521 INFO  ProgressMeter -        chr5:90225331             47.9                584470          12206.5
12:53:00.530 INFO  ProgressMeter -        chr5:90653737             48.0                587190          12220.7
12:53:10.560 INFO  ProgressMeter -        chr5:91117000             48.2                590030          12237.2
12:53:20.582 INFO  ProgressMeter -        chr5:91550440             48.4                592850          12253.3
12:53:30.604 INFO  ProgressMeter -        chr5:91946804             48.6                595470          12265.1
12:53:40.614 INFO  ProgressMeter -        chr5:92369729             48.7                598230          12279.7
12:53:50.631 INFO  ProgressMeter -        chr5:92805543             48.9                600990          12294.2
12:54:00.657 INFO  ProgressMeter -        chr5:93254962             49.1                603770          12309.0
12:54:15.111 INFO  ProgressMeter -        chr5:93491932             49.3                605220          12278.3
12:54:25.140 INFO  ProgressMeter -        chr5:93963698             49.5                608140          12295.8
12:54:35.176 INFO  ProgressMeter -        chr5:94421630             49.6                610930          12310.6
12:54:45.201 INFO  ProgressMeter -        chr5:94865141             49.8                613700          12324.9
12:54:55.228 INFO  ProgressMeter -        chr5:95262876             50.0                616240          12334.5
12:55:05.240 INFO  ProgressMeter -        chr5:95662983             50.1                618720          12343.0
12:55:15.261 INFO  ProgressMeter -        chr5:96091322             50.3                621390          12355.1
12:55:25.285 INFO  ProgressMeter -        chr5:96495432             50.5                623960          12365.1
12:55:35.301 INFO  ProgressMeter -        chr5:96808105             50.6                626050          12365.6
12:55:45.313 INFO  ProgressMeter -        chr5:97143584             50.8                628260          12368.5
12:55:55.334 INFO  ProgressMeter -        chr5:97467125             51.0                630520          12372.3
12:56:05.353 INFO  ProgressMeter -        chr5:97812389             51.1                632890          12378.2
12:56:15.357 INFO  ProgressMeter -        chr5:98157731             51.3                635240          12383.8
12:56:25.371 INFO  ProgressMeter -        chr5:98547419             51.5                637790          12393.2
12:56:35.371 INFO  ProgressMeter -        chr5:98975298             51.6                640450          12404.7
12:56:45.382 INFO  ProgressMeter -        chr5:99402302             51.8                643080          12415.5
12:56:55.411 INFO  ProgressMeter -        chr5:99769489             52.0                645670          12425.4
12:57:05.422 INFO  ProgressMeter -       chr5:100025953             52.1                647510          12421.0
12:57:15.457 INFO  ProgressMeter -       chr5:100387298             52.3                650020          12429.2
12:57:25.481 INFO  ProgressMeter -       chr5:100755964             52.5                652430          12435.6
12:57:35.493 INFO  ProgressMeter -       chr5:101137760             52.6                654870          12442.5
12:57:45.522 INFO  ProgressMeter -       chr5:101546133             52.8                657460          12452.2
12:57:55.552 INFO  ProgressMeter -       chr5:101903868             53.0                659820          12457.4
12:58:05.559 INFO  ProgressMeter -       chr5:102264189             53.1                662280          12464.6
12:58:15.608 INFO  ProgressMeter -       chr5:102588205             53.3                664470          12466.6
12:58:25.620 INFO  ProgressMeter -       chr5:102935311             53.5                666750          12470.3
12:58:35.649 INFO  ProgressMeter -       chr5:103309107             53.6                669230          12477.7
12:58:45.672 INFO  ProgressMeter -       chr5:103721079             53.8                671810          12486.9
12:58:55.674 INFO  ProgressMeter -       chr5:104124519             54.0                674490          12498.0
12:59:05.703 INFO  ProgressMeter -       chr5:104509904             54.1                677090          12507.4
12:59:15.742 INFO  ProgressMeter -       chr5:104797579             54.3                679050          12505.0
12:59:25.756 INFO  ProgressMeter -       chr5:105205623             54.5                681850          12518.1
12:59:35.767 INFO  ProgressMeter -       chr5:105660634             54.6                684760          12533.1
12:59:45.768 INFO  ProgressMeter -       chr5:106098535             54.8                687550          12545.9
12:59:55.796 INFO  ProgressMeter -       chr5:106513713             55.0                690200          12555.9
13:00:05.800 INFO  ProgressMeter -       chr5:106878002             55.1                692670          12562.8
13:00:15.826 INFO  ProgressMeter -       chr5:107284271             55.3                695180          12570.2
13:00:25.845 INFO  ProgressMeter -       chr5:107667886             55.5                697630          12576.5
13:00:35.869 INFO  ProgressMeter -       chr5:107979173             55.6                699730          12576.5
13:00:45.886 INFO  ProgressMeter -       chr5:108349340             55.8                702210          12583.3
13:00:55.919 INFO  ProgressMeter -       chr5:108775294             56.0                704810          12592.2
13:01:05.939 INFO  ProgressMeter -       chr5:109254316             56.1                707620          12604.8
13:01:15.987 INFO  ProgressMeter -       chr5:109652639             56.3                710160          12612.4
13:01:26.004 INFO  ProgressMeter -       chr5:110057571             56.5                712770          12621.3
13:01:36.037 INFO  ProgressMeter -       chr5:110354758             56.6                714860          12621.0
13:01:46.067 INFO  ProgressMeter -       chr5:110765605             56.8                717490          12630.1
13:01:56.070 INFO  ProgressMeter -       chr5:111134229             57.0                719930          12636.0
13:02:06.106 INFO  ProgressMeter -       chr5:111476593             57.1                722220          12639.1
13:02:16.109 INFO  ProgressMeter -       chr5:111855746             57.3                724680          12645.2
13:02:26.114 INFO  ProgressMeter -       chr5:112262539             57.5                727270          12653.6
13:02:36.237 INFO  ProgressMeter -       chr5:112596546             57.6                729570          12656.5
13:02:46.267 INFO  ProgressMeter -       chr5:112974129             57.8                732100          12663.6
13:02:56.267 INFO  ProgressMeter -       chr5:113282099             58.0                734220          12663.8
13:03:06.390 INFO  ProgressMeter -       chr5:113658330             58.1                736650          12668.9
13:03:16.403 INFO  ProgressMeter -       chr5:113981453             58.3                738950          12672.0
13:03:26.427 INFO  ProgressMeter -       chr5:114316772             58.5                741230          12674.8
13:03:36.431 INFO  ProgressMeter -       chr5:114690391             58.6                743660          12680.2
13:03:46.782 INFO  ProgressMeter -       chr5:115073793             58.8                746180          12685.9
13:03:56.951 INFO  ProgressMeter -       chr5:115402193             59.0                748270          12684.9
13:04:06.968 INFO  ProgressMeter -       chr5:115710391             59.2                750380          12684.7
13:04:17.201 INFO  ProgressMeter -       chr5:116047729             59.3                752610          12685.9
13:04:27.240 INFO  ProgressMeter -       chr5:116374159             59.5                754830          12687.5
13:04:37.292 INFO  ProgressMeter -       chr5:116753614             59.7                757300          12693.3
13:04:47.325 INFO  ProgressMeter -       chr5:117129964             59.8                759800          12699.6
13:04:57.344 INFO  ProgressMeter -       chr5:117497717             60.0                762290          12705.7
13:05:07.396 INFO  ProgressMeter -       chr5:117944685             60.2                765130          12717.6
13:05:17.405 INFO  ProgressMeter -       chr5:118236790             60.3                767220          12717.0
13:05:27.590 INFO  ProgressMeter -       chr5:118538667             60.5                769320          12716.1
13:05:37.592 INFO  ProgressMeter -       chr5:118933926             60.7                771860          12723.0
13:05:47.595 INFO  ProgressMeter -       chr5:119325421             60.8                774310          12728.4
13:05:57.605 INFO  ProgressMeter -       chr5:119694853             61.0                776740          12733.4
13:06:07.617 INFO  ProgressMeter -       chr5:120042489             61.2                779080          12736.9
13:06:17.647 INFO  ProgressMeter -       chr5:120471008             61.3                781680          12744.6
13:06:27.692 INFO  ProgressMeter -       chr5:120813046             61.5                784070          12748.8
13:06:37.692 INFO  ProgressMeter -       chr5:121216982             61.7                786740          12757.6
13:06:47.734 INFO  ProgressMeter -       chr5:121567643             61.8                789170          12762.4
13:06:57.735 INFO  ProgressMeter -       chr5:121932067             62.0                791550          12766.5
13:07:07.746 INFO  ProgressMeter -       chr5:122433529             62.2                794620          12781.6
13:07:17.755 INFO  ProgressMeter -       chr5:122810145             62.3                797110          12787.3
13:07:27.798 INFO  ProgressMeter -       chr5:123172526             62.5                799570          12792.4
13:07:37.817 INFO  ProgressMeter -       chr5:123620516             62.7                802330          12802.4
13:07:47.843 INFO  ProgressMeter -       chr5:123999525             62.8                804820          12808.0
13:07:57.866 INFO  ProgressMeter -       chr5:124358994             63.0                807280          12813.1
13:08:07.869 INFO  ProgressMeter -       chr5:124737622             63.2                809780          12818.8
13:08:17.980 INFO  ProgressMeter -       chr5:125142557             63.3                812330          12825.0
13:08:28.030 INFO  ProgressMeter -       chr5:125472640             63.5                814580          12826.6
13:08:38.077 INFO  ProgressMeter -       chr5:125855943             63.7                817130          12832.9
13:08:48.100 INFO  ProgressMeter -       chr5:126187413             63.8                819440          12835.5
13:08:58.113 INFO  ProgressMeter -       chr5:126521431             64.0                821670          12836.9
13:09:08.123 INFO  ProgressMeter -       chr5:126869498             64.2                824130          12841.8
13:09:18.131 INFO  ProgressMeter -       chr5:127277167             64.3                826740          12849.1
13:09:28.141 INFO  ProgressMeter -       chr5:127659125             64.5                829190          12853.9
13:09:38.144 INFO  ProgressMeter -       chr5:128029876             64.7                831590          12857.8
13:09:48.146 INFO  ProgressMeter -       chr5:128483466             64.8                834430          12868.6
13:09:58.152 INFO  ProgressMeter -       chr5:128901395             65.0                837090          12876.5
13:10:08.184 INFO  ProgressMeter -       chr5:129216775             65.2                839140          12874.9
13:10:18.185 INFO  ProgressMeter -       chr5:129640843             65.3                841820          12883.1
13:10:28.217 INFO  ProgressMeter -       chr5:130061764             65.5                844560          12892.0
13:10:38.238 INFO  ProgressMeter -       chr5:130514464             65.7                847350          12901.7
13:10:48.259 INFO  ProgressMeter -       chr5:130959077             65.8                850080          12910.4
13:10:58.272 INFO  ProgressMeter -       chr5:131394512             66.0                852840          12919.6
13:11:08.272 INFO  ProgressMeter -       chr5:131830472             66.2                855620          12929.1
13:11:18.284 INFO  ProgressMeter -       chr5:132240068             66.3                858260          12936.4
13:11:28.315 INFO  ProgressMeter -       chr5:132586531             66.5                860550          12938.3
13:11:38.321 INFO  ProgressMeter -       chr5:132981653             66.7                863150          12944.9
13:11:48.361 INFO  ProgressMeter -       chr5:133401068             66.8                865840          12952.7
13:11:58.412 INFO  ProgressMeter -       chr5:133782335             67.0                868290          12956.9
13:12:08.469 INFO  ProgressMeter -       chr5:134104799             67.2                870550          12958.2
13:12:18.483 INFO  ProgressMeter -       chr5:134541339             67.3                873310          12967.1
13:12:28.482 INFO  ProgressMeter -       chr5:134997252             67.5                876240          12978.5
13:12:38.583 INFO  ProgressMeter -       chr5:135414395             67.7                878880          12985.2
13:12:48.608 INFO  ProgressMeter -       chr5:135768717             67.9                881310          12989.1
13:12:58.630 INFO  ProgressMeter -       chr5:136089859             68.0                883480          12989.1
13:13:08.643 INFO  ProgressMeter -       chr5:136458948             68.2                885930          12993.2
13:13:18.643 INFO  ProgressMeter -       chr5:136831561             68.4                888440          12998.2
13:13:28.667 INFO  ProgressMeter -       chr5:137214639             68.5                890990          13003.8
13:13:38.677 INFO  ProgressMeter -       chr5:137518446             68.7                892990          13001.3
13:13:48.714 INFO  ProgressMeter -       chr5:137922288             68.9                895470          13005.7
13:13:58.717 INFO  ProgressMeter -       chr5:138342639             69.0                898210          13014.0
13:14:08.725 INFO  ProgressMeter -       chr5:138740374             69.2                900840          13020.7
13:14:18.740 INFO  ProgressMeter -       chr5:139120221             69.4                903320          13025.1
13:14:35.762 INFO  ProgressMeter -       chr5:139451948             69.6                905530          13003.8
13:14:59.088 INFO  ProgressMeter -       chr5:139453609             70.0                905540          12931.7
13:15:11.602 INFO  ProgressMeter -       chr5:139455144             70.2                905550          12893.4
13:15:21.627 INFO  ProgressMeter -       chr5:139921705             70.4                908440          12903.9
13:15:31.647 INFO  ProgressMeter -       chr5:140361823             70.6                911110          12911.2
13:15:41.675 INFO  ProgressMeter -       chr5:140819492             70.7                913970          12921.1
13:15:51.726 INFO  ProgressMeter -       chr5:141229210             70.9                916620          12928.0
13:16:01.762 INFO  ProgressMeter -       chr5:141718892             71.1                919610          12939.6
13:16:11.804 INFO  ProgressMeter -       chr5:142066776             71.2                921950          12942.1
13:16:21.824 INFO  ProgressMeter -       chr5:142423351             71.4                924430          12946.5
13:16:31.846 INFO  ProgressMeter -       chr5:142848090             71.6                927130          12954.0
13:16:41.885 INFO  ProgressMeter -       chr5:143245154             71.7                929640          12958.8
13:16:51.925 INFO  ProgressMeter -       chr5:143614281             71.9                931990          12961.3
13:17:02.000 INFO  ProgressMeter -       chr5:143981191             72.1                934400          12964.6
13:17:12.003 INFO  ProgressMeter -       chr5:144377260             72.2                936960          12970.1
13:17:22.012 INFO  ProgressMeter -       chr5:144739748             72.4                939390          12973.8
13:17:32.037 INFO  ProgressMeter -       chr5:145088561             72.6                941820          12977.4
13:17:42.081 INFO  ProgressMeter -       chr5:145452627             72.7                944280          12981.3
13:17:52.093 INFO  ProgressMeter -       chr5:145877316             72.9                946920          12987.8
13:18:02.111 INFO  ProgressMeter -       chr5:146212396             73.1                949210          12989.5
13:18:12.138 INFO  ProgressMeter -       chr5:146602542             73.2                951770          12994.8
13:18:22.140 INFO  ProgressMeter -       chr5:147001757             73.4                954360          13000.6
13:18:32.150 INFO  ProgressMeter -       chr5:147363039             73.6                956810          13004.4
13:18:42.176 INFO  ProgressMeter -       chr5:147805346             73.7                959580          13012.5
13:18:52.335 INFO  ProgressMeter -       chr5:148168282             73.9                962010          13015.6
13:19:02.348 INFO  ProgressMeter -       chr5:148569509             74.1                964450          13019.2
13:19:12.365 INFO  ProgressMeter -       chr5:148957486             74.2                966930          13023.3
13:19:22.396 INFO  ProgressMeter -       chr5:149337779             74.4                969380          13027.0
13:19:42.540 INFO  ProgressMeter -       chr5:149655958             74.7                971420          12995.8
13:19:52.562 INFO  ProgressMeter -       chr5:150037987             74.9                973990          13001.1
13:20:02.643 INFO  ProgressMeter -       chr5:150430032             75.1                976530          13005.8
13:20:12.659 INFO  ProgressMeter -       chr5:150869481             75.3                979300          13013.8
13:20:22.694 INFO  ProgressMeter -       chr5:151236938             75.4                981700          13016.7
13:20:33.279 INFO  ProgressMeter -       chr5:151614021             75.6                984090          13018.0
13:20:43.286 INFO  ProgressMeter -       chr5:152050112             75.8                986810          13025.2
13:20:53.314 INFO  ProgressMeter -       chr5:152413554             75.9                989180          13027.8
13:21:03.345 INFO  ProgressMeter -       chr5:152705491             76.1                991320          13027.3
13:21:13.365 INFO  ProgressMeter -       chr5:153082770             76.3                993860          13032.0
13:21:23.394 INFO  ProgressMeter -       chr5:153368189             76.4                995850          13029.6
13:21:33.405 INFO  ProgressMeter -       chr5:153698145             76.6                998050          13029.9
13:21:43.420 INFO  ProgressMeter -       chr5:154089498             76.8               1000530          13033.9
13:21:53.456 INFO  ProgressMeter -       chr5:154484072             76.9               1003090          13038.8
13:22:03.463 INFO  ProgressMeter -       chr5:154896464             77.1               1005750          13045.1
13:22:13.495 INFO  ProgressMeter -       chr5:155322628             77.3               1008410          13051.3
13:22:25.116 INFO  ProgressMeter -       chr5:155762224             77.5               1011140          13053.9
13:22:35.125 INFO  ProgressMeter -       chr5:156213023             77.6               1013930          13061.8
13:22:45.161 INFO  ProgressMeter -       chr5:156616660             77.8               1016510          13066.9
13:22:55.167 INFO  ProgressMeter -       chr5:156974140             78.0               1018920          13069.9
13:23:05.186 INFO  ProgressMeter -       chr5:157323802             78.1               1021280          13072.1
13:23:15.192 INFO  ProgressMeter -       chr5:157704751             78.3               1023790          13076.4
13:23:25.265 INFO  ProgressMeter -       chr5:158025987             78.5               1026020          13076.8
13:23:35.283 INFO  ProgressMeter -       chr5:158426277             78.6               1028590          13081.7
13:23:45.289 INFO  ProgressMeter -       chr5:158830593             78.8               1031150          13086.5
13:23:55.303 INFO  ProgressMeter -       chr5:159211689             79.0               1033570          13089.5
13:24:05.327 INFO  ProgressMeter -       chr5:159601366             79.1               1036100          13093.8
13:24:15.341 INFO  ProgressMeter -       chr5:160014090             79.3               1038670          13098.7
13:24:25.368 INFO  ProgressMeter -       chr5:160395455             79.5               1041280          13104.0
13:24:47.638 INFO  ProgressMeter -       chr5:160505439             79.8               1042020          13052.3
13:24:57.675 INFO  ProgressMeter -       chr5:160846259             80.0               1044270          13053.2
13:25:07.686 INFO  ProgressMeter -       chr5:161204810             80.2               1046760          13057.1
13:25:17.720 INFO  ProgressMeter -       chr5:161618367             80.3               1049430          13063.1
13:25:27.729 INFO  ProgressMeter -       chr5:162025162             80.5               1052080          13069.0
13:25:37.750 INFO  ProgressMeter -       chr5:162429872             80.7               1054740          13074.9
13:25:47.766 INFO  ProgressMeter -       chr5:162787623             80.8               1057180          13078.1
13:25:57.773 INFO  ProgressMeter -       chr5:163191341             81.0               1059820          13083.7
13:26:07.778 INFO  ProgressMeter -       chr5:163569810             81.2               1062330          13087.8
13:26:17.827 INFO  ProgressMeter -       chr5:163922986             81.3               1064740          13090.5
13:26:27.827 INFO  ProgressMeter -       chr5:164313158             81.5               1067260          13094.6
13:26:37.841 INFO  ProgressMeter -       chr5:164737270             81.7               1070020          13101.6
13:26:47.865 INFO  ProgressMeter -       chr5:165117474             81.8               1072600          13106.4
13:26:57.891 INFO  ProgressMeter -       chr5:165508595             82.0               1075250          13112.0
13:27:07.894 INFO  ProgressMeter -       chr5:165928531             82.2               1078010          13119.0
13:27:17.901 INFO  ProgressMeter -       chr5:166330315             82.3               1080730          13125.5
13:27:27.920 INFO  ProgressMeter -       chr5:166722237             82.5               1083320          13130.3
13:27:37.949 INFO  ProgressMeter -       chr5:167123865             82.7               1086000          13136.2
13:27:47.951 INFO  ProgressMeter -       chr5:167548441             82.8               1088710          13142.4
13:27:57.956 INFO  ProgressMeter -       chr5:167947241             83.0               1091380          13148.2
13:28:07.964 INFO  ProgressMeter -       chr5:168351662             83.2               1094030          13153.7
13:28:18.032 INFO  ProgressMeter -       chr5:168746369             83.3               1096580          13157.8
13:28:28.133 INFO  ProgressMeter -       chr5:169134787             83.5               1098990          13160.2
13:28:38.145 INFO  ProgressMeter -       chr5:169515265             83.7               1101460          13163.4
13:28:48.160 INFO  ProgressMeter -       chr5:169936195             83.8               1104110          13168.8
13:28:58.164 INFO  ProgressMeter -       chr5:170319693             84.0               1106600          13172.3
13:29:08.185 INFO  ProgressMeter -       chr5:170673048             84.2               1108940          13174.0
13:29:18.189 INFO  ProgressMeter -       chr5:170988630             84.3               1110950          13171.8
13:29:28.206 INFO  ProgressMeter -       chr5:171457690             84.5               1113890          13180.5
13:29:38.237 INFO  ProgressMeter -       chr5:171838471             84.7               1116400          13184.2
13:29:48.259 INFO  ProgressMeter -       chr5:172239406             84.8               1119040          13189.3
13:30:17.687 INFO  ProgressMeter -       chr5:172598172             85.3               1121440          13141.6
13:30:27.702 INFO  ProgressMeter -       chr5:172939503             85.5               1123810          13143.7
13:30:37.709 INFO  ProgressMeter -       chr5:173322210             85.7               1126400          13148.4
13:30:47.738 INFO  ProgressMeter -       chr5:173680436             85.8               1128740          13150.0
13:31:01.426 INFO  ProgressMeter -       chr5:173812146             86.1               1129680          13126.1
13:31:11.427 INFO  ProgressMeter -       chr5:174192979             86.2               1132160          13129.5
13:31:21.452 INFO  ProgressMeter -       chr5:174533412             86.4               1134450          13130.6
13:31:31.456 INFO  ProgressMeter -       chr5:174897284             86.6               1137030          13135.1
13:31:41.477 INFO  ProgressMeter -       chr5:175308810             86.7               1139700          13140.6
13:31:51.495 INFO  ProgressMeter -       chr5:175739284             86.9               1142470          13147.2
13:32:01.528 INFO  ProgressMeter -       chr5:176123690             87.1               1145120          13152.4
13:32:11.539 INFO  ProgressMeter -       chr5:176549458             87.2               1148020          13160.5
13:32:21.573 INFO  ProgressMeter -       chr5:176792641             87.4               1149680          13154.3
13:32:31.594 INFO  ProgressMeter -       chr5:177118352             87.6               1151760          13153.0
13:32:41.637 INFO  ProgressMeter -       chr5:177582467             87.7               1154740          13161.8
13:32:51.655 INFO  ProgressMeter -       chr5:178007921             87.9               1157580          13169.1
13:33:01.663 INFO  ProgressMeter -       chr5:178333426             88.1               1159910          13170.7
13:33:32.304 INFO  ProgressMeter -       chr5:178359724             88.6               1160090          13096.8
13:33:42.304 INFO  ProgressMeter -       chr5:178722264             88.7               1162550          13099.9
13:33:52.350 INFO  ProgressMeter -       chr5:178997935             88.9               1164610          13098.4
13:34:02.358 INFO  ProgressMeter -       chr5:179433859             89.1               1167570          13107.1
13:34:12.362 INFO  ProgressMeter -       chr5:179790361             89.2               1170120          13111.2
13:34:22.392 INFO  ProgressMeter -       chr5:180173154             89.4               1172760          13116.2
13:34:32.416 INFO  ProgressMeter -       chr5:180531693             89.6               1175220          13119.2
13:34:42.444 INFO  ProgressMeter -       chr5:180866472             89.7               1177470          13119.8
13:34:52.444 INFO  ProgressMeter -       chr5:181517129             89.9               1181190          13136.9
13:34:52.478 INFO  HaplotypeCaller - 1041135 read(s) filtered by: MappingQualityReadFilter 
0 read(s) filtered by: MappingQualityAvailableReadFilter 
0 read(s) filtered by: MappedReadFilter 
0 read(s) filtered by: NotSecondaryAlignmentReadFilter 
363977 read(s) filtered by: NotDuplicateReadFilter 
0 read(s) filtered by: PassesVendorQualityCheckReadFilter 
0 read(s) filtered by: NonZeroReferenceLengthAlignmentReadFilter 
0 read(s) filtered by: GoodCigarReadFilter 
0 read(s) filtered by: WellformedReadFilter 
1405112 total reads filtered out of 8204565 reads processed
13:34:52.478 INFO  ProgressMeter -       chr5:181538129             89.9               1181260          13137.6
13:34:52.478 INFO  ProgressMeter - Traversal complete. Processed 1181260 total regions in 89.9 minutes.
13:34:52.626 INFO  VectorLoglessPairHMM - Time spent in setup for JNI call : 1.3027128330000002
13:34:52.627 INFO  PairHMM - Total compute time in PairHMM computeLogLikelihoods() : 415.28465803700004
13:34:52.627 INFO  SmithWatermanAligner - Total compute time in java Smith-Waterman : 602.67 sec
13:34:52.628 INFO  HaplotypeCaller - Shutting down engine
[May 3, 2024 at 1:34:52 PM UTC] org.broadinstitute.hellbender.tools.walkers.haplotypecaller.HaplotypeCaller done. Elapsed time: 89.94 minutes.
Runtime.totalMemory()=836763648
Stage 4: Completed chrom chr5
