Using GATK jar /export/approved/gatk-4.5.0.0/gatk-package-4.5.0.0-local.jar
Running:
    java -Dsamjdk.use_async_io_read_samtools=false -Dsamjdk.use_async_io_write_samtools=true -Dsamjdk.use_async_io_write_tribble=false -Dsamjdk.compression_level=2 -Xmx40G -XX:+UseParallelGC -XX:ParallelGCThreads=2 -jar /export/approved/gatk-4.5.0.0/gatk-package-4.5.0.0-local.jar HaplotypeCaller -R /export/home/andrew/genome/hg38_v0_20231023/Homo_sapiens_assembly38.fasta -I analysis_onelane.sorted.final.bam -L chr12 -O called.chr12.recal.g.vcf.gz -G StandardAnnotation -G StandardHCAnnotation -GQB 10 -GQB 20 -GQB 30 -GQB 40 -GQB 50 -GQB 60 -GQB 70 -GQB 80 -GQB 90 --native-pair-hmm-threads 8 -ERC GVCF
12:04:55.951 WARN  GATKAnnotationPluginDescriptor - Redundant enabled annotation group (StandardAnnotation) is enabled for this tool by default
12:04:55.960 WARN  GATKAnnotationPluginDescriptor - Redundant enabled annotation group (StandardHCAnnotation) is enabled for this tool by default
12:04:56.070 INFO  NativeLibraryLoader - Loading libgkl_compression.so from jar:file:/export/approved/gatk-4.5.0.0/gatk-package-4.5.0.0-local.jar!/com/intel/gkl/native/libgkl_compression.so
12:04:56.532 INFO  HaplotypeCaller - ------------------------------------------------------------
12:04:56.540 INFO  HaplotypeCaller - The Genome Analysis Toolkit (GATK) v4.5.0.0
12:04:56.541 INFO  HaplotypeCaller - For support and documentation go to https://software.broadinstitute.org/gatk/
12:04:56.541 INFO  HaplotypeCaller - Executing as andrew@compute-0-7 on Linux v5.15.0-75-generic amd64
12:04:56.541 INFO  HaplotypeCaller - Java runtime: OpenJDK 64-Bit Server VM v19.0.2+7-Ubuntu-0ubuntu322.04
12:04:56.542 INFO  HaplotypeCaller - Start Date/Time: May 3, 2024 at 12:04:55 PM UTC
12:04:56.542 INFO  HaplotypeCaller - ------------------------------------------------------------
12:04:56.542 INFO  HaplotypeCaller - ------------------------------------------------------------
12:04:56.543 INFO  HaplotypeCaller - HTSJDK Version: 4.1.0
12:04:56.544 INFO  HaplotypeCaller - Picard Version: 3.1.1
12:04:56.544 INFO  HaplotypeCaller - Built for Spark Version: 3.5.0
12:04:56.544 INFO  HaplotypeCaller - HTSJDK Defaults.COMPRESSION_LEVEL : 2
12:04:56.545 INFO  HaplotypeCaller - HTSJDK Defaults.USE_ASYNC_IO_READ_FOR_SAMTOOLS : false
12:04:56.545 INFO  HaplotypeCaller - HTSJDK Defaults.USE_ASYNC_IO_WRITE_FOR_SAMTOOLS : true
12:04:56.545 INFO  HaplotypeCaller - HTSJDK Defaults.USE_ASYNC_IO_WRITE_FOR_TRIBBLE : false
12:04:56.546 INFO  HaplotypeCaller - Deflater: IntelDeflater
12:04:56.546 INFO  HaplotypeCaller - Inflater: IntelInflater
12:04:56.546 INFO  HaplotypeCaller - GCS max retries/reopens: 20
12:04:56.546 INFO  HaplotypeCaller - Requester pays: disabled
12:04:56.547 INFO  HaplotypeCaller - Initializing engine
12:04:57.169 INFO  IntervalArgumentCollection - Processing 133275309 bp from intervals
12:04:57.194 INFO  HaplotypeCaller - Done initializing engine
12:04:57.197 INFO  HaplotypeCallerEngine - Tool is in reference confidence mode and the annotation, the following changes will be made to any specified annotations: 'StrandBiasBySample' will be enabled. 'ChromosomeCounts', 'FisherStrand', 'StrandOddsRatio' and 'QualByDepth' annotations have been disabled
12:04:57.324 INFO  NativeLibraryLoader - Loading libgkl_utils.so from jar:file:/export/approved/gatk-4.5.0.0/gatk-package-4.5.0.0-local.jar!/com/intel/gkl/native/libgkl_utils.so
12:04:57.334 INFO  SmithWatermanAligner - AVX accelerated SmithWaterman implementation is not supported, falling back to the Java implementation
12:04:57.338 INFO  HaplotypeCallerEngine - Standard Emitting and Calling confidence set to -0.0 for reference-model confidence output
12:04:57.338 INFO  HaplotypeCallerEngine - All sites annotated with PLs forced to true for reference-model confidence output
12:04:57.353 INFO  NativeLibraryLoader - Loading libgkl_pairhmm_omp.so from jar:file:/export/approved/gatk-4.5.0.0/gatk-package-4.5.0.0-local.jar!/com/intel/gkl/native/libgkl_pairhmm_omp.so
12:04:57.380 INFO  IntelPairHmm - Flush-to-zero (FTZ) is enabled when running PairHMM
12:04:57.380 INFO  IntelPairHmm - Available threads: 10
12:04:57.380 INFO  IntelPairHmm - Requested threads: 8
12:04:57.380 INFO  PairHMM - Using the OpenMP multi-threaded AVX-accelerated native PairHMM implementation
12:04:57.511 INFO  ProgressMeter - Starting traversal
12:04:57.512 INFO  ProgressMeter -        Current Locus  Elapsed Minutes     Regions Processed   Regions/Minute
12:05:00.027 WARN  InbreedingCoeff - InbreedingCoeff will not be calculated at position chr12:12423 and possibly subsequent; at least 10 samples must have called genotypes
12:05:06.666 WARN  DepthPerSampleHC - Annotation will not be calculated at position chr12:76086 and possibly subsequent; genotype for sample analysis_onelane is not called
12:05:06.667 WARN  StrandBiasBySample - Annotation will not be calculated at position chr12:76086 and possibly subsequent; genotype for sample analysis_onelane is not called
12:05:07.544 INFO  ProgressMeter -         chr12:108780              0.2                   710           4247.3
12:05:17.557 INFO  ProgressMeter -         chr12:411700              0.3                  2780           8322.1
12:05:31.998 INFO  ProgressMeter -         chr12:513077              0.6                  3490           6072.2
12:05:42.037 INFO  ProgressMeter -         chr12:842767              0.7                  5730           7721.7
12:05:52.068 INFO  ProgressMeter -        chr12:1202444              0.9                  8170           8985.6
12:06:02.070 INFO  ProgressMeter -        chr12:1577612              1.1                 10660           9907.5
12:06:12.115 INFO  ProgressMeter -        chr12:1913208              1.2                 12940          10407.2
12:06:22.132 INFO  ProgressMeter -        chr12:2277720              1.4                 15340          10877.1
12:06:36.214 INFO  ProgressMeter -        chr12:2438618              1.6                 16380           9957.3
12:06:49.358 INFO  ProgressMeter -        chr12:2720161              1.9                 18350           9844.0
12:06:59.377 INFO  ProgressMeter -        chr12:2894927              2.0                 19520           9610.7
12:07:09.403 INFO  ProgressMeter -        chr12:3222027              2.2                 21870           9949.2
12:07:19.411 INFO  ProgressMeter -        chr12:3562957              2.4                 24230          10245.5
12:07:29.430 INFO  ProgressMeter -        chr12:3887922              2.5                 26390          10422.8
12:07:39.446 INFO  ProgressMeter -        chr12:4279761              2.7                 28920          10715.5
12:07:49.448 INFO  ProgressMeter -        chr12:4673484              2.9                 31470          10982.1
12:07:59.481 INFO  ProgressMeter -        chr12:5002497              3.0                 33720          11118.5
12:08:09.488 INFO  ProgressMeter -        chr12:5362678              3.2                 36150          11298.4
12:08:19.498 INFO  ProgressMeter -        chr12:5660654              3.4                 38190          11344.5
12:08:29.504 INFO  ProgressMeter -        chr12:5993702              3.5                 40480          11457.1
12:08:39.533 INFO  ProgressMeter -        chr12:6385125              3.7                 43180          11669.2
12:08:49.556 INFO  ProgressMeter -        chr12:6787754              3.9                 45950          11881.4
12:09:15.503 INFO  ProgressMeter -        chr12:7085549              4.3                 47890          11137.7
12:09:25.533 INFO  ProgressMeter -        chr12:7502579              4.5                 50560          11318.6
12:09:35.543 INFO  ProgressMeter -        chr12:7825551              4.6                 52940          11424.7
12:09:45.594 INFO  ProgressMeter -        chr12:8176241              4.8                 55390          11536.3
12:09:55.623 INFO  ProgressMeter -        chr12:8396868              5.0                 57060          11484.4
12:10:05.631 INFO  ProgressMeter -        chr12:8790496              5.1                 59590          11604.0
12:10:15.645 INFO  ProgressMeter -        chr12:9166981              5.3                 62170          11725.4
12:10:25.668 INFO  ProgressMeter -        chr12:9467043              5.5                 64350          11765.8
12:10:35.701 INFO  ProgressMeter -        chr12:9861807              5.6                 66760          11844.3
12:10:45.715 INFO  ProgressMeter -       chr12:10156313              5.8                 68790          11853.5
12:10:55.728 INFO  ProgressMeter -       chr12:10483336              6.0                 71170          11920.8
12:11:05.732 INFO  ProgressMeter -       chr12:10768785              6.1                 73180          11924.4
12:11:15.762 INFO  ProgressMeter -       chr12:11068747              6.3                 75190          11927.1
12:11:25.762 INFO  ProgressMeter -       chr12:11215629              6.5                 76260          11785.2
12:11:35.775 INFO  ProgressMeter -       chr12:11599772              6.6                 78830          11876.1
12:11:45.783 INFO  ProgressMeter -       chr12:11963538              6.8                 81270          11943.6
12:11:55.820 INFO  ProgressMeter -       chr12:12244608              7.0                 83110          11920.9
12:12:07.360 INFO  ProgressMeter -       chr12:12591496              7.2                 85420          11923.3
12:12:17.416 INFO  ProgressMeter -       chr12:12955830              7.3                 87970          11998.6
12:12:39.369 INFO  ProgressMeter -       chr12:13141315              7.7                 89230          11591.9
12:12:49.369 INFO  ProgressMeter -       chr12:13504262              7.9                 91740          11665.4
12:12:59.373 INFO  ProgressMeter -       chr12:13875810              8.0                 94260          11737.0
12:13:09.378 INFO  ProgressMeter -       chr12:14277540              8.2                 96910          11821.5
12:13:19.406 INFO  ProgressMeter -       chr12:14688981              8.4                 99700          11918.9
12:13:29.437 INFO  ProgressMeter -       chr12:15063091              8.5                102180          11976.0
12:13:39.459 INFO  ProgressMeter -       chr12:15470843              8.7                104830          12050.7
12:13:49.497 INFO  ProgressMeter -       chr12:15927753              8.9                107780          12156.0
12:13:59.520 INFO  ProgressMeter -       chr12:16289604              9.0                110160          12194.7
12:14:09.521 INFO  ProgressMeter -       chr12:16672215              9.2                112750          12255.3
12:14:19.530 INFO  ProgressMeter -       chr12:17114721              9.4                115610          12342.3
12:14:29.549 INFO  ProgressMeter -       chr12:17530386              9.5                118420          12420.9
12:14:39.552 INFO  ProgressMeter -       chr12:17861270              9.7                120790          12451.7
12:14:49.574 INFO  ProgressMeter -       chr12:18269269              9.9                123440          12509.5
12:14:59.630 INFO  ProgressMeter -       chr12:18664683             10.0                126090          12564.7
12:15:09.637 INFO  ProgressMeter -       chr12:19063695             10.2                128830          12627.8
12:15:19.662 INFO  ProgressMeter -       chr12:19486920             10.4                131690          12700.2
12:15:29.682 INFO  ProgressMeter -       chr12:19846922             10.5                134170          12734.3
12:15:39.692 INFO  ProgressMeter -       chr12:20203166             10.7                136570          12760.0
12:15:49.777 INFO  ProgressMeter -       chr12:20593141             10.9                139200          12804.6
12:15:59.782 INFO  ProgressMeter -       chr12:20869345             11.0                141250          12796.9
12:16:09.801 INFO  ProgressMeter -       chr12:21223572             11.2                143750          12829.3
12:16:19.837 INFO  ProgressMeter -       chr12:21582188             11.4                146200          12856.1
12:16:29.867 INFO  ProgressMeter -       chr12:21960424             11.5                148700          12886.5
12:16:39.890 INFO  ProgressMeter -       chr12:22326506             11.7                151210          12917.0
12:16:49.899 INFO  ProgressMeter -       chr12:22719194             11.9                153780          12952.0
12:16:59.925 INFO  ProgressMeter -       chr12:23137261             12.0                156460          12994.8
12:17:09.932 INFO  ProgressMeter -       chr12:23545809             12.2                159160          13038.4
12:17:19.954 INFO  ProgressMeter -       chr12:23995484             12.4                162080          13098.4
12:17:29.956 INFO  ProgressMeter -       chr12:24411962             12.5                164800          13141.2
12:17:39.985 INFO  ProgressMeter -       chr12:24785520             12.7                167220          13158.8
12:17:50.000 INFO  ProgressMeter -       chr12:25113333             12.9                169420          13159.1
12:18:00.018 INFO  ProgressMeter -       chr12:25457070             13.0                171770          13170.8
12:18:10.072 INFO  ProgressMeter -       chr12:25805876             13.2                174090          13179.3
12:18:20.099 INFO  ProgressMeter -       chr12:26171675             13.4                176670          13207.6
12:18:30.127 INFO  ProgressMeter -       chr12:26522142             13.5                179060          13221.0
12:18:40.145 INFO  ProgressMeter -       chr12:26885428             13.7                181480          13236.6
12:18:50.162 INFO  ProgressMeter -       chr12:27263445             13.9                184000          13258.9
12:19:00.484 INFO  ProgressMeter -       chr12:27636810             14.0                186460          13271.6
12:19:10.521 INFO  ProgressMeter -       chr12:27969583             14.2                188690          13272.3
12:19:20.536 INFO  ProgressMeter -       chr12:28385250             14.4                191320          13301.2
12:19:30.539 INFO  ProgressMeter -       chr12:28812795             14.6                194080          13338.4
12:19:40.541 INFO  ProgressMeter -       chr12:29115205             14.7                196170          13329.4
12:19:50.543 INFO  ProgressMeter -       chr12:29505837             14.9                198680          13348.7
12:20:00.564 INFO  ProgressMeter -       chr12:29883699             15.1                201200          13368.0
12:20:10.571 INFO  ProgressMeter -       chr12:30205726             15.2                203420          13367.4
12:20:20.578 INFO  ProgressMeter -       chr12:30485186             15.4                205420          13352.5
12:20:30.593 INFO  ProgressMeter -       chr12:30876405             15.6                207970          13373.1
12:20:40.596 INFO  ProgressMeter -       chr12:31270503             15.7                210590          13398.0
12:20:50.616 INFO  ProgressMeter -       chr12:31625892             15.9                213040          13411.4
12:21:00.644 INFO  ProgressMeter -       chr12:31938102             16.1                215230          13408.2
12:21:10.644 INFO  ProgressMeter -       chr12:32301281             16.2                217740          13425.1
12:21:20.687 INFO  ProgressMeter -       chr12:32702006             16.4                220420          13451.5
12:21:30.691 INFO  ProgressMeter -       chr12:33189194             16.6                223480          13500.9
12:21:40.707 INFO  ProgressMeter -       chr12:33682999             16.7                226580          13551.5
12:21:50.712 INFO  ProgressMeter -       chr12:34059300             16.9                229210          13573.4
12:22:00.742 INFO  ProgressMeter -       chr12:34463476             17.1                232060          13607.5
12:22:10.744 INFO  ProgressMeter -       chr12:35085109             17.2                235710          13687.7
12:22:20.757 INFO  ProgressMeter -       chr12:36544873             17.4                242510          13947.5
12:22:30.765 INFO  ProgressMeter -       chr12:37505658             17.6                247410          14094.1
12:22:40.772 INFO  ProgressMeter -       chr12:37899333             17.7                250270          14122.8
12:22:50.800 INFO  ProgressMeter -       chr12:38248270             17.9                252780          14131.2
12:23:00.837 INFO  ProgressMeter -       chr12:38642746             18.1                255350          14142.6
12:23:10.870 INFO  ProgressMeter -       chr12:39029833             18.2                257940          14154.9
12:23:20.889 INFO  ProgressMeter -       chr12:39528970             18.4                261050          14195.5
12:23:30.937 INFO  ProgressMeter -       chr12:39911310             18.6                263570          14203.2
12:23:40.968 INFO  ProgressMeter -       chr12:40317635             18.7                266180          14215.8
12:23:51.123 INFO  ProgressMeter -       chr12:40612317             18.9                268230          14196.9
12:24:01.145 INFO  ProgressMeter -       chr12:40984150             19.1                270740          14204.2
12:24:11.152 INFO  ProgressMeter -       chr12:41379598             19.2                273390          14218.8
12:24:21.168 INFO  ProgressMeter -       chr12:41769998             19.4                276000          14231.0
12:24:31.628 INFO  ProgressMeter -       chr12:42085823             19.6                278170          14215.1
12:24:41.640 INFO  ProgressMeter -       chr12:42487231             19.7                280900          14233.3
12:24:51.641 INFO  ProgressMeter -       chr12:42855831             19.9                283380          14238.7
12:25:01.653 INFO  ProgressMeter -       chr12:43216305             20.1                285880          14244.9
12:25:11.682 INFO  ProgressMeter -       chr12:43576508             20.2                288330          14248.3
12:25:21.717 INFO  ProgressMeter -       chr12:43945845             20.4                290810          14253.0
12:25:31.723 INFO  ProgressMeter -       chr12:44353254             20.6                293440          14265.3
12:25:41.749 INFO  ProgressMeter -       chr12:44792460             20.7                296170          14282.0
12:25:51.765 INFO  ProgressMeter -       chr12:45223435             20.9                298920          14299.5
12:26:01.764 INFO  ProgressMeter -       chr12:45648786             21.1                301650          14316.0
12:26:11.776 INFO  ProgressMeter -       chr12:46087269             21.2                304450          14335.3
12:26:21.781 INFO  ProgressMeter -       chr12:46553684             21.4                307230          14353.5
12:26:31.817 INFO  ProgressMeter -       chr12:46963664             21.6                309840          14363.2
12:26:41.838 INFO  ProgressMeter -       chr12:47329092             21.7                312300          14366.1
12:26:51.845 INFO  ProgressMeter -       chr12:47692420             21.9                314690          14365.8
12:27:01.869 INFO  ProgressMeter -       chr12:48054842             22.1                317120          14367.1
12:27:11.888 INFO  ProgressMeter -       chr12:48460526             22.2                319820          14380.7
12:27:21.901 INFO  ProgressMeter -       chr12:48890431             22.4                322650          14399.9
12:27:31.912 INFO  ProgressMeter -       chr12:49432921             22.6                326010          14442.3
12:27:46.678 INFO  ProgressMeter -       chr12:49878321             22.8                328760          14407.0
12:28:00.381 INFO  ProgressMeter -       chr12:49879805             23.0                328770          14264.7
12:28:10.978 INFO  ProgressMeter -       chr12:49881414             23.2                328780          14156.7
12:28:21.004 INFO  ProgressMeter -       chr12:50331090             23.4                331760          14182.9
12:28:31.006 INFO  ProgressMeter -       chr12:50732759             23.6                334480          14198.0
12:28:41.038 INFO  ProgressMeter -       chr12:51122208             23.7                337200          14212.6
12:28:51.069 INFO  ProgressMeter -       chr12:51503078             23.9                339830          14223.2
12:29:01.095 INFO  ProgressMeter -       chr12:51939108             24.1                342690          14243.3
12:29:11.126 INFO  ProgressMeter -       chr12:52320069             24.2                345250          14250.7
12:29:21.137 INFO  ProgressMeter -       chr12:52662025             24.4                347620          14250.4
12:29:31.144 INFO  ProgressMeter -       chr12:53023922             24.6                350150          14256.6
12:29:41.161 INFO  ProgressMeter -       chr12:53493970             24.7                353220          14284.5
12:29:51.219 INFO  ProgressMeter -       chr12:53925531             24.9                356000          14300.0
12:30:01.245 INFO  ProgressMeter -       chr12:54389914             25.1                358940          14322.0
12:30:11.275 INFO  ProgressMeter -       chr12:54763325             25.2                361430          14325.8
12:30:21.300 INFO  ProgressMeter -       chr12:55167861             25.4                364020          14333.5
12:30:31.315 INFO  ProgressMeter -       chr12:55581809             25.6                366730          14345.9
12:30:41.321 INFO  ProgressMeter -       chr12:56004583             25.7                369490          14360.2
12:30:51.337 INFO  ProgressMeter -       chr12:56468236             25.9                372560          14386.2
12:31:01.344 INFO  ProgressMeter -       chr12:56891960             26.1                375380          14402.3
12:31:13.108 INFO  ProgressMeter -       chr12:57191521             26.3                377250          14366.0
12:31:23.111 INFO  ProgressMeter -       chr12:57449285             26.4                379010          14342.0
12:31:33.112 INFO  ProgressMeter -       chr12:57872875             26.6                381790          14356.6
12:31:43.141 INFO  ProgressMeter -       chr12:58240524             26.8                384200          14357.0
12:31:53.174 INFO  ProgressMeter -       chr12:58570343             26.9                386470          14352.1
12:32:03.179 INFO  ProgressMeter -       chr12:59046655             27.1                389470          14374.5
12:32:13.238 INFO  ProgressMeter -       chr12:59478509             27.3                392230          14387.4
12:32:23.265 INFO  ProgressMeter -       chr12:59867102             27.4                394760          14392.0
12:32:33.286 INFO  ProgressMeter -       chr12:60265264             27.6                397390          14400.2
12:32:43.286 INFO  ProgressMeter -       chr12:60707206             27.8                400240          14416.4
12:32:53.291 INFO  ProgressMeter -       chr12:61170356             27.9                403240          14437.7
12:33:03.306 INFO  ProgressMeter -       chr12:61559345             28.1                405920          14447.3
12:33:13.316 INFO  ProgressMeter -       chr12:61925534             28.3                408430          14450.9
12:33:23.319 INFO  ProgressMeter -       chr12:62277867             28.4                410770          14448.4
12:33:33.350 INFO  ProgressMeter -       chr12:62664450             28.6                413340          14453.8
12:33:43.386 INFO  ProgressMeter -       chr12:63078831             28.8                415990          14461.9
12:33:53.391 INFO  ProgressMeter -       chr12:63506430             28.9                418760          14474.3
12:34:03.423 INFO  ProgressMeter -       chr12:63821158             29.1                421000          14468.1
12:34:13.425 INFO  ProgressMeter -       chr12:64268214             29.3                423900          14484.8
12:34:23.446 INFO  ProgressMeter -       chr12:64694953             29.4                426680          14497.0
12:34:33.468 INFO  ProgressMeter -       chr12:65117591             29.6                429420          14507.8
12:34:43.484 INFO  ProgressMeter -       chr12:65561314             29.8                432200          14519.8
12:34:53.490 INFO  ProgressMeter -       chr12:66005491             29.9                435010          14532.8
12:35:03.512 INFO  ProgressMeter -       chr12:66414247             30.1                437740          14542.9
12:35:13.545 INFO  ProgressMeter -       chr12:66752851             30.3                440010          14537.5
12:35:23.552 INFO  ProgressMeter -       chr12:67152485             30.4                442640          14544.3
12:35:33.552 INFO  ProgressMeter -       chr12:67540376             30.6                445230          14549.7
12:35:43.560 INFO  ProgressMeter -       chr12:67929060             30.8                447740          14552.4
12:35:53.570 INFO  ProgressMeter -       chr12:68322237             30.9                450260          14555.4
12:36:03.581 INFO  ProgressMeter -       chr12:68769295             31.1                453120          14569.2
12:36:13.590 INFO  ProgressMeter -       chr12:69161061             31.3                455730          14575.0
12:36:23.609 INFO  ProgressMeter -       chr12:69547757             31.4                458360          14581.2
12:36:33.626 INFO  ProgressMeter -       chr12:69899199             31.6                460790          14581.1
12:36:43.644 INFO  ProgressMeter -       chr12:70267191             31.8                463260          14582.2
12:36:53.676 INFO  ProgressMeter -       chr12:70693646             31.9                466000          14591.7
12:37:03.680 INFO  ProgressMeter -       chr12:71092046             32.1                468590          14596.6
12:37:13.717 INFO  ProgressMeter -       chr12:71467444             32.3                471160          14600.5
12:37:23.745 INFO  ProgressMeter -       chr12:71805535             32.4                473450          14595.9
12:37:33.752 INFO  ProgressMeter -       chr12:72267720             32.6                476240          14606.8
12:37:43.781 INFO  ProgressMeter -       chr12:72746935             32.8                479220          14623.2
12:37:53.787 INFO  ProgressMeter -       chr12:73141123             32.9                481870          14629.7
12:38:03.795 INFO  ProgressMeter -       chr12:73524147             33.1                484510          14635.7
12:38:13.809 INFO  ProgressMeter -       chr12:73939506             33.3                487360          14647.9
12:38:23.819 INFO  ProgressMeter -       chr12:74392372             33.4                490250          14661.3
12:38:33.840 INFO  ProgressMeter -       chr12:74790910             33.6                492970          14669.3
12:38:43.877 INFO  ProgressMeter -       chr12:75236971             33.8                495840          14681.7
12:38:53.906 INFO  ProgressMeter -       chr12:75680856             33.9                498720          14694.2
12:39:03.954 INFO  ProgressMeter -       chr12:76081547             34.1                501440          14701.8
12:39:13.977 INFO  ProgressMeter -       chr12:76510772             34.3                504280          14713.0
12:39:24.003 INFO  ProgressMeter -       chr12:76931198             34.4                507110          14723.8
12:39:34.027 INFO  ProgressMeter -       chr12:77348328             34.6                509800          14730.5
12:39:44.048 INFO  ProgressMeter -       chr12:77772300             34.8                512470          14736.5
12:39:54.049 INFO  ProgressMeter -       chr12:78175940             34.9                515220          14744.9
12:40:04.066 INFO  ProgressMeter -       chr12:78605518             35.1                518060          14755.7
12:40:14.075 INFO  ProgressMeter -       chr12:79071590             35.3                520900          14766.4
12:40:24.101 INFO  ProgressMeter -       chr12:79572221             35.4                523950          14782.8
12:40:34.128 INFO  ProgressMeter -       chr12:80038999             35.6                526860          14795.2
12:40:44.136 INFO  ProgressMeter -       chr12:80422353             35.8                529460          14798.9
12:40:54.153 INFO  ProgressMeter -       chr12:80880344             35.9                532370          14811.1
12:41:04.158 INFO  ProgressMeter -       chr12:81246675             36.1                534930          14813.6
12:41:14.159 INFO  ProgressMeter -       chr12:81704039             36.3                537760          14823.5
12:41:24.162 INFO  ProgressMeter -       chr12:82156701             36.4                540700          14836.4
12:41:34.171 INFO  ProgressMeter -       chr12:82524205             36.6                543150          14835.7
12:41:44.208 INFO  ProgressMeter -       chr12:82999424             36.8                546060          14847.4
12:41:54.243 INFO  ProgressMeter -       chr12:83378654             36.9                548530          14847.0
12:42:04.252 INFO  ProgressMeter -       chr12:83767503             37.1                551140          14850.6
12:42:14.259 INFO  ProgressMeter -       chr12:84132187             37.3                553600          14850.1
12:42:24.277 INFO  ProgressMeter -       chr12:84471454             37.4                555960          14847.0
12:42:34.280 INFO  ProgressMeter -       chr12:84923559             37.6                558880          14858.8
12:42:44.303 INFO  ProgressMeter -       chr12:85395895             37.8                561850          14871.7
12:42:54.342 INFO  ProgressMeter -       chr12:85853437             37.9                564720          14881.8
12:43:04.357 INFO  ProgressMeter -       chr12:86269521             38.1                567440          14887.9
12:43:14.374 INFO  ProgressMeter -       chr12:86685854             38.3                570180          14894.6
12:43:24.406 INFO  ProgressMeter -       chr12:87066288             38.4                572760          14896.9
12:43:34.409 INFO  ProgressMeter -       chr12:87449757             38.6                575360          14899.9
12:43:44.422 INFO  ProgressMeter -       chr12:87849776             38.8                578030          14904.7
12:43:54.429 INFO  ProgressMeter -       chr12:88253069             38.9                580630          14907.6
12:44:04.446 INFO  ProgressMeter -       chr12:88678059             39.1                583240          14910.7
12:44:14.458 INFO  ProgressMeter -       chr12:89145000             39.3                586130          14920.9
12:44:24.468 INFO  ProgressMeter -       chr12:89549455             39.4                588810          14925.8
12:44:34.481 INFO  ProgressMeter -       chr12:89921139             39.6                591260          14924.7
12:44:44.504 INFO  ProgressMeter -       chr12:90326901             39.8                593920          14928.9
12:44:54.517 INFO  ProgressMeter -       chr12:90755786             40.0                596610          14933.9
12:45:04.540 INFO  ProgressMeter -       chr12:91175048             40.1                599310          14939.0
12:45:14.545 INFO  ProgressMeter -       chr12:91596944             40.3                602020          14944.5
12:45:24.584 INFO  ProgressMeter -       chr12:91950569             40.5                604340          14940.0
12:45:34.604 INFO  ProgressMeter -       chr12:92307843             40.6                606670          14935.9
12:45:44.631 INFO  ProgressMeter -       chr12:92674226             40.8                609110          14934.6
12:45:54.637 INFO  ProgressMeter -       chr12:93058247             41.0                611650          14935.8
12:46:04.669 INFO  ProgressMeter -       chr12:93490462             41.1                614400          14941.9
12:46:14.675 INFO  ProgressMeter -       chr12:93944669             41.3                617290          14951.6
12:46:24.678 INFO  ProgressMeter -       chr12:94300058             41.5                619640          14948.1
12:46:34.696 INFO  ProgressMeter -       chr12:94705539             41.6                622260          14951.1
12:46:44.920 INFO  ProgressMeter -       chr12:94982599             41.8                624270          14938.2
12:46:54.921 INFO  ProgressMeter -       chr12:95379680             42.0                626910          14941.8
12:47:04.959 INFO  ProgressMeter -       chr12:95682097             42.1                629070          14933.7
12:47:14.982 INFO  ProgressMeter -       chr12:96144239             42.3                632010          14944.3
12:47:24.992 INFO  ProgressMeter -       chr12:96554998             42.5                634720          14949.4
12:47:35.008 INFO  ProgressMeter -       chr12:96982295             42.6                637460          14955.1
12:47:45.033 INFO  ProgressMeter -       chr12:97372501             42.8                640020          14956.5
12:47:55.038 INFO  ProgressMeter -       chr12:97795497             43.0                642750          14962.0
12:48:05.043 INFO  ProgressMeter -       chr12:98195686             43.1                645270          14962.6
12:48:15.046 INFO  ProgressMeter -       chr12:98579674             43.3                647820          14963.9
12:48:25.055 INFO  ProgressMeter -       chr12:99035261             43.5                650710          14973.0
12:48:35.081 INFO  ProgressMeter -       chr12:99427359             43.6                653310          14975.2
12:48:45.095 INFO  ProgressMeter -       chr12:99793125             43.8                655760          14974.1
12:48:55.126 INFO  ProgressMeter -      chr12:100290173             44.0                658840          14987.2
12:49:05.134 INFO  ProgressMeter -      chr12:100784952             44.1                661890          14999.7
12:49:15.159 INFO  ProgressMeter -      chr12:101197753             44.3                664590          15004.0
12:49:25.178 INFO  ProgressMeter -      chr12:101640006             44.5                667500          15013.1
12:49:35.181 INFO  ProgressMeter -      chr12:102019540             44.6                670020          15013.5
12:49:45.198 INFO  ProgressMeter -      chr12:102508038             44.8                672990          15023.9
12:49:55.222 INFO  ProgressMeter -      chr12:102855587             45.0                675280          15019.0
12:50:05.224 INFO  ProgressMeter -      chr12:103276543             45.1                677980          15023.3
12:50:15.229 INFO  ProgressMeter -      chr12:103668127             45.3                680480          15023.2
12:50:25.244 INFO  ProgressMeter -      chr12:103959615             45.5                682500          15012.5
12:50:35.257 INFO  ProgressMeter -      chr12:104382814             45.6                685280          15018.5
12:50:45.263 INFO  ProgressMeter -      chr12:104695714             45.8                687360          15009.2
12:50:55.285 INFO  ProgressMeter -      chr12:105084515             46.0                689940          15010.8
12:51:05.293 INFO  ProgressMeter -      chr12:105450433             46.1                692400          15009.9
12:51:15.306 INFO  ProgressMeter -      chr12:105809100             46.3                694750          15006.5
12:51:25.311 INFO  ProgressMeter -      chr12:106152887             46.5                697000          15001.1
12:51:35.334 INFO  ProgressMeter -      chr12:106552334             46.6                699680          15004.8
12:51:45.337 INFO  ProgressMeter -      chr12:106953007             46.8                702300          15007.4
12:51:55.362 INFO  ProgressMeter -      chr12:107372818             47.0                705040          15012.3
12:52:05.389 INFO  ProgressMeter -      chr12:107707390             47.1                707100          15002.8
12:52:15.400 INFO  ProgressMeter -      chr12:108060799             47.3                709470          15000.0
12:52:33.189 INFO  ProgressMeter -      chr12:108364361             47.6                711510          14949.4
12:52:44.434 INFO  ProgressMeter -      chr12:108607048             47.8                713110          14924.2
12:52:56.419 INFO  ProgressMeter -      chr12:108982154             48.0                715540          14912.7
12:53:06.456 INFO  ProgressMeter -      chr12:109084645             48.1                716230          14875.3
12:53:16.470 INFO  ProgressMeter -      chr12:109437782             48.3                718710          14875.2
12:53:36.946 INFO  ProgressMeter -      chr12:109635882             48.7                720090          14799.2
12:53:46.949 INFO  ProgressMeter -      chr12:109746153             48.8                720800          14763.3
12:54:01.279 INFO  ProgressMeter -      chr12:109810067             49.1                721200          14699.5
12:54:11.293 INFO  ProgressMeter -      chr12:110301103             49.2                724270          14712.1
12:54:21.316 INFO  ProgressMeter -      chr12:110759683             49.4                727250          14722.6
12:54:31.350 INFO  ProgressMeter -      chr12:111185578             49.6                730030          14729.1
12:54:41.364 INFO  ProgressMeter -      chr12:111733240             49.7                733490          14749.2
12:54:51.374 INFO  ProgressMeter -      chr12:112283081             49.9                736740          14765.0
12:55:01.392 INFO  ProgressMeter -      chr12:112433367             50.1                737630          14733.5
12:55:11.395 INFO  ProgressMeter -      chr12:112822317             50.2                740110          14734.0
12:55:21.427 INFO  ProgressMeter -      chr12:113298927             50.4                743040          14743.3
12:55:31.446 INFO  ProgressMeter -      chr12:113677053             50.6                745560          14744.4
12:55:41.463 INFO  ProgressMeter -      chr12:114132325             50.7                748410          14752.1
12:55:51.487 INFO  ProgressMeter -      chr12:114535591             50.9                751090          14756.3
12:56:01.572 INFO  ProgressMeter -      chr12:114940492             51.1                753850          14761.8
12:56:11.608 INFO  ProgressMeter -      chr12:115280596             51.2                756170          14758.9
12:56:21.627 INFO  ProgressMeter -      chr12:115623859             51.4                758480          14755.9
12:56:31.645 INFO  ProgressMeter -      chr12:116056793             51.6                761290          14762.6
12:56:41.661 INFO  ProgressMeter -      chr12:116487409             51.7                764110          14769.5
12:56:56.667 INFO  ProgressMeter -      chr12:116789533             52.0                766190          14738.4
12:57:06.714 INFO  ProgressMeter -      chr12:117162757             52.2                768680          14738.8
12:57:16.737 INFO  ProgressMeter -      chr12:117440579             52.3                770580          14728.1
12:57:27.215 INFO  ProgressMeter -      chr12:117772337             52.5                772880          14722.9
12:57:41.072 INFO  ProgressMeter -      chr12:117794813             52.7                773050          14661.7
12:57:51.090 INFO  ProgressMeter -      chr12:118219965             52.9                775880          14668.9
12:58:03.646 INFO  ProgressMeter -      chr12:118576666             53.1                778270          14656.1
12:58:20.515 INFO  ProgressMeter -      chr12:118708764             53.4                779180          14595.9
12:58:30.530 INFO  ProgressMeter -      chr12:119061731             53.6                781610          14595.8
12:58:40.539 INFO  ProgressMeter -      chr12:119345876             53.7                783550          14586.6
12:58:50.555 INFO  ProgressMeter -      chr12:119720204             53.9                785970          14586.3
12:59:00.570 INFO  ProgressMeter -      chr12:120194799             54.1                788960          14596.6
12:59:10.593 INFO  ProgressMeter -      chr12:120631643             54.2                791860          14605.1
12:59:22.528 INFO  ProgressMeter -      chr12:120995149             54.4                794430          14599.0
12:59:32.554 INFO  ProgressMeter -      chr12:121332942             54.6                796730          14596.4
12:59:43.163 INFO  ProgressMeter -      chr12:121751250             54.8                799430          14598.6
12:59:56.440 INFO  ProgressMeter -      chr12:122093218             55.0                801710          14581.3
13:00:36.515 INFO  ProgressMeter -      chr12:122094568             55.7                801720          14406.5
13:00:51.002 INFO  ProgressMeter -      chr12:122095962             55.9                801730          14344.4
13:01:01.027 INFO  ProgressMeter -      chr12:122503301             56.1                804510          14351.2
13:01:11.041 INFO  ProgressMeter -      chr12:122923675             56.2                807330          14358.8
13:01:21.079 INFO  ProgressMeter -      chr12:123353505             56.4                810120          14365.7
13:01:46.972 INFO  ProgressMeter -      chr12:123512918             56.8                811270          14276.8
13:01:56.974 INFO  ProgressMeter -      chr12:123915765             57.0                813960          14282.3
13:02:19.059 INFO  ProgressMeter -      chr12:124093833             57.4                815090          14210.3
13:02:29.102 INFO  ProgressMeter -      chr12:124391551             57.5                817240          14206.3
13:02:39.103 INFO  ProgressMeter -      chr12:124545251             57.7                818340          14184.3
13:02:49.105 INFO  ProgressMeter -      chr12:124872853             57.9                820560          14181.9
13:03:02.084 INFO  ProgressMeter -      chr12:125191339             58.1                822830          14168.1
13:03:17.608 INFO  ProgressMeter -      chr12:125528605             58.3                825070          14143.7
13:03:27.640 INFO  ProgressMeter -      chr12:125868269             58.5                827370          14142.6
13:03:37.654 INFO  ProgressMeter -      chr12:126240358             58.7                829950          14146.3
13:03:47.655 INFO  ProgressMeter -      chr12:126462119             58.8                831430          14131.4
13:03:57.655 INFO  ProgressMeter -      chr12:126780477             59.0                833710          14130.1
13:04:07.681 INFO  ProgressMeter -      chr12:127161145             59.2                836260          14133.3
13:04:17.716 INFO  ProgressMeter -      chr12:127487995             59.3                838430          14130.0
13:04:31.904 INFO  ProgressMeter -      chr12:127698018             59.6                839870          14098.1
13:04:41.925 INFO  ProgressMeter -      chr12:128020665             59.7                842120          14096.4
13:04:51.963 INFO  ProgressMeter -      chr12:128194457             59.9                843360          14077.7
13:05:02.108 INFO  ProgressMeter -      chr12:128495453             60.1                845410          14072.2
13:05:24.893 INFO  ProgressMeter -      chr12:128665984             60.5                846580          14003.2
13:05:34.942 INFO  ProgressMeter -      chr12:128989044             60.6                848860          14002.1
13:05:45.495 INFO  ProgressMeter -      chr12:129025828             60.8                849160          13966.5
13:05:55.508 INFO  ProgressMeter -      chr12:129330483             61.0                851250          13962.6
13:06:05.518 INFO  ProgressMeter -      chr12:129526316             61.1                852610          13946.7
13:06:15.524 INFO  ProgressMeter -      chr12:129814440             61.3                854630          13941.7
13:06:26.686 INFO  ProgressMeter -      chr12:129818971             61.5                854660          13900.0
13:06:55.217 INFO  ProgressMeter -      chr12:130055503             62.0                856330          13820.3
13:07:05.243 INFO  ProgressMeter -      chr12:130334989             62.1                858350          13815.6
13:07:15.265 INFO  ProgressMeter -      chr12:130576858             62.3                860100          13806.7
13:07:25.286 INFO  ProgressMeter -      chr12:130601162             62.5                860260          13772.3
13:07:36.733 INFO  ProgressMeter -      chr12:130760465             62.7                861460          13749.6
13:07:46.765 INFO  ProgressMeter -      chr12:131080542             62.8                863690          13748.5
13:07:57.081 INFO  ProgressMeter -      chr12:131260433             63.0                865000          13731.7
13:08:07.633 INFO  ProgressMeter -      chr12:131397186             63.2                866000          13709.3
13:08:17.909 INFO  ProgressMeter -      chr12:131539694             63.3                867100          13689.6
13:08:32.517 INFO  ProgressMeter -      chr12:131689356             63.6                868210          13654.7
13:08:42.521 INFO  ProgressMeter -      chr12:132093859             63.8                870960          13662.1
13:08:56.456 INFO  ProgressMeter -      chr12:132157386             64.0                871410          13619.5
13:09:06.566 INFO  ProgressMeter -      chr12:132167613             64.2                871480          13584.8
13:09:17.804 INFO  ProgressMeter -      chr12:132225789             64.3                871940          13552.4
13:09:29.363 INFO  ProgressMeter -      chr12:132313872             64.5                872570          13521.8
13:09:43.167 INFO  ProgressMeter -      chr12:132464692             64.8                873710          13491.3
13:09:53.168 INFO  ProgressMeter -      chr12:132843605             64.9                876410          13498.3
13:10:03.184 INFO  ProgressMeter -      chr12:133212161             65.1                878900          13501.9
13:10:04.409 INFO  HaplotypeCaller - 650258 read(s) filtered by: MappingQualityReadFilter 
0 read(s) filtered by: MappingQualityAvailableReadFilter 
0 read(s) filtered by: MappedReadFilter 
0 read(s) filtered by: NotSecondaryAlignmentReadFilter 
267658 read(s) filtered by: NotDuplicateReadFilter 
0 read(s) filtered by: PassesVendorQualityCheckReadFilter 
0 read(s) filtered by: NonZeroReferenceLengthAlignmentReadFilter 
0 read(s) filtered by: GoodCigarReadFilter 
0 read(s) filtered by: WellformedReadFilter 
917916 total reads filtered out of 5979566 reads processed
13:10:04.409 INFO  ProgressMeter -      chr12:133273167             65.1                879297          13503.8
13:10:04.409 INFO  ProgressMeter - Traversal complete. Processed 879297 total regions in 65.1 minutes.
13:10:04.474 INFO  VectorLoglessPairHMM - Time spent in setup for JNI call : 0.9413287210000001
13:10:04.475 INFO  PairHMM - Total compute time in PairHMM computeLogLikelihoods() : 329.512492178
13:10:04.475 INFO  SmithWatermanAligner - Total compute time in java Smith-Waterman : 478.19 sec
13:10:04.477 INFO  HaplotypeCaller - Shutting down engine
[May 3, 2024 at 1:10:04 PM UTC] org.broadinstitute.hellbender.tools.walkers.haplotypecaller.HaplotypeCaller done. Elapsed time: 65.14 minutes.
Runtime.totalMemory()=959447040
Stage 4: Completed chrom chr12
