Using GATK jar /export/approved/gatk-4.5.0.0/gatk-package-4.5.0.0-local.jar
Running:
    java -Dsamjdk.use_async_io_read_samtools=false -Dsamjdk.use_async_io_write_samtools=true -Dsamjdk.use_async_io_write_tribble=false -Dsamjdk.compression_level=2 -Xmx40G -XX:+UseParallelGC -XX:ParallelGCThreads=2 -jar /export/approved/gatk-4.5.0.0/gatk-package-4.5.0.0-local.jar HaplotypeCaller -R /export/home/andrew/genome/hg38_v0_20231023/Homo_sapiens_assembly38.fasta -I analysis_onelane.sorted.final.bam -L chr8 -O called.chr8.recal.g.vcf.gz -G StandardAnnotation -G StandardHCAnnotation -GQB 10 -GQB 20 -GQB 30 -GQB 40 -GQB 50 -GQB 60 -GQB 70 -GQB 80 -GQB 90 --native-pair-hmm-threads 8 -ERC GVCF
12:04:52.657 WARN  GATKAnnotationPluginDescriptor - Redundant enabled annotation group (StandardAnnotation) is enabled for this tool by default
12:04:52.662 WARN  GATKAnnotationPluginDescriptor - Redundant enabled annotation group (StandardHCAnnotation) is enabled for this tool by default
12:04:52.724 INFO  NativeLibraryLoader - Loading libgkl_compression.so from jar:file:/export/approved/gatk-4.5.0.0/gatk-package-4.5.0.0-local.jar!/com/intel/gkl/native/libgkl_compression.so
12:04:53.062 INFO  HaplotypeCaller - ------------------------------------------------------------
12:04:53.066 INFO  HaplotypeCaller - The Genome Analysis Toolkit (GATK) v4.5.0.0
12:04:53.066 INFO  HaplotypeCaller - For support and documentation go to https://software.broadinstitute.org/gatk/
12:04:53.066 INFO  HaplotypeCaller - Executing as andrew@compute-0-5 on Linux v5.15.0-75-generic amd64
12:04:53.066 INFO  HaplotypeCaller - Java runtime: OpenJDK 64-Bit Server VM v19.0.2+7-Ubuntu-0ubuntu322.04
12:04:53.066 INFO  HaplotypeCaller - Start Date/Time: May 3, 2024 at 12:04:52 PM UTC
12:04:53.066 INFO  HaplotypeCaller - ------------------------------------------------------------
12:04:53.066 INFO  HaplotypeCaller - ------------------------------------------------------------
12:04:53.067 INFO  HaplotypeCaller - HTSJDK Version: 4.1.0
12:04:53.068 INFO  HaplotypeCaller - Picard Version: 3.1.1
12:04:53.068 INFO  HaplotypeCaller - Built for Spark Version: 3.5.0
12:04:53.068 INFO  HaplotypeCaller - HTSJDK Defaults.COMPRESSION_LEVEL : 2
12:04:53.068 INFO  HaplotypeCaller - HTSJDK Defaults.USE_ASYNC_IO_READ_FOR_SAMTOOLS : false
12:04:53.068 INFO  HaplotypeCaller - HTSJDK Defaults.USE_ASYNC_IO_WRITE_FOR_SAMTOOLS : true
12:04:53.069 INFO  HaplotypeCaller - HTSJDK Defaults.USE_ASYNC_IO_WRITE_FOR_TRIBBLE : false
12:04:53.069 INFO  HaplotypeCaller - Deflater: IntelDeflater
12:04:53.069 INFO  HaplotypeCaller - Inflater: IntelInflater
12:04:53.069 INFO  HaplotypeCaller - GCS max retries/reopens: 20
12:04:53.069 INFO  HaplotypeCaller - Requester pays: disabled
12:04:53.070 INFO  HaplotypeCaller - Initializing engine
12:04:53.597 INFO  IntervalArgumentCollection - Processing 145138636 bp from intervals
12:04:53.619 INFO  HaplotypeCaller - Done initializing engine
12:04:53.642 INFO  HaplotypeCallerEngine - Tool is in reference confidence mode and the annotation, the following changes will be made to any specified annotations: 'StrandBiasBySample' will be enabled. 'ChromosomeCounts', 'FisherStrand', 'StrandOddsRatio' and 'QualByDepth' annotations have been disabled
12:04:53.770 INFO  NativeLibraryLoader - Loading libgkl_utils.so from jar:file:/export/approved/gatk-4.5.0.0/gatk-package-4.5.0.0-local.jar!/com/intel/gkl/native/libgkl_utils.so
12:04:53.804 INFO  SmithWatermanAligner - AVX accelerated SmithWaterman implementation is not supported, falling back to the Java implementation
12:04:53.809 INFO  HaplotypeCallerEngine - Standard Emitting and Calling confidence set to -0.0 for reference-model confidence output
12:04:53.809 INFO  HaplotypeCallerEngine - All sites annotated with PLs forced to true for reference-model confidence output
12:04:53.822 INFO  NativeLibraryLoader - Loading libgkl_pairhmm_omp.so from jar:file:/export/approved/gatk-4.5.0.0/gatk-package-4.5.0.0-local.jar!/com/intel/gkl/native/libgkl_pairhmm_omp.so
12:04:53.849 INFO  IntelPairHmm - Flush-to-zero (FTZ) is enabled when running PairHMM
12:04:53.849 INFO  IntelPairHmm - Available threads: 10
12:04:53.849 INFO  IntelPairHmm - Requested threads: 8
12:04:53.849 INFO  PairHMM - Using the OpenMP multi-threaded AVX-accelerated native PairHMM implementation
12:04:53.972 INFO  ProgressMeter - Starting traversal
12:04:53.973 INFO  ProgressMeter -        Current Locus  Elapsed Minutes     Regions Processed   Regions/Minute
12:04:55.114 WARN  InbreedingCoeff - InbreedingCoeff will not be calculated at position chr8:63580 and possibly subsequent; at least 10 samples must have called genotypes
12:04:59.485 WARN  DepthPerSampleHC - Annotation will not be calculated at position chr8:214050 and possibly subsequent; genotype for sample analysis_onelane is not called
12:04:59.485 WARN  StrandBiasBySample - Annotation will not be calculated at position chr8:214050 and possibly subsequent; genotype for sample analysis_onelane is not called
12:05:03.974 INFO  ProgressMeter -          chr8:319680              0.2                  1750          10499.0
12:05:16.749 INFO  ProgressMeter -          chr8:351541              0.4                  1960           5163.3
12:05:26.770 INFO  ProgressMeter -          chr8:657604              0.5                  4090           7482.4
12:05:36.804 INFO  ProgressMeter -         chr8:1019242              0.7                  6610           9259.6
12:05:48.087 INFO  ProgressMeter -         chr8:1257234              0.9                  8330           9236.1
12:05:58.099 INFO  ProgressMeter -         chr8:1475944              1.1                  9890           9253.7
12:06:08.100 INFO  ProgressMeter -         chr8:1813726              1.2                 12290           9947.8
12:06:18.114 INFO  ProgressMeter -         chr8:2053600              1.4                 14020           9997.5
12:06:28.117 INFO  ProgressMeter -         chr8:2479682              1.6                 16600          10579.5
12:06:38.130 INFO  ProgressMeter -         chr8:2896919              1.7                 19360          11152.4
12:06:49.174 INFO  ProgressMeter -         chr8:3207673              1.9                 21500          11197.8
12:06:59.197 INFO  ProgressMeter -         chr8:3435844              2.1                 23200          11116.1
12:07:09.250 INFO  ProgressMeter -         chr8:3650137              2.3                 24850          11021.9
12:07:19.296 INFO  ProgressMeter -         chr8:3759680              2.4                 25750          10631.5
12:07:29.300 INFO  ProgressMeter -         chr8:4000443              2.6                 27550          10642.1
12:07:39.686 INFO  ProgressMeter -         chr8:4188721              2.8                 29080          10529.0
12:07:49.709 INFO  ProgressMeter -         chr8:4440727              2.9                 30960          10570.4
12:07:59.728 INFO  ProgressMeter -         chr8:4731990              3.1                 33040          10672.1
12:08:09.764 INFO  ProgressMeter -         chr8:4954469              3.3                 34740          10646.0
12:08:19.777 INFO  ProgressMeter -         chr8:5235743              3.4                 36770          10719.9
12:08:29.787 INFO  ProgressMeter -         chr8:5466589              3.6                 38560          10720.4
12:08:39.817 INFO  ProgressMeter -         chr8:5754968              3.8                 40700          10812.8
12:08:49.871 INFO  ProgressMeter -         chr8:5987494              3.9                 42490          10807.3
12:08:59.954 INFO  ProgressMeter -         chr8:6217291              4.1                 44230          10788.6
12:09:10.093 INFO  ProgressMeter -         chr8:6415060              4.3                 45790          10727.0
12:09:20.121 INFO  ProgressMeter -         chr8:6639776              4.4                 47480          10703.8
12:09:30.130 INFO  ProgressMeter -         chr8:6925482              4.6                 49450          10743.9
12:09:40.250 INFO  ProgressMeter -         chr8:7365143              4.8                 52210          10942.5
12:09:50.260 INFO  ProgressMeter -         chr8:8134620              4.9                 56330          11407.2
12:10:00.272 INFO  ProgressMeter -         chr8:8508151              5.1                 58850          11528.0
12:10:10.281 INFO  ProgressMeter -         chr8:8800834              5.3                 60880          11548.3
12:10:20.323 INFO  ProgressMeter -         chr8:9104667              5.4                 63060          11593.7
12:10:30.328 INFO  ProgressMeter -         chr8:9423128              5.6                 65390          11664.5
12:10:40.356 INFO  ProgressMeter -         chr8:9768189              5.8                 67790          11742.5
12:10:50.399 INFO  ProgressMeter -         chr8:9963332              5.9                 69220          11652.3
12:11:00.432 INFO  ProgressMeter -        chr8:10346356              6.1                 71850          11763.9
12:11:10.461 INFO  ProgressMeter -        chr8:10669570              6.3                 74160          11818.7
12:11:20.513 INFO  ProgressMeter -        chr8:11022728              6.4                 76560          11883.9
12:11:30.518 INFO  ProgressMeter -        chr8:11384480              6.6                 79050          11960.8
12:11:40.569 INFO  ProgressMeter -        chr8:11490836              6.8                 79810          11777.3
12:11:50.574 INFO  ProgressMeter -        chr8:11823700              6.9                 82130          11828.6
12:12:00.610 INFO  ProgressMeter -        chr8:12122878              7.1                 84170          11837.2
12:12:11.204 INFO  ProgressMeter -        chr8:12568451              7.3                 86830          11915.4
12:12:21.233 INFO  ProgressMeter -        chr8:12800964              7.5                 88590          11884.4
12:12:31.255 INFO  ProgressMeter -        chr8:13068456              7.6                 90560          11882.4
12:12:41.260 INFO  ProgressMeter -        chr8:13375957              7.8                 92710          11904.1
12:12:51.260 INFO  ProgressMeter -        chr8:13667256              8.0                 94820          11919.9
12:13:01.274 INFO  ProgressMeter -        chr8:13931201              8.1                 96830          11922.4
12:13:11.286 INFO  ProgressMeter -        chr8:14198416              8.3                 98830          11923.7
12:13:21.299 INFO  ProgressMeter -        chr8:14427510              8.5                100580          11895.3
12:13:31.301 INFO  ProgressMeter -        chr8:14670949              8.6                102370          11872.9
12:13:41.321 INFO  ProgressMeter -        chr8:15066305              8.8                104970          11943.2
12:13:51.369 INFO  ProgressMeter -        chr8:15434422              9.0                107490          12001.2
12:14:01.395 INFO  ProgressMeter -        chr8:15787845              9.1                109980          12054.3
12:14:11.512 INFO  ProgressMeter -        chr8:16072133              9.3                112070          12060.5
12:14:21.542 INFO  ProgressMeter -        chr8:16448022              9.5                114620          12116.9
12:14:31.555 INFO  ProgressMeter -        chr8:16797049              9.6                117000          12154.1
12:14:41.574 INFO  ProgressMeter -        chr8:17134483              9.8                119310          12182.8
12:14:51.660 INFO  ProgressMeter -        chr8:17469941             10.0                121640          12211.1
12:15:01.662 INFO  ProgressMeter -        chr8:17692022             10.1                123350          12178.9
12:15:11.688 INFO  ProgressMeter -        chr8:18011367             10.3                125590          12198.8
12:15:21.734 INFO  ProgressMeter -        chr8:18348534             10.5                127910          12225.4
12:15:31.766 INFO  ProgressMeter -        chr8:18630424             10.6                129960          12225.9
12:15:41.802 INFO  ProgressMeter -        chr8:18961930             10.8                132220          12245.8
12:15:51.824 INFO  ProgressMeter -        chr8:19281966             11.0                134450          12262.7
12:16:01.865 INFO  ProgressMeter -        chr8:19672534             11.1                137090          12315.5
12:16:11.892 INFO  ProgressMeter -        chr8:20040571             11.3                139640          12359.0
12:16:21.918 INFO  ProgressMeter -        chr8:20466850             11.5                142420          12421.3
12:16:31.947 INFO  ProgressMeter -        chr8:20788891             11.6                144550          12426.0
12:16:41.982 INFO  ProgressMeter -        chr8:21282648             11.8                147480          12498.2
12:16:51.981 INFO  ProgressMeter -        chr8:21656439             12.0                149940          12529.7
12:17:02.002 INFO  ProgressMeter -        chr8:21962388             12.1                152030          12529.5
12:17:12.034 INFO  ProgressMeter -        chr8:22364986             12.3                154770          12581.9
12:17:22.039 INFO  ProgressMeter -        chr8:22755499             12.5                157320          12618.1
12:17:32.077 INFO  ProgressMeter -        chr8:23165564             12.6                160020          12664.8
12:17:42.618 INFO  ProgressMeter -        chr8:23332968             12.8                161200          12583.2
12:17:52.632 INFO  ProgressMeter -        chr8:23664525             13.0                163540          12601.7
12:18:02.661 INFO  ProgressMeter -        chr8:24099193             13.1                166240          12646.8
12:18:12.661 INFO  ProgressMeter -        chr8:24506956             13.3                168830          12683.1
12:18:22.676 INFO  ProgressMeter -        chr8:24882341             13.5                171270          12707.0
12:18:32.686 INFO  ProgressMeter -        chr8:25305228             13.6                174070          12756.9
12:18:42.710 INFO  ProgressMeter -        chr8:25687090             13.8                176700          12793.0
12:18:52.735 INFO  ProgressMeter -        chr8:26087197             14.0                179430          12835.4
12:19:02.766 INFO  ProgressMeter -        chr8:26486111             14.1                182180          12878.1
12:19:12.786 INFO  ProgressMeter -        chr8:26856702             14.3                184690          12903.2
12:19:22.789 INFO  ProgressMeter -        chr8:27173461             14.5                187000          12914.1
12:19:32.789 INFO  ProgressMeter -        chr8:27537088             14.6                189480          12936.5
12:19:44.884 INFO  ProgressMeter -        chr8:27571118             14.8                189710          12776.4
12:19:54.935 INFO  ProgressMeter -        chr8:27904908             15.0                192000          12786.3
12:20:04.961 INFO  ProgressMeter -        chr8:28242343             15.2                194270          12795.1
12:20:14.990 INFO  ProgressMeter -        chr8:28582863             15.4                196480          12799.8
12:20:25.007 INFO  ProgressMeter -        chr8:29035671             15.5                199360          12847.7
12:20:35.007 INFO  ProgressMeter -        chr8:29472434             15.7                202140          12888.4
12:20:49.367 INFO  ProgressMeter -        chr8:29819887             15.9                204390          12836.0
12:21:03.924 INFO  ProgressMeter -        chr8:29821750             16.2                204400          12644.0
12:21:13.936 INFO  ProgressMeter -        chr8:30219957             16.3                207040          12676.4
12:21:23.946 INFO  ProgressMeter -        chr8:30660664             16.5                209880          12720.3
12:21:33.974 INFO  ProgressMeter -        chr8:31056449             16.7                212470          12748.2
12:21:44.004 INFO  ProgressMeter -        chr8:31470103             16.8                215260          12787.3
12:21:54.033 INFO  ProgressMeter -        chr8:31863905             17.0                217970          12821.0
12:22:04.053 INFO  ProgressMeter -        chr8:32241638             17.2                220550          12846.6
12:22:14.079 INFO  ProgressMeter -        chr8:32613322             17.3                223140          12872.2
12:22:24.103 INFO  ProgressMeter -        chr8:33073407             17.5                226000          12912.7
12:22:34.134 INFO  ProgressMeter -        chr8:33587863             17.7                229100          12966.0
12:22:44.166 INFO  ProgressMeter -        chr8:34086715             17.8                232170          13016.5
12:22:54.168 INFO  ProgressMeter -        chr8:34476373             18.0                234790          13041.5
12:23:04.190 INFO  ProgressMeter -        chr8:34959568             18.2                237810          13087.9
12:23:14.219 INFO  ProgressMeter -        chr8:35368314             18.3                240570          13119.1
12:23:24.221 INFO  ProgressMeter -        chr8:35871236             18.5                243770          13173.8
12:23:34.236 INFO  ProgressMeter -        chr8:36415811             18.7                247050          13231.7
12:23:44.237 INFO  ProgressMeter -        chr8:36971337             18.8                250380          13291.4
12:23:54.262 INFO  ProgressMeter -        chr8:37385037             19.0                253140          13319.8
12:24:04.614 INFO  ProgressMeter -        chr8:37786634             19.2                255730          13335.0
12:24:14.643 INFO  ProgressMeter -        chr8:38279789             19.3                258900          13383.7
12:24:24.645 INFO  ProgressMeter -        chr8:38575173             19.5                260850          13369.2
12:24:57.748 INFO  ProgressMeter -        chr8:38769649             20.1                262190          13068.4
12:25:09.286 INFO  ProgressMeter -        chr8:38918634             20.3                263170          12992.7
12:25:19.287 INFO  ProgressMeter -        chr8:39319181             20.4                265800          13015.4
12:25:29.316 INFO  ProgressMeter -        chr8:39739902             20.6                268640          13047.7
12:25:39.328 INFO  ProgressMeter -        chr8:40045783             20.8                270830          13048.3
12:25:49.352 INFO  ProgressMeter -        chr8:40463433             20.9                273650          13078.9
12:26:01.241 INFO  ProgressMeter -        chr8:40820558             21.1                276230          13078.4
12:26:11.260 INFO  ProgressMeter -        chr8:41044649             21.3                277750          13047.2
12:26:21.269 INFO  ProgressMeter -        chr8:41429480             21.5                280410          13069.7
12:26:31.279 INFO  ProgressMeter -        chr8:41843474             21.6                283190          13097.4
12:26:41.291 INFO  ProgressMeter -        chr8:42285525             21.8                286010          13126.6
12:26:51.297 INFO  ProgressMeter -        chr8:42586559             22.0                287830          13109.8
12:27:01.303 INFO  ProgressMeter -        chr8:43074060             22.1                290870          13148.4
12:27:11.325 INFO  ProgressMeter -        chr8:43505101             22.3                293580          13171.4
12:27:21.327 INFO  ProgressMeter -        chr8:44173041             22.5                297480          13247.3
12:27:31.356 INFO  ProgressMeter -        chr8:46208177             22.6                306080          13529.6
12:27:41.364 INFO  ProgressMeter -        chr8:46643351             22.8                309050          13560.9
12:27:51.370 INFO  ProgressMeter -        chr8:47083706             23.0                311900          13586.5
12:28:04.484 INFO  ProgressMeter -        chr8:47224070             23.2                312800          13497.2
12:28:14.492 INFO  ProgressMeter -        chr8:47737522             23.3                315910          13534.0
12:28:24.525 INFO  ProgressMeter -        chr8:47889792             23.5                316860          13478.1
12:28:34.553 INFO  ProgressMeter -        chr8:48283704             23.7                319360          13488.6
12:28:55.121 INFO  ProgressMeter -        chr8:48727930             24.0                322220          13415.1
12:29:05.217 INFO  ProgressMeter -        chr8:49177734             24.2                325090          13440.5
12:29:15.231 INFO  ProgressMeter -        chr8:49511062             24.4                327470          13446.1
12:29:25.237 INFO  ProgressMeter -        chr8:49857061             24.5                329930          13455.0
12:29:35.255 INFO  ProgressMeter -        chr8:50276451             24.7                332710          13476.6
12:29:45.273 INFO  ProgressMeter -        chr8:50698697             24.9                335570          13501.1
12:29:55.275 INFO  ProgressMeter -        chr8:51059140             25.0                338160          13514.7
12:30:05.310 INFO  ProgressMeter -        chr8:51481415             25.2                340890          13533.3
12:30:15.333 INFO  ProgressMeter -        chr8:51812808             25.4                343060          13529.7
12:30:28.502 INFO  ProgressMeter -        chr8:52277159             25.6                345930          13525.8
12:30:38.615 INFO  ProgressMeter -        chr8:52484327             25.7                347310          13490.9
12:30:48.620 INFO  ProgressMeter -        chr8:52921472             25.9                350270          13518.3
12:30:58.646 INFO  ProgressMeter -        chr8:53347351             26.1                353020          13537.1
12:31:08.788 INFO  ProgressMeter -        chr8:53671629             26.2                355180          13532.3
12:31:18.827 INFO  ProgressMeter -        chr8:54195047             26.4                358390          13568.1
12:31:28.837 INFO  ProgressMeter -        chr8:54546692             26.6                360670          13568.7
12:31:38.866 INFO  ProgressMeter -        chr8:54996616             26.7                363570          13592.3
12:31:48.903 INFO  ProgressMeter -        chr8:55436968             26.9                366380          13612.2
12:31:58.915 INFO  ProgressMeter -        chr8:55822507             27.1                368940          13622.9
12:32:08.927 INFO  ProgressMeter -        chr8:56229560             27.2                371600          13637.1
12:32:18.968 INFO  ProgressMeter -        chr8:56566576             27.4                373950          13639.6
12:32:28.982 INFO  ProgressMeter -        chr8:56987024             27.6                376770          13659.3
12:32:39.099 INFO  ProgressMeter -        chr8:57391254             27.8                379450          13672.8
12:32:49.104 INFO  ProgressMeter -        chr8:57820475             27.9                382250          13691.5
12:32:59.130 INFO  ProgressMeter -        chr8:58237284             28.1                384860          13702.9
12:33:09.146 INFO  ProgressMeter -        chr8:58668572             28.3                387660          13721.1
12:33:19.159 INFO  ProgressMeter -        chr8:59077692             28.4                390430          13738.0
12:33:29.183 INFO  ProgressMeter -        chr8:59491305             28.6                393120          13751.8
12:33:39.206 INFO  ProgressMeter -        chr8:59950678             28.8                396160          13777.6
12:33:49.210 INFO  ProgressMeter -        chr8:60403476             28.9                399110          13800.2
12:33:59.224 INFO  ProgressMeter -        chr8:60801342             29.1                401770          13812.5
12:34:09.264 INFO  ProgressMeter -        chr8:61219164             29.3                404460          13825.4
12:34:19.283 INFO  ProgressMeter -        chr8:61588045             29.4                406920          13830.5
12:34:29.299 INFO  ProgressMeter -        chr8:61997691             29.6                409640          13844.4
12:34:39.322 INFO  ProgressMeter -        chr8:62405688             29.8                412320          13856.8
12:34:49.347 INFO  ProgressMeter -        chr8:62817110             29.9                415000          13869.0
12:34:59.371 INFO  ProgressMeter -        chr8:63162571             30.1                417410          13872.1
12:35:09.409 INFO  ProgressMeter -        chr8:63639949             30.3                420420          13894.8
12:35:19.432 INFO  ProgressMeter -        chr8:64111007             30.4                423400          13916.5
12:35:29.463 INFO  ProgressMeter -        chr8:64528935             30.6                426200          13932.0
12:35:39.500 INFO  ProgressMeter -        chr8:64998424             30.8                429080          13949.8
12:35:49.575 INFO  ProgressMeter -        chr8:65381674             30.9                431650          13957.2
12:35:59.599 INFO  ProgressMeter -        chr8:65794772             31.1                434380          13970.0
12:36:09.625 INFO  ProgressMeter -        chr8:66282627             31.3                437280          13988.1
12:36:19.633 INFO  ProgressMeter -        chr8:66732104             31.4                440140          14004.9
12:36:29.649 INFO  ProgressMeter -        chr8:67296083             31.6                443490          14036.9
12:36:39.688 INFO  ProgressMeter -        chr8:67762819             31.8                446460          14056.5
12:36:49.732 INFO  ProgressMeter -        chr8:68069374             31.9                448570          14048.8
12:36:59.766 INFO  ProgressMeter -        chr8:68480779             32.1                451320          14061.3
12:37:09.789 INFO  ProgressMeter -        chr8:68981211             32.3                454370          14083.1
12:37:19.801 INFO  ProgressMeter -        chr8:69336544             32.4                456810          14085.8
12:37:29.807 INFO  ProgressMeter -        chr8:69735578             32.6                459390          14092.9
12:37:39.823 INFO  ProgressMeter -        chr8:70185521             32.8                462410          14113.3
12:37:49.862 INFO  ProgressMeter -        chr8:70616404             32.9                465180          14125.7
12:37:59.884 INFO  ProgressMeter -        chr8:71017663             33.1                467820          14134.2
12:38:09.931 INFO  ProgressMeter -        chr8:71432084             33.3                470510          14143.9
12:38:19.962 INFO  ProgressMeter -        chr8:71853978             33.4                473240          14154.8
12:38:29.965 INFO  ProgressMeter -        chr8:72208380             33.6                475680          14157.2
12:38:39.987 INFO  ProgressMeter -        chr8:72601648             33.8                478330          14165.7
12:38:50.001 INFO  ProgressMeter -        chr8:72981095             33.9                480810          14169.1
12:39:00.005 INFO  ProgressMeter -        chr8:73411533             34.1                483600          14181.6
12:39:10.019 INFO  ProgressMeter -        chr8:73832048             34.3                486340          14192.5
12:39:20.055 INFO  ProgressMeter -        chr8:74278831             34.4                489220          14207.2
12:39:30.064 INFO  ProgressMeter -        chr8:74684587             34.6                491880          14215.6
12:39:40.087 INFO  ProgressMeter -        chr8:75167628             34.8                494910          14234.4
12:39:50.125 INFO  ProgressMeter -        chr8:75676986             34.9                498080          14257.0
12:40:00.135 INFO  ProgressMeter -        chr8:76095874             35.1                500830          14267.6
12:40:10.146 INFO  ProgressMeter -        chr8:76521699             35.3                503500          14275.8
12:40:20.172 INFO  ProgressMeter -        chr8:77016819             35.4                506610          14296.2
12:40:30.184 INFO  ProgressMeter -        chr8:77420376             35.6                509360          14306.5
12:40:40.214 INFO  ProgressMeter -        chr8:77833013             35.8                512090          14315.9
12:40:50.215 INFO  ProgressMeter -        chr8:78216623             35.9                514650          14320.7
12:41:00.231 INFO  ProgressMeter -        chr8:78680229             36.1                517600          14336.2
12:41:10.253 INFO  ProgressMeter -        chr8:79141066             36.3                520500          14350.2
12:41:20.264 INFO  ProgressMeter -        chr8:79646113             36.4                523500          14366.8
12:41:30.264 INFO  ProgressMeter -        chr8:80090094             36.6                526360          14379.5
12:41:40.276 INFO  ProgressMeter -        chr8:80508481             36.8                529170          14390.7
12:41:50.294 INFO  ProgressMeter -        chr8:80985545             36.9                532120          14405.5
12:42:00.312 INFO  ProgressMeter -        chr8:81405168             37.1                534780          14412.4
12:42:10.333 INFO  ProgressMeter -        chr8:81847442             37.3                537580          14422.9
12:42:20.356 INFO  ProgressMeter -        chr8:82291636             37.4                540340          14432.3
12:42:30.530 INFO  ProgressMeter -        chr8:82744290             37.6                543220          14443.8
12:42:40.543 INFO  ProgressMeter -        chr8:83082078             37.8                545580          14442.4
12:42:50.574 INFO  ProgressMeter -        chr8:83525610             37.9                548510          14456.0
12:43:00.601 INFO  ProgressMeter -        chr8:83906394             38.1                551000          14458.0
12:43:10.643 INFO  ProgressMeter -        chr8:84386630             38.3                553940          14471.6
12:43:20.669 INFO  ProgressMeter -        chr8:84887078             38.4                557040          14489.3
12:43:30.675 INFO  ProgressMeter -        chr8:85273960             38.6                559550          14491.7
12:43:40.721 INFO  ProgressMeter -        chr8:85741898             38.8                562290          14499.8
12:43:50.806 INFO  ProgressMeter -        chr8:86133817             38.9                564750          14500.4
12:44:00.835 INFO  ProgressMeter -        chr8:86577532             39.1                567630          14512.1
12:44:10.874 INFO  ProgressMeter -        chr8:86934700             39.3                570040          14511.6
12:44:20.897 INFO  ProgressMeter -        chr8:87345857             39.4                572730          14518.3
12:44:30.915 INFO  ProgressMeter -        chr8:87771744             39.6                575530          14527.8
12:44:40.938 INFO  ProgressMeter -        chr8:88245804             39.8                578580          14543.5
12:44:50.950 INFO  ProgressMeter -        chr8:88773178             39.9                581820          14563.8
12:45:00.989 INFO  ProgressMeter -        chr8:89138096             40.1                584330          14565.7
12:45:11.001 INFO  ProgressMeter -        chr8:89507959             40.3                586830          14567.4
12:45:21.010 INFO  ProgressMeter -        chr8:89970450             40.5                589750          14579.5
12:45:31.037 INFO  ProgressMeter -        chr8:90407675             40.6                592610          14589.9
12:45:41.064 INFO  ProgressMeter -        chr8:90866171             40.8                595520          14601.5
12:45:51.083 INFO  ProgressMeter -        chr8:91311768             41.0                598340          14610.8
12:46:01.086 INFO  ProgressMeter -        chr8:91843630             41.1                601540          14629.4
12:46:11.087 INFO  ProgressMeter -        chr8:92326687             41.3                604570          14643.7
12:46:21.116 INFO  ProgressMeter -        chr8:92811739             41.5                607600          14657.8
12:46:31.118 INFO  ProgressMeter -        chr8:93266622             41.6                610560          14670.2
12:46:41.145 INFO  ProgressMeter -        chr8:93707865             41.8                613370          14678.8
12:46:51.182 INFO  ProgressMeter -        chr8:94139638             42.0                616110          14685.6
12:47:01.196 INFO  ProgressMeter -        chr8:94491272             42.1                618490          14683.9
12:47:11.200 INFO  ProgressMeter -        chr8:94901162             42.3                621200          14690.1
12:47:21.221 INFO  ProgressMeter -        chr8:95291612             42.5                623790          14693.3
12:47:31.250 INFO  ProgressMeter -        chr8:95661256             42.6                626320          14695.0
12:47:41.266 INFO  ProgressMeter -        chr8:96040464             42.8                628860          14697.0
12:47:51.280 INFO  ProgressMeter -        chr8:96467376             43.0                631640          14704.7
12:48:01.303 INFO  ProgressMeter -        chr8:96910117             43.1                634420          14712.2
12:48:11.324 INFO  ProgressMeter -        chr8:97358905             43.3                637230          14720.3
12:48:21.363 INFO  ProgressMeter -        chr8:97749134             43.5                639930          14725.8
12:48:31.370 INFO  ProgressMeter -        chr8:98082587             43.6                642300          14723.8
12:48:41.402 INFO  ProgressMeter -        chr8:98520281             43.8                645110          14731.7
12:48:51.428 INFO  ProgressMeter -        chr8:99009856             44.0                648160          14745.1
12:49:01.427 INFO  ProgressMeter -        chr8:99464260             44.1                651040          14754.7
12:49:11.440 INFO  ProgressMeter -        chr8:99933924             44.3                653950          14764.8
12:49:21.442 INFO  ProgressMeter -       chr8:100407735             44.5                656930          14776.5
12:49:31.486 INFO  ProgressMeter -       chr8:100803871             44.6                659490          14778.4
12:49:41.505 INFO  ProgressMeter -       chr8:101229622             44.8                662280          14785.6
12:49:51.505 INFO  ProgressMeter -       chr8:101598165             45.0                664830          14787.5
12:50:01.516 INFO  ProgressMeter -       chr8:101977172             45.1                667290          14787.4
12:50:11.542 INFO  ProgressMeter -       chr8:102437514             45.3                670210          14797.3
12:50:21.574 INFO  ProgressMeter -       chr8:102842821             45.5                672890          14801.8
12:50:31.588 INFO  ProgressMeter -       chr8:103209144             45.6                675350          14801.6
12:50:41.617 INFO  ProgressMeter -       chr8:103613681             45.8                678020          14805.8
12:50:51.649 INFO  ProgressMeter -       chr8:103985179             46.0                680510          14806.2
12:51:01.922 INFO  ProgressMeter -       chr8:104372923             46.1                683100          14807.4
12:51:11.971 INFO  ProgressMeter -       chr8:104826594             46.3                685960          14815.6
12:51:21.994 INFO  ProgressMeter -       chr8:105213712             46.5                688530          14817.6
12:51:32.022 INFO  ProgressMeter -       chr8:105606616             46.6                691160          14820.9
12:51:42.056 INFO  ProgressMeter -       chr8:106068419             46.8                693990          14828.4
12:51:52.062 INFO  ProgressMeter -       chr8:106443670             47.0                696430          14827.7
12:52:02.117 INFO  ProgressMeter -       chr8:106876997             47.1                699120          14832.1
12:52:12.175 INFO  ProgressMeter -       chr8:107255650             47.3                701590          14831.7
12:52:22.195 INFO  ProgressMeter -       chr8:107672491             47.5                704320          14837.0
12:52:32.230 INFO  ProgressMeter -       chr8:108106080             47.6                707070          14842.7
12:52:42.258 INFO  ProgressMeter -       chr8:108500010             47.8                709750          14846.9
12:52:52.269 INFO  ProgressMeter -       chr8:108920531             48.0                712490          14852.3
12:53:02.300 INFO  ProgressMeter -       chr8:109292016             48.1                714910          14851.0
12:53:12.322 INFO  ProgressMeter -       chr8:109729449             48.3                717630          14856.0
12:53:22.332 INFO  ProgressMeter -       chr8:110192613             48.5                720570          14865.5
12:53:32.344 INFO  ProgressMeter -       chr8:110726555             48.6                723690          14878.6
12:53:42.454 INFO  ProgressMeter -       chr8:111125560             48.8                726310          14881.0
12:53:52.482 INFO  ProgressMeter -       chr8:111554479             49.0                729150          14888.2
12:54:02.494 INFO  ProgressMeter -       chr8:111956972             49.1                731820          14891.9
12:54:12.521 INFO  ProgressMeter -       chr8:112368914             49.3                734530          14896.4
12:54:22.536 INFO  ProgressMeter -       chr8:112782600             49.5                737200          14900.1
12:54:32.552 INFO  ProgressMeter -       chr8:113159437             49.6                739700          14900.4
12:54:42.555 INFO  ProgressMeter -       chr8:113559454             49.8                742370          14904.1
12:54:52.557 INFO  ProgressMeter -       chr8:113948008             50.0                744970          14906.4
12:55:02.561 INFO  ProgressMeter -       chr8:114339191             50.1                747570          14908.7
12:55:12.587 INFO  ProgressMeter -       chr8:114728605             50.3                750160          14910.7
12:55:22.610 INFO  ProgressMeter -       chr8:115134140             50.5                752830          14914.2
12:55:32.632 INFO  ProgressMeter -       chr8:115530521             50.6                755410          14916.0
12:55:42.631 INFO  ProgressMeter -       chr8:115927150             50.8                757930          14916.7
12:55:52.633 INFO  ProgressMeter -       chr8:116360959             51.0                760680          14921.8
12:56:02.682 INFO  ProgressMeter -       chr8:116766565             51.1                763340          14925.0
12:56:12.716 INFO  ProgressMeter -       chr8:117209348             51.3                766060          14929.3
12:56:22.754 INFO  ProgressMeter -       chr8:117629894             51.5                768740          14932.9
12:56:32.780 INFO  ProgressMeter -       chr8:118075201             51.6                771550          14939.0
12:56:42.812 INFO  ProgressMeter -       chr8:118419516             51.8                773820          14934.6
12:56:52.822 INFO  ProgressMeter -       chr8:118820482             52.0                776300          14934.4
12:57:02.837 INFO  ProgressMeter -       chr8:119174789             52.1                778690          14932.4
12:57:12.845 INFO  ProgressMeter -       chr8:119566533             52.3                781290          14934.5
12:57:22.877 INFO  ProgressMeter -       chr8:119974133             52.5                783980          14938.1
12:57:32.882 INFO  ProgressMeter -       chr8:120363241             52.6                786620          14941.0
12:57:42.883 INFO  ProgressMeter -       chr8:120763893             52.8                789210          14942.9
12:57:52.907 INFO  ProgressMeter -       chr8:121174387             53.0                791850          14945.6
12:58:02.921 INFO  ProgressMeter -       chr8:121544162             53.1                794440          14947.4
12:58:12.963 INFO  ProgressMeter -       chr8:121995979             53.3                797430          14956.5
12:58:22.975 INFO  ProgressMeter -       chr8:122433297             53.5                800290          14963.3
12:58:32.983 INFO  ProgressMeter -       chr8:122842373             53.7                802930          14966.0
12:58:42.987 INFO  ProgressMeter -       chr8:123267417             53.8                805610          14969.5
12:59:00.116 INFO  ProgressMeter -       chr8:123659657             54.1                808160          14937.6
12:59:10.128 INFO  ProgressMeter -       chr8:123961456             54.3                810100          14927.4
12:59:20.129 INFO  ProgressMeter -       chr8:124327729             54.4                812520          14926.2
12:59:30.158 INFO  ProgressMeter -       chr8:124734211             54.6                815140          14928.5
12:59:40.196 INFO  ProgressMeter -       chr8:125121531             54.8                817660          14928.9
12:59:50.198 INFO  ProgressMeter -       chr8:125535980             54.9                820320          14932.0
13:00:00.232 INFO  ProgressMeter -       chr8:125918226             55.1                822800          14931.7
13:00:10.261 INFO  ProgressMeter -       chr8:126259896             55.3                825190          14929.8
13:00:20.263 INFO  ProgressMeter -       chr8:126656625             55.4                827870          14933.2
13:00:30.287 INFO  ProgressMeter -       chr8:127060147             55.6                830440          14934.6
13:00:40.326 INFO  ProgressMeter -       chr8:127390503             55.8                832610          14928.7
13:00:50.349 INFO  ProgressMeter -       chr8:127694701             55.9                834680          14921.1
13:01:00.374 INFO  ProgressMeter -       chr8:128062506             56.1                837130          14920.3
13:01:10.375 INFO  ProgressMeter -       chr8:128440293             56.3                839580          14919.7
13:01:20.424 INFO  ProgressMeter -       chr8:128861304             56.4                842220          14922.2
13:01:30.437 INFO  ProgressMeter -       chr8:129243656             56.6                844750          14922.9
13:01:40.457 INFO  ProgressMeter -       chr8:129620157             56.8                847150          14921.3
13:01:50.479 INFO  ProgressMeter -       chr8:130038556             56.9                849830          14924.5
13:02:01.184 INFO  ProgressMeter -       chr8:130428463             57.1                852380          14922.6
13:02:11.187 INFO  ProgressMeter -       chr8:130761091             57.3                854520          14916.5
13:02:21.199 INFO  ProgressMeter -       chr8:131148904             57.5                856960          14915.6
13:02:31.204 INFO  ProgressMeter -       chr8:131485503             57.6                859240          14912.0
13:02:41.212 INFO  ProgressMeter -       chr8:131812444             57.8                861490          14907.9
13:02:51.239 INFO  ProgressMeter -       chr8:132199832             58.0                864010          14908.4
13:03:01.242 INFO  ProgressMeter -       chr8:132551497             58.1                866390          14906.6
13:03:24.811 INFO  ProgressMeter -       chr8:132893036             58.5                868480          14842.3
13:03:34.859 INFO  ProgressMeter -       chr8:133105222             58.7                869990          14825.6
13:03:50.120 INFO  ProgressMeter -       chr8:133194922             58.9                870560          14771.3
13:04:01.545 INFO  ProgressMeter -       chr8:133405586             59.1                871990          14748.0
13:04:11.544 INFO  ProgressMeter -       chr8:133745169             59.3                874360          14746.5
13:04:21.570 INFO  ProgressMeter -       chr8:134148810             59.5                876980          14749.1
13:04:32.120 INFO  ProgressMeter -       chr8:134461892             59.6                879110          14741.3
13:04:42.140 INFO  ProgressMeter -       chr8:134829951             59.8                881580          14741.5
13:04:52.167 INFO  ProgressMeter -       chr8:135174216             60.0                883910          14739.2
13:05:02.169 INFO  ProgressMeter -       chr8:135587906             60.1                886530          14741.9
13:05:12.181 INFO  ProgressMeter -       chr8:135932269             60.3                888890          14740.3
13:05:22.213 INFO  ProgressMeter -       chr8:136297285             60.5                891290          14739.2
13:05:32.221 INFO  ProgressMeter -       chr8:136694793             60.6                893800          14740.1
13:05:42.261 INFO  ProgressMeter -       chr8:137037654             60.8                896200          14739.0
13:05:52.288 INFO  ProgressMeter -       chr8:137412254             61.0                898740          14740.2
13:06:02.307 INFO  ProgressMeter -       chr8:137744130             61.1                901130          14739.1
13:06:12.332 INFO  ProgressMeter -       chr8:138057931             61.3                903320          14734.6
13:06:22.373 INFO  ProgressMeter -       chr8:138248220             61.5                904700          14717.0
13:06:32.379 INFO  ProgressMeter -       chr8:138638890             61.6                907310          14719.5
13:06:44.854 INFO  ProgressMeter -       chr8:138743258             61.8                908060          14682.1
13:07:09.500 INFO  ProgressMeter -       chr8:138806002             62.3                908500          14592.3
13:07:19.513 INFO  ProgressMeter -       chr8:139003359             62.4                909960          14576.7
13:07:29.529 INFO  ProgressMeter -       chr8:139364719             62.6                912380          14576.5
13:07:39.556 INFO  ProgressMeter -       chr8:139687378             62.8                914660          14574.0
13:08:01.755 INFO  ProgressMeter -       chr8:139753494             63.1                915120          14495.9
13:08:11.762 INFO  ProgressMeter -       chr8:140037286             63.3                917030          14487.9
13:08:21.762 INFO  ProgressMeter -       chr8:140323647             63.5                918970          14480.4
13:08:31.765 INFO  ProgressMeter -       chr8:140736356             63.6                921700          14485.3
13:08:41.787 INFO  ProgressMeter -       chr8:141142601             63.8                924320          14488.5
13:08:52.953 INFO  ProgressMeter -       chr8:141349516             64.0                925780          14469.2
13:09:02.961 INFO  ProgressMeter -       chr8:141581279             64.1                927440          14457.4
13:09:12.982 INFO  ProgressMeter -       chr8:141730498             64.3                928510          14436.5
13:09:23.000 INFO  ProgressMeter -       chr8:141962923             64.5                930170          14424.9
13:09:33.582 INFO  ProgressMeter -       chr8:142117388             64.7                931340          14403.6
13:09:44.347 INFO  ProgressMeter -       chr8:142163814             64.8                931690          14369.2
13:09:56.217 INFO  ProgressMeter -       chr8:142256439             65.0                932370          14335.9
13:10:12.216 INFO  ProgressMeter -       chr8:142503047             65.3                934170          14304.9
13:10:24.275 INFO  ProgressMeter -       chr8:142520300             65.5                934300          14263.0
13:10:38.868 INFO  ProgressMeter -       chr8:142744367             65.7                935880          14234.3
13:10:50.077 INFO  ProgressMeter -       chr8:142937588             65.9                937290          14215.3
13:11:00.126 INFO  ProgressMeter -       chr8:143125875             66.1                938650          14199.9
13:11:11.415 INFO  ProgressMeter -       chr8:143323497             66.3                940100          14181.5
13:11:21.422 INFO  ProgressMeter -       chr8:143651542             66.5                942440          14181.1
13:11:31.432 INFO  ProgressMeter -       chr8:144034949             66.6                945060          14184.9
13:11:41.438 INFO  ProgressMeter -       chr8:144464725             66.8                947990          14193.4
13:11:51.441 INFO  ProgressMeter -       chr8:144808896             67.0                950210          14191.2
13:11:56.874 INFO  HaplotypeCaller - 604877 read(s) filtered by: MappingQualityReadFilter 
0 read(s) filtered by: MappingQualityAvailableReadFilter 
0 read(s) filtered by: MappedReadFilter 
0 read(s) filtered by: NotSecondaryAlignmentReadFilter 
285650 read(s) filtered by: NotDuplicateReadFilter 
0 read(s) filtered by: PassesVendorQualityCheckReadFilter 
0 read(s) filtered by: NonZeroReferenceLengthAlignmentReadFilter 
0 read(s) filtered by: GoodCigarReadFilter 
0 read(s) filtered by: WellformedReadFilter 
890527 total reads filtered out of 6239313 reads processed
13:11:56.875 INFO  ProgressMeter -       chr8:145135756             67.0                952099          14200.2
13:11:56.875 INFO  ProgressMeter - Traversal complete. Processed 952099 total regions in 67.0 minutes.
13:11:56.983 INFO  VectorLoglessPairHMM - Time spent in setup for JNI call : 0.889372527
13:11:56.984 INFO  PairHMM - Total compute time in PairHMM computeLogLikelihoods() : 225.77973894500002
13:11:56.984 INFO  SmithWatermanAligner - Total compute time in java Smith-Waterman : 510.48 sec
13:11:56.985 INFO  HaplotypeCaller - Shutting down engine
[May 3, 2024 at 1:11:56 PM UTC] org.broadinstitute.hellbender.tools.walkers.haplotypecaller.HaplotypeCaller done. Elapsed time: 67.07 minutes.
Runtime.totalMemory()=1401421824
Stage 4: Completed chrom chr8
