Using GATK jar /export/approved/gatk-4.5.0.0/gatk-package-4.5.0.0-local.jar
Running:
    java -Dsamjdk.use_async_io_read_samtools=false -Dsamjdk.use_async_io_write_samtools=true -Dsamjdk.use_async_io_write_tribble=false -Dsamjdk.compression_level=2 -Xmx40G -XX:+UseParallelGC -XX:ParallelGCThreads=2 -jar /export/approved/gatk-4.5.0.0/gatk-package-4.5.0.0-local.jar HaplotypeCaller -R /export/home/andrew/genome/hg38_v0_20231023/Homo_sapiens_assembly38.fasta -I analysis_onelane.sorted.final.bam -L chr1 -O called.chr1.recal.g.vcf.gz -G StandardAnnotation -G StandardHCAnnotation -GQB 10 -GQB 20 -GQB 30 -GQB 40 -GQB 50 -GQB 60 -GQB 70 -GQB 80 -GQB 90 --native-pair-hmm-threads 8 -ERC GVCF
12:04:55.779 WARN  GATKAnnotationPluginDescriptor - Redundant enabled annotation group (StandardAnnotation) is enabled for this tool by default
12:04:55.801 WARN  GATKAnnotationPluginDescriptor - Redundant enabled annotation group (StandardHCAnnotation) is enabled for this tool by default
12:04:55.952 INFO  NativeLibraryLoader - Loading libgkl_compression.so from jar:file:/export/approved/gatk-4.5.0.0/gatk-package-4.5.0.0-local.jar!/com/intel/gkl/native/libgkl_compression.so
12:04:56.496 INFO  HaplotypeCaller - ------------------------------------------------------------
12:04:56.503 INFO  HaplotypeCaller - The Genome Analysis Toolkit (GATK) v4.5.0.0
12:04:56.503 INFO  HaplotypeCaller - For support and documentation go to https://software.broadinstitute.org/gatk/
12:04:56.503 INFO  HaplotypeCaller - Executing as andrew@compute-0-2 on Linux v5.15.0-102-generic amd64
12:04:56.503 INFO  HaplotypeCaller - Java runtime: OpenJDK 64-Bit Server VM v19.0.2+7-Ubuntu-0ubuntu322.04
12:04:56.503 INFO  HaplotypeCaller - Start Date/Time: May 3, 2024 at 12:04:55 PM UTC
12:04:56.504 INFO  HaplotypeCaller - ------------------------------------------------------------
12:04:56.504 INFO  HaplotypeCaller - ------------------------------------------------------------
12:04:56.505 INFO  HaplotypeCaller - HTSJDK Version: 4.1.0
12:04:56.505 INFO  HaplotypeCaller - Picard Version: 3.1.1
12:04:56.505 INFO  HaplotypeCaller - Built for Spark Version: 3.5.0
12:04:56.505 INFO  HaplotypeCaller - HTSJDK Defaults.COMPRESSION_LEVEL : 2
12:04:56.505 INFO  HaplotypeCaller - HTSJDK Defaults.USE_ASYNC_IO_READ_FOR_SAMTOOLS : false
12:04:56.506 INFO  HaplotypeCaller - HTSJDK Defaults.USE_ASYNC_IO_WRITE_FOR_SAMTOOLS : true
12:04:56.506 INFO  HaplotypeCaller - HTSJDK Defaults.USE_ASYNC_IO_WRITE_FOR_TRIBBLE : false
12:04:56.506 INFO  HaplotypeCaller - Deflater: IntelDeflater
12:04:56.506 INFO  HaplotypeCaller - Inflater: IntelInflater
12:04:56.506 INFO  HaplotypeCaller - GCS max retries/reopens: 20
12:04:56.507 INFO  HaplotypeCaller - Requester pays: disabled
12:04:56.507 INFO  HaplotypeCaller - Initializing engine
12:04:57.093 INFO  IntervalArgumentCollection - Processing 248956422 bp from intervals
12:04:57.117 INFO  HaplotypeCaller - Done initializing engine
12:04:57.120 INFO  HaplotypeCallerEngine - Tool is in reference confidence mode and the annotation, the following changes will be made to any specified annotations: 'StrandBiasBySample' will be enabled. 'ChromosomeCounts', 'FisherStrand', 'StrandOddsRatio' and 'QualByDepth' annotations have been disabled
12:04:57.245 INFO  NativeLibraryLoader - Loading libgkl_utils.so from jar:file:/export/approved/gatk-4.5.0.0/gatk-package-4.5.0.0-local.jar!/com/intel/gkl/native/libgkl_utils.so
12:04:57.248 INFO  SmithWatermanAligner - AVX accelerated SmithWaterman implementation is not supported, falling back to the Java implementation
12:04:57.252 INFO  HaplotypeCallerEngine - Standard Emitting and Calling confidence set to -0.0 for reference-model confidence output
12:04:57.253 INFO  HaplotypeCallerEngine - All sites annotated with PLs forced to true for reference-model confidence output
12:04:57.265 INFO  NativeLibraryLoader - Loading libgkl_pairhmm_omp.so from jar:file:/export/approved/gatk-4.5.0.0/gatk-package-4.5.0.0-local.jar!/com/intel/gkl/native/libgkl_pairhmm_omp.so
12:04:57.291 INFO  IntelPairHmm - Flush-to-zero (FTZ) is enabled when running PairHMM
12:04:57.292 INFO  IntelPairHmm - Available threads: 10
12:04:57.292 INFO  IntelPairHmm - Requested threads: 8
12:04:57.292 INFO  PairHMM - Using the OpenMP multi-threaded AVX-accelerated native PairHMM implementation
12:04:57.407 INFO  ProgressMeter - Starting traversal
12:04:57.408 INFO  ProgressMeter -        Current Locus  Elapsed Minutes     Regions Processed   Regions/Minute
12:04:59.207 WARN  InbreedingCoeff - InbreedingCoeff will not be calculated at position chr1:10109 and possibly subsequent; at least 10 samples must have called genotypes
12:05:01.696 WARN  DepthPerSampleHC - Annotation will not be calculated at position chr1:94808 and possibly subsequent; genotype for sample analysis_onelane is not called
12:05:01.697 WARN  StrandBiasBySample - Annotation will not be calculated at position chr1:94808 and possibly subsequent; genotype for sample analysis_onelane is not called
12:05:07.416 INFO  ProgressMeter -          chr1:648761              0.2                  2910          17447.8
12:05:17.445 INFO  ProgressMeter -         chr1:1005712              0.3                  5210          15601.9
12:05:28.863 INFO  ProgressMeter -         chr1:1368101              0.5                  7660          14611.3
12:05:40.352 INFO  ProgressMeter -         chr1:1596670              0.7                  9200          12853.9
12:05:50.364 INFO  ProgressMeter -         chr1:1975769              0.9                 11850          13426.2
12:06:00.397 INFO  ProgressMeter -         chr1:2327102              1.0                 14290          13611.9
12:06:13.300 INFO  ProgressMeter -         chr1:2654933              1.3                 16540          13076.5
12:06:23.315 INFO  ProgressMeter -         chr1:2955121              1.4                 18400          12851.1
12:06:33.470 INFO  ProgressMeter -         chr1:3050994              1.6                 19100          11929.8
12:06:43.479 INFO  ProgressMeter -         chr1:3211372              1.8                 20200          11426.3
12:06:53.489 INFO  ProgressMeter -         chr1:3440283              1.9                 21820          11278.3
12:07:08.156 INFO  ProgressMeter -         chr1:3726646              2.2                 23770          10908.0
12:07:28.809 INFO  ProgressMeter -         chr1:3929412              2.5                 25190           9982.8
12:07:39.387 INFO  ProgressMeter -         chr1:3931482              2.7                 25200           9334.5
12:07:49.405 INFO  ProgressMeter -         chr1:4163233              2.9                 26870           9373.5
12:07:59.420 INFO  ProgressMeter -         chr1:4453983              3.0                 28850           9510.4
12:08:10.749 INFO  ProgressMeter -         chr1:4649032              3.2                 30250           9387.6
12:08:20.780 INFO  ProgressMeter -         chr1:4995742              3.4                 32600           9617.8
12:08:30.792 INFO  ProgressMeter -         chr1:5282130              3.6                 34650           9743.0
12:08:40.798 INFO  ProgressMeter -         chr1:5580699              3.7                 36750           9870.6
12:08:50.802 INFO  ProgressMeter -         chr1:5788362              3.9                 38130           9802.3
12:09:00.804 INFO  ProgressMeter -         chr1:6043905              4.1                 39840           9821.0
12:09:26.212 INFO  ProgressMeter -         chr1:6108988              4.5                 40280           8990.9
12:09:56.410 INFO  ProgressMeter -         chr1:6175193              5.0                 40760           8179.2
12:10:06.439 INFO  ProgressMeter -         chr1:6552685              5.2                 43220           8391.4
12:10:20.480 INFO  ProgressMeter -         chr1:6938445              5.4                 45750           8496.6
12:10:30.505 INFO  ProgressMeter -         chr1:7136857              5.6                 47060           8476.8
12:10:40.544 INFO  ProgressMeter -         chr1:7462594              5.7                 49280           8617.0
12:10:51.946 INFO  ProgressMeter -         chr1:7568845              5.9                 50040           8468.5
12:11:07.528 INFO  ProgressMeter -         chr1:7654702              6.2                 50650           8210.9
12:11:31.517 INFO  ProgressMeter -         chr1:7656471              6.6                 50660           7712.6
12:11:41.801 INFO  ProgressMeter -         chr1:7990837              6.7                 52890           7847.3
12:11:51.801 INFO  ProgressMeter -         chr1:8282196              6.9                 54930           7953.3
12:12:01.839 INFO  ProgressMeter -         chr1:8597643              7.1                 56980           8055.0
12:12:11.876 INFO  ProgressMeter -         chr1:9042125              7.2                 59860           8266.7
12:12:21.902 INFO  ProgressMeter -         chr1:9094507              7.4                 60240           8131.5
12:12:33.188 INFO  ProgressMeter -         chr1:9412108              7.6                 62480           8225.0
12:12:43.223 INFO  ProgressMeter -         chr1:9870162              7.8                 65510           8438.1
12:12:53.229 INFO  ProgressMeter -        chr1:10323739              7.9                 68470           8633.9
12:13:03.280 INFO  ProgressMeter -        chr1:10678550              8.1                 70890           8754.2
12:13:20.593 INFO  ProgressMeter -        chr1:11040240              8.4                 73330           8743.9
12:13:36.823 INFO  ProgressMeter -        chr1:11041547              8.7                 73340           8471.8
12:13:46.874 INFO  ProgressMeter -        chr1:11072390              8.8                 73560           8335.9
12:14:07.627 INFO  ProgressMeter -        chr1:11375157              9.2                 75610           8245.1
12:14:17.649 INFO  ProgressMeter -        chr1:11750426              9.3                 78200           8375.0
12:14:29.003 INFO  ProgressMeter -        chr1:12063643              9.5                 80310           8430.1
12:14:39.008 INFO  ProgressMeter -        chr1:12389085              9.7                 82370           8497.6
12:14:55.469 INFO  ProgressMeter -        chr1:12583635             10.0                 83580           8385.1
12:15:05.476 INFO  ProgressMeter -        chr1:12948068             10.1                 86020           8487.9
12:15:15.490 INFO  ProgressMeter -        chr1:13498706             10.3                 89210           8660.0
12:15:25.496 INFO  ProgressMeter -        chr1:13868975             10.5                 91610           8751.3
12:15:35.538 INFO  ProgressMeter -        chr1:14151770             10.6                 93580           8798.8
12:15:45.547 INFO  ProgressMeter -        chr1:14456382             10.8                 95650           8854.6
12:15:59.231 INFO  ProgressMeter -        chr1:14845260             11.0                 98290           8910.8
12:16:12.721 INFO  ProgressMeter -        chr1:15110158             11.3                100070           8891.0
12:16:23.103 INFO  ProgressMeter -        chr1:15315641             11.4                101570           8887.6
12:16:33.128 INFO  ProgressMeter -        chr1:15781093             11.6                104540           9015.7
12:16:43.146 INFO  ProgressMeter -        chr1:16137141             11.8                107020           9098.6
12:16:53.180 INFO  ProgressMeter -        chr1:16471224             11.9                109340           9165.5
12:17:03.329 INFO  ProgressMeter -        chr1:16616051             12.1                110340           9120.0
12:17:14.471 INFO  ProgressMeter -        chr1:16728366             12.3                111160           9048.9
12:17:24.498 INFO  ProgressMeter -        chr1:17050409             12.5                113200           9091.3
12:17:34.513 INFO  ProgressMeter -        chr1:17314802             12.6                115060           9118.4
12:17:48.268 INFO  ProgressMeter -        chr1:17676414             12.8                117470           9143.3
12:17:58.293 INFO  ProgressMeter -        chr1:18044690             13.0                119980           9218.8
12:18:08.314 INFO  ProgressMeter -        chr1:18351308             13.2                122110           9263.6
12:18:18.318 INFO  ProgressMeter -        chr1:18733111             13.3                124690           9341.1
12:18:28.320 INFO  ProgressMeter -        chr1:18947405             13.5                126160           9334.7
12:18:38.330 INFO  ProgressMeter -        chr1:19301182             13.7                128620           9400.6
12:18:48.351 INFO  ProgressMeter -        chr1:19690319             13.8                131310           9481.5
12:18:58.364 INFO  ProgressMeter -        chr1:20038631             14.0                133680           9537.7
12:19:08.405 INFO  ProgressMeter -        chr1:20436201             14.2                136320           9611.3
12:19:18.428 INFO  ProgressMeter -        chr1:20582129             14.4                137320           9569.1
12:19:28.468 INFO  ProgressMeter -        chr1:21006580             14.5                140040           9646.2
12:19:38.481 INFO  ProgressMeter -        chr1:21441609             14.7                142820           9725.9
12:19:48.486 INFO  ProgressMeter -        chr1:21802433             14.9                145340           9786.3
12:19:58.533 INFO  ProgressMeter -        chr1:22064617             15.0                147220           9802.4
12:20:13.771 INFO  ProgressMeter -        chr1:22336564             15.3                148970           9754.0
12:20:24.325 INFO  ProgressMeter -        chr1:22338034             15.4                148980           9643.6
12:20:34.349 INFO  ProgressMeter -        chr1:22608604             15.6                150750           9653.8
12:20:51.834 INFO  ProgressMeter -        chr1:22679266             15.9                151260           9509.0
12:21:01.856 INFO  ProgressMeter -        chr1:23030752             16.1                153710           9562.6
12:21:15.637 INFO  ProgressMeter -        chr1:23392450             16.3                156180           9579.4
12:21:25.649 INFO  ProgressMeter -        chr1:23771683             16.5                158660           9632.9
12:21:35.654 INFO  ProgressMeter -        chr1:24050600             16.6                160630           9654.7
12:21:45.668 INFO  ProgressMeter -        chr1:24293009             16.8                162330           9660.0
12:21:55.702 INFO  ProgressMeter -        chr1:24710294             17.0                164990           9721.6
12:22:05.704 INFO  ProgressMeter -        chr1:25041895             17.1                167190           9755.4
12:22:15.712 INFO  ProgressMeter -        chr1:25430249             17.3                169780           9811.0
12:22:32.364 INFO  ProgressMeter -        chr1:25768464             17.6                171930           9778.4
12:22:42.375 INFO  ProgressMeter -        chr1:25984502             17.7                173420           9770.4
12:22:52.397 INFO  ProgressMeter -        chr1:26413160             17.9                176320           9841.2
12:23:02.416 INFO  ProgressMeter -        chr1:26886753             18.1                179300           9915.1
12:23:13.101 INFO  ProgressMeter -        chr1:27107668             18.3                180770           9898.9
12:23:23.113 INFO  ProgressMeter -        chr1:27561546             18.4                183750           9971.0
12:23:33.126 INFO  ProgressMeter -        chr1:27988562             18.6                186530          10031.0
12:23:43.150 INFO  ProgressMeter -        chr1:28403409             18.8                189380          10093.6
12:23:53.160 INFO  ProgressMeter -        chr1:28837249             18.9                192210          10154.2
12:24:03.182 INFO  ProgressMeter -        chr1:29253799             19.1                195010          10212.0
12:24:13.199 INFO  ProgressMeter -        chr1:29645962             19.3                197610          10258.4
12:24:23.231 INFO  ProgressMeter -        chr1:29757740             19.4                198390          10210.3
12:24:33.272 INFO  ProgressMeter -        chr1:30017618             19.6                200250          10218.0
12:24:43.353 INFO  ProgressMeter -        chr1:30349194             19.8                202540          10247.0
12:24:53.370 INFO  ProgressMeter -        chr1:30645293             19.9                204650          10267.0
12:25:03.822 INFO  ProgressMeter -        chr1:30894415             20.1                206410          10265.6
12:25:13.849 INFO  ProgressMeter -        chr1:31257202             20.3                208910          10304.3
12:25:23.853 INFO  ProgressMeter -        chr1:31533130             20.4                210880          10316.6
12:25:33.885 INFO  ProgressMeter -        chr1:31882740             20.6                213140          10342.6
12:25:43.906 INFO  ProgressMeter -        chr1:32332732             20.8                216010          10397.6
12:25:53.935 INFO  ProgressMeter -        chr1:32764449             20.9                218860          10450.7
12:26:03.969 INFO  ProgressMeter -        chr1:33150429             21.1                221440          10490.1
12:26:13.994 INFO  ProgressMeter -        chr1:33499244             21.3                223790          10518.2
12:26:24.066 INFO  ProgressMeter -        chr1:33843535             21.4                226010          10539.4
12:26:34.076 INFO  ProgressMeter -        chr1:34186800             21.6                228310          10564.5
12:26:44.107 INFO  ProgressMeter -        chr1:34553889             21.8                230690          10592.6
12:26:54.119 INFO  ProgressMeter -        chr1:34920471             21.9                233180          10625.6
12:27:04.156 INFO  ProgressMeter -        chr1:35399370             22.1                236230          10683.1
12:27:14.161 INFO  ProgressMeter -        chr1:35860498             22.3                239120          10732.9
12:27:24.165 INFO  ProgressMeter -        chr1:36258579             22.4                241710          10768.5
12:27:34.173 INFO  ProgressMeter -        chr1:36689710             22.6                244480          10811.6
12:27:44.198 INFO  ProgressMeter -        chr1:37058184             22.8                246940          10840.3
12:27:54.287 INFO  ProgressMeter -        chr1:37430287             22.9                249360          10866.3
12:28:04.317 INFO  ProgressMeter -        chr1:37787715             23.1                251790          10892.9
12:28:14.338 INFO  ProgressMeter -        chr1:38192250             23.3                254450          10929.0
12:28:24.341 INFO  ProgressMeter -        chr1:38524021             23.4                256650          10945.1
12:28:34.376 INFO  ProgressMeter -        chr1:38894659             23.6                259150          10973.4
12:28:44.404 INFO  ProgressMeter -        chr1:39338211             23.8                262100          11020.4
12:28:54.435 INFO  ProgressMeter -        chr1:39746103             24.0                264790          11055.7
12:29:04.467 INFO  ProgressMeter -        chr1:40148645             24.1                267430          11088.6
12:29:14.469 INFO  ProgressMeter -        chr1:40581529             24.3                270180          11125.7
12:29:24.520 INFO  ProgressMeter -        chr1:40963636             24.5                272770          11155.4
12:29:34.521 INFO  ProgressMeter -        chr1:41341996             24.6                275270          11181.4
12:29:51.766 INFO  ProgressMeter -        chr1:41425539             24.9                275850          11075.7
12:30:02.001 INFO  ProgressMeter -        chr1:41529070             25.1                276620          11031.0
12:30:12.051 INFO  ProgressMeter -        chr1:41625018             25.2                277280          10984.0
12:30:25.368 INFO  ProgressMeter -        chr1:41890791             25.5                279070          10958.5
12:30:35.413 INFO  ProgressMeter -        chr1:42275107             25.6                281590          10985.3
12:30:45.414 INFO  ProgressMeter -        chr1:42732191             25.8                284470          11025.9
12:30:55.449 INFO  ProgressMeter -        chr1:43153425             26.0                287200          11060.0
12:31:05.471 INFO  ProgressMeter -        chr1:43572085             26.1                289900          11092.7
12:31:22.263 INFO  ProgressMeter -        chr1:43905204             26.4                292170          11061.1
12:31:32.264 INFO  ProgressMeter -        chr1:43910335             26.6                292200          10992.8
12:31:42.278 INFO  ProgressMeter -        chr1:44365237             26.7                295180          11035.7
12:31:52.302 INFO  ProgressMeter -        chr1:44767361             26.9                297810          11064.9
12:32:02.336 INFO  ProgressMeter -        chr1:45145006             27.1                300450          11094.0
12:32:12.345 INFO  ProgressMeter -        chr1:45552902             27.2                303150          11125.2
12:32:22.364 INFO  ProgressMeter -        chr1:45925263             27.4                305700          11150.5
12:32:32.388 INFO  ProgressMeter -        chr1:46399852             27.6                308660          11190.2
12:32:42.392 INFO  ProgressMeter -        chr1:46800134             27.7                311160          11213.1
12:32:52.424 INFO  ProgressMeter -        chr1:47186057             27.9                313690          11236.5
12:33:02.440 INFO  ProgressMeter -        chr1:47579422             28.1                316270          11261.6
12:33:12.465 INFO  ProgressMeter -        chr1:47774381             28.3                317490          11238.2
12:33:22.487 INFO  ProgressMeter -        chr1:48202552             28.4                320260          11269.6
12:33:32.506 INFO  ProgressMeter -        chr1:48631430             28.6                323070          11302.1
12:33:42.518 INFO  ProgressMeter -        chr1:49036244             28.8                325800          11331.5
12:33:52.522 INFO  ProgressMeter -        chr1:49534823             28.9                328890          11373.0
12:34:02.528 INFO  ProgressMeter -        chr1:50019618             29.1                331900          11411.2
12:34:12.550 INFO  ProgressMeter -        chr1:50438506             29.3                334550          11436.7
12:34:22.579 INFO  ProgressMeter -        chr1:50968747             29.4                337780          11481.5
12:34:32.626 INFO  ProgressMeter -        chr1:51495143             29.6                341000          11525.3
12:34:42.639 INFO  ProgressMeter -        chr1:51966861             29.8                343910          11558.5
12:34:52.657 INFO  ProgressMeter -        chr1:52432539             29.9                346810          11590.9
12:35:02.667 INFO  ProgressMeter -        chr1:52874173             30.1                349710          11623.0
12:35:13.063 INFO  ProgressMeter -        chr1:53096458             30.3                351100          11602.4
12:35:31.726 INFO  ProgressMeter -        chr1:53099347             30.6                351120          11485.0
12:35:44.014 INFO  ProgressMeter -        chr1:53100968             30.8                351130          11408.9
12:35:54.037 INFO  ProgressMeter -        chr1:53413803             30.9                353290          11417.1
12:36:07.816 INFO  ProgressMeter -        chr1:53633470             31.2                354730          11379.2
12:36:17.844 INFO  ProgressMeter -        chr1:54066636             31.3                357550          11408.5
12:36:28.532 INFO  ProgressMeter -        chr1:54121174             31.5                357900          11355.2
12:36:38.635 INFO  ProgressMeter -        chr1:54459005             31.7                360200          11367.4
12:36:48.671 INFO  ProgressMeter -        chr1:54849009             31.9                362870          11391.5
12:36:58.701 INFO  ProgressMeter -        chr1:55168245             32.0                365040          11399.8
12:37:08.739 INFO  ProgressMeter -        chr1:55536257             32.2                367460          11415.8
12:37:18.751 INFO  ProgressMeter -        chr1:55893149             32.4                369830          11430.1
12:37:28.759 INFO  ProgressMeter -        chr1:56273364             32.5                372370          11449.6
12:37:38.792 INFO  ProgressMeter -        chr1:56605586             32.7                374660          11461.1
12:37:48.809 INFO  ProgressMeter -        chr1:56956148             32.9                377080          11476.5
12:37:58.814 INFO  ProgressMeter -        chr1:57390143             33.0                379820          11501.5
12:38:08.815 INFO  ProgressMeter -        chr1:57770504             33.2                382330          11519.4
12:38:18.846 INFO  ProgressMeter -        chr1:58161270             33.4                384860          11537.5
12:38:28.848 INFO  ProgressMeter -        chr1:58550371             33.5                387390          11555.6
12:38:38.866 INFO  ProgressMeter -        chr1:58886188             33.7                389730          11567.8
12:38:48.881 INFO  ProgressMeter -        chr1:59244013             33.9                392010          11578.1
12:38:58.911 INFO  ProgressMeter -        chr1:59593072             34.0                394340          11589.7
12:39:08.945 INFO  ProgressMeter -        chr1:60053937             34.2                397200          11616.7
12:39:18.956 INFO  ProgressMeter -        chr1:60440389             34.4                399730          11633.9
12:39:28.958 INFO  ProgressMeter -        chr1:60884841             34.5                402630          11661.7
12:39:38.971 INFO  ProgressMeter -        chr1:61315805             34.7                405420          11686.0
12:39:48.981 INFO  ProgressMeter -        chr1:61685192             34.9                407880          11700.7
12:39:58.999 INFO  ProgressMeter -        chr1:62103467             35.0                410670          11724.5
12:40:09.062 INFO  ProgressMeter -        chr1:62436572             35.2                413020          11735.4
12:40:19.069 INFO  ProgressMeter -        chr1:62862135             35.4                415750          11757.3
12:40:29.108 INFO  ProgressMeter -        chr1:63216196             35.5                418170          11770.0
12:40:39.114 INFO  ProgressMeter -        chr1:63694382             35.7                421170          11799.1
12:40:49.120 INFO  ProgressMeter -        chr1:64071315             35.9                423680          11814.2
12:41:02.528 INFO  ProgressMeter -        chr1:64350102             36.1                425570          11793.4
12:41:12.539 INFO  ProgressMeter -        chr1:64722815             36.3                428050          11807.6
12:41:22.639 INFO  ProgressMeter -        chr1:65125930             36.4                430710          11826.0
12:41:32.669 INFO  ProgressMeter -        chr1:65550046             36.6                433390          11845.2
12:41:42.673 INFO  ProgressMeter -        chr1:65949298             36.8                435940          11860.9
12:41:52.706 INFO  ProgressMeter -        chr1:66299223             36.9                438230          11869.2
12:42:02.742 INFO  ProgressMeter -        chr1:66606061             37.1                440250          11870.1
12:42:12.757 INFO  ProgressMeter -        chr1:66948431             37.3                442590          11879.8
12:42:22.779 INFO  ProgressMeter -        chr1:67344646             37.4                445170          11895.7
12:42:32.782 INFO  ProgressMeter -        chr1:67701508             37.6                447540          11906.0
12:42:42.809 INFO  ProgressMeter -        chr1:68078774             37.8                449930          11916.6
12:42:52.812 INFO  ProgressMeter -        chr1:68435544             37.9                452310          11926.9
12:43:02.849 INFO  ProgressMeter -        chr1:68814637             38.1                454810          11940.2
12:43:12.858 INFO  ProgressMeter -        chr1:69205820             38.3                457390          11955.6
12:43:22.873 INFO  ProgressMeter -        chr1:69566934             38.4                459810          11966.6
12:43:32.884 INFO  ProgressMeter -        chr1:69997536             38.6                462590          11986.9
12:43:42.910 INFO  ProgressMeter -        chr1:70459481             38.8                465460          12009.3
12:43:52.919 INFO  ProgressMeter -        chr1:70821278             38.9                467910          12020.8
12:44:02.923 INFO  ProgressMeter -        chr1:71196703             39.1                470350          12031.9
12:44:12.930 INFO  ProgressMeter -        chr1:71614991             39.3                473070          12050.1
12:44:22.943 INFO  ProgressMeter -        chr1:72059453             39.4                475870          12070.1
12:44:32.964 INFO  ProgressMeter -        chr1:72497070             39.6                478750          12091.9
12:44:42.972 INFO  ProgressMeter -        chr1:72878835             39.8                481340          12106.3
12:44:53.012 INFO  ProgressMeter -        chr1:73175668             39.9                483430          12107.9
12:45:03.014 INFO  ProgressMeter -        chr1:73612157             40.1                486190          12126.4
12:45:13.015 INFO  ProgressMeter -        chr1:74004204             40.3                488740          12139.6
12:45:23.034 INFO  ProgressMeter -        chr1:74399940             40.4                491370          12154.5
12:45:33.080 INFO  ProgressMeter -        chr1:74777311             40.6                493840          12165.2
12:45:43.089 INFO  ProgressMeter -        chr1:75148753             40.8                496230          12174.0
12:45:53.121 INFO  ProgressMeter -        chr1:75560162             40.9                498850          12188.3
12:46:03.153 INFO  ProgressMeter -        chr1:75901772             41.1                501180          12195.4
12:46:13.230 INFO  ProgressMeter -        chr1:76250947             41.3                503540          12203.0
12:46:23.234 INFO  ProgressMeter -        chr1:76649062             41.4                506140          12216.6
12:46:33.248 INFO  ProgressMeter -        chr1:77008890             41.6                508560          12225.8
12:46:43.259 INFO  ProgressMeter -        chr1:77381734             41.8                510960          12234.4
12:46:53.293 INFO  ProgressMeter -        chr1:77812834             41.9                513720          12251.4
12:47:03.332 INFO  ProgressMeter -        chr1:78193900             42.1                516220          12262.1
12:47:13.358 INFO  ProgressMeter -        chr1:78590464             42.3                518740          12273.3
12:47:23.376 INFO  ProgressMeter -        chr1:78958712             42.4                521180          12282.5
12:47:33.398 INFO  ProgressMeter -        chr1:79319315             42.6                523650          12292.3
12:47:43.423 INFO  ProgressMeter -        chr1:79685114             42.8                526090          12301.3
12:47:53.441 INFO  ProgressMeter -        chr1:80021315             42.9                528430          12308.0
12:48:03.453 INFO  ProgressMeter -        chr1:80366810             43.1                530790          12315.1
12:48:13.455 INFO  ProgressMeter -        chr1:80802591             43.3                533500          12330.3
12:48:23.484 INFO  ProgressMeter -        chr1:81152147             43.4                535810          12336.0
12:48:33.544 INFO  ProgressMeter -        chr1:81418397             43.6                537650          12330.8
12:48:43.579 INFO  ProgressMeter -        chr1:81825176             43.8                540300          12344.2
12:48:53.587 INFO  ProgressMeter -        chr1:82204409             43.9                542800          12354.2
12:49:03.631 INFO  ProgressMeter -        chr1:82597288             44.1                545350          12365.2
12:49:13.637 INFO  ProgressMeter -        chr1:82961252             44.3                547770          12373.3
12:49:23.642 INFO  ProgressMeter -        chr1:83308009             44.4                550090          12379.0
12:49:33.651 INFO  ProgressMeter -        chr1:83678280             44.6                552550          12387.9
12:49:43.676 INFO  ProgressMeter -        chr1:84085129             44.8                555050          12397.5
12:49:53.693 INFO  ProgressMeter -        chr1:84448759             44.9                557410          12404.0
12:50:03.720 INFO  ProgressMeter -        chr1:84848495             45.1                559940          12414.1
12:50:13.723 INFO  ProgressMeter -        chr1:85187551             45.3                562290          12420.3
12:50:23.730 INFO  ProgressMeter -        chr1:85582232             45.4                564870          12431.5
12:50:33.753 INFO  ProgressMeter -        chr1:85950474             45.6                567380          12441.0
12:50:43.757 INFO  ProgressMeter -        chr1:86284844             45.8                569580          12443.7
12:50:53.763 INFO  ProgressMeter -        chr1:86680259             45.9                572100          12453.4
12:51:03.771 INFO  ProgressMeter -        chr1:87088740             46.1                574740          12465.6
12:51:13.804 INFO  ProgressMeter -        chr1:87505342             46.3                577300          12475.9
12:51:23.843 INFO  ProgressMeter -        chr1:87924232             46.4                579960          12488.2
12:51:33.857 INFO  ProgressMeter -        chr1:88310962             46.6                582430          12496.5
12:51:43.862 INFO  ProgressMeter -        chr1:88518856             46.8                583840          12482.1
12:51:53.911 INFO  ProgressMeter -        chr1:88876944             46.9                586260          12489.1
12:52:03.916 INFO  ProgressMeter -        chr1:89252209             47.1                588720          12497.1
12:52:13.926 INFO  ProgressMeter -        chr1:89541386             47.3                590670          12494.3
12:52:23.968 INFO  ProgressMeter -        chr1:89927285             47.4                593170          12502.9
12:52:34.014 INFO  ProgressMeter -        chr1:90381464             47.6                595970          12517.7
12:52:44.019 INFO  ProgressMeter -        chr1:90859729             47.8                598960          12536.6
12:52:54.041 INFO  ProgressMeter -        chr1:91253525             47.9                601600          12548.0
12:53:04.052 INFO  ProgressMeter -        chr1:91601672             48.1                603940          12553.1
12:53:14.067 INFO  ProgressMeter -        chr1:91957694             48.3                606390          12560.5
12:53:24.078 INFO  ProgressMeter -        chr1:92416300             48.4                609340          12578.1
12:53:34.087 INFO  ProgressMeter -        chr1:92755013             48.6                611690          12583.3
12:53:44.099 INFO  ProgressMeter -        chr1:93119012             48.8                614170          12591.1
12:53:54.105 INFO  ProgressMeter -        chr1:93562807             48.9                616980          12605.6
12:54:04.132 INFO  ProgressMeter -        chr1:93997112             49.1                619760          12619.3
12:54:14.137 INFO  ProgressMeter -        chr1:94390529             49.3                622330          12628.8
12:54:24.156 INFO  ProgressMeter -        chr1:94744051             49.4                624700          12634.0
12:54:34.161 INFO  ProgressMeter -        chr1:95159993             49.6                627520          12648.4
12:54:44.171 INFO  ProgressMeter -        chr1:95577993             49.8                630160          12659.1
12:54:54.178 INFO  ProgressMeter -        chr1:96001780             49.9                632930          12672.2
12:55:04.206 INFO  ProgressMeter -        chr1:96401734             50.1                635580          12682.9
12:55:14.218 INFO  ProgressMeter -        chr1:96776503             50.3                638090          12690.7
12:55:24.218 INFO  ProgressMeter -        chr1:97241621             50.4                641060          12707.6
12:55:34.221 INFO  ProgressMeter -        chr1:97642523             50.6                643720          12718.3
12:55:44.258 INFO  ProgressMeter -        chr1:98070816             50.8                646470          12730.6
12:55:54.286 INFO  ProgressMeter -        chr1:98489745             50.9                649100          12740.4
12:56:04.297 INFO  ProgressMeter -        chr1:98822956             51.1                651440          12744.6
12:56:14.334 INFO  ProgressMeter -        chr1:99177767             51.3                653870          12750.5
12:56:24.334 INFO  ProgressMeter -        chr1:99582815             51.4                656520          12760.7
12:56:34.352 INFO  ProgressMeter -        chr1:99979702             51.6                659110          12769.6
12:56:44.370 INFO  ProgressMeter -       chr1:100414507             51.8                661800          12780.3
12:56:54.371 INFO  ProgressMeter -       chr1:100794173             51.9                664280          12787.1
12:57:04.396 INFO  ProgressMeter -       chr1:101239914             52.1                667030          12798.8
12:57:14.455 INFO  ProgressMeter -       chr1:101573515             52.3                669280          12800.8
12:57:24.484 INFO  ProgressMeter -       chr1:101942168             52.5                671710          12806.4
12:57:34.525 INFO  ProgressMeter -       chr1:102298682             52.6                674150          12812.0
12:57:44.536 INFO  ProgressMeter -       chr1:102576045             52.8                676200          12810.3
12:57:54.555 INFO  ProgressMeter -       chr1:102992562             53.0                679010          12823.0
12:58:04.612 INFO  ProgressMeter -       chr1:103322376             53.1                681320          12826.0
12:58:14.622 INFO  ProgressMeter -       chr1:103911344             53.3                684680          12848.9
12:58:24.652 INFO  ProgressMeter -       chr1:104308378             53.5                687360          12858.9
12:58:34.659 INFO  ProgressMeter -       chr1:104655926             53.6                689740          12863.3
12:58:44.682 INFO  ProgressMeter -       chr1:104990844             53.8                692000          12865.3
12:58:54.735 INFO  ProgressMeter -       chr1:105348286             54.0                694520          12872.1
12:59:04.952 INFO  ProgressMeter -       chr1:105575487             54.1                696200          12862.6
12:59:14.991 INFO  ProgressMeter -       chr1:105996473             54.3                699010          12874.8
12:59:25.038 INFO  ProgressMeter -       chr1:106444515             54.5                701890          12888.1
12:59:35.046 INFO  ProgressMeter -       chr1:106832651             54.6                704460          12895.8
12:59:45.072 INFO  ProgressMeter -       chr1:107237948             54.8                707170          12905.9
12:59:55.081 INFO  ProgressMeter -       chr1:107587178             55.0                709500          12909.1
13:00:05.104 INFO  ProgressMeter -       chr1:107975022             55.1                712030          12915.9
13:00:15.131 INFO  ProgressMeter -       chr1:108368133             55.3                714550          12922.4
13:00:25.150 INFO  ProgressMeter -       chr1:108855182             55.5                717520          12937.1
13:00:35.197 INFO  ProgressMeter -       chr1:109237043             55.6                720170          12945.8
13:00:45.201 INFO  ProgressMeter -       chr1:109652883             55.8                722880          12955.6
13:00:55.205 INFO  ProgressMeter -       chr1:110073736             56.0                725670          12966.9
13:01:05.215 INFO  ProgressMeter -       chr1:110447229             56.1                728210          12973.6
13:01:15.243 INFO  ProgressMeter -       chr1:110828020             56.3                730680          12979.0
13:01:25.276 INFO  ProgressMeter -       chr1:111231971             56.5                733260          12986.2
13:01:35.282 INFO  ProgressMeter -       chr1:111594312             56.6                735640          12990.0
13:01:45.299 INFO  ProgressMeter -       chr1:111970211             56.8                738110          12995.3
13:01:55.336 INFO  ProgressMeter -       chr1:112278127             57.0                740230          12994.4
13:02:05.344 INFO  ProgressMeter -       chr1:112686476             57.1                742870          13002.6
13:02:15.363 INFO  ProgressMeter -       chr1:113136654             57.3                745830          13016.4
13:02:25.368 INFO  ProgressMeter -       chr1:113556194             57.5                748580          13026.5
13:02:35.389 INFO  ProgressMeter -       chr1:113998174             57.6                751430          13038.2
13:02:45.407 INFO  ProgressMeter -       chr1:114396325             57.8                754040          13045.7
13:02:55.426 INFO  ProgressMeter -       chr1:114877532             58.0                757090          13060.7
13:03:05.451 INFO  ProgressMeter -       chr1:115230760             58.1                759450          13063.8
13:03:15.462 INFO  ProgressMeter -       chr1:115581096             58.3                761800          13066.7
13:03:25.531 INFO  ProgressMeter -       chr1:115890524             58.5                763940          13065.8
13:03:35.538 INFO  ProgressMeter -       chr1:116303315             58.6                766620          13074.3
13:03:45.549 INFO  ProgressMeter -       chr1:116774295             58.8                769510          13086.4
13:03:55.627 INFO  ProgressMeter -       chr1:117204921             59.0                772180          13094.4
13:04:05.633 INFO  ProgressMeter -       chr1:117596664             59.1                774750          13100.9
13:04:15.675 INFO  ProgressMeter -       chr1:118008793             59.3                777360          13108.0
13:04:25.694 INFO  ProgressMeter -       chr1:118447277             59.5                780170          13118.4
13:04:35.704 INFO  ProgressMeter -       chr1:118794577             59.6                782500          13120.8
13:04:45.737 INFO  ProgressMeter -       chr1:119213312             59.8                785190          13129.1
13:04:55.743 INFO  ProgressMeter -       chr1:119565867             60.0                787560          13132.1
13:05:05.769 INFO  ProgressMeter -       chr1:119921277             60.1                789930          13135.0
13:05:15.771 INFO  ProgressMeter -       chr1:120489759             60.3                793500          13157.9
13:05:25.790 INFO  ProgressMeter -       chr1:121071096             60.5                797220          13183.1
13:05:35.792 INFO  ProgressMeter -       chr1:121581621             60.6                800490          13200.8
13:05:45.801 INFO  ProgressMeter -       chr1:122531170             60.8                804960          13238.1
13:05:56.187 INFO  ProgressMeter -       chr1:122791993             61.0                806870          13231.8
13:06:06.209 INFO  ProgressMeter -       chr1:122926678             61.1                807880          13212.2
13:06:16.724 INFO  ProgressMeter -       chr1:123148408             61.3                809520          13201.1
13:06:26.732 INFO  ProgressMeter -       chr1:123386362             61.5                811260          13193.6
13:06:36.772 INFO  ProgressMeter -       chr1:123551800             61.7                812470          13177.5
13:06:46.776 INFO  ProgressMeter -       chr1:123719299             61.8                813680          13161.5
13:06:56.786 INFO  ProgressMeter -       chr1:123896922             62.0                814970          13146.9
13:07:08.110 INFO  ProgressMeter -       chr1:124099777             62.2                816430          13130.5
13:07:18.311 INFO  ProgressMeter -       chr1:124268699             62.3                817690          13114.9
13:07:28.383 INFO  ProgressMeter -       chr1:124407947             62.5                818700          13095.8
13:07:38.526 INFO  ProgressMeter -       chr1:124517135             62.7                819490          13073.1
13:07:48.596 INFO  ProgressMeter -       chr1:124629797             62.9                820340          13051.7
13:07:58.604 INFO  ProgressMeter -       chr1:124739762             63.0                821180          13030.5
13:08:08.634 INFO  ProgressMeter -       chr1:124913998             63.2                822330          13014.2
13:08:18.727 INFO  ProgressMeter -       chr1:125127429             63.4                823710          13001.4
13:08:28.934 INFO  ProgressMeter -       chr1:125170120             63.5                824000          12971.2
13:08:51.868 INFO  ProgressMeter -       chr1:125179280             63.9                824060          12894.5
13:10:47.341 INFO  ProgressMeter -       chr1:125180302             65.8                824070          12517.7
13:11:27.292 INFO  ProgressMeter -       chr1:125181466             66.5                824080          12392.5
13:12:05.279 INFO  ProgressMeter -       chr1:125182971             67.1                824090          12275.8
13:12:19.028 INFO  ProgressMeter -       chr1:125184483             67.4                824100          12234.2
13:12:29.029 INFO  ProgressMeter -       chr1:136125340             67.5                860570          12744.1
13:12:50.057 INFO  ProgressMeter -       chr1:143185643             67.9                884110          13025.1
13:13:15.467 INFO  ProgressMeter -       chr1:143192870             68.3                884160          12945.1
13:13:29.386 INFO  ProgressMeter -       chr1:143194510             68.5                884170          12901.4
13:13:45.042 INFO  ProgressMeter -       chr1:143196156             68.8                884180          12852.6
13:13:57.121 INFO  ProgressMeter -       chr1:143204051             69.0                884230          12815.8
13:14:34.052 INFO  ProgressMeter -       chr1:143213889             69.6                884290          12703.4
13:15:05.196 INFO  ProgressMeter -       chr1:143215503             70.1                884300          12609.5
13:15:49.693 INFO  ProgressMeter -       chr1:143218370             70.9                884320          12477.8
13:16:17.341 INFO  ProgressMeter -       chr1:143221108             71.3                884340          12397.5
13:16:28.136 INFO  ProgressMeter -       chr1:143222487             71.5                884350          12366.4
13:16:44.096 INFO  ProgressMeter -       chr1:143232051             71.8                884420          12321.6
13:16:55.913 INFO  ProgressMeter -       chr1:143237226             72.0                884450          12288.3
13:17:14.922 INFO  ProgressMeter -       chr1:143239993             72.3                884470          12234.7
13:17:28.090 INFO  ProgressMeter -       chr1:143250493             72.5                884540          12198.6
13:17:41.209 INFO  ProgressMeter -       chr1:143253772             72.7                884560          12162.2
13:18:03.540 INFO  ProgressMeter -       chr1:143254868             73.1                884570          12100.5
13:18:20.191 INFO  ProgressMeter -       chr1:143256180             73.4                884580          12054.8
13:18:40.728 INFO  ProgressMeter -       chr1:143262919             73.7                884630          11999.5
13:19:19.750 INFO  ProgressMeter -       chr1:143264534             74.4                884640          11894.7
13:19:42.216 INFO  ProgressMeter -       chr1:143266435             74.7                884650          11835.3
13:19:52.232 INFO  ProgressMeter -       chr1:143515430             74.9                886040          11827.5
13:20:02.386 INFO  ProgressMeter -       chr1:144103391             75.1                889650          11848.9
13:20:12.391 INFO  ProgressMeter -       chr1:145137112             75.2                894610          11888.6
13:20:22.399 INFO  ProgressMeter -       chr1:145794308             75.4                898440          11913.0
13:20:32.405 INFO  ProgressMeter -       chr1:146500902             75.6                902510          11940.6
13:20:42.427 INFO  ProgressMeter -       chr1:147010519             75.8                905840          11958.2
13:20:52.436 INFO  ProgressMeter -       chr1:147380907             75.9                908430          11966.1
13:21:02.442 INFO  ProgressMeter -       chr1:147772291             76.1                911070          11974.5
13:21:12.452 INFO  ProgressMeter -       chr1:148377097             76.3                914700          11996.0
13:21:22.456 INFO  ProgressMeter -       chr1:149116540             76.4                918980          12025.8
13:21:32.463 INFO  ProgressMeter -       chr1:149892253             76.6                923430          12057.7
13:21:42.483 INFO  ProgressMeter -       chr1:150300144             76.8                926140          12066.8
13:21:52.497 INFO  ProgressMeter -       chr1:150685976             76.9                928870          12076.1
13:22:02.534 INFO  ProgressMeter -       chr1:151127088             77.1                931800          12087.9
13:22:12.540 INFO  ProgressMeter -       chr1:151552131             77.3                934670          12098.9
13:22:22.550 INFO  ProgressMeter -       chr1:151960847             77.4                937370          12107.7
13:22:32.572 INFO  ProgressMeter -       chr1:152362343             77.6                940090          12116.7
13:22:42.606 INFO  ProgressMeter -       chr1:152726917             77.8                942610          12123.1
13:22:52.632 INFO  ProgressMeter -       chr1:153126294             77.9                945220          12130.6
13:23:02.662 INFO  ProgressMeter -       chr1:153314948             78.1                946470          12120.6
13:23:12.671 INFO  ProgressMeter -       chr1:153725929             78.3                949170          12129.3
13:23:22.701 INFO  ProgressMeter -       chr1:154169395             78.4                952180          12141.8
13:23:32.732 INFO  ProgressMeter -       chr1:154589876             78.6                955010          12152.0
13:23:46.344 INFO  ProgressMeter -       chr1:154714495             78.8                955870          12127.9
13:23:56.369 INFO  ProgressMeter -       chr1:155122532             79.0                958610          12137.0
13:24:06.389 INFO  ProgressMeter -       chr1:155617374             79.1                961770          12151.3
13:24:16.407 INFO  ProgressMeter -       chr1:156058560             79.3                964720          12162.9
13:24:26.410 INFO  ProgressMeter -       chr1:156515818             79.5                967720          12175.1
13:24:36.410 INFO  ProgressMeter -       chr1:156879356             79.7                970200          12180.8
13:24:46.440 INFO  ProgressMeter -       chr1:157241476             79.8                972540          12184.6
13:24:56.513 INFO  ProgressMeter -       chr1:157602279             80.0                974920          12188.8
13:25:06.540 INFO  ProgressMeter -       chr1:158038436             80.2                977610          12196.9
13:25:16.546 INFO  ProgressMeter -       chr1:158341560             80.3                979720          12197.9
13:25:26.605 INFO  ProgressMeter -       chr1:158819165             80.5                982570          12207.9
13:25:36.611 INFO  ProgressMeter -       chr1:159063283             80.7                984300          12204.1
13:25:46.640 INFO  ProgressMeter -       chr1:159490528             80.8                987060          12213.0
13:25:56.646 INFO  ProgressMeter -       chr1:159906880             81.0                989760          12221.2
13:26:12.903 INFO  ProgressMeter -       chr1:160194590             81.3                991670          12203.9
13:26:22.926 INFO  ProgressMeter -       chr1:160562391             81.4                994080          12208.5
13:26:32.964 INFO  ProgressMeter -       chr1:160881999             81.6                996230          12209.8
13:26:42.977 INFO  ProgressMeter -       chr1:161271855             81.8                998860          12217.1
13:26:52.978 INFO  ProgressMeter -       chr1:161692567             81.9               1001600          12225.6
13:27:03.002 INFO  ProgressMeter -       chr1:162054847             82.1               1003980          12229.8
13:27:13.007 INFO  ProgressMeter -       chr1:162413910             82.3               1006380          12234.1
13:27:23.025 INFO  ProgressMeter -       chr1:162782623             82.4               1008870          12239.6
13:27:33.038 INFO  ProgressMeter -       chr1:163122042             82.6               1011150          12242.4
13:27:43.064 INFO  ProgressMeter -       chr1:163528557             82.8               1013840          12250.2
13:27:53.065 INFO  ProgressMeter -       chr1:164008820             82.9               1016830          12261.7
13:28:03.093 INFO  ProgressMeter -       chr1:164397481             83.1               1019490          12269.0
13:28:13.115 INFO  ProgressMeter -       chr1:164844110             83.3               1022380          12279.1
13:28:23.130 INFO  ProgressMeter -       chr1:165231740             83.4               1024970          12285.6
13:28:33.137 INFO  ProgressMeter -       chr1:165558470             83.6               1027260          12288.5
13:28:43.178 INFO  ProgressMeter -       chr1:165930659             83.8               1029830          12294.6
13:28:53.218 INFO  ProgressMeter -       chr1:166273215             83.9               1032160          12297.8
13:29:03.241 INFO  ProgressMeter -       chr1:166644835             84.1               1034690          12303.5
13:29:13.267 INFO  ProgressMeter -       chr1:166993069             84.3               1037100          12307.7
13:29:23.304 INFO  ProgressMeter -       chr1:167073189             84.4               1037640          12289.7
13:29:33.318 INFO  ProgressMeter -       chr1:167458632             84.6               1040210          12295.8
13:29:43.326 INFO  ProgressMeter -       chr1:167818368             84.8               1042670          12300.7
13:29:53.356 INFO  ProgressMeter -       chr1:168270118             84.9               1045490          12309.7
13:30:03.366 INFO  ProgressMeter -       chr1:168665647             85.1               1048090          12316.1
13:30:13.389 INFO  ProgressMeter -       chr1:169047556             85.3               1050690          12322.4
13:30:23.421 INFO  ProgressMeter -       chr1:169475558             85.4               1053470          12330.9
13:30:33.437 INFO  ProgressMeter -       chr1:169910839             85.6               1056120          12337.8
13:30:43.460 INFO  ProgressMeter -       chr1:170271277             85.8               1058560          12342.2
13:30:53.493 INFO  ProgressMeter -       chr1:170628732             85.9               1060970          12346.2
13:31:03.514 INFO  ProgressMeter -       chr1:171004937             86.1               1063450          12351.1
13:31:13.607 INFO  ProgressMeter -       chr1:171405549             86.3               1066080          12357.5
13:31:23.662 INFO  ProgressMeter -       chr1:171812633             86.4               1068820          12365.2
13:31:33.721 INFO  ProgressMeter -       chr1:172194277             86.6               1071270          12369.6
13:31:43.752 INFO  ProgressMeter -       chr1:172572187             86.8               1073750          12374.3
13:31:53.787 INFO  ProgressMeter -       chr1:172948409             86.9               1076230          12379.0
13:32:03.799 INFO  ProgressMeter -       chr1:173361276             87.1               1078910          12386.1
13:32:13.818 INFO  ProgressMeter -       chr1:173786981             87.3               1081580          12393.0
13:32:23.832 INFO  ProgressMeter -       chr1:174277537             87.4               1084610          12404.0
13:32:33.850 INFO  ProgressMeter -       chr1:174710950             87.6               1087460          12412.9
13:32:43.853 INFO  ProgressMeter -       chr1:175110144             87.8               1090100          12419.4
13:32:53.898 INFO  ProgressMeter -       chr1:175388011             87.9               1092020          12417.6
13:33:03.912 INFO  ProgressMeter -       chr1:175783799             88.1               1094470          12421.9
13:33:13.921 INFO  ProgressMeter -       chr1:176174869             88.3               1097020          12427.3
13:33:23.952 INFO  ProgressMeter -       chr1:176656254             88.4               1100030          12437.8
13:33:33.971 INFO  ProgressMeter -       chr1:177097237             88.6               1102810          12445.7
13:33:43.973 INFO  ProgressMeter -       chr1:177530619             88.8               1105650          12454.4
13:33:54.002 INFO  ProgressMeter -       chr1:177939782             88.9               1108330          12461.1
13:34:04.035 INFO  ProgressMeter -       chr1:178444676             89.1               1111360          12471.7
13:34:14.060 INFO  ProgressMeter -       chr1:178839308             89.3               1113970          12477.6
13:34:24.080 INFO  ProgressMeter -       chr1:179274451             89.4               1116810          12486.1
13:34:34.118 INFO  ProgressMeter -       chr1:179616690             89.6               1119270          12490.2
13:34:44.138 INFO  ProgressMeter -       chr1:180028530             89.8               1122030          12497.7
13:34:54.153 INFO  ProgressMeter -       chr1:180421572             89.9               1124690          12504.1
13:35:04.182 INFO  ProgressMeter -       chr1:180794713             90.1               1127150          12508.2
13:35:14.201 INFO  ProgressMeter -       chr1:181157189             90.3               1129580          12512.0
13:35:28.823 INFO  ProgressMeter -       chr1:181427164             90.5               1131380          12498.2
13:35:38.857 INFO  ProgressMeter -       chr1:181762233             90.7               1133540          12499.0
13:35:48.893 INFO  ProgressMeter -       chr1:182213023             90.9               1136400          12507.4
13:35:58.918 INFO  ProgressMeter -       chr1:182620315             91.0               1139070          12513.8
13:36:08.919 INFO  ProgressMeter -       chr1:183101659             91.2               1142070          12523.8
13:36:18.923 INFO  ProgressMeter -       chr1:183466815             91.4               1144500          12527.6
13:36:28.932 INFO  ProgressMeter -       chr1:183884646             91.5               1147170          12533.9
13:36:38.954 INFO  ProgressMeter -       chr1:184287559             91.7               1149790          12539.6
13:36:48.968 INFO  ProgressMeter -       chr1:184763943             91.9               1152720          12548.8
13:36:58.998 INFO  ProgressMeter -       chr1:185202775             92.0               1155540          12556.6
13:37:09.039 INFO  ProgressMeter -       chr1:185589359             92.2               1158120          12561.8
13:37:19.068 INFO  ProgressMeter -       chr1:186057380             92.4               1161010          12570.3
13:37:29.090 INFO  ProgressMeter -       chr1:186486749             92.5               1163700          12576.7
13:37:39.106 INFO  ProgressMeter -       chr1:186940948             92.7               1166580          12585.1
13:37:49.112 INFO  ProgressMeter -       chr1:187316378             92.9               1169070          12589.4
13:37:59.130 INFO  ProgressMeter -       chr1:187678084             93.0               1171590          12593.9
13:38:09.154 INFO  ProgressMeter -       chr1:188018006             93.2               1173910          12596.2
13:38:19.187 INFO  ProgressMeter -       chr1:188362057             93.4               1176250          12598.7
13:38:29.193 INFO  ProgressMeter -       chr1:188682773             93.5               1178510          12600.4
13:38:39.209 INFO  ProgressMeter -       chr1:189096389             93.7               1181310          12607.8
13:38:49.229 INFO  ProgressMeter -       chr1:189562371             93.9               1184420          12618.5
13:38:59.245 INFO  ProgressMeter -       chr1:189902366             94.0               1186850          12622.0
13:39:09.265 INFO  ProgressMeter -       chr1:190271718             94.2               1189310          12625.7
13:39:19.283 INFO  ProgressMeter -       chr1:190720532             94.4               1192260          12634.6
13:39:29.287 INFO  ProgressMeter -       chr1:191106492             94.5               1194950          12640.8
13:39:39.303 INFO  ProgressMeter -       chr1:191541716             94.7               1197830          12648.9
13:39:49.306 INFO  ProgressMeter -       chr1:191960657             94.9               1200620          12656.1
13:39:59.322 INFO  ProgressMeter -       chr1:192377816             95.0               1203320          12662.3
13:40:09.353 INFO  ProgressMeter -       chr1:192754738             95.2               1205810          12666.2
13:40:19.381 INFO  ProgressMeter -       chr1:193182045             95.4               1208600          12673.3
13:40:29.384 INFO  ProgressMeter -       chr1:193615611             95.5               1211390          12680.3
13:40:39.387 INFO  ProgressMeter -       chr1:193944384             95.7               1213710          12682.5
13:40:49.413 INFO  ProgressMeter -       chr1:194342196             95.9               1216370          12688.1
13:40:59.434 INFO  ProgressMeter -       chr1:194684322             96.0               1218680          12690.1
13:41:09.749 INFO  ProgressMeter -       chr1:195111503             96.2               1221360          12695.3
13:41:19.762 INFO  ProgressMeter -       chr1:195478810             96.4               1223800          12698.6
13:41:29.763 INFO  ProgressMeter -       chr1:195895428             96.5               1226610          12705.8
13:41:39.776 INFO  ProgressMeter -       chr1:196319112             96.7               1229440          12713.2
13:41:49.781 INFO  ProgressMeter -       chr1:196770765             96.9               1232400          12721.8
13:41:59.806 INFO  ProgressMeter -       chr1:197186056             97.0               1235050          12727.2
13:42:09.811 INFO  ProgressMeter -       chr1:197606945             97.2               1237740          12733.1
13:42:19.841 INFO  ProgressMeter -       chr1:198037877             97.4               1240570          12740.3
13:42:29.868 INFO  ProgressMeter -       chr1:198428431             97.5               1243220          12745.6
13:42:39.869 INFO  ProgressMeter -       chr1:198879827             97.7               1245980          12752.1
13:42:49.882 INFO  ProgressMeter -       chr1:199362301             97.9               1248950          12760.7
13:42:59.888 INFO  ProgressMeter -       chr1:199755574             98.0               1251540          12765.4
13:43:09.908 INFO  ProgressMeter -       chr1:200125182             98.2               1254170          12770.5
13:43:19.923 INFO  ProgressMeter -       chr1:200540450             98.4               1256920          12776.8
13:43:29.967 INFO  ProgressMeter -       chr1:200924716             98.5               1259510          12781.4
13:43:43.619 INFO  ProgressMeter -       chr1:201007943             98.8               1260050          12757.4
13:44:04.562 INFO  ProgressMeter -       chr1:201257938             99.1               1261840          12730.5
13:44:14.574 INFO  ProgressMeter -       chr1:201621074             99.3               1264250          12733.4
13:44:24.576 INFO  ProgressMeter -       chr1:201989380             99.5               1266790          12737.6
13:44:38.519 INFO  ProgressMeter -       chr1:202206405             99.7               1268300          12723.1
13:45:01.500 INFO  ProgressMeter -       chr1:202624803            100.1               1271090          12702.2
13:45:11.512 INFO  ProgressMeter -       chr1:202837386            100.2               1272480          12695.0
13:45:21.530 INFO  ProgressMeter -       chr1:203274379            100.4               1275370          12702.6
13:45:31.557 INFO  ProgressMeter -       chr1:203647877            100.6               1277840          12706.1
13:45:41.564 INFO  ProgressMeter -       chr1:204038017            100.7               1280520          12711.7
13:46:01.693 INFO  ProgressMeter -       chr1:204195623            101.1               1281610          12680.2
13:46:11.714 INFO  ProgressMeter -       chr1:204551815            101.2               1284040          12683.3
13:46:21.758 INFO  ProgressMeter -       chr1:204960678            101.4               1286710          12688.7
13:46:31.784 INFO  ProgressMeter -       chr1:205332539            101.6               1289290          12693.2
13:46:41.809 INFO  ProgressMeter -       chr1:205704613            101.7               1291830          12697.4
13:47:12.412 INFO  ProgressMeter -       chr1:205973541            102.3               1293630          12651.6
13:47:32.920 INFO  ProgressMeter -       chr1:205975078            102.6               1293640          12609.6
13:47:52.354 INFO  ProgressMeter -       chr1:206004633            102.9               1293840          12571.8
13:48:02.383 INFO  ProgressMeter -       chr1:206500031            103.1               1296950          12581.6
13:48:12.396 INFO  ProgressMeter -       chr1:206922371            103.2               1299680          12587.7
13:48:52.041 INFO  ProgressMeter -       chr1:206925680            103.9               1299700          12507.9
13:49:02.045 INFO  ProgressMeter -       chr1:207328568            104.1               1302280          12512.6
13:49:12.061 INFO  ProgressMeter -       chr1:207785119            104.2               1305110          12519.7
13:49:22.072 INFO  ProgressMeter -       chr1:208178803            104.4               1307720          12524.7
13:49:32.077 INFO  ProgressMeter -       chr1:208585104            104.6               1310400          12530.4
13:49:42.089 INFO  ProgressMeter -       chr1:208976158            104.7               1313010          12535.3
13:49:52.115 INFO  ProgressMeter -       chr1:209411300            104.9               1315820          12542.2
13:50:19.456 INFO  ProgressMeter -       chr1:209771548            105.4               1318080          12509.4
13:50:29.476 INFO  ProgressMeter -       chr1:210174379            105.5               1320660          12514.0
13:50:39.483 INFO  ProgressMeter -       chr1:210568969            105.7               1323350          12519.7
13:50:49.515 INFO  ProgressMeter -       chr1:210875451            105.9               1325380          12519.1
13:50:59.525 INFO  ProgressMeter -       chr1:211316037            106.0               1328230          12526.3
13:51:09.541 INFO  ProgressMeter -       chr1:211742857            106.2               1331070          12533.4
13:51:19.548 INFO  ProgressMeter -       chr1:212159590            106.4               1333800          12539.4
13:51:29.576 INFO  ProgressMeter -       chr1:212590372            106.5               1336560          12545.6
13:51:39.620 INFO  ProgressMeter -       chr1:212974133            106.7               1339130          12550.0
13:51:49.650 INFO  ProgressMeter -       chr1:213443448            106.9               1342020          12557.4
13:51:59.667 INFO  ProgressMeter -       chr1:213858902            107.0               1344730          12563.1
13:52:09.688 INFO  ProgressMeter -       chr1:214300300            107.2               1347600          12570.3
13:52:19.710 INFO  ProgressMeter -       chr1:214676227            107.4               1350060          12573.7
13:52:29.730 INFO  ProgressMeter -       chr1:215076795            107.5               1352720          12578.9
13:52:39.744 INFO  ProgressMeter -       chr1:215555836            107.7               1355730          12587.4
13:52:49.766 INFO  ProgressMeter -       chr1:215992733            107.9               1358630          12594.8
13:52:59.791 INFO  ProgressMeter -       chr1:216438539            108.0               1361490          12601.8
13:53:09.796 INFO  ProgressMeter -       chr1:216831286            108.2               1364220          12607.6
13:53:19.823 INFO  ProgressMeter -       chr1:217242258            108.4               1366980          12613.6
13:53:29.829 INFO  ProgressMeter -       chr1:217684855            108.5               1369810          12620.3
13:53:39.830 INFO  ProgressMeter -       chr1:218038918            108.7               1372250          12623.4
13:53:49.861 INFO  ProgressMeter -       chr1:218442720            108.9               1374940          12628.7
13:53:59.907 INFO  ProgressMeter -       chr1:218837534            109.0               1377600          12633.7
13:54:09.955 INFO  ProgressMeter -       chr1:219256316            109.2               1380410          12640.1
13:54:19.963 INFO  ProgressMeter -       chr1:219635352            109.4               1382920          12643.7
13:54:29.988 INFO  ProgressMeter -       chr1:220014193            109.5               1385530          12648.3
13:54:40.000 INFO  ProgressMeter -       chr1:220447880            109.7               1388330          12654.6
13:54:50.007 INFO  ProgressMeter -       chr1:220895884            109.9               1391270          12662.1
13:55:00.013 INFO  ProgressMeter -       chr1:221317852            110.0               1394010          12667.8
13:55:10.014 INFO  ProgressMeter -       chr1:221708960            110.2               1396550          12671.7
13:55:20.078 INFO  ProgressMeter -       chr1:222116299            110.4               1399180          12676.3
13:55:30.091 INFO  ProgressMeter -       chr1:222476187            110.5               1401610          12679.1
13:55:40.094 INFO  ProgressMeter -       chr1:222883669            110.7               1404260          12684.0
13:55:50.129 INFO  ProgressMeter -       chr1:223328056            110.9               1407270          12692.0
13:56:00.195 INFO  ProgressMeter -       chr1:223765806            111.0               1410060          12697.9
13:56:10.267 INFO  ProgressMeter -       chr1:224101665            111.2               1412380          12699.6
13:56:20.281 INFO  ProgressMeter -       chr1:224484745            111.4               1415050          12704.6
13:56:30.294 INFO  ProgressMeter -       chr1:224898140            111.5               1417760          12709.9
13:56:40.312 INFO  ProgressMeter -       chr1:225310860            111.7               1420470          12715.1
13:56:50.327 INFO  ProgressMeter -       chr1:225726438            111.9               1423190          12720.5
13:57:00.340 INFO  ProgressMeter -       chr1:226144299            112.0               1426060          12727.1
13:57:10.342 INFO  ProgressMeter -       chr1:226557312            112.2               1428700          12731.7
13:57:23.595 INFO  ProgressMeter -       chr1:226960621            112.4               1431250          12729.4
13:57:33.612 INFO  ProgressMeter -       chr1:227258758            112.6               1433310          12728.8
13:57:43.629 INFO  ProgressMeter -       chr1:227656095            112.8               1435960          12733.5
13:57:59.372 INFO  ProgressMeter -       chr1:228069404            113.0               1438590          12727.2
13:58:14.461 INFO  ProgressMeter -       chr1:228072259            113.3               1438610          12699.1
13:58:24.498 INFO  ProgressMeter -       chr1:228510915            113.5               1441570          12706.5
13:58:38.684 INFO  ProgressMeter -       chr1:228782688            113.7               1443150          12694.0
13:58:48.694 INFO  ProgressMeter -       chr1:229175024            113.9               1445670          12697.5
13:58:58.714 INFO  ProgressMeter -       chr1:229634714            114.0               1448560          12704.2
13:59:08.717 INFO  ProgressMeter -       chr1:230073258            114.2               1451350          12710.1
13:59:18.789 INFO  ProgressMeter -       chr1:230394951            114.4               1453600          12711.1
13:59:28.818 INFO  ProgressMeter -       chr1:230699396            114.5               1455620          12710.2
13:59:38.835 INFO  ProgressMeter -       chr1:231088136            114.7               1458310          12715.2
13:59:48.857 INFO  ProgressMeter -       chr1:231480797            114.9               1460960          12719.8
14:00:04.034 INFO  ProgressMeter -       chr1:231733350            115.1               1462620          12706.2
14:00:14.745 INFO  ProgressMeter -       chr1:231833438            115.3               1463290          12692.4
14:00:24.775 INFO  ProgressMeter -       chr1:232218521            115.5               1465830          12696.0
14:00:34.785 INFO  ProgressMeter -       chr1:232607668            115.6               1468440          12700.2
14:00:44.818 INFO  ProgressMeter -       chr1:232877538            115.8               1470300          12698.0
14:00:54.834 INFO  ProgressMeter -       chr1:233330206            116.0               1473220          12704.9
14:01:04.847 INFO  ProgressMeter -       chr1:233700622            116.1               1475680          12707.8
14:01:14.905 INFO  ProgressMeter -       chr1:234042943            116.3               1478060          12709.9
14:01:26.191 INFO  ProgressMeter -       chr1:234248763            116.5               1479390          12700.8
14:01:36.202 INFO  ProgressMeter -       chr1:234638704            116.6               1481960          12704.7
14:01:46.240 INFO  ProgressMeter -       chr1:234962163            116.8               1484160          12705.3
14:01:56.246 INFO  ProgressMeter -       chr1:235124356            117.0               1485280          12696.8
14:02:06.284 INFO  ProgressMeter -       chr1:235489533            117.1               1487860          12700.7
14:02:16.301 INFO  ProgressMeter -       chr1:235862942            117.3               1490240          12702.9
14:02:29.296 INFO  ProgressMeter -       chr1:236103185            117.5               1491880          12693.5
14:02:39.304 INFO  ProgressMeter -       chr1:236419538            117.7               1494120          12694.5
14:02:49.313 INFO  ProgressMeter -       chr1:236630454            117.9               1495660          12689.6
14:02:59.336 INFO  ProgressMeter -       chr1:237038315            118.0               1498380          12694.7
14:03:09.374 INFO  ProgressMeter -       chr1:237417266            118.2               1501000          12698.9
14:03:19.422 INFO  ProgressMeter -       chr1:237735631            118.4               1503240          12699.8
14:03:29.423 INFO  ProgressMeter -       chr1:238085404            118.5               1505540          12701.4
14:03:39.445 INFO  ProgressMeter -       chr1:238464468            118.7               1508140          12705.4
14:03:49.487 INFO  ProgressMeter -       chr1:238884390            118.9               1510910          12710.8
14:03:59.505 INFO  ProgressMeter -       chr1:239324272            119.0               1513740          12716.8
14:04:09.521 INFO  ProgressMeter -       chr1:239748232            119.2               1516530          12722.4
14:04:19.549 INFO  ProgressMeter -       chr1:240149893            119.4               1519160          12726.6
14:04:29.874 INFO  ProgressMeter -       chr1:240564467            119.5               1521960          12731.7
14:04:39.897 INFO  ProgressMeter -       chr1:240960502            119.7               1524620          12736.1
14:04:49.908 INFO  ProgressMeter -       chr1:241344190            119.9               1527250          12740.4
14:04:59.916 INFO  ProgressMeter -       chr1:241766646            120.0               1530030          12745.8
14:05:09.936 INFO  ProgressMeter -       chr1:242084194            120.2               1532360          12747.5
14:05:19.939 INFO  ProgressMeter -       chr1:242437022            120.4               1534830          12750.4
14:05:30.011 INFO  ProgressMeter -       chr1:242795080            120.5               1537340          12753.4
14:05:40.017 INFO  ProgressMeter -       chr1:243198555            120.7               1540040          12758.2
14:05:50.034 INFO  ProgressMeter -       chr1:243608714            120.9               1542660          12762.2
14:06:00.066 INFO  ProgressMeter -       chr1:244046026            121.0               1545500          12768.1
14:06:10.093 INFO  ProgressMeter -       chr1:244392183            121.2               1547850          12769.8
14:06:20.094 INFO  ProgressMeter -       chr1:244770543            121.4               1550380          12773.1
14:06:30.094 INFO  ProgressMeter -       chr1:245157823            121.5               1553010          12777.3
14:06:40.131 INFO  ProgressMeter -       chr1:245531295            121.7               1555520          12780.3
14:06:50.231 INFO  ProgressMeter -       chr1:245842344            121.9               1557720          12780.7
14:07:00.266 INFO  ProgressMeter -       chr1:246119693            122.0               1559710          12779.5
14:07:10.295 INFO  ProgressMeter -       chr1:246318809            122.2               1561160          12773.9
14:07:20.323 INFO  ProgressMeter -       chr1:246677025            122.4               1563670          12777.0
14:07:30.347 INFO  ProgressMeter -       chr1:247040574            122.5               1566260          12780.7
14:07:40.364 INFO  ProgressMeter -       chr1:247422422            122.7               1568890          12784.7
14:07:50.416 INFO  ProgressMeter -       chr1:247784874            122.9               1571410          12787.8
14:08:00.426 INFO  ProgressMeter -       chr1:248114596            123.1               1573670          12788.8
14:08:10.438 INFO  ProgressMeter -       chr1:248385117            123.2               1575610          12787.3
14:08:44.443 INFO  ProgressMeter -       chr1:248753386            123.8               1577830          12746.6
14:08:54.471 INFO  ProgressMeter -       chr1:248923746            124.0               1578900          12738.1
14:08:55.359 INFO  HaplotypeCaller - 2597897 read(s) filtered by: MappingQualityReadFilter 
0 read(s) filtered by: MappingQualityAvailableReadFilter 
0 read(s) filtered by: MappedReadFilter 
0 read(s) filtered by: NotSecondaryAlignmentReadFilter 
482116 read(s) filtered by: NotDuplicateReadFilter 
0 read(s) filtered by: PassesVendorQualityCheckReadFilter 
0 read(s) filtered by: NonZeroReferenceLengthAlignmentReadFilter 
0 read(s) filtered by: GoodCigarReadFilter 
0 read(s) filtered by: WellformedReadFilter 
3080013 total reads filtered out of 11922023 reads processed
14:08:55.359 INFO  ProgressMeter -       chr1:248955477            124.0               1579083          12738.0
14:08:55.359 INFO  ProgressMeter - Traversal complete. Processed 1579083 total regions in 124.0 minutes.
14:08:55.430 INFO  VectorLoglessPairHMM - Time spent in setup for JNI call : 2.1213697170000003
14:08:55.431 INFO  PairHMM - Total compute time in PairHMM computeLogLikelihoods() : 863.781376258
14:08:55.431 INFO  SmithWatermanAligner - Total compute time in java Smith-Waterman : 1021.81 sec
14:08:55.432 INFO  HaplotypeCaller - Shutting down engine
[May 3, 2024 at 2:08:55 PM UTC] org.broadinstitute.hellbender.tools.walkers.haplotypecaller.HaplotypeCaller done. Elapsed time: 123.99 minutes.
Runtime.totalMemory()=1942487040
Stage 4: Completed chrom chr1
