Using GATK jar /export/approved/gatk-4.5.0.0/gatk-package-4.5.0.0-local.jar
Running:
    java -Dsamjdk.use_async_io_read_samtools=false -Dsamjdk.use_async_io_write_samtools=true -Dsamjdk.use_async_io_write_tribble=false -Dsamjdk.compression_level=2 -Xmx40G -XX:+UseParallelGC -XX:ParallelGCThreads=2 -jar /export/approved/gatk-4.5.0.0/gatk-package-4.5.0.0-local.jar HaplotypeCaller -R /export/home/andrew/genome/hg38_v0_20231023/Homo_sapiens_assembly38.fasta -I analysis_onelane.sorted.final.bam -L chr14 -O called.chr14.recal.g.vcf.gz -G StandardAnnotation -G StandardHCAnnotation -GQB 10 -GQB 20 -GQB 30 -GQB 40 -GQB 50 -GQB 60 -GQB 70 -GQB 80 -GQB 90 --native-pair-hmm-threads 8 -ERC GVCF
12:04:53.281 WARN  GATKAnnotationPluginDescriptor - Redundant enabled annotation group (StandardAnnotation) is enabled for this tool by default
12:04:53.286 WARN  GATKAnnotationPluginDescriptor - Redundant enabled annotation group (StandardHCAnnotation) is enabled for this tool by default
12:04:53.348 INFO  NativeLibraryLoader - Loading libgkl_compression.so from jar:file:/export/approved/gatk-4.5.0.0/gatk-package-4.5.0.0-local.jar!/com/intel/gkl/native/libgkl_compression.so
12:04:53.607 INFO  HaplotypeCaller - ------------------------------------------------------------
12:04:53.610 INFO  HaplotypeCaller - The Genome Analysis Toolkit (GATK) v4.5.0.0
12:04:53.611 INFO  HaplotypeCaller - For support and documentation go to https://software.broadinstitute.org/gatk/
12:04:53.611 INFO  HaplotypeCaller - Executing as andrew@compute-0-8 on Linux v5.15.0-75-generic amd64
12:04:53.611 INFO  HaplotypeCaller - Java runtime: OpenJDK 64-Bit Server VM v19.0.2+7-Ubuntu-0ubuntu322.04
12:04:53.611 INFO  HaplotypeCaller - Start Date/Time: May 3, 2024 at 12:04:53 PM UTC
12:04:53.611 INFO  HaplotypeCaller - ------------------------------------------------------------
12:04:53.611 INFO  HaplotypeCaller - ------------------------------------------------------------
12:04:53.612 INFO  HaplotypeCaller - HTSJDK Version: 4.1.0
12:04:53.612 INFO  HaplotypeCaller - Picard Version: 3.1.1
12:04:53.613 INFO  HaplotypeCaller - Built for Spark Version: 3.5.0
12:04:53.613 INFO  HaplotypeCaller - HTSJDK Defaults.COMPRESSION_LEVEL : 2
12:04:53.613 INFO  HaplotypeCaller - HTSJDK Defaults.USE_ASYNC_IO_READ_FOR_SAMTOOLS : false
12:04:53.613 INFO  HaplotypeCaller - HTSJDK Defaults.USE_ASYNC_IO_WRITE_FOR_SAMTOOLS : true
12:04:53.613 INFO  HaplotypeCaller - HTSJDK Defaults.USE_ASYNC_IO_WRITE_FOR_TRIBBLE : false
12:04:53.614 INFO  HaplotypeCaller - Deflater: IntelDeflater
12:04:53.614 INFO  HaplotypeCaller - Inflater: IntelInflater
12:04:53.614 INFO  HaplotypeCaller - GCS max retries/reopens: 20
12:04:53.614 INFO  HaplotypeCaller - Requester pays: disabled
12:04:53.615 INFO  HaplotypeCaller - Initializing engine
12:04:54.251 INFO  IntervalArgumentCollection - Processing 107043718 bp from intervals
12:04:54.271 INFO  HaplotypeCaller - Done initializing engine
12:04:54.273 INFO  HaplotypeCallerEngine - Tool is in reference confidence mode and the annotation, the following changes will be made to any specified annotations: 'StrandBiasBySample' will be enabled. 'ChromosomeCounts', 'FisherStrand', 'StrandOddsRatio' and 'QualByDepth' annotations have been disabled
12:04:54.394 INFO  NativeLibraryLoader - Loading libgkl_utils.so from jar:file:/export/approved/gatk-4.5.0.0/gatk-package-4.5.0.0-local.jar!/com/intel/gkl/native/libgkl_utils.so
12:04:54.422 INFO  SmithWatermanAligner - AVX accelerated SmithWaterman implementation is not supported, falling back to the Java implementation
12:04:54.427 INFO  HaplotypeCallerEngine - Standard Emitting and Calling confidence set to -0.0 for reference-model confidence output
12:04:54.427 INFO  HaplotypeCallerEngine - All sites annotated with PLs forced to true for reference-model confidence output
12:04:54.446 INFO  NativeLibraryLoader - Loading libgkl_pairhmm_omp.so from jar:file:/export/approved/gatk-4.5.0.0/gatk-package-4.5.0.0-local.jar!/com/intel/gkl/native/libgkl_pairhmm_omp.so
12:04:54.472 INFO  IntelPairHmm - Flush-to-zero (FTZ) is enabled when running PairHMM
12:04:54.473 INFO  IntelPairHmm - Available threads: 10
12:04:54.473 INFO  IntelPairHmm - Requested threads: 8
12:04:54.473 INFO  PairHMM - Using the OpenMP multi-threaded AVX-accelerated native PairHMM implementation
12:04:54.592 INFO  ProgressMeter - Starting traversal
12:04:54.594 INFO  ProgressMeter -        Current Locus  Elapsed Minutes     Regions Processed   Regions/Minute
12:05:04.599 INFO  ProgressMeter -        chr14:9041701              0.2                 30140         180840.0
12:05:12.719 WARN  InbreedingCoeff - InbreedingCoeff will not be calculated at position chr14:16030590 and possibly subsequent; at least 10 samples must have called genotypes
12:05:13.342 WARN  DepthPerSampleHC - Annotation will not be calculated at position chr14:16044757 and possibly subsequent; genotype for sample analysis_onelane is not called
12:05:13.343 WARN  StrandBiasBySample - Annotation will not be calculated at position chr14:16044757 and possibly subsequent; genotype for sample analysis_onelane is not called
12:05:17.986 INFO  ProgressMeter -       chr14:16097423              0.4                 53800         137995.9
12:05:28.193 INFO  ProgressMeter -       chr14:16102509              0.6                 53830          96130.7
12:05:38.192 INFO  ProgressMeter -       chr14:16171178              0.7                 54170          74549.3
12:05:48.195 INFO  ProgressMeter -       chr14:18603306              0.9                 63630          71226.3
12:05:58.238 INFO  ProgressMeter -       chr14:19131818              1.1                 66540          62730.2
12:06:08.560 INFO  ProgressMeter -       chr14:19669691              1.2                 69720          56556.5
12:06:18.569 INFO  ProgressMeter -       chr14:19980839              1.4                 71930          51393.9
12:06:28.601 INFO  ProgressMeter -       chr14:20261652              1.6                 73940          47192.2
12:06:38.602 INFO  ProgressMeter -       chr14:20616330              1.7                 76280          44004.7
12:06:48.634 INFO  ProgressMeter -       chr14:20954856              1.9                 78570          41338.5
12:06:58.682 INFO  ProgressMeter -       chr14:21339056              2.1                 81180          39252.8
12:07:08.686 INFO  ProgressMeter -       chr14:21703609              2.2                 83630          37420.6
12:07:18.711 INFO  ProgressMeter -       chr14:21967292              2.4                 85590          35633.8
12:07:28.751 INFO  ProgressMeter -       chr14:22305723              2.6                 87880          34204.1
12:07:38.753 INFO  ProgressMeter -       chr14:22610074              2.7                 89990          32891.3
12:07:48.761 INFO  ProgressMeter -       chr14:22950890              2.9                 92390          31828.1
12:07:58.784 INFO  ProgressMeter -       chr14:23378726              3.1                 95170          31001.7
12:08:08.956 INFO  ProgressMeter -       chr14:23761156              3.2                 97680          30154.2
12:08:18.955 INFO  ProgressMeter -       chr14:24173470              3.4                100360          29465.5
12:08:28.972 INFO  ProgressMeter -       chr14:24489800              3.6                102540          28698.8
12:08:48.418 INFO  ProgressMeter -       chr14:24697682              3.9                103940          26671.3
12:08:58.427 INFO  ProgressMeter -       chr14:25128991              4.1                106720          26260.6
12:09:08.517 INFO  ProgressMeter -       chr14:25448970              4.2                109030          25763.0
12:09:18.537 INFO  ProgressMeter -       chr14:25811230              4.4                111440          25332.8
12:09:28.555 INFO  ProgressMeter -       chr14:26209405              4.6                114080          24984.6
12:09:38.600 INFO  ProgressMeter -       chr14:26613567              4.7                116780          24671.3
12:09:48.617 INFO  ProgressMeter -       chr14:26992842              4.9                119330          24351.2
12:09:58.659 INFO  ProgressMeter -       chr14:27373276              5.1                121910          24056.1
12:10:08.676 INFO  ProgressMeter -       chr14:27768738              5.2                124580          23798.9
12:10:18.693 INFO  ProgressMeter -       chr14:28162517              5.4                127190          23546.5
12:10:28.695 INFO  ProgressMeter -       chr14:28535683              5.6                129790          23308.5
12:10:38.719 INFO  ProgressMeter -       chr14:28966060              5.7                132520          23105.6
12:10:48.723 INFO  ProgressMeter -       chr14:29393205              5.9                135190          22905.2
12:10:58.766 INFO  ProgressMeter -       chr14:29822646              6.1                138000          22736.5
12:11:08.813 INFO  ProgressMeter -       chr14:30227795              6.2                140690          22557.4
12:11:18.835 INFO  ProgressMeter -       chr14:30675991              6.4                143380          22389.1
12:11:28.856 INFO  ProgressMeter -       chr14:31042221              6.6                145820          22191.3
12:11:38.887 INFO  ProgressMeter -       chr14:31449111              6.7                148530          22042.9
12:11:48.923 INFO  ProgressMeter -       chr14:31814531              6.9                151050          21873.9
12:11:58.982 INFO  ProgressMeter -       chr14:32187533              7.1                153580          21713.1
12:12:09.004 INFO  ProgressMeter -       chr14:32606942              7.2                156300          21587.9
12:12:19.014 INFO  ProgressMeter -       chr14:32945318              7.4                158610          21413.5
12:12:29.020 INFO  ProgressMeter -       chr14:33335244              7.6                161170          21280.0
12:12:39.046 INFO  ProgressMeter -       chr14:33709628              7.7                163610          21135.9
12:12:49.049 INFO  ProgressMeter -       chr14:34070452              7.9                166020          20995.0
12:12:59.064 INFO  ProgressMeter -       chr14:34425655              8.1                168420          20858.3
12:13:09.072 INFO  ProgressMeter -       chr14:34794376              8.2                170960          20744.3
12:13:19.095 INFO  ProgressMeter -       chr14:35201235              8.4                173630          20649.7
12:13:29.112 INFO  ProgressMeter -       chr14:35584142              8.6                176170          20543.9
12:13:39.132 INFO  ProgressMeter -       chr14:36088448              8.7                179150          20492.3
12:13:49.254 INFO  ProgressMeter -       chr14:36411545              8.9                181390          20355.7
12:13:59.263 INFO  ProgressMeter -       chr14:36771108              9.1                183790          20246.1
12:14:09.278 INFO  ProgressMeter -       chr14:37116020              9.2                186150          20135.8
12:14:19.304 INFO  ProgressMeter -       chr14:37503434              9.4                188790          20058.8
12:14:29.313 INFO  ProgressMeter -       chr14:37899892              9.6                191450          19987.2
12:14:39.329 INFO  ProgressMeter -       chr14:38324069              9.7                194200          19927.0
12:14:49.363 INFO  ProgressMeter -       chr14:38690331              9.9                196670          19840.0
12:14:59.383 INFO  ProgressMeter -       chr14:39107764             10.1                199320          19774.2
12:15:09.407 INFO  ProgressMeter -       chr14:39451630             10.2                201660          19680.1
12:15:19.448 INFO  ProgressMeter -       chr14:39812849             10.4                204070          19595.3
12:15:29.451 INFO  ProgressMeter -       chr14:40177235             10.6                206520          19518.1
12:15:39.498 INFO  ProgressMeter -       chr14:40541228             10.7                209030          19447.6
12:15:49.517 INFO  ProgressMeter -       chr14:40846640             10.9                211210          19349.8
12:15:59.591 INFO  ProgressMeter -       chr14:41134108             11.1                213240          19239.8
12:16:09.630 INFO  ProgressMeter -       chr14:41478922             11.3                215620          19165.2
12:16:19.636 INFO  ProgressMeter -       chr14:41900578             11.4                218340          19123.5
12:16:29.644 INFO  ProgressMeter -       chr14:42305087             11.6                220990          19076.9
12:16:39.662 INFO  ProgressMeter -       chr14:42704570             11.8                223660          19033.1
12:16:49.684 INFO  ProgressMeter -       chr14:43104067             11.9                226290          18987.0
12:16:59.716 INFO  ProgressMeter -       chr14:43564805             12.1                229310          18974.2
12:17:09.780 INFO  ProgressMeter -       chr14:43964680             12.3                232020          18935.6
12:17:19.793 INFO  ProgressMeter -       chr14:44381645             12.4                234770          18902.6
12:17:29.805 INFO  ProgressMeter -       chr14:44764804             12.6                237310          18853.8
12:17:39.815 INFO  ProgressMeter -       chr14:45286560             12.8                240430          18851.8
12:17:49.817 INFO  ProgressMeter -       chr14:45700934             12.9                243160          18819.9
12:17:59.817 INFO  ProgressMeter -       chr14:46028255             13.1                245400          18751.4
12:18:10.012 INFO  ProgressMeter -       chr14:46362621             13.3                247710          18685.3
12:18:20.024 INFO  ProgressMeter -       chr14:46713679             13.4                250140          18634.0
12:18:30.033 INFO  ProgressMeter -       chr14:47125286             13.6                252830          18603.2
12:18:40.062 INFO  ProgressMeter -       chr14:47475912             13.8                255240          18552.4
12:18:50.595 INFO  ProgressMeter -       chr14:47840668             13.9                257720          18496.7
12:19:00.597 INFO  ProgressMeter -       chr14:48209267             14.1                260200          18453.8
12:19:10.629 INFO  ProgressMeter -       chr14:48644374             14.3                263010          18434.5
12:19:20.693 INFO  ProgressMeter -       chr14:49033350             14.4                265630          18401.8
12:19:30.723 INFO  ProgressMeter -       chr14:49424669             14.6                268180          18365.8
12:19:40.736 INFO  ProgressMeter -       chr14:49829010             14.8                270830          18337.7
12:19:50.744 INFO  ProgressMeter -       chr14:50226356             14.9                273450          18308.3
12:20:00.755 INFO  ProgressMeter -       chr14:50643062             15.1                276120          18282.8
12:20:10.757 INFO  ProgressMeter -       chr14:51003831             15.3                278510          18239.8
12:20:20.792 INFO  ProgressMeter -       chr14:51360885             15.4                280930          18198.9
12:20:30.850 INFO  ProgressMeter -       chr14:51714599             15.6                283290          18154.7
12:20:40.858 INFO  ProgressMeter -       chr14:52047196             15.8                285560          18106.6
12:20:50.891 INFO  ProgressMeter -       chr14:52265825             15.9                287150          18016.4
12:21:00.925 INFO  ProgressMeter -       chr14:52666281             16.1                289680          17986.4
12:21:10.951 INFO  ProgressMeter -       chr14:53031843             16.3                292100          17950.4
12:21:20.997 INFO  ProgressMeter -       chr14:53359018             16.4                294300          17901.4
12:21:31.001 INFO  ProgressMeter -       chr14:53751977             16.6                296790          17871.6
12:21:41.069 INFO  ProgressMeter -       chr14:54117230             16.8                299230          17838.3
12:21:51.110 INFO  ProgressMeter -       chr14:54544556             16.9                301880          17818.5
12:22:01.115 INFO  ProgressMeter -       chr14:54895081             17.1                304200          17780.4
12:22:11.137 INFO  ProgressMeter -       chr14:55275358             17.3                306740          17755.6
12:22:21.139 INFO  ProgressMeter -       chr14:55639460             17.4                309190          17726.3
12:22:31.149 INFO  ProgressMeter -       chr14:56064537             17.6                311790          17706.0
12:22:41.179 INFO  ProgressMeter -       chr14:56417785             17.8                314170          17673.4
12:22:51.215 INFO  ProgressMeter -       chr14:56774793             17.9                316600          17644.1
12:23:01.246 INFO  ProgressMeter -       chr14:57158545             18.1                319150          17622.0
12:23:11.271 INFO  ProgressMeter -       chr14:57599280             18.3                321900          17611.4
12:23:21.290 INFO  ProgressMeter -       chr14:57975888             18.4                324360          17585.3
12:23:31.318 INFO  ProgressMeter -       chr14:58379560             18.6                326990          17568.7
12:23:41.325 INFO  ProgressMeter -       chr14:58758302             18.8                329510          17546.9
12:23:51.332 INFO  ProgressMeter -       chr14:59076315             18.9                331630          17504.3
12:24:01.369 INFO  ProgressMeter -       chr14:59415859             19.1                333890          17469.3
12:24:11.380 INFO  ProgressMeter -       chr14:59752467             19.3                336170          17436.4
12:24:21.419 INFO  ProgressMeter -       chr14:60115298             19.4                338500          17406.2
12:24:31.488 INFO  ProgressMeter -       chr14:60572558             19.6                341310          17400.5
12:24:41.510 INFO  ProgressMeter -       chr14:60980704             19.8                343990          17389.1
12:24:51.538 INFO  ProgressMeter -       chr14:61327984             19.9                346340          17361.2
12:25:01.588 INFO  ProgressMeter -       chr14:61677321             20.1                348690          17333.5
12:25:11.598 INFO  ProgressMeter -       chr14:62033611             20.3                351040          17306.8
12:25:21.621 INFO  ProgressMeter -       chr14:62337194             20.5                353080          17265.2
12:25:31.647 INFO  ProgressMeter -       chr14:62648526             20.6                355200          17228.0
12:25:41.654 INFO  ProgressMeter -       chr14:63048674             20.8                357750          17212.5
12:25:51.659 INFO  ProgressMeter -       chr14:63445582             21.0                360330          17198.6
12:26:01.667 INFO  ProgressMeter -       chr14:63885840             21.1                363100          17194.0
12:26:11.703 INFO  ProgressMeter -       chr14:64296095             21.3                365690          17180.5
12:26:21.728 INFO  ProgressMeter -       chr14:64686431             21.5                368270          17167.0
12:26:31.732 INFO  ProgressMeter -       chr14:65035230             21.6                370560          17140.5
12:26:41.738 INFO  ProgressMeter -       chr14:65439529             21.8                373160          17128.7
12:26:52.693 INFO  ProgressMeter -       chr14:65817744             22.0                375460          17091.0
12:27:05.114 INFO  ProgressMeter -       chr14:65818913             22.2                375470          16931.9
12:27:15.122 INFO  ProgressMeter -       chr14:66251832             22.3                378210          16928.1
12:27:25.144 INFO  ProgressMeter -       chr14:66814322             22.5                381500          16948.7
12:27:35.151 INFO  ProgressMeter -       chr14:67372740             22.7                384750          16967.3
12:27:45.159 INFO  ProgressMeter -       chr14:67779344             22.8                387410          16959.9
12:27:55.197 INFO  ProgressMeter -       chr14:68242178             23.0                390200          16957.8
12:28:05.197 INFO  ProgressMeter -       chr14:68634132             23.2                392760          16946.3
12:28:21.880 INFO  ProgressMeter -       chr14:68899750             23.5                394570          16822.6
12:28:34.292 INFO  ProgressMeter -       chr14:69270399             23.7                397010          16778.6
12:28:44.299 INFO  ProgressMeter -       chr14:69692506             23.8                399640          16771.6
12:28:54.319 INFO  ProgressMeter -       chr14:69922185             24.0                401230          16721.1
12:29:04.349 INFO  ProgressMeter -       chr14:70293113             24.2                403740          16709.3
12:29:14.370 INFO  ProgressMeter -       chr14:70660996             24.3                406240          16697.4
12:29:24.381 INFO  ProgressMeter -       chr14:71033969             24.5                408710          16684.5
12:29:34.385 INFO  ProgressMeter -       chr14:71434007             24.7                411330          16677.9
12:29:44.401 INFO  ProgressMeter -       chr14:71883570             24.8                414280          16684.6
12:29:54.447 INFO  ProgressMeter -       chr14:72233417             25.0                416640          16667.2
12:30:04.470 INFO  ProgressMeter -       chr14:72552182             25.2                418770          16641.2
12:30:14.483 INFO  ProgressMeter -       chr14:72919489             25.3                421270          16630.3
12:30:24.496 INFO  ProgressMeter -       chr14:73357157             25.5                424140          16634.0
12:30:34.511 INFO  ProgressMeter -       chr14:73769805             25.7                426920          16634.1
12:30:44.545 INFO  ProgressMeter -       chr14:74186986             25.8                429670          16632.9
12:30:54.571 INFO  ProgressMeter -       chr14:74605079             26.0                432430          16632.2
12:31:04.590 INFO  ProgressMeter -       chr14:75062746             26.2                435410          16639.9
12:31:14.591 INFO  ProgressMeter -       chr14:75488037             26.3                438190          16640.2
12:31:24.597 INFO  ProgressMeter -       chr14:75886874             26.5                440810          16634.3
12:31:34.710 INFO  ProgressMeter -       chr14:76272746             26.7                443390          16625.9
12:31:44.715 INFO  ProgressMeter -       chr14:76669812             26.8                446060          16622.1
12:31:54.723 INFO  ProgressMeter -       chr14:77023931             27.0                448520          16610.5
12:32:04.761 INFO  ProgressMeter -       chr14:77368858             27.2                450890          16595.5
12:32:14.785 INFO  ProgressMeter -       chr14:77714836             27.3                453280          16581.5
12:32:24.806 INFO  ProgressMeter -       chr14:78090988             27.5                455860          16574.6
12:32:34.854 INFO  ProgressMeter -       chr14:78460873             27.7                458320          16563.2
12:32:44.856 INFO  ProgressMeter -       chr14:78902254             27.8                461090          16563.5
12:32:54.871 INFO  ProgressMeter -       chr14:79343847             28.0                463940          16566.6
12:33:04.885 INFO  ProgressMeter -       chr14:79822375             28.2                467010          16577.4
12:33:14.902 INFO  ProgressMeter -       chr14:80175616             28.3                469420          16564.8
12:33:24.927 INFO  ProgressMeter -       chr14:80597693             28.5                472170          16564.1
12:33:34.948 INFO  ProgressMeter -       chr14:80971689             28.7                474700          16555.9
12:33:44.950 INFO  ProgressMeter -       chr14:81364505             28.8                477280          16549.7
12:33:54.967 INFO  ProgressMeter -       chr14:81791981             29.0                480080          16550.9
12:34:05.000 INFO  ProgressMeter -       chr14:82224896             29.2                482800          16549.3
12:34:15.033 INFO  ProgressMeter -       chr14:82707766             29.3                485800          16557.2
12:34:25.048 INFO  ProgressMeter -       chr14:82951772             29.5                487410          16518.1
12:34:35.052 INFO  ProgressMeter -       chr14:83356581             29.7                490140          16517.3
12:34:45.081 INFO  ProgressMeter -       chr14:83773819             29.8                492900          16517.3
12:34:55.118 INFO  ProgressMeter -       chr14:84226174             30.0                495880          16524.5
12:35:05.141 INFO  ProgressMeter -       chr14:84618797             30.2                498510          16520.2
12:35:15.195 INFO  ProgressMeter -       chr14:85017179             30.3                501180          16517.0
12:35:25.203 INFO  ProgressMeter -       chr14:85405444             30.5                503820          16513.2
12:35:35.249 INFO  ProgressMeter -       chr14:85751344             30.7                506220          16501.3
12:35:45.280 INFO  ProgressMeter -       chr14:86145749             30.8                508830          16496.5
12:35:55.423 INFO  ProgressMeter -       chr14:86448717             31.0                511000          16476.5
12:36:05.453 INFO  ProgressMeter -       chr14:86859693             31.2                513720          16475.4
12:36:15.457 INFO  ProgressMeter -       chr14:87271989             31.3                516400          16473.3
12:36:25.469 INFO  ProgressMeter -       chr14:87684461             31.5                519050          16470.2
12:36:35.480 INFO  ProgressMeter -       chr14:88056473             31.7                521540          16462.0
12:36:45.492 INFO  ProgressMeter -       chr14:88456355             31.8                524090          16455.8
12:36:55.509 INFO  ProgressMeter -       chr14:88918070             32.0                527040          16462.2
12:37:05.545 INFO  ProgressMeter -       chr14:89338254             32.2                529840          16463.6
12:37:15.595 INFO  ProgressMeter -       chr14:89703828             32.4                532330          16455.3
12:37:25.604 INFO  ProgressMeter -       chr14:90101868             32.5                534860          16448.7
12:37:35.608 INFO  ProgressMeter -       chr14:90504898             32.7                537620          16449.2
12:37:45.616 INFO  ProgressMeter -       chr14:90913880             32.9                540360          16449.1
12:37:55.700 INFO  ProgressMeter -       chr14:91294465             33.0                542810          16439.6
12:38:05.714 INFO  ProgressMeter -       chr14:91673295             33.2                545440          16436.2
12:38:15.748 INFO  ProgressMeter -       chr14:92100560             33.4                548240          16437.7
12:38:25.764 INFO  ProgressMeter -       chr14:92445744             33.5                550580          16425.7
12:38:35.765 INFO  ProgressMeter -       chr14:92695897             33.7                552310          16395.7
12:38:45.778 INFO  ProgressMeter -       chr14:93080700             33.9                554900          16391.4
12:38:55.780 INFO  ProgressMeter -       chr14:93508586             34.0                557680          16392.8
12:39:05.798 INFO  ProgressMeter -       chr14:93884062             34.2                560060          16382.4
12:39:15.832 INFO  ProgressMeter -       chr14:94211390             34.4                562200          16364.9
12:39:35.791 INFO  ProgressMeter -       chr14:94519327             34.7                564300          16268.5
12:39:49.497 INFO  ProgressMeter -       chr14:94651473             34.9                565230          16188.7
12:39:59.635 INFO  ProgressMeter -       chr14:94889715             35.1                566860          16157.2
12:40:15.228 INFO  ProgressMeter -       chr14:94891355             35.3                566870          16038.7
12:40:25.272 INFO  ProgressMeter -       chr14:95050523             35.5                567950          15993.5
12:40:44.950 INFO  ProgressMeter -       chr14:95258860             35.8                569320          15885.4
12:40:54.967 INFO  ProgressMeter -       chr14:95504221             36.0                571020          15858.9
12:41:05.000 INFO  ProgressMeter -       chr14:95748359             36.2                572720          15832.6
12:41:15.029 INFO  ProgressMeter -       chr14:96092250             36.3                575020          15823.1
12:41:25.054 INFO  ProgressMeter -       chr14:96497382             36.5                577700          15824.1
12:41:35.056 INFO  ProgressMeter -       chr14:96839258             36.7                579950          15813.5
12:41:49.751 INFO  ProgressMeter -       chr14:97137037             36.9                581890          15761.1
12:41:59.778 INFO  ProgressMeter -       chr14:97540038             37.1                584520          15761.0
12:42:11.127 INFO  ProgressMeter -       chr14:97896457             37.3                586880          15744.4
12:42:21.135 INFO  ProgressMeter -       chr14:98272036             37.4                589380          15741.0
12:42:31.143 INFO  ProgressMeter -       chr14:98607003             37.6                591700          15732.9
12:42:41.175 INFO  ProgressMeter -       chr14:98988226             37.8                594240          15730.5
12:42:51.200 INFO  ProgressMeter -       chr14:99328410             37.9                596600          15723.4
12:43:01.233 INFO  ProgressMeter -       chr14:99699374             38.1                599030          15718.2
12:43:11.240 INFO  ProgressMeter -       chr14:99987867             38.3                601000          15701.2
12:43:22.576 INFO  ProgressMeter -      chr14:100168759             38.5                602180          15654.7
12:43:33.600 INFO  ProgressMeter -      chr14:100527588             38.7                604550          15641.6
12:43:43.608 INFO  ProgressMeter -      chr14:100925709             38.8                607320          15645.8
12:43:53.621 INFO  ProgressMeter -      chr14:101204567             39.0                609240          15628.0
12:44:03.668 INFO  ProgressMeter -      chr14:101551667             39.2                611600          15621.5
12:44:13.707 INFO  ProgressMeter -      chr14:101946715             39.3                614130          15619.3
12:44:23.740 INFO  ProgressMeter -      chr14:102409335             39.5                617060          15627.4
12:44:33.749 INFO  ProgressMeter -      chr14:102797628             39.7                619670          15627.5
12:45:07.908 INFO  ProgressMeter -      chr14:102921011             40.2                620500          15426.9
12:45:17.922 INFO  ProgressMeter -      chr14:103222270             40.4                622520          15413.2
12:45:27.948 INFO  ProgressMeter -      chr14:103562945             40.6                624910          15408.6
12:45:37.970 INFO  ProgressMeter -      chr14:103989487             40.7                627820          15416.9
12:45:48.501 INFO  ProgressMeter -      chr14:104204129             40.9                629370          15388.6
12:45:58.859 INFO  ProgressMeter -      chr14:104233770             41.1                629600          15329.5
12:46:08.999 INFO  ProgressMeter -      chr14:104444979             41.2                631040          15301.6
12:46:21.451 INFO  ProgressMeter -      chr14:104528274             41.4                631610          15238.8
12:46:31.472 INFO  ProgressMeter -      chr14:104759674             41.6                633220          15216.3
12:46:42.646 INFO  ProgressMeter -      chr14:104861818             41.8                633980          15166.7
12:46:52.654 INFO  ProgressMeter -      chr14:105032946             42.0                635190          15135.2
12:47:02.674 INFO  ProgressMeter -      chr14:105107682             42.1                635720          15087.8
12:47:12.695 INFO  ProgressMeter -      chr14:105466508             42.3                638100          15084.5
12:47:22.727 INFO  ProgressMeter -      chr14:105582128             42.5                638910          15044.2
12:47:32.765 INFO  ProgressMeter -      chr14:105690683             42.6                639710          15003.9
12:47:42.790 INFO  ProgressMeter -      chr14:105834455             42.8                640790          14970.6
12:47:52.822 INFO  ProgressMeter -      chr14:106324582             43.0                643630          14978.4
12:48:03.016 INFO  ProgressMeter -      chr14:106544992             43.1                645170          14955.1
12:48:13.045 INFO  ProgressMeter -      chr14:106835007             43.3                647030          14940.4
12:48:14.410 INFO  HaplotypeCaller - 391550 read(s) filtered by: MappingQualityReadFilter 
0 read(s) filtered by: MappingQualityAvailableReadFilter 
0 read(s) filtered by: MappedReadFilter 
0 read(s) filtered by: NotSecondaryAlignmentReadFilter 
179474 read(s) filtered by: NotDuplicateReadFilter 
0 read(s) filtered by: PassesVendorQualityCheckReadFilter 
0 read(s) filtered by: NonZeroReferenceLengthAlignmentReadFilter 
0 read(s) filtered by: GoodCigarReadFilter 
0 read(s) filtered by: WellformedReadFilter 
571024 total reads filtered out of 3940436 reads processed
12:48:14.410 INFO  ProgressMeter -      chr14:107043069             43.3                647892          14952.4
12:48:14.410 INFO  ProgressMeter - Traversal complete. Processed 647892 total regions in 43.3 minutes.
12:48:14.531 INFO  VectorLoglessPairHMM - Time spent in setup for JNI call : 0.552210651
12:48:14.532 INFO  PairHMM - Total compute time in PairHMM computeLogLikelihoods() : 152.861424692
12:48:14.532 INFO  SmithWatermanAligner - Total compute time in java Smith-Waterman : 314.62 sec
12:48:14.533 INFO  HaplotypeCaller - Shutting down engine
[May 3, 2024 at 12:48:14 PM UTC] org.broadinstitute.hellbender.tools.walkers.haplotypecaller.HaplotypeCaller done. Elapsed time: 43.35 minutes.
Runtime.totalMemory()=650641408
Stage 4: Completed chrom chr14
