Using GATK jar /export/approved/gatk-4.5.0.0/gatk-package-4.5.0.0-local.jar
Running:
    java -Dsamjdk.use_async_io_read_samtools=false -Dsamjdk.use_async_io_write_samtools=true -Dsamjdk.use_async_io_write_tribble=false -Dsamjdk.compression_level=2 -Xmx30G -XX:ParallelGCThreads=4 -jar /export/approved/gatk-4.5.0.0/gatk-package-4.5.0.0-local.jar GenotypeGVCFs -R /export/home/andrew/genome/hg38_v0_20231023/Homo_sapiens_assembly38.fasta -L chr21 -V called.chr21.recal.g.vcf.gz -O genotype.chr21.vcf.gz
00:32:53.147 INFO  NativeLibraryLoader - Loading libgkl_compression.so from jar:file:/export/approved/gatk-4.5.0.0/gatk-package-4.5.0.0-local.jar!/com/intel/gkl/native/libgkl_compression.so
00:32:53.352 INFO  GenotypeGVCFs - ------------------------------------------------------------
00:32:53.356 INFO  GenotypeGVCFs - The Genome Analysis Toolkit (GATK) v4.5.0.0
00:32:53.356 INFO  GenotypeGVCFs - For support and documentation go to https://software.broadinstitute.org/gatk/
00:32:53.356 INFO  GenotypeGVCFs - Executing as andrew@compute-0-5 on Linux v5.15.0-75-generic amd64
00:32:53.356 INFO  GenotypeGVCFs - Java runtime: OpenJDK 64-Bit Server VM v19.0.2+7-Ubuntu-0ubuntu322.04
00:32:53.357 INFO  GenotypeGVCFs - Start Date/Time: May 4, 2024 at 12:32:53 AM UTC
00:32:53.357 INFO  GenotypeGVCFs - ------------------------------------------------------------
00:32:53.357 INFO  GenotypeGVCFs - ------------------------------------------------------------
00:32:53.358 INFO  GenotypeGVCFs - HTSJDK Version: 4.1.0
00:32:53.359 INFO  GenotypeGVCFs - Picard Version: 3.1.1
00:32:53.359 INFO  GenotypeGVCFs - Built for Spark Version: 3.5.0
00:32:53.359 INFO  GenotypeGVCFs - HTSJDK Defaults.COMPRESSION_LEVEL : 2
00:32:53.360 INFO  GenotypeGVCFs - HTSJDK Defaults.USE_ASYNC_IO_READ_FOR_SAMTOOLS : false
00:32:53.360 INFO  GenotypeGVCFs - HTSJDK Defaults.USE_ASYNC_IO_WRITE_FOR_SAMTOOLS : true
00:32:53.360 INFO  GenotypeGVCFs - HTSJDK Defaults.USE_ASYNC_IO_WRITE_FOR_TRIBBLE : false
00:32:53.360 INFO  GenotypeGVCFs - Deflater: IntelDeflater
00:32:53.361 INFO  GenotypeGVCFs - Inflater: IntelInflater
00:32:53.361 INFO  GenotypeGVCFs - GCS max retries/reopens: 20
00:32:53.361 INFO  GenotypeGVCFs - Requester pays: disabled
00:32:53.362 INFO  GenotypeGVCFs - Initializing engine
00:32:53.875 INFO  FeatureManager - Using codec VCFCodec to read file file:///export/home/andrew/genome/analysis_onelane/called.chr21.recal.g.vcf.gz
00:32:54.155 INFO  IntervalArgumentCollection - Processing 46709983 bp from intervals
00:32:54.244 INFO  GenotypeGVCFs - Done initializing engine
00:32:54.460 INFO  ProgressMeter - Starting traversal
00:32:54.462 INFO  ProgressMeter -        Current Locus  Elapsed Minutes    Variants Processed  Variants/Minute
00:32:54.683 WARN  ReferenceConfidenceVariantContextMerger - Detected invalid annotations: When trying to merge variant contexts at location chr21:5033539 the annotation MLEAC=[1, 0] was not a numerical value and was ignored
00:32:54.752 WARN  InbreedingCoeff - InbreedingCoeff will not be calculated at position chr21:5033539 and possibly subsequent; at least 10 samples must have called genotypes
00:33:04.467 INFO  ProgressMeter -        chr21:9839037              0.2                145000         869652.1
00:33:14.476 INFO  ProgressMeter -       chr21:14300483              0.3                471000        1412082.1
00:33:24.490 INFO  ProgressMeter -       chr21:17335296              0.5                923000        1844278.7
00:33:34.515 INFO  ProgressMeter -       chr21:20482620              0.7               1364000        2043292.6
00:33:44.530 INFO  ProgressMeter -       chr21:23901426              0.8               1808000        2166653.4
00:33:54.549 INFO  ProgressMeter -       chr21:27122393              1.0               2260000        2256727.7
00:34:04.558 INFO  ProgressMeter -       chr21:30181475              1.2               2712000        2321420.9
00:34:14.574 INFO  ProgressMeter -       chr21:33326715              1.3               3171000        2374925.1
00:34:24.587 INFO  ProgressMeter -       chr21:36538362              1.5               3630000        2416643.6
00:34:34.598 INFO  ProgressMeter -       chr21:39589693              1.7               4076000        2442302.9
00:34:44.604 INFO  ProgressMeter -       chr21:42973331              1.8               4517000        2460641.7
00:34:52.831 INFO  ProgressMeter -       chr21:46692379              2.0               4881104        2474180.2
00:34:52.831 INFO  ProgressMeter - Traversal complete. Processed 4881104 total variants in 2.0 minutes.
00:34:52.941 INFO  GenotypeGVCFs - Shutting down engine
[May 4, 2024 at 12:34:52 AM UTC] org.broadinstitute.hellbender.tools.walkers.GenotypeGVCFs done. Elapsed time: 2.00 minutes.
Runtime.totalMemory()=738197504
Stage 5: Genotyped chrom
