Using GATK jar /export/approved/gatk-4.5.0.0/gatk-package-4.5.0.0-local.jar
Running:
    java -Dsamjdk.use_async_io_read_samtools=false -Dsamjdk.use_async_io_write_samtools=true -Dsamjdk.use_async_io_write_tribble=false -Dsamjdk.compression_level=2 -Xmx30G -XX:ParallelGCThreads=4 -jar /export/approved/gatk-4.5.0.0/gatk-package-4.5.0.0-local.jar GenotypeGVCFs -R /export/home/andrew/genome/hg38_v0_20231023/Homo_sapiens_assembly38.fasta -L chr13 -V called.chr13.recal.g.vcf.gz -O genotype.chr13.vcf.gz
00:32:53.178 INFO  NativeLibraryLoader - Loading libgkl_compression.so from jar:file:/export/approved/gatk-4.5.0.0/gatk-package-4.5.0.0-local.jar!/com/intel/gkl/native/libgkl_compression.so
00:32:53.483 INFO  GenotypeGVCFs - ------------------------------------------------------------
00:32:53.487 INFO  GenotypeGVCFs - The Genome Analysis Toolkit (GATK) v4.5.0.0
00:32:53.487 INFO  GenotypeGVCFs - For support and documentation go to https://software.broadinstitute.org/gatk/
00:32:53.488 INFO  GenotypeGVCFs - Executing as andrew@compute-0-4 on Linux v5.15.0-102-generic amd64
00:32:53.488 INFO  GenotypeGVCFs - Java runtime: OpenJDK 64-Bit Server VM v19.0.2+7-Ubuntu-0ubuntu322.04
00:32:53.488 INFO  GenotypeGVCFs - Start Date/Time: May 4, 2024 at 12:32:53 AM UTC
00:32:53.488 INFO  GenotypeGVCFs - ------------------------------------------------------------
00:32:53.489 INFO  GenotypeGVCFs - ------------------------------------------------------------
00:32:53.490 INFO  GenotypeGVCFs - HTSJDK Version: 4.1.0
00:32:53.490 INFO  GenotypeGVCFs - Picard Version: 3.1.1
00:32:53.491 INFO  GenotypeGVCFs - Built for Spark Version: 3.5.0
00:32:53.491 INFO  GenotypeGVCFs - HTSJDK Defaults.COMPRESSION_LEVEL : 2
00:32:53.491 INFO  GenotypeGVCFs - HTSJDK Defaults.USE_ASYNC_IO_READ_FOR_SAMTOOLS : false
00:32:53.492 INFO  GenotypeGVCFs - HTSJDK Defaults.USE_ASYNC_IO_WRITE_FOR_SAMTOOLS : true
00:32:53.492 INFO  GenotypeGVCFs - HTSJDK Defaults.USE_ASYNC_IO_WRITE_FOR_TRIBBLE : false
00:32:53.492 INFO  GenotypeGVCFs - Deflater: IntelDeflater
00:32:53.492 INFO  GenotypeGVCFs - Inflater: IntelInflater
00:32:53.493 INFO  GenotypeGVCFs - GCS max retries/reopens: 20
00:32:53.493 INFO  GenotypeGVCFs - Requester pays: disabled
00:32:53.494 INFO  GenotypeGVCFs - Initializing engine
00:32:54.150 INFO  FeatureManager - Using codec VCFCodec to read file file:///export/home/andrew/genome/analysis_onelane/called.chr13.recal.g.vcf.gz
00:32:54.521 INFO  IntervalArgumentCollection - Processing 114364328 bp from intervals
00:32:54.582 INFO  GenotypeGVCFs - Done initializing engine
00:32:54.768 INFO  ProgressMeter - Starting traversal
00:32:54.770 INFO  ProgressMeter -        Current Locus  Elapsed Minutes    Variants Processed  Variants/Minute
00:32:55.414 WARN  ReferenceConfidenceVariantContextMerger - Detected invalid annotations: When trying to merge variant contexts at location chr13:16000423 the annotation MLEAC=[1, 0] was not a numerical value and was ignored
00:32:55.491 WARN  InbreedingCoeff - InbreedingCoeff will not be calculated at position chr13:16000423 and possibly subsequent; at least 10 samples must have called genotypes
00:33:04.794 INFO  ProgressMeter -       chr13:18910774              0.2                129000         772223.9
00:33:14.803 INFO  ProgressMeter -       chr13:21459087              0.3                501000        1500524.1
00:33:24.812 INFO  ProgressMeter -       chr13:24504836              0.5                903000        1803535.2
00:33:34.826 INFO  ProgressMeter -       chr13:27592985              0.7               1342000        2010185.7
00:33:44.837 INFO  ProgressMeter -       chr13:30402766              0.8               1778000        2130744.8
00:33:54.852 INFO  ProgressMeter -       chr13:33261527              1.0               2220000        2216970.1
00:34:04.866 INFO  ProgressMeter -       chr13:36322904              1.2               2668000        2283725.2
00:34:14.871 INFO  ProgressMeter -       chr13:39367343              1.3               3108000        2328060.8
00:34:24.891 INFO  ProgressMeter -       chr13:42189596              1.5               3552000        2364820.6
00:34:34.903 INFO  ProgressMeter -       chr13:45064832              1.7               4000000        2396812.2
00:34:44.921 INFO  ProgressMeter -       chr13:47990157              1.8               4457000        2427758.3
00:34:54.928 INFO  ProgressMeter -       chr13:50995993              2.0               4908000        2450773.1
00:35:04.942 INFO  ProgressMeter -       chr13:53956945              2.2               5364000        2472421.1
00:35:14.943 INFO  ProgressMeter -       chr13:57423365              2.3               5808000        2486070.8
00:35:24.960 INFO  ProgressMeter -       chr13:60823122              2.5               6258000        2500033.3
00:35:34.978 INFO  ProgressMeter -       chr13:63966077              2.7               6697000        2508114.5
00:35:44.985 INFO  ProgressMeter -       chr13:67424992              2.8               7141000        2517169.5
00:35:54.987 INFO  ProgressMeter -       chr13:70784314              3.0               7582000        2524290.2
00:36:05.016 INFO  ProgressMeter -       chr13:74055393              3.2               8029000        2532195.2
00:36:15.031 INFO  ProgressMeter -       chr13:76889371              3.3               8476000        2539486.0
00:36:25.049 INFO  ProgressMeter -       chr13:79869823              3.5               8926000        2546902.0
00:36:35.061 INFO  ProgressMeter -       chr13:83304237              3.7               9371000        2552351.2
00:36:45.063 INFO  ProgressMeter -       chr13:86898444              3.8               9817000        2557698.2
00:36:55.067 INFO  ProgressMeter -       chr13:90442640              4.0              10259000        2561580.0
00:37:05.077 INFO  ProgressMeter -       chr13:93779574              4.2              10706000        2566288.6
00:37:15.086 INFO  ProgressMeter -       chr13:96837218              4.3              11156000        2571336.4
00:37:25.096 INFO  ProgressMeter -       chr13:99954541              4.5              11609000        2576666.7
00:37:35.101 INFO  ProgressMeter -      chr13:103010333              4.7              12055000        2580173.4
00:37:45.118 INFO  ProgressMeter -      chr13:106250516              4.8              12492000        2581454.0
00:37:55.131 INFO  ProgressMeter -      chr13:109500647              5.0              12935000        2583890.7
00:38:05.134 INFO  ProgressMeter -      chr13:113054478              5.2              13387000        2587993.5
00:38:08.221 INFO  ProgressMeter -      chr13:114351271              5.2              13533228        2590496.4
00:38:08.222 INFO  ProgressMeter - Traversal complete. Processed 13533228 total variants in 5.2 minutes.
00:38:08.308 INFO  GenotypeGVCFs - Shutting down engine
[May 4, 2024 at 12:38:08 AM UTC] org.broadinstitute.hellbender.tools.walkers.GenotypeGVCFs done. Elapsed time: 5.25 minutes.
Runtime.totalMemory()=654311424
Stage 5: Genotyped chrom
