Using GATK jar /export/approved/gatk-4.5.0.0/gatk-package-4.5.0.0-local.jar
Running:
    java -Dsamjdk.use_async_io_read_samtools=false -Dsamjdk.use_async_io_write_samtools=true -Dsamjdk.use_async_io_write_tribble=false -Dsamjdk.compression_level=2 -Xmx30G -XX:ParallelGCThreads=4 -jar /export/approved/gatk-4.5.0.0/gatk-package-4.5.0.0-local.jar GenotypeGVCFs -R /export/home/andrew/genome/hg38_v0_20231023/Homo_sapiens_assembly38.fasta -L chr19 -V called.chr19.recal.g.vcf.gz -O genotype.chr19.vcf.gz
00:32:52.949 INFO  NativeLibraryLoader - Loading libgkl_compression.so from jar:file:/export/approved/gatk-4.5.0.0/gatk-package-4.5.0.0-local.jar!/com/intel/gkl/native/libgkl_compression.so
00:32:53.324 INFO  GenotypeGVCFs - ------------------------------------------------------------
00:32:53.328 INFO  GenotypeGVCFs - The Genome Analysis Toolkit (GATK) v4.5.0.0
00:32:53.329 INFO  GenotypeGVCFs - For support and documentation go to https://software.broadinstitute.org/gatk/
00:32:53.329 INFO  GenotypeGVCFs - Executing as andrew@compute-0-5 on Linux v5.15.0-75-generic amd64
00:32:53.329 INFO  GenotypeGVCFs - Java runtime: OpenJDK 64-Bit Server VM v19.0.2+7-Ubuntu-0ubuntu322.04
00:32:53.330 INFO  GenotypeGVCFs - Start Date/Time: May 4, 2024 at 12:32:52 AM UTC
00:32:53.330 INFO  GenotypeGVCFs - ------------------------------------------------------------
00:32:53.330 INFO  GenotypeGVCFs - ------------------------------------------------------------
00:32:53.331 INFO  GenotypeGVCFs - HTSJDK Version: 4.1.0
00:32:53.332 INFO  GenotypeGVCFs - Picard Version: 3.1.1
00:32:53.332 INFO  GenotypeGVCFs - Built for Spark Version: 3.5.0
00:32:53.332 INFO  GenotypeGVCFs - HTSJDK Defaults.COMPRESSION_LEVEL : 2
00:32:53.332 INFO  GenotypeGVCFs - HTSJDK Defaults.USE_ASYNC_IO_READ_FOR_SAMTOOLS : false
00:32:53.333 INFO  GenotypeGVCFs - HTSJDK Defaults.USE_ASYNC_IO_WRITE_FOR_SAMTOOLS : true
00:32:53.333 INFO  GenotypeGVCFs - HTSJDK Defaults.USE_ASYNC_IO_WRITE_FOR_TRIBBLE : false
00:32:53.333 INFO  GenotypeGVCFs - Deflater: IntelDeflater
00:32:53.334 INFO  GenotypeGVCFs - Inflater: IntelInflater
00:32:53.334 INFO  GenotypeGVCFs - GCS max retries/reopens: 20
00:32:53.334 INFO  GenotypeGVCFs - Requester pays: disabled
00:32:53.335 INFO  GenotypeGVCFs - Initializing engine
00:32:53.857 INFO  FeatureManager - Using codec VCFCodec to read file file:///export/home/andrew/genome/analysis_onelane/called.chr19.recal.g.vcf.gz
00:32:54.107 INFO  IntervalArgumentCollection - Processing 58617616 bp from intervals
00:32:54.176 INFO  GenotypeGVCFs - Done initializing engine
00:32:54.360 INFO  ProgressMeter - Starting traversal
00:32:54.361 INFO  ProgressMeter -        Current Locus  Elapsed Minutes    Variants Processed  Variants/Minute
00:32:54.545 WARN  ReferenceConfidenceVariantContextMerger - Detected invalid annotations: When trying to merge variant contexts at location chr19:89282 the annotation MLEAC=[1, 0] was not a numerical value and was ignored
00:32:54.646 WARN  InbreedingCoeff - InbreedingCoeff will not be calculated at position chr19:89282 and possibly subsequent; at least 10 samples must have called genotypes
00:33:04.365 INFO  ProgressMeter -        chr19:1982819              0.2                183000        1097780.4
00:33:14.365 INFO  ProgressMeter -        chr19:5358621              0.3                582000        1745825.4
00:33:24.375 INFO  ProgressMeter -        chr19:8595830              0.5               1003000        2005197.9
00:33:34.380 INFO  ProgressMeter -       chr19:11906481              0.7               1452000        2177020.3
00:33:44.382 INFO  ProgressMeter -       chr19:15251057              0.8               1908000        2288684.5
00:33:54.391 INFO  ProgressMeter -       chr19:18794888              1.0               2360000        2358859.9
00:34:04.413 INFO  ProgressMeter -       chr19:22157834              1.2               2798000        2396539.7
00:34:14.428 INFO  ProgressMeter -       chr19:28014091              1.3               3220000        2413009.3
00:34:24.449 INFO  ProgressMeter -       chr19:31466854              1.5               3675000        2447634.0
00:34:34.461 INFO  ProgressMeter -       chr19:35018943              1.7               4139000        2480943.9
00:34:44.470 INFO  ProgressMeter -       chr19:38545964              1.8               4612000        2513168.9
00:34:54.472 INFO  ProgressMeter -       chr19:41519389              2.0               5075000        2535197.2
00:35:04.490 INFO  ProgressMeter -       chr19:44766977              2.2               5541000        2554869.1
00:35:14.494 INFO  ProgressMeter -       chr19:47910437              2.3               6003000        2570309.2
00:35:24.498 INFO  ProgressMeter -       chr19:51454536              2.5               6459000        2581259.7
00:35:34.509 INFO  ProgressMeter -       chr19:54697500              2.7               6899000        2584750.3
00:35:44.528 INFO  ProgressMeter -       chr19:58152901              2.8               7350000        2591587.0
00:35:45.743 INFO  ProgressMeter -       chr19:58604864              2.9               7407125        2593213.4
00:35:45.743 INFO  ProgressMeter - Traversal complete. Processed 7407125 total variants in 2.9 minutes.
00:35:45.862 INFO  GenotypeGVCFs - Shutting down engine
[May 4, 2024 at 12:35:45 AM UTC] org.broadinstitute.hellbender.tools.walkers.GenotypeGVCFs done. Elapsed time: 2.88 minutes.
Runtime.totalMemory()=704643072
Stage 5: Genotyped chrom
