Using GATK jar /export/approved/gatk-4.5.0.0/gatk-package-4.5.0.0-local.jar
Running:
    java -Dsamjdk.use_async_io_read_samtools=false -Dsamjdk.use_async_io_write_samtools=true -Dsamjdk.use_async_io_write_tribble=false -Dsamjdk.compression_level=2 -Xmx30G -XX:ParallelGCThreads=4 -jar /export/approved/gatk-4.5.0.0/gatk-package-4.5.0.0-local.jar GenotypeGVCFs -R /export/home/andrew/genome/hg38_v0_20231023/Homo_sapiens_assembly38.fasta -L chr16 -V called.chr16.recal.g.vcf.gz -O genotype.chr16.vcf.gz
00:32:53.346 INFO  NativeLibraryLoader - Loading libgkl_compression.so from jar:file:/export/approved/gatk-4.5.0.0/gatk-package-4.5.0.0-local.jar!/com/intel/gkl/native/libgkl_compression.so
00:32:53.565 INFO  GenotypeGVCFs - ------------------------------------------------------------
00:32:53.569 INFO  GenotypeGVCFs - The Genome Analysis Toolkit (GATK) v4.5.0.0
00:32:53.569 INFO  GenotypeGVCFs - For support and documentation go to https://software.broadinstitute.org/gatk/
00:32:53.569 INFO  GenotypeGVCFs - Executing as andrew@compute-0-4 on Linux v5.15.0-102-generic amd64
00:32:53.570 INFO  GenotypeGVCFs - Java runtime: OpenJDK 64-Bit Server VM v19.0.2+7-Ubuntu-0ubuntu322.04
00:32:53.570 INFO  GenotypeGVCFs - Start Date/Time: May 4, 2024 at 12:32:53 AM UTC
00:32:53.570 INFO  GenotypeGVCFs - ------------------------------------------------------------
00:32:53.571 INFO  GenotypeGVCFs - ------------------------------------------------------------
00:32:53.572 INFO  GenotypeGVCFs - HTSJDK Version: 4.1.0
00:32:53.572 INFO  GenotypeGVCFs - Picard Version: 3.1.1
00:32:53.572 INFO  GenotypeGVCFs - Built for Spark Version: 3.5.0
00:32:53.573 INFO  GenotypeGVCFs - HTSJDK Defaults.COMPRESSION_LEVEL : 2
00:32:53.573 INFO  GenotypeGVCFs - HTSJDK Defaults.USE_ASYNC_IO_READ_FOR_SAMTOOLS : false
00:32:53.574 INFO  GenotypeGVCFs - HTSJDK Defaults.USE_ASYNC_IO_WRITE_FOR_SAMTOOLS : true
00:32:53.574 INFO  GenotypeGVCFs - HTSJDK Defaults.USE_ASYNC_IO_WRITE_FOR_TRIBBLE : false
00:32:53.574 INFO  GenotypeGVCFs - Deflater: IntelDeflater
00:32:53.574 INFO  GenotypeGVCFs - Inflater: IntelInflater
00:32:53.575 INFO  GenotypeGVCFs - GCS max retries/reopens: 20
00:32:53.575 INFO  GenotypeGVCFs - Requester pays: disabled
00:32:53.576 INFO  GenotypeGVCFs - Initializing engine
00:32:54.195 INFO  FeatureManager - Using codec VCFCodec to read file file:///export/home/andrew/genome/analysis_onelane/called.chr16.recal.g.vcf.gz
00:32:54.582 INFO  IntervalArgumentCollection - Processing 90338345 bp from intervals
00:32:54.676 INFO  GenotypeGVCFs - Done initializing engine
00:32:54.896 INFO  ProgressMeter - Starting traversal
00:32:54.897 INFO  ProgressMeter -        Current Locus  Elapsed Minutes    Variants Processed  Variants/Minute
00:32:55.155 WARN  ReferenceConfidenceVariantContextMerger - Detected invalid annotations: When trying to merge variant contexts at location chr16:11076 the annotation MLEAC=[1, 0] was not a numerical value and was ignored
00:32:55.233 WARN  InbreedingCoeff - InbreedingCoeff will not be calculated at position chr16:11076 and possibly subsequent; at least 10 samples must have called genotypes
00:33:04.915 INFO  ProgressMeter -        chr16:1852397              0.2                192000        1150044.9
00:33:14.917 INFO  ProgressMeter -        chr16:4794476              0.3                587000        1759240.8
00:33:24.933 INFO  ProgressMeter -        chr16:7638816              0.5                958000        1913703.6
00:33:34.956 INFO  ProgressMeter -       chr16:10318986              0.7               1357000        2032552.8
00:33:44.974 INFO  ProgressMeter -       chr16:13183709              0.8               1779000        2131517.5
00:33:54.990 INFO  ProgressMeter -       chr16:16905487              1.0               2211000        2207578.3
00:34:04.991 INFO  ProgressMeter -       chr16:20298366              1.2               2642000        2261566.8
00:34:14.996 INFO  ProgressMeter -       chr16:23465674              1.3               3090000        2314664.5
00:34:25.024 INFO  ProgressMeter -       chr16:26503252              1.5               3522000        2344717.4
00:34:35.026 INFO  ProgressMeter -       chr16:30061148              1.7               3957000        2371141.2
00:34:45.042 INFO  ProgressMeter -       chr16:34946320              1.8               4386000        2389214.2
00:34:55.058 INFO  ProgressMeter -       chr16:47862082              2.0               4816000        2404773.6
00:35:05.066 INFO  ProgressMeter -       chr16:50793760              2.2               5254000        2421774.8
00:35:15.077 INFO  ProgressMeter -       chr16:53746118              2.3               5682000        2432016.0
00:35:25.087 INFO  ProgressMeter -       chr16:56740144              2.5               6101000        2437312.7
00:35:35.106 INFO  ProgressMeter -       chr16:59851068              2.7               6528000        2444806.5
00:35:45.106 INFO  ProgressMeter -       chr16:63070670              2.8               6959000        2453101.8
00:35:55.128 INFO  ProgressMeter -       chr16:66205817              3.0               7392000        2460841.9
00:36:05.137 INFO  ProgressMeter -       chr16:69119936              3.2               7835000        2471089.2
00:36:15.138 INFO  ProgressMeter -       chr16:72262457              3.3               8269000        2477714.4
00:36:25.155 INFO  ProgressMeter -       chr16:75221962              3.5               8700000        2482664.2
00:36:35.170 INFO  ProgressMeter -       chr16:78228482              3.7               9118000        2483645.3
00:36:45.181 INFO  ProgressMeter -       chr16:81044819              3.8               9533000        2483802.6
00:36:55.196 INFO  ProgressMeter -       chr16:83885225              4.0               9938000        2481408.6
00:37:05.207 INFO  ProgressMeter -       chr16:86904462              4.2              10345000        2479725.1
00:37:14.217 INFO  ProgressMeter -       chr16:90227909              4.3              10714037        2478953.5
00:37:14.217 INFO  ProgressMeter - Traversal complete. Processed 10714037 total variants in 4.3 minutes.
00:37:14.402 INFO  GenotypeGVCFs - Shutting down engine
[May 4, 2024 at 12:37:14 AM UTC] org.broadinstitute.hellbender.tools.walkers.GenotypeGVCFs done. Elapsed time: 4.35 minutes.
Runtime.totalMemory()=838860800
Stage 5: Genotyped chrom
