Using GATK jar /export/approved/gatk-4.5.0.0/gatk-package-4.5.0.0-local.jar
Running:
    java -Dsamjdk.use_async_io_read_samtools=false -Dsamjdk.use_async_io_write_samtools=true -Dsamjdk.use_async_io_write_tribble=false -Dsamjdk.compression_level=2 -Xmx30G -XX:ParallelGCThreads=4 -jar /export/approved/gatk-4.5.0.0/gatk-package-4.5.0.0-local.jar GenotypeGVCFs -R /export/home/andrew/genome/hg38_v0_20231023/Homo_sapiens_assembly38.fasta -L chr7 -V called.chr7.recal.g.vcf.gz -O genotype.chr7.vcf.gz
00:32:53.864 INFO  NativeLibraryLoader - Loading libgkl_compression.so from jar:file:/export/approved/gatk-4.5.0.0/gatk-package-4.5.0.0-local.jar!/com/intel/gkl/native/libgkl_compression.so
00:32:54.131 INFO  GenotypeGVCFs - ------------------------------------------------------------
00:32:54.137 INFO  GenotypeGVCFs - The Genome Analysis Toolkit (GATK) v4.5.0.0
00:32:54.137 INFO  GenotypeGVCFs - For support and documentation go to https://software.broadinstitute.org/gatk/
00:32:54.137 INFO  GenotypeGVCFs - Executing as andrew@compute-0-2 on Linux v5.15.0-102-generic amd64
00:32:54.138 INFO  GenotypeGVCFs - Java runtime: OpenJDK 64-Bit Server VM v19.0.2+7-Ubuntu-0ubuntu322.04
00:32:54.138 INFO  GenotypeGVCFs - Start Date/Time: May 4, 2024 at 12:32:53 AM UTC
00:32:54.138 INFO  GenotypeGVCFs - ------------------------------------------------------------
00:32:54.138 INFO  GenotypeGVCFs - ------------------------------------------------------------
00:32:54.140 INFO  GenotypeGVCFs - HTSJDK Version: 4.1.0
00:32:54.140 INFO  GenotypeGVCFs - Picard Version: 3.1.1
00:32:54.140 INFO  GenotypeGVCFs - Built for Spark Version: 3.5.0
00:32:54.141 INFO  GenotypeGVCFs - HTSJDK Defaults.COMPRESSION_LEVEL : 2
00:32:54.141 INFO  GenotypeGVCFs - HTSJDK Defaults.USE_ASYNC_IO_READ_FOR_SAMTOOLS : false
00:32:54.141 INFO  GenotypeGVCFs - HTSJDK Defaults.USE_ASYNC_IO_WRITE_FOR_SAMTOOLS : true
00:32:54.142 INFO  GenotypeGVCFs - HTSJDK Defaults.USE_ASYNC_IO_WRITE_FOR_TRIBBLE : false
00:32:54.142 INFO  GenotypeGVCFs - Deflater: IntelDeflater
00:32:54.142 INFO  GenotypeGVCFs - Inflater: IntelInflater
00:32:54.142 INFO  GenotypeGVCFs - GCS max retries/reopens: 20
00:32:54.143 INFO  GenotypeGVCFs - Requester pays: disabled
00:32:54.144 INFO  GenotypeGVCFs - Initializing engine
00:32:54.813 INFO  FeatureManager - Using codec VCFCodec to read file file:///export/home/andrew/genome/analysis_onelane/called.chr7.recal.g.vcf.gz
00:32:55.088 INFO  IntervalArgumentCollection - Processing 159345973 bp from intervals
00:32:55.146 INFO  GenotypeGVCFs - Done initializing engine
00:32:55.322 INFO  ProgressMeter - Starting traversal
00:32:55.323 INFO  ProgressMeter -        Current Locus  Elapsed Minutes    Variants Processed  Variants/Minute
00:32:55.575 WARN  ReferenceConfidenceVariantContextMerger - Detected invalid annotations: When trying to merge variant contexts at location chr7:10208 the annotation MLEAC=[0, 0] was not a numerical value and was ignored
00:32:55.699 WARN  InbreedingCoeff - InbreedingCoeff will not be calculated at position chr7:16654 and possibly subsequent; at least 10 samples must have called genotypes
00:33:05.332 INFO  ProgressMeter -         chr7:1628937              0.2                168000        1007194.2
00:33:15.344 INFO  ProgressMeter -         chr7:4395951              0.3                531000        1591408.6
00:33:25.348 INFO  ProgressMeter -         chr7:7400334              0.5                930000        1858513.2
00:33:35.361 INFO  ProgressMeter -        chr7:10039593              0.7               1326000        1987161.9
00:33:45.362 INFO  ProgressMeter -        chr7:13225755              0.8               1737000        2082775.4
00:33:55.380 INFO  ProgressMeter -        chr7:16312441              1.0               2156000        2153953.7
00:34:05.399 INFO  ProgressMeter -        chr7:18977456              1.2               2580000        2209061.7
00:34:15.416 INFO  ProgressMeter -        chr7:21697200              1.3               2999000        2246638.3
00:34:25.434 INFO  ProgressMeter -        chr7:24323472              1.5               3419000        2276525.6
00:34:35.456 INFO  ProgressMeter -        chr7:26975467              1.7               3841000        2301561.9
00:34:45.473 INFO  ProgressMeter -        chr7:29838298              1.8               4261000        2321037.9
00:34:55.475 INFO  ProgressMeter -        chr7:32761144              2.0               4683000        2338537.9
00:35:05.487 INFO  ProgressMeter -        chr7:35653968              2.2               5105000        2353185.2
00:35:15.495 INFO  ProgressMeter -        chr7:38249819              2.3               5528000        2366235.8
00:35:25.503 INFO  ProgressMeter -        chr7:41092333              2.5               5953000        2378346.0
00:35:35.512 INFO  ProgressMeter -        chr7:43932100              2.7               6377000        2388568.4
00:35:45.519 INFO  ProgressMeter -        chr7:46977044              2.8               6800000        2397236.1
00:35:55.540 INFO  ProgressMeter -        chr7:49938290              3.0               7209000        2400106.5
00:36:05.556 INFO  ProgressMeter -        chr7:52953873              3.2               7625000        2404945.5
00:36:15.563 INFO  ProgressMeter -        chr7:56055521              3.3               8037000        2408210.1
00:36:25.563 INFO  ProgressMeter -        chr7:62844525              3.5               8435000        2407248.9
00:36:35.569 INFO  ProgressMeter -        chr7:66464422              3.7               8851000        2411212.9
00:36:45.577 INFO  ProgressMeter -        chr7:69464782              3.8               9252000        2410902.7
00:36:55.581 INFO  ProgressMeter -        chr7:72313791              4.0               9672000        2415403.4
00:37:05.584 INFO  ProgressMeter -        chr7:76378757              4.2              10098000        2421002.2
00:37:15.592 INFO  ProgressMeter -        chr7:79593107              4.3              10517000        2424491.6
00:37:25.611 INFO  ProgressMeter -        chr7:82677693              4.5              10943000        2429186.6
00:37:35.635 INFO  ProgressMeter -        chr7:85598775              4.7              11368000        2433288.6
00:37:45.640 INFO  ProgressMeter -        chr7:88502472              4.8              11793000        2437266.8
00:37:55.658 INFO  ProgressMeter -        chr7:91357606              5.0              12210000        2439276.1
00:38:05.659 INFO  ProgressMeter -        chr7:94347824              5.2              12645000        2444769.5
00:38:15.679 INFO  ProgressMeter -        chr7:97303944              5.3              13072000        2448283.9
00:38:25.698 INFO  ProgressMeter -       chr7:100496236              5.5              13501000        2451941.0
00:38:35.713 INFO  ProgressMeter -       chr7:103429628              5.7              13915000        2452774.8
00:38:45.716 INFO  ProgressMeter -       chr7:106130677              5.8              14333000        2454336.9
00:38:55.724 INFO  ProgressMeter -       chr7:108738658              6.0              14760000        2457262.9
00:39:05.726 INFO  ProgressMeter -       chr7:111699839              6.2              15181000        2459105.4
00:39:15.737 INFO  ProgressMeter -       chr7:114661113              6.3              15610000        2462061.0
00:39:25.754 INFO  ProgressMeter -       chr7:117411774              6.5              16040000        2464968.2
00:39:35.754 INFO  ProgressMeter -       chr7:120368942              6.7              16476000        2468739.9
00:39:45.760 INFO  ProgressMeter -       chr7:123140861              6.8              16903000        2470976.1
00:39:55.782 INFO  ProgressMeter -       chr7:126102681              7.0              17322000        2471870.0
00:40:05.788 INFO  ProgressMeter -       chr7:128817826              7.2              17742000        2472953.7
00:40:15.800 INFO  ProgressMeter -       chr7:131597106              7.3              18165000        2474363.0
00:40:25.808 INFO  ProgressMeter -       chr7:134444477              7.5              18583000        2475065.8
00:40:35.831 INFO  ProgressMeter -       chr7:137176461              7.7              19003000        2475917.9
00:40:45.851 INFO  ProgressMeter -       chr7:140082292              7.8              19427000        2477259.6
00:40:55.874 INFO  ProgressMeter -       chr7:142840551              8.0              19843000        2477536.2
00:41:05.894 INFO  ProgressMeter -       chr7:146388281              8.2              20266000        2478662.6
00:41:15.914 INFO  ProgressMeter -       chr7:149468504              8.3              20685000        2479269.5
00:41:25.922 INFO  ProgressMeter -       chr7:152541144              8.5              21107000        2480268.2
00:41:35.933 INFO  ProgressMeter -       chr7:156048830              8.7              21516000        2479706.5
00:41:45.482 INFO  ProgressMeter -       chr7:159324524              8.8              21906784        2479269.5
00:41:45.482 INFO  ProgressMeter - Traversal complete. Processed 21906784 total variants in 8.8 minutes.
00:41:45.622 INFO  GenotypeGVCFs - Shutting down engine
[May 4, 2024 at 12:41:45 AM UTC] org.broadinstitute.hellbender.tools.walkers.GenotypeGVCFs done. Elapsed time: 8.86 minutes.
Runtime.totalMemory()=654311424
Stage 5: Genotyped chrom
