Using GATK jar /export/approved/gatk-4.5.0.0/gatk-package-4.5.0.0-local.jar
Running:
    java -Dsamjdk.use_async_io_read_samtools=false -Dsamjdk.use_async_io_write_samtools=true -Dsamjdk.use_async_io_write_tribble=false -Dsamjdk.compression_level=2 -Xmx30G -XX:ParallelGCThreads=4 -jar /export/approved/gatk-4.5.0.0/gatk-package-4.5.0.0-local.jar GenotypeGVCFs -R /export/home/andrew/genome/hg38_v0_20231023/Homo_sapiens_assembly38.fasta -L chr15 -V called.chr15.recal.g.vcf.gz -O genotype.chr15.vcf.gz
00:32:53.304 INFO  NativeLibraryLoader - Loading libgkl_compression.so from jar:file:/export/approved/gatk-4.5.0.0/gatk-package-4.5.0.0-local.jar!/com/intel/gkl/native/libgkl_compression.so
00:32:53.523 INFO  GenotypeGVCFs - ------------------------------------------------------------
00:32:53.528 INFO  GenotypeGVCFs - The Genome Analysis Toolkit (GATK) v4.5.0.0
00:32:53.528 INFO  GenotypeGVCFs - For support and documentation go to https://software.broadinstitute.org/gatk/
00:32:53.528 INFO  GenotypeGVCFs - Executing as andrew@compute-0-4 on Linux v5.15.0-102-generic amd64
00:32:53.528 INFO  GenotypeGVCFs - Java runtime: OpenJDK 64-Bit Server VM v19.0.2+7-Ubuntu-0ubuntu322.04
00:32:53.529 INFO  GenotypeGVCFs - Start Date/Time: May 4, 2024 at 12:32:53 AM UTC
00:32:53.529 INFO  GenotypeGVCFs - ------------------------------------------------------------
00:32:53.529 INFO  GenotypeGVCFs - ------------------------------------------------------------
00:32:53.531 INFO  GenotypeGVCFs - HTSJDK Version: 4.1.0
00:32:53.531 INFO  GenotypeGVCFs - Picard Version: 3.1.1
00:32:53.531 INFO  GenotypeGVCFs - Built for Spark Version: 3.5.0
00:32:53.531 INFO  GenotypeGVCFs - HTSJDK Defaults.COMPRESSION_LEVEL : 2
00:32:53.532 INFO  GenotypeGVCFs - HTSJDK Defaults.USE_ASYNC_IO_READ_FOR_SAMTOOLS : false
00:32:53.532 INFO  GenotypeGVCFs - HTSJDK Defaults.USE_ASYNC_IO_WRITE_FOR_SAMTOOLS : true
00:32:53.532 INFO  GenotypeGVCFs - HTSJDK Defaults.USE_ASYNC_IO_WRITE_FOR_TRIBBLE : false
00:32:53.533 INFO  GenotypeGVCFs - Deflater: IntelDeflater
00:32:53.533 INFO  GenotypeGVCFs - Inflater: IntelInflater
00:32:53.533 INFO  GenotypeGVCFs - GCS max retries/reopens: 20
00:32:53.533 INFO  GenotypeGVCFs - Requester pays: disabled
00:32:53.534 INFO  GenotypeGVCFs - Initializing engine
00:32:54.148 INFO  FeatureManager - Using codec VCFCodec to read file file:///export/home/andrew/genome/analysis_onelane/called.chr15.recal.g.vcf.gz
00:32:54.571 INFO  IntervalArgumentCollection - Processing 101991189 bp from intervals
00:32:54.661 INFO  GenotypeGVCFs - Done initializing engine
00:32:54.857 INFO  ProgressMeter - Starting traversal
00:32:54.859 INFO  ProgressMeter -        Current Locus  Elapsed Minutes    Variants Processed  Variants/Minute
00:32:55.666 WARN  ReferenceConfidenceVariantContextMerger - Detected invalid annotations: When trying to merge variant contexts at location chr15:17000753 the annotation MLEAC=[1, 0] was not a numerical value and was ignored
00:32:55.766 WARN  InbreedingCoeff - InbreedingCoeff will not be calculated at position chr15:17000753 and possibly subsequent; at least 10 samples must have called genotypes
00:33:04.868 INFO  ProgressMeter -       chr15:22237442              0.2                119000         713429.3
00:33:14.898 INFO  ProgressMeter -       chr15:25330377              0.3                478000        1431209.1
00:33:24.916 INFO  ProgressMeter -       chr15:28757226              0.5                874000        1744743.1
00:33:34.924 INFO  ProgressMeter -       chr15:32727747              0.7               1299000        1945338.8
00:33:44.928 INFO  ProgressMeter -       chr15:35597978              0.8               1730000        2073139.1
00:33:54.950 INFO  ProgressMeter -       chr15:38449339              1.0               2159000        2155730.5
00:34:04.961 INFO  ProgressMeter -       chr15:41407270              1.2               2596000        2221936.9
00:34:14.980 INFO  ProgressMeter -       chr15:44317302              1.3               3047000        2281827.3
00:34:24.982 INFO  ProgressMeter -       chr15:47503262              1.5               3491000        2324157.0
00:34:34.997 INFO  ProgressMeter -       chr15:50430243              1.7               3936000        2358345.5
00:34:44.998 INFO  ProgressMeter -       chr15:53286790              1.8               4383000        2387710.1
00:34:55.018 INFO  ProgressMeter -       chr15:56214849              2.0               4814000        2403835.0
00:35:05.034 INFO  ProgressMeter -       chr15:59133803              2.2               5253000        2421202.2
00:35:15.038 INFO  ProgressMeter -       chr15:61895985              2.3               5687000        2434173.4
00:35:25.038 INFO  ProgressMeter -       chr15:63841581              2.5               6132000        2449876.5
00:35:35.050 INFO  ProgressMeter -       chr15:65827468              2.7               6576000        2463059.7
00:35:45.050 INFO  ProgressMeter -       chr15:67724429              2.8               7016000        2473456.3
00:35:55.060 INFO  ProgressMeter -       chr15:69726622              3.0               7461000        2484225.9
00:36:05.075 INFO  ProgressMeter -       chr15:71812961              3.2               7906000        2493796.5
00:36:15.077 INFO  ProgressMeter -       chr15:73887813              3.3               8359000        2504969.6
00:36:25.083 INFO  ProgressMeter -       chr15:76003315              3.5               8814000        2515602.4
00:36:35.091 INFO  ProgressMeter -       chr15:77963161              3.7               9263000        2523611.5
00:36:45.094 INFO  ProgressMeter -       chr15:79959666              3.8               9702000        2528373.2
00:36:55.108 INFO  ProgressMeter -       chr15:81927798              4.0              10153000        2535619.3
00:37:05.114 INFO  ProgressMeter -       chr15:84032938              4.2              10601000        2541647.5
00:37:15.124 INFO  ProgressMeter -       chr15:86376526              4.3              11039000        2544867.7
00:37:25.140 INFO  ProgressMeter -       chr15:88556138              4.5              11492000        2551122.7
00:37:35.160 INFO  ProgressMeter -       chr15:90560355              4.7              11939000        2555609.9
00:37:45.167 INFO  ProgressMeter -       chr15:92670666              4.8              12387000        2560117.4
00:37:55.185 INFO  ProgressMeter -       chr15:94733841              5.0              12826000        2562415.5
00:38:05.191 INFO  ProgressMeter -       chr15:96922868              5.2              13293000        2570086.2
00:38:15.205 INFO  ProgressMeter -       chr15:99186092              5.3              13761000        2577400.7
00:38:25.207 INFO  ProgressMeter -      chr15:101464543              5.5              14235000        2585455.3
00:38:27.044 INFO  ProgressMeter -      chr15:101981096              5.5              14323024        2587056.7
00:38:27.044 INFO  ProgressMeter - Traversal complete. Processed 14323024 total variants in 5.5 minutes.
00:38:27.176 INFO  GenotypeGVCFs - Shutting down engine
[May 4, 2024 at 12:38:27 AM UTC] org.broadinstitute.hellbender.tools.walkers.GenotypeGVCFs done. Elapsed time: 5.57 minutes.
Runtime.totalMemory()=788529152
Stage 5: Genotyped chrom
