Using GATK jar /export/approved/gatk-4.5.0.0/gatk-package-4.5.0.0-local.jar
Running:
    java -Dsamjdk.use_async_io_read_samtools=false -Dsamjdk.use_async_io_write_samtools=true -Dsamjdk.use_async_io_write_tribble=false -Dsamjdk.compression_level=2 -Xmx40G -XX:+UseParallelGC -XX:ParallelGCThreads=2 -jar /export/approved/gatk-4.5.0.0/gatk-package-4.5.0.0-local.jar HaplotypeCaller -R /export/home/andrew/genome/hg38_v0_20231023/Homo_sapiens_assembly38.fasta -I APH_subsampled.sorted.final.bam -L chr22 -O called.chr22.recal.g.vcf.gz -G StandardAnnotation -G StandardHCAnnotation -GQB 10 -GQB 20 -GQB 30 -GQB 40 -GQB 50 -GQB 60 -GQB 70 -GQB 80 -GQB 90 --native-pair-hmm-threads 8 -ERC GVCF
09:34:41.331 WARN  GATKAnnotationPluginDescriptor - Redundant enabled annotation group (StandardAnnotation) is enabled for this tool by default
09:34:41.335 WARN  GATKAnnotationPluginDescriptor - Redundant enabled annotation group (StandardHCAnnotation) is enabled for this tool by default
09:34:41.397 INFO  NativeLibraryLoader - Loading libgkl_compression.so from jar:file:/export/approved/gatk-4.5.0.0/gatk-package-4.5.0.0-local.jar!/com/intel/gkl/native/libgkl_compression.so
09:34:41.648 INFO  HaplotypeCaller - ------------------------------------------------------------
09:34:41.653 INFO  HaplotypeCaller - The Genome Analysis Toolkit (GATK) v4.5.0.0
09:34:41.653 INFO  HaplotypeCaller - For support and documentation go to https://software.broadinstitute.org/gatk/
09:34:41.653 INFO  HaplotypeCaller - Executing as andrew@compute-0-11 on Linux v5.15.0-75-generic amd64
09:34:41.653 INFO  HaplotypeCaller - Java runtime: OpenJDK 64-Bit Server VM v19.0.2+7-Ubuntu-0ubuntu322.04
09:34:41.653 INFO  HaplotypeCaller - Start Date/Time: April 29, 2024 at 9:34:41 AM UTC
09:34:41.653 INFO  HaplotypeCaller - ------------------------------------------------------------
09:34:41.653 INFO  HaplotypeCaller - ------------------------------------------------------------
09:34:41.654 INFO  HaplotypeCaller - HTSJDK Version: 4.1.0
09:34:41.655 INFO  HaplotypeCaller - Picard Version: 3.1.1
09:34:41.655 INFO  HaplotypeCaller - Built for Spark Version: 3.5.0
09:34:41.655 INFO  HaplotypeCaller - HTSJDK Defaults.COMPRESSION_LEVEL : 2
09:34:41.655 INFO  HaplotypeCaller - HTSJDK Defaults.USE_ASYNC_IO_READ_FOR_SAMTOOLS : false
09:34:41.655 INFO  HaplotypeCaller - HTSJDK Defaults.USE_ASYNC_IO_WRITE_FOR_SAMTOOLS : true
09:34:41.656 INFO  HaplotypeCaller - HTSJDK Defaults.USE_ASYNC_IO_WRITE_FOR_TRIBBLE : false
09:34:41.656 INFO  HaplotypeCaller - Deflater: IntelDeflater
09:34:41.656 INFO  HaplotypeCaller - Inflater: IntelInflater
09:34:41.656 INFO  HaplotypeCaller - GCS max retries/reopens: 20
09:34:41.656 INFO  HaplotypeCaller - Requester pays: disabled
09:34:41.657 INFO  HaplotypeCaller - Initializing engine
09:34:42.201 INFO  IntervalArgumentCollection - Processing 50818468 bp from intervals
09:34:42.219 INFO  HaplotypeCaller - Done initializing engine
09:34:42.222 INFO  HaplotypeCallerEngine - Tool is in reference confidence mode and the annotation, the following changes will be made to any specified annotations: 'StrandBiasBySample' will be enabled. 'ChromosomeCounts', 'FisherStrand', 'StrandOddsRatio' and 'QualByDepth' annotations have been disabled
09:34:42.350 INFO  NativeLibraryLoader - Loading libgkl_utils.so from jar:file:/export/approved/gatk-4.5.0.0/gatk-package-4.5.0.0-local.jar!/com/intel/gkl/native/libgkl_utils.so
09:34:42.352 INFO  SmithWatermanAligner - AVX accelerated SmithWaterman implementation is not supported, falling back to the Java implementation
09:34:42.356 INFO  HaplotypeCallerEngine - Standard Emitting and Calling confidence set to -0.0 for reference-model confidence output
09:34:42.357 INFO  HaplotypeCallerEngine - All sites annotated with PLs forced to true for reference-model confidence output
09:34:42.369 INFO  NativeLibraryLoader - Loading libgkl_pairhmm_omp.so from jar:file:/export/approved/gatk-4.5.0.0/gatk-package-4.5.0.0-local.jar!/com/intel/gkl/native/libgkl_pairhmm_omp.so
09:34:42.393 INFO  IntelPairHmm - Flush-to-zero (FTZ) is enabled when running PairHMM
09:34:42.394 INFO  IntelPairHmm - Available threads: 10
09:34:42.394 INFO  IntelPairHmm - Requested threads: 8
09:34:42.394 INFO  PairHMM - Using the OpenMP multi-threaded AVX-accelerated native PairHMM implementation
09:34:43.573 INFO  ProgressMeter - Starting traversal
09:34:43.623 INFO  ProgressMeter -        Current Locus  Elapsed Minutes     Regions Processed   Regions/Minute
09:34:53.628 INFO  ProgressMeter -        chr22:8405701              0.2                 28020         168120.0
09:34:57.526 WARN  InbreedingCoeff - InbreedingCoeff will not be calculated at position chr22:10652872 and possibly subsequent; at least 10 samples must have called genotypes
09:35:00.504 WARN  DepthPerSampleHC - Annotation will not be calculated at position chr22:10698301 and possibly subsequent; genotype for sample APH_subsampled is not called
09:35:00.505 WARN  StrandBiasBySample - Annotation will not be calculated at position chr22:10698301 and possibly subsequent; genotype for sample APH_subsampled is not called
09:35:03.897 INFO  ProgressMeter -       chr22:10713079              0.3                 35870         106155.7
09:35:15.656 INFO  ProgressMeter -       chr22:10731618              0.5                 36000          67432.6
09:35:26.745 INFO  ProgressMeter -       chr22:10739517              0.7                 36060          50173.9
09:35:37.287 INFO  ProgressMeter -       chr22:10750633              0.9                 36150          40418.9
09:35:48.445 INFO  ProgressMeter -       chr22:10759355              1.1                 36220          33526.2
09:35:59.656 INFO  ProgressMeter -       chr22:10772073              1.3                 36330          28669.1
09:36:11.655 INFO  ProgressMeter -       chr22:10781697              1.5                 36400          24809.4
09:36:21.658 INFO  ProgressMeter -       chr22:11020891              1.6                 37390          22883.7
09:36:32.026 INFO  ProgressMeter -       chr22:11038985              1.8                 37540          20778.0
09:36:42.963 INFO  ProgressMeter -       chr22:11057504              2.0                 37690          18949.2
09:36:52.994 INFO  ProgressMeter -       chr22:11288504              2.2                 38600          17902.0
09:37:02.999 INFO  ProgressMeter -       chr22:11340237              2.3                 38960          16771.9
09:37:13.164 INFO  ProgressMeter -       chr22:11551407              2.5                 39850          15988.9
09:37:25.423 INFO  ProgressMeter -       chr22:11576392              2.7                 40000          14833.2
09:37:35.424 INFO  ProgressMeter -       chr22:11788126              2.9                 40970          14308.5
09:37:46.438 INFO  ProgressMeter -       chr22:12191834              3.0                 42870          14070.0
09:37:56.716 INFO  ProgressMeter -       chr22:12295031              3.2                 43410          13488.8
09:38:06.739 INFO  ProgressMeter -       chr22:12367304              3.4                 43870          12959.1
09:38:16.864 INFO  ProgressMeter -       chr22:12505571              3.6                 44670          12568.9
09:38:27.170 INFO  ProgressMeter -       chr22:12581772              3.7                 45120          12110.2
09:38:37.241 INFO  ProgressMeter -       chr22:12603816              3.9                 45290          11631.8
09:38:47.548 INFO  ProgressMeter -       chr22:12696176              4.1                 45760          11255.9
09:38:57.550 INFO  ProgressMeter -       chr22:12807064              4.2                 46330          10947.2
09:39:07.561 INFO  ProgressMeter -       chr22:15941097              4.4                 57670          13109.9
09:39:17.670 INFO  ProgressMeter -       chr22:16467697              4.6                 59870          13108.0
09:39:27.672 INFO  ProgressMeter -       chr22:17020793              4.7                 62700          13244.2
09:39:37.681 INFO  ProgressMeter -       chr22:17752629              4.9                 66420          13552.4
09:39:48.173 INFO  ProgressMeter -       chr22:18893947              5.1                 71130          14013.5
09:39:58.183 INFO  ProgressMeter -       chr22:19716293              5.2                 75100          14324.8
09:40:08.190 INFO  ProgressMeter -       chr22:20724181              5.4                 79640          14722.4
09:40:18.193 INFO  ProgressMeter -       chr22:21791302              5.6                 84500          15153.8
09:40:28.206 INFO  ProgressMeter -       chr22:22349436              5.7                 87440          15225.4
09:40:38.366 INFO  ProgressMeter -       chr22:22749068              5.9                 89600          15154.6
09:40:48.368 INFO  ProgressMeter -       chr22:23402526              6.1                 92840          15272.0
09:40:58.628 INFO  ProgressMeter -       chr22:23944047              6.3                 95540          15286.2
09:41:08.634 INFO  ProgressMeter -       chr22:24495662              6.4                 97940          15262.9
09:41:18.666 INFO  ProgressMeter -       chr22:25306734              6.6                101880          15473.8
09:41:28.675 INFO  ProgressMeter -       chr22:26161042              6.8                105840          15678.0
09:41:38.684 INFO  ProgressMeter -       chr22:26976472              6.9                109770          15868.0
09:41:48.693 INFO  ProgressMeter -       chr22:27722919              7.1                113510          16022.3
09:41:58.722 INFO  ProgressMeter -       chr22:29022457              7.3                118890          16394.9
09:42:08.746 INFO  ProgressMeter -       chr22:30074357              7.4                123580          16657.9
09:42:18.748 INFO  ProgressMeter -       chr22:31098626              7.6                128220          16903.5
09:42:28.842 INFO  ProgressMeter -       chr22:32307219              7.8                133240          17184.2
09:42:38.858 INFO  ProgressMeter -       chr22:33181046              7.9                137480          17357.3
09:42:48.860 INFO  ProgressMeter -       chr22:34195668              8.1                142090          17569.6
09:42:58.874 INFO  ProgressMeter -       chr22:34946766              8.3                145860          17671.0
09:43:08.883 INFO  ProgressMeter -       chr22:35789268              8.4                149800          17788.9
09:43:18.894 INFO  ProgressMeter -       chr22:36845759              8.6                154470          17987.0
09:43:28.904 INFO  ProgressMeter -       chr22:37668393              8.8                158480          18102.3
09:43:38.917 INFO  ProgressMeter -       chr22:38706651              8.9                163250          18298.4
09:43:48.935 INFO  ProgressMeter -       chr22:39609758              9.1                167350          18413.3
09:43:58.935 INFO  ProgressMeter -       chr22:40854971              9.3                172580          18646.8
09:44:08.935 INFO  ProgressMeter -       chr22:41970793              9.4                177460          18834.9
09:44:18.955 INFO  ProgressMeter -       chr22:42865726              9.6                181580          18936.5
09:44:28.966 INFO  ProgressMeter -       chr22:43702958              9.8                185600          19024.7
09:44:38.971 INFO  ProgressMeter -       chr22:44474682              9.9                189370          19085.0
09:44:48.988 INFO  ProgressMeter -       chr22:45250050             10.1                193180          19146.8
09:44:58.996 INFO  ProgressMeter -       chr22:46137539             10.3                197260          19233.2
09:45:09.019 INFO  ProgressMeter -       chr22:46817459             10.4                200660          19251.2
09:45:19.045 INFO  ProgressMeter -       chr22:47589081             10.6                204460          19306.2
09:45:29.178 INFO  ProgressMeter -       chr22:48371949             10.8                208290          19359.2
09:45:39.180 INFO  ProgressMeter -       chr22:48845976             10.9                210880          19300.8
09:45:49.203 INFO  ProgressMeter -       chr22:49278177             11.1                213400          19237.4
09:45:59.207 INFO  ProgressMeter -       chr22:50007238             11.3                217020          19274.0
09:46:09.215 INFO  ProgressMeter -       chr22:50747458             11.4                220800          19323.4
09:46:09.734 INFO  HaplotypeCaller - 60818 read(s) filtered by: MappingQualityReadFilter 
0 read(s) filtered by: MappingQualityAvailableReadFilter 
0 read(s) filtered by: MappedReadFilter 
0 read(s) filtered by: NotSecondaryAlignmentReadFilter 
11 read(s) filtered by: NotDuplicateReadFilter 
0 read(s) filtered by: PassesVendorQualityCheckReadFilter 
0 read(s) filtered by: NonZeroReferenceLengthAlignmentReadFilter 
0 read(s) filtered by: GoodCigarReadFilter 
0 read(s) filtered by: WellformedReadFilter 
60829 total reads filtered out of 857472 reads processed
09:46:09.831 INFO  ProgressMeter -       chr22:50816734             11.4                221095          19331.9
09:46:09.832 INFO  ProgressMeter - Traversal complete. Processed 221095 total regions in 11.4 minutes.
09:46:10.006 INFO  VectorLoglessPairHMM - Time spent in setup for JNI call : 0.131566566
09:46:10.007 INFO  PairHMM - Total compute time in PairHMM computeLogLikelihoods() : 11.99100506
09:46:10.007 INFO  SmithWatermanAligner - Total compute time in java Smith-Waterman : 260.92 sec
09:46:10.008 INFO  HaplotypeCaller - Shutting down engine
[April 29, 2024 at 9:46:10 AM UTC] org.broadinstitute.hellbender.tools.walkers.haplotypecaller.HaplotypeCaller done. Elapsed time: 11.48 minutes.
Runtime.totalMemory()=4114612224
Stage 4: Completed chrom chr22
