Using GATK jar /export/approved/gatk-4.5.0.0/gatk-package-4.5.0.0-local.jar
Running:
    java -Dsamjdk.use_async_io_read_samtools=false -Dsamjdk.use_async_io_write_samtools=true -Dsamjdk.use_async_io_write_tribble=false -Dsamjdk.compression_level=2 -Xmx30G -XX:ParallelGCThreads=4 -jar /export/approved/gatk-4.5.0.0/gatk-package-4.5.0.0-local.jar GenotypeGVCFs -R /export/home/andrew/genome/hg38_v0_20231023/Homo_sapiens_assembly38.fasta -L chr16 -V called.chr16.recal.g.vcf.gz -O genotype.chr16.vcf.gz
03:33:40.279 INFO  NativeLibraryLoader - Loading libgkl_compression.so from jar:file:/export/approved/gatk-4.5.0.0/gatk-package-4.5.0.0-local.jar!/com/intel/gkl/native/libgkl_compression.so
03:34:09.909 INFO  GenotypeGVCFs - ------------------------------------------------------------
03:34:09.914 INFO  GenotypeGVCFs - The Genome Analysis Toolkit (GATK) v4.5.0.0
03:34:09.914 INFO  GenotypeGVCFs - For support and documentation go to https://software.broadinstitute.org/gatk/
03:34:09.914 INFO  GenotypeGVCFs - Executing as andrew@compute-0-11 on Linux v5.15.0-75-generic amd64
03:34:09.915 INFO  GenotypeGVCFs - Java runtime: OpenJDK 64-Bit Server VM v19.0.2+7-Ubuntu-0ubuntu322.04
03:34:09.915 INFO  GenotypeGVCFs - Start Date/Time: May 2, 2024 at 3:33:40 AM UTC
03:34:09.915 INFO  GenotypeGVCFs - ------------------------------------------------------------
03:34:09.915 INFO  GenotypeGVCFs - ------------------------------------------------------------
03:34:09.917 INFO  GenotypeGVCFs - HTSJDK Version: 4.1.0
03:34:09.917 INFO  GenotypeGVCFs - Picard Version: 3.1.1
03:34:09.917 INFO  GenotypeGVCFs - Built for Spark Version: 3.5.0
03:34:09.918 INFO  GenotypeGVCFs - HTSJDK Defaults.COMPRESSION_LEVEL : 2
03:34:09.918 INFO  GenotypeGVCFs - HTSJDK Defaults.USE_ASYNC_IO_READ_FOR_SAMTOOLS : false
03:34:09.918 INFO  GenotypeGVCFs - HTSJDK Defaults.USE_ASYNC_IO_WRITE_FOR_SAMTOOLS : true
03:34:09.919 INFO  GenotypeGVCFs - HTSJDK Defaults.USE_ASYNC_IO_WRITE_FOR_TRIBBLE : false
03:34:09.919 INFO  GenotypeGVCFs - Deflater: IntelDeflater
03:34:09.919 INFO  GenotypeGVCFs - Inflater: IntelInflater
03:34:09.920 INFO  GenotypeGVCFs - GCS max retries/reopens: 20
03:34:09.920 INFO  GenotypeGVCFs - Requester pays: disabled
03:34:09.921 INFO  GenotypeGVCFs - Initializing engine
03:34:17.776 INFO  FeatureManager - Using codec VCFCodec to read file file:///data3/andrew/genomes/analysis/APH_subsampled/called.chr16.recal.g.vcf.gz
03:34:22.208 INFO  IntervalArgumentCollection - Processing 90338345 bp from intervals
03:34:22.292 INFO  GenotypeGVCFs - Done initializing engine
03:34:26.692 INFO  ProgressMeter - Starting traversal
03:34:26.693 INFO  ProgressMeter -        Current Locus  Elapsed Minutes    Variants Processed  Variants/Minute
03:34:28.000 WARN  ReferenceConfidenceVariantContextMerger - Detected invalid annotations: When trying to merge variant contexts at location chr16:10291 the annotation MLEAC=[2, 0] was not a numerical value and was ignored
03:34:34.382 WARN  InbreedingCoeff - InbreedingCoeff will not be calculated at position chr16:10291 and possibly subsequent; at least 10 samples must have called genotypes
03:34:36.766 INFO  ProgressMeter -         chr16:143231              0.2                  3000          17871.3
03:34:47.659 INFO  ProgressMeter -        chr16:2044451              0.3                 45000         128779.9
03:34:58.544 INFO  ProgressMeter -        chr16:5050947              0.5                109000         205331.1
03:35:08.768 INFO  ProgressMeter -        chr16:8022377              0.7                176000         250986.4
03:35:19.846 INFO  ProgressMeter -       chr16:12028611              0.9                264000         298007.6
03:35:30.017 INFO  ProgressMeter -       chr16:17959767              1.1                379000         359105.6
03:35:40.584 INFO  ProgressMeter -       chr16:24160188              1.2                496000         402755.4
03:35:50.636 INFO  ProgressMeter -       chr16:30036687              1.4                608000         434580.6
03:36:05.861 INFO  ProgressMeter -       chr16:46382361              1.7                705000         426548.9
03:36:16.516 INFO  ProgressMeter -       chr16:51386786              1.8                808000         441437.6
03:36:27.158 INFO  ProgressMeter -       chr16:56402518              2.0                916000         456232.1
03:36:37.946 INFO  ProgressMeter -       chr16:61404728              2.2               1021000         466732.2
03:36:48.092 INFO  ProgressMeter -       chr16:67444589              2.4               1144000         485434.8
03:36:58.572 INFO  ProgressMeter -       chr16:73416278              2.5               1263000         498949.8
03:37:08.625 INFO  ProgressMeter -       chr16:77447540              2.7               1349000         499839.4
03:37:18.660 INFO  ProgressMeter -       chr16:82828531              2.9               1473000         513935.8
03:37:28.676 INFO  ProgressMeter -       chr16:88472862              3.0               1601000         527851.5
03:37:30.714 INFO  ProgressMeter -       chr16:90167747              3.1               1638726         534306.2
03:37:30.714 INFO  ProgressMeter - Traversal complete. Processed 1638726 total variants in 3.1 minutes.
03:37:42.685 INFO  GenotypeGVCFs - Shutting down engine
[May 2, 2024 at 3:37:44 AM UTC] org.broadinstitute.hellbender.tools.walkers.GenotypeGVCFs done. Elapsed time: 4.07 minutes.
Runtime.totalMemory()=469762048
Stage 5: Genotyped chrom
