May 04, 2024 12:45:10 AM com.intel.gkl.NativeLibraryLoader load
INFO: Loading libgkl_compression.so from jar:file:/export/unstable/picard-3.1.0/picard.jar!/com/intel/gkl/native/libgkl_compression.so
[Sat May 04 00:45:11 UTC 2024] GatherVcfs --INPUT genotype.chr1.vcf.gz --INPUT genotype.chr2.vcf.gz --INPUT genotype.chr3.vcf.gz --INPUT genotype.chr4.vcf.gz --INPUT genotype.chr5.vcf.gz --INPUT genotype.chr6.vcf.gz --INPUT genotype.chr7.vcf.gz --INPUT genotype.chr8.vcf.gz --INPUT genotype.chr9.vcf.gz --INPUT genotype.chr10.vcf.gz --INPUT genotype.chr11.vcf.gz --INPUT genotype.chr12.vcf.gz --INPUT genotype.chr13.vcf.gz --INPUT genotype.chr14.vcf.gz --INPUT genotype.chr15.vcf.gz --INPUT genotype.chr16.vcf.gz --INPUT genotype.chr17.vcf.gz --INPUT genotype.chr18.vcf.gz --INPUT genotype.chr19.vcf.gz --INPUT genotype.chr20.vcf.gz --INPUT genotype.chr21.vcf.gz --INPUT genotype.chr22.vcf.gz --OUTPUT genotype.raw.vcf.gz --REORDER_INPUT_BY_FIRST_VARIANT false --VERBOSITY INFO --QUIET false --VALIDATION_STRINGENCY STRICT --COMPRESSION_LEVEL 5 --MAX_RECORDS_IN_RAM 500000 --CREATE_INDEX true --CREATE_MD5_FILE false --help false --version false --showHidden false --USE_JDK_DEFLATER false --USE_JDK_INFLATER false
[Sat May 04 00:45:11 UTC 2024] Executing as andrew@compute-0-2 on Linux 5.15.0-102-generic amd64; OpenJDK 64-Bit Server VM 19.0.2+7-Ubuntu-0ubuntu322.04; Deflater: Intel; Inflater: Intel; Provider GCS is available; Picard version: Version:3.1.0
INFO	2024-05-04 00:45:11	GatherVcfs	Checking inputs.
INFO	2024-05-04 00:45:11	GatherVcfs	Checking file headers and first records to ensure compatibility.
INFO	2024-05-04 00:45:13	GatherVcfs	Gathering by copying gzip blocks. Will not be able to validate position non-overlap of files.
WARNING	2024-05-04 00:45:13	GatherVcfs	Index creation not currently supported when gathering block compressed VCFs.
INFO	2024-05-04 00:45:13	GatherVcfs	Gathering /export/home/andrew/genome/analysis_onelane/genotype.chr1.vcf.gz
INFO	2024-05-04 00:45:13	GatherVcfs	Gathering /export/home/andrew/genome/analysis_onelane/genotype.chr2.vcf.gz
INFO	2024-05-04 00:45:14	GatherVcfs	Gathering /export/home/andrew/genome/analysis_onelane/genotype.chr3.vcf.gz
INFO	2024-05-04 00:45:14	GatherVcfs	Gathering /export/home/andrew/genome/analysis_onelane/genotype.chr4.vcf.gz
INFO	2024-05-04 00:45:14	GatherVcfs	Gathering /export/home/andrew/genome/analysis_onelane/genotype.chr5.vcf.gz
INFO	2024-05-04 00:45:14	GatherVcfs	Gathering /export/home/andrew/genome/analysis_onelane/genotype.chr6.vcf.gz
INFO	2024-05-04 00:45:14	GatherVcfs	Gathering /export/home/andrew/genome/analysis_onelane/genotype.chr7.vcf.gz
INFO	2024-05-04 00:45:14	GatherVcfs	Gathering /export/home/andrew/genome/analysis_onelane/genotype.chr8.vcf.gz
INFO	2024-05-04 00:45:14	GatherVcfs	Gathering /export/home/andrew/genome/analysis_onelane/genotype.chr9.vcf.gz
INFO	2024-05-04 00:45:14	GatherVcfs	Gathering /export/home/andrew/genome/analysis_onelane/genotype.chr10.vcf.gz
INFO	2024-05-04 00:45:14	GatherVcfs	Gathering /export/home/andrew/genome/analysis_onelane/genotype.chr11.vcf.gz
INFO	2024-05-04 00:45:14	GatherVcfs	Gathering /export/home/andrew/genome/analysis_onelane/genotype.chr12.vcf.gz
INFO	2024-05-04 00:45:14	GatherVcfs	Gathering /export/home/andrew/genome/analysis_onelane/genotype.chr13.vcf.gz
INFO	2024-05-04 00:45:14	GatherVcfs	Gathering /export/home/andrew/genome/analysis_onelane/genotype.chr14.vcf.gz
INFO	2024-05-04 00:45:14	GatherVcfs	Gathering /export/home/andrew/genome/analysis_onelane/genotype.chr15.vcf.gz
INFO	2024-05-04 00:45:14	GatherVcfs	Gathering /export/home/andrew/genome/analysis_onelane/genotype.chr16.vcf.gz
INFO	2024-05-04 00:45:14	GatherVcfs	Gathering /export/home/andrew/genome/analysis_onelane/genotype.chr17.vcf.gz
INFO	2024-05-04 00:45:14	GatherVcfs	Gathering /export/home/andrew/genome/analysis_onelane/genotype.chr18.vcf.gz
INFO	2024-05-04 00:45:14	GatherVcfs	Gathering /export/home/andrew/genome/analysis_onelane/genotype.chr19.vcf.gz
INFO	2024-05-04 00:45:14	GatherVcfs	Gathering /export/home/andrew/genome/analysis_onelane/genotype.chr20.vcf.gz
INFO	2024-05-04 00:45:14	GatherVcfs	Gathering /export/home/andrew/genome/analysis_onelane/genotype.chr21.vcf.gz
INFO	2024-05-04 00:45:14	GatherVcfs	Gathering /export/home/andrew/genome/analysis_onelane/genotype.chr22.vcf.gz
[Sat May 04 00:45:15 UTC 2024] picard.vcf.GatherVcfs done. Elapsed time: 0.08 minutes.
Runtime.totalMemory()=1610612736
Stage 6: Collected VCFs
