Using GATK jar /export/approved/gatk-4.5.0.0/gatk-package-4.5.0.0-local.jar
Running:
    java -Dsamjdk.use_async_io_read_samtools=false -Dsamjdk.use_async_io_write_samtools=true -Dsamjdk.use_async_io_write_tribble=false -Dsamjdk.compression_level=2 -Xmx30G -XX:ParallelGCThreads=4 -jar /export/approved/gatk-4.5.0.0/gatk-package-4.5.0.0-local.jar GenotypeGVCFs -R /export/home/andrew/genome/hg38_v0_20231023/Homo_sapiens_assembly38.fasta -L chr14 -V called.chr14.recal.g.vcf.gz -O genotype.chr14.vcf.gz
00:32:53.184 INFO  NativeLibraryLoader - Loading libgkl_compression.so from jar:file:/export/approved/gatk-4.5.0.0/gatk-package-4.5.0.0-local.jar!/com/intel/gkl/native/libgkl_compression.so
00:32:53.505 INFO  GenotypeGVCFs - ------------------------------------------------------------
00:32:53.511 INFO  GenotypeGVCFs - The Genome Analysis Toolkit (GATK) v4.5.0.0
00:32:53.511 INFO  GenotypeGVCFs - For support and documentation go to https://software.broadinstitute.org/gatk/
00:32:53.512 INFO  GenotypeGVCFs - Executing as andrew@compute-0-4 on Linux v5.15.0-102-generic amd64
00:32:53.512 INFO  GenotypeGVCFs - Java runtime: OpenJDK 64-Bit Server VM v19.0.2+7-Ubuntu-0ubuntu322.04
00:32:53.512 INFO  GenotypeGVCFs - Start Date/Time: May 4, 2024 at 12:32:53 AM UTC
00:32:53.512 INFO  GenotypeGVCFs - ------------------------------------------------------------
00:32:53.513 INFO  GenotypeGVCFs - ------------------------------------------------------------
00:32:53.514 INFO  GenotypeGVCFs - HTSJDK Version: 4.1.0
00:32:53.514 INFO  GenotypeGVCFs - Picard Version: 3.1.1
00:32:53.515 INFO  GenotypeGVCFs - Built for Spark Version: 3.5.0
00:32:53.515 INFO  GenotypeGVCFs - HTSJDK Defaults.COMPRESSION_LEVEL : 2
00:32:53.515 INFO  GenotypeGVCFs - HTSJDK Defaults.USE_ASYNC_IO_READ_FOR_SAMTOOLS : false
00:32:53.516 INFO  GenotypeGVCFs - HTSJDK Defaults.USE_ASYNC_IO_WRITE_FOR_SAMTOOLS : true
00:32:53.516 INFO  GenotypeGVCFs - HTSJDK Defaults.USE_ASYNC_IO_WRITE_FOR_TRIBBLE : false
00:32:53.516 INFO  GenotypeGVCFs - Deflater: IntelDeflater
00:32:53.516 INFO  GenotypeGVCFs - Inflater: IntelInflater
00:32:53.517 INFO  GenotypeGVCFs - GCS max retries/reopens: 20
00:32:53.517 INFO  GenotypeGVCFs - Requester pays: disabled
00:32:53.518 INFO  GenotypeGVCFs - Initializing engine
00:32:54.201 INFO  FeatureManager - Using codec VCFCodec to read file file:///export/home/andrew/genome/analysis_onelane/called.chr14.recal.g.vcf.gz
00:32:54.565 INFO  IntervalArgumentCollection - Processing 107043718 bp from intervals
00:32:54.660 INFO  GenotypeGVCFs - Done initializing engine
00:32:54.886 INFO  ProgressMeter - Starting traversal
00:32:54.888 INFO  ProgressMeter -        Current Locus  Elapsed Minutes    Variants Processed  Variants/Minute
00:32:55.703 WARN  ReferenceConfidenceVariantContextMerger - Detected invalid annotations: When trying to merge variant contexts at location chr14:16030590 the annotation MLEAC=[1, 0] was not a numerical value and was ignored
00:32:55.791 WARN  InbreedingCoeff - InbreedingCoeff will not be calculated at position chr14:16030590 and possibly subsequent; at least 10 samples must have called genotypes
00:33:04.908 INFO  ProgressMeter -       chr14:19992245              0.2                121000         724623.2
00:33:14.910 INFO  ProgressMeter -       chr14:22389817              0.3                492000        1474378.2
00:33:24.925 INFO  ProgressMeter -       chr14:25163738              0.5                910000        1817758.1
00:33:34.942 INFO  ProgressMeter -       chr14:28405990              0.7               1337000        2002796.2
00:33:44.953 INFO  ProgressMeter -       chr14:31424347              0.8               1784000        2138020.6
00:33:54.962 INFO  ProgressMeter -       chr14:34528351              1.0               2219000        2216266.6
00:34:04.976 INFO  ProgressMeter -       chr14:37555006              1.2               2659000        2276281.2
00:34:14.995 INFO  ProgressMeter -       chr14:40673648              1.3               3095000        2318149.5
00:34:24.999 INFO  ProgressMeter -       chr14:44053089              1.5               3531000        2351126.4
00:34:35.010 INFO  ProgressMeter -       chr14:47300301              1.7               3970000        2379097.5
00:34:45.012 INFO  ProgressMeter -       chr14:50342030              1.8               4407000        2401111.5
00:34:55.015 INFO  ProgressMeter -       chr14:52993604              2.0               4840000        2417441.5
00:35:05.026 INFO  ProgressMeter -       chr14:55788431              2.2               5281000        2434800.0
00:35:15.042 INFO  ProgressMeter -       chr14:58912356              2.3               5722000        2449591.2
00:35:25.046 INFO  ProgressMeter -       chr14:61669128              2.5               6160000        2461423.7
00:35:35.065 INFO  ProgressMeter -       chr14:64348420              2.7               6605000        2474138.0
00:35:45.085 INFO  ProgressMeter -       chr14:67332239              2.8               7065000        2490643.2
00:35:55.088 INFO  ProgressMeter -       chr14:70049046              3.0               7513000        2501553.8
00:36:05.097 INFO  ProgressMeter -       chr14:72731439              3.2               7950000        2507767.8
00:36:15.103 INFO  ProgressMeter -       chr14:75575738              3.3               8395000        2515808.1
00:36:25.117 INFO  ProgressMeter -       chr14:78356923              3.5               8829000        2519823.6
00:36:35.125 INFO  ProgressMeter -       chr14:81467213              3.7               9266000        2524371.5
00:36:45.126 INFO  ProgressMeter -       chr14:84659229              3.8               9709000        2530164.4
00:36:55.146 INFO  ProgressMeter -       chr14:87868536              4.0              10145000        2533526.5
00:37:05.160 INFO  ProgressMeter -       chr14:90945924              4.2              10588000        2538358.3
00:37:15.181 INFO  ProgressMeter -       chr14:93698498              4.3              11027000        2541837.6
00:37:25.193 INFO  ProgressMeter -       chr14:96679720              4.5              11458000        2543349.2
00:37:35.210 INFO  ProgressMeter -       chr14:99737681              4.7              11893000        2545572.6
00:37:45.226 INFO  ProgressMeter -      chr14:103026322              4.8              12340000        2550131.2
00:37:55.233 INFO  ProgressMeter -      chr14:106879507              5.0              12758000        2548669.0
00:37:55.241 INFO  ProgressMeter -      chr14:106879507              5.0              12758331        2548667.3
00:37:55.241 INFO  ProgressMeter - Traversal complete. Processed 12758331 total variants in 5.0 minutes.
00:37:55.279 INFO  GenotypeGVCFs - Shutting down engine
[May 4, 2024 at 12:37:55 AM UTC] org.broadinstitute.hellbender.tools.walkers.GenotypeGVCFs done. Elapsed time: 5.04 minutes.
Runtime.totalMemory()=654311424
Stage 5: Genotyped chrom
