Using GATK jar /export/approved/gatk-4.5.0.0/gatk-package-4.5.0.0-local.jar
Running:
    java -Dsamjdk.use_async_io_read_samtools=false -Dsamjdk.use_async_io_write_samtools=true -Dsamjdk.use_async_io_write_tribble=false -Dsamjdk.compression_level=2 -Xmx30G -XX:ParallelGCThreads=4 -jar /export/approved/gatk-4.5.0.0/gatk-package-4.5.0.0-local.jar GenotypeGVCFs -R /export/home/andrew/genome/hg38_v0_20231023/Homo_sapiens_assembly38.fasta -L chr17 -V called.chr17.recal.g.vcf.gz -O genotype.chr17.vcf.gz
00:32:53.002 INFO  NativeLibraryLoader - Loading libgkl_compression.so from jar:file:/export/approved/gatk-4.5.0.0/gatk-package-4.5.0.0-local.jar!/com/intel/gkl/native/libgkl_compression.so
00:32:53.324 INFO  GenotypeGVCFs - ------------------------------------------------------------
00:32:53.328 INFO  GenotypeGVCFs - The Genome Analysis Toolkit (GATK) v4.5.0.0
00:32:53.329 INFO  GenotypeGVCFs - For support and documentation go to https://software.broadinstitute.org/gatk/
00:32:53.329 INFO  GenotypeGVCFs - Executing as andrew@compute-0-5 on Linux v5.15.0-75-generic amd64
00:32:53.329 INFO  GenotypeGVCFs - Java runtime: OpenJDK 64-Bit Server VM v19.0.2+7-Ubuntu-0ubuntu322.04
00:32:53.330 INFO  GenotypeGVCFs - Start Date/Time: May 4, 2024 at 12:32:52 AM UTC
00:32:53.330 INFO  GenotypeGVCFs - ------------------------------------------------------------
00:32:53.330 INFO  GenotypeGVCFs - ------------------------------------------------------------
00:32:53.331 INFO  GenotypeGVCFs - HTSJDK Version: 4.1.0
00:32:53.332 INFO  GenotypeGVCFs - Picard Version: 3.1.1
00:32:53.332 INFO  GenotypeGVCFs - Built for Spark Version: 3.5.0
00:32:53.332 INFO  GenotypeGVCFs - HTSJDK Defaults.COMPRESSION_LEVEL : 2
00:32:53.332 INFO  GenotypeGVCFs - HTSJDK Defaults.USE_ASYNC_IO_READ_FOR_SAMTOOLS : false
00:32:53.333 INFO  GenotypeGVCFs - HTSJDK Defaults.USE_ASYNC_IO_WRITE_FOR_SAMTOOLS : true
00:32:53.333 INFO  GenotypeGVCFs - HTSJDK Defaults.USE_ASYNC_IO_WRITE_FOR_TRIBBLE : false
00:32:53.333 INFO  GenotypeGVCFs - Deflater: IntelDeflater
00:32:53.334 INFO  GenotypeGVCFs - Inflater: IntelInflater
00:32:53.334 INFO  GenotypeGVCFs - GCS max retries/reopens: 20
00:32:53.334 INFO  GenotypeGVCFs - Requester pays: disabled
00:32:53.335 INFO  GenotypeGVCFs - Initializing engine
00:32:53.871 INFO  FeatureManager - Using codec VCFCodec to read file file:///export/home/andrew/genome/analysis_onelane/called.chr17.recal.g.vcf.gz
00:32:54.117 INFO  IntervalArgumentCollection - Processing 83257441 bp from intervals
00:32:54.186 INFO  GenotypeGVCFs - Done initializing engine
00:32:54.369 INFO  ProgressMeter - Starting traversal
00:32:54.370 INFO  ProgressMeter -        Current Locus  Elapsed Minutes    Variants Processed  Variants/Minute
00:32:54.533 WARN  ReferenceConfidenceVariantContextMerger - Detected invalid annotations: When trying to merge variant contexts at location chr17:117366 the annotation MLEAC=[0, 0] was not a numerical value and was ignored
00:32:54.733 WARN  InbreedingCoeff - InbreedingCoeff will not be calculated at position chr17:118325 and possibly subsequent; at least 10 samples must have called genotypes
00:33:04.384 INFO  ProgressMeter -        chr17:1643089              0.2                180000        1078597.8
00:33:14.391 INFO  ProgressMeter -        chr17:4388435              0.3                563000        1687228.4
00:33:24.401 INFO  ProgressMeter -        chr17:7360026              0.5                973000        1943991.2
00:33:34.419 INFO  ProgressMeter -       chr17:10219267              0.7               1395000        2089939.8
00:33:44.436 INFO  ProgressMeter -       chr17:13362043              0.8               1827000        2189509.8
00:33:54.451 INFO  ProgressMeter -       chr17:16494148              1.0               2268000        2264942.3
00:34:04.463 INFO  ProgressMeter -       chr17:19875718              1.2               2718000        2326623.2
00:34:14.489 INFO  ProgressMeter -       chr17:24421424              1.3               3134000        2347008.8
00:34:24.490 INFO  ProgressMeter -       chr17:29322407              1.5               3565000        2373502.0
00:34:34.499 INFO  ProgressMeter -       chr17:32292120              1.7               4023000        2410690.2
00:34:44.499 INFO  ProgressMeter -       chr17:35117780              1.8               4466000        2433146.6
00:34:54.509 INFO  ProgressMeter -       chr17:38704801              2.0               4919000        2456674.8
00:35:04.514 INFO  ProgressMeter -       chr17:41768601              2.2               5363000        2472511.0
00:35:14.527 INFO  ProgressMeter -       chr17:44798476              2.3               5814000        2488923.1
00:35:24.549 INFO  ProgressMeter -       chr17:48086594              2.5               6265000        2503029.7
00:35:34.557 INFO  ProgressMeter -       chr17:50921780              2.7               6714000        2514810.8
00:35:44.567 INFO  ProgressMeter -       chr17:54159658              2.8               7154000        2522018.6
00:35:54.575 INFO  ProgressMeter -       chr17:57139472              3.0               7603000        2531450.3
00:36:04.586 INFO  ProgressMeter -       chr17:60155415              3.2               8058000        2541742.0
00:36:14.598 INFO  ProgressMeter -       chr17:63299626              3.3               8516000        2551890.8
00:36:24.612 INFO  ProgressMeter -       chr17:66397447              3.5               8977000        2561917.0
00:36:34.631 INFO  ProgressMeter -       chr17:69549863              3.7               9442000        2572039.5
00:36:44.651 INFO  ProgressMeter -       chr17:72791672              3.8               9903000        2580238.9
00:36:54.667 INFO  ProgressMeter -       chr17:75949361              4.0              10359000        2586559.9
00:37:04.669 INFO  ProgressMeter -       chr17:79234063              4.2              10816000        2592739.1
00:37:14.654 INFO  ProgressMeter -       chr17:83229785              4.3              11285411        2601484.0
00:37:14.655 INFO  ProgressMeter - Traversal complete. Processed 11285411 total variants in 4.3 minutes.
00:37:14.698 INFO  GenotypeGVCFs - Shutting down engine
[May 4, 2024 at 12:37:14 AM UTC] org.broadinstitute.hellbender.tools.walkers.GenotypeGVCFs done. Elapsed time: 4.36 minutes.
Runtime.totalMemory()=654311424
Stage 5: Genotyped chrom
