Stage 2: Starting BQSR for 72210953309787_subsample.sorted.dedupe.bam
Using GATK jar /export/approved/gatk-4.5.0.0/gatk-package-4.5.0.0-local.jar
Running:
    java -Dsamjdk.use_async_io_read_samtools=false -Dsamjdk.use_async_io_write_samtools=true -Dsamjdk.use_async_io_write_tribble=false -Dsamjdk.compression_level=2 -Xmx20G -XX:+UseParallelGC -XX:ParallelGCThreads=10 -jar /export/approved/gatk-4.5.0.0/gatk-package-4.5.0.0-local.jar BaseRecalibrator -L /export/home/andrew/genome/hg38_v0_20231023/wgs_coverage_regions.hg38.interval_list -R /export/home/andrew/genome/hg38_v0_20231023/Homo_sapiens_assembly38.fasta -I 72210953309787_subsample.sorted.dedupe.bam --known-sites /export/home/andrew/genome/hg38_v0_20231023/Homo_sapiens_assembly38.dbsnp138.vcf --known-sites /export/home/andrew/genome/hg38_v0_20231023/Homo_sapiens_assembly38.known_indels.vcf.gz --known-sites /export/home/andrew/genome/hg38_v0_20231023/Mills_and_1000G_gold_standard.indels.hg38.vcf.gz -O 72210953309787_subsample.sorted.dedupe.recal_data.table
10:11:49.513 INFO  NativeLibraryLoader - Loading libgkl_compression.so from jar:file:/export/approved/gatk-4.5.0.0/gatk-package-4.5.0.0-local.jar!/com/intel/gkl/native/libgkl_compression.so
10:11:50.096 INFO  BaseRecalibrator - ------------------------------------------------------------
10:11:50.103 INFO  BaseRecalibrator - The Genome Analysis Toolkit (GATK) v4.5.0.0
10:11:50.104 INFO  BaseRecalibrator - For support and documentation go to https://software.broadinstitute.org/gatk/
10:11:50.104 INFO  BaseRecalibrator - Executing as andrew@compute-0-8 on Linux v5.15.0-75-generic amd64
10:11:50.104 INFO  BaseRecalibrator - Java runtime: OpenJDK 64-Bit Server VM v19.0.2+7-Ubuntu-0ubuntu322.04
10:11:50.105 INFO  BaseRecalibrator - Start Date/Time: April 26, 2024 at 10:11:49 AM UTC
10:11:50.105 INFO  BaseRecalibrator - ------------------------------------------------------------
10:11:50.105 INFO  BaseRecalibrator - ------------------------------------------------------------
10:11:50.106 INFO  BaseRecalibrator - HTSJDK Version: 4.1.0
10:11:50.106 INFO  BaseRecalibrator - Picard Version: 3.1.1
10:11:50.107 INFO  BaseRecalibrator - Built for Spark Version: 3.5.0
10:11:50.107 INFO  BaseRecalibrator - HTSJDK Defaults.COMPRESSION_LEVEL : 2
10:11:50.107 INFO  BaseRecalibrator - HTSJDK Defaults.USE_ASYNC_IO_READ_FOR_SAMTOOLS : false
10:11:50.107 INFO  BaseRecalibrator - HTSJDK Defaults.USE_ASYNC_IO_WRITE_FOR_SAMTOOLS : true
10:11:50.108 INFO  BaseRecalibrator - HTSJDK Defaults.USE_ASYNC_IO_WRITE_FOR_TRIBBLE : false
10:11:50.108 INFO  BaseRecalibrator - Deflater: IntelDeflater
10:11:50.108 INFO  BaseRecalibrator - Inflater: IntelInflater
10:11:50.108 INFO  BaseRecalibrator - GCS max retries/reopens: 20
10:11:50.109 INFO  BaseRecalibrator - Requester pays: disabled
10:11:50.110 INFO  BaseRecalibrator - Initializing engine
10:11:51.065 INFO  FeatureManager - Using codec VCFCodec to read file file:///export/home/andrew/genome/hg38_v0_20231023/Homo_sapiens_assembly38.dbsnp138.vcf
10:11:51.536 INFO  FeatureManager - Using codec VCFCodec to read file file:///export/home/andrew/genome/hg38_v0_20231023/Homo_sapiens_assembly38.known_indels.vcf.gz
10:11:51.829 INFO  FeatureManager - Using codec VCFCodec to read file file:///export/home/andrew/genome/hg38_v0_20231023/Mills_and_1000G_gold_standard.indels.hg38.vcf.gz
10:11:52.040 INFO  FeatureManager - Using codec IntervalListCodec to read file file:///export/home/andrew/genome/hg38_v0_20231023/wgs_coverage_regions.hg38.interval_list
10:11:52.117 INFO  IntervalArgumentCollection - Processing 2875001522 bp from intervals
10:11:52.269 INFO  BaseRecalibrator - Done initializing engine
10:11:52.277 INFO  BaseRecalibrationEngine - The covariates being used here: 
10:11:52.278 INFO  BaseRecalibrationEngine - 	ReadGroupCovariate
10:11:52.278 INFO  BaseRecalibrationEngine - 	QualityScoreCovariate
10:11:52.278 INFO  BaseRecalibrationEngine - 	ContextCovariate
10:11:52.278 INFO  BaseRecalibrationEngine - 	CycleCovariate
10:11:52.449 INFO  ProgressMeter - Starting traversal
10:11:52.450 INFO  ProgressMeter -        Current Locus  Elapsed Minutes       Reads Processed     Reads/Minute
10:12:02.508 INFO  ProgressMeter -         chr1:5655025              0.2                110000         656520.4
10:12:12.510 INFO  ProgressMeter -        chr1:12949194              0.3                270000         807617.5
10:12:22.529 INFO  ProgressMeter -        chr1:20162043              0.5                430000         857741.3
10:12:32.543 INFO  ProgressMeter -        chr1:27586413              0.7                591000         884465.7
10:12:42.582 INFO  ProgressMeter -        chr1:34943215              0.8                753000         901238.8
10:12:52.619 INFO  ProgressMeter -        chr1:42390064              1.0                917000         914439.6
10:13:02.651 INFO  ProgressMeter -        chr1:49903068              1.2               1082000         924786.3
10:13:12.675 INFO  ProgressMeter -        chr1:57234940              1.3               1245000         931131.2
10:13:22.696 INFO  ProgressMeter -        chr1:64466642              1.5               1408000         936118.3
10:13:32.717 INFO  ProgressMeter -        chr1:71846177              1.7               1573000         941296.2
10:13:42.721 INFO  ProgressMeter -        chr1:79296992              1.8               1737000         945126.1
10:13:52.769 INFO  ProgressMeter -        chr1:86636015              2.0               1900000         947481.3
10:14:02.792 INFO  ProgressMeter -        chr1:94049981              2.2               2064000         950123.1
10:14:12.835 INFO  ProgressMeter -       chr1:101407005              2.3               2228000         952238.5
10:14:22.877 INFO  ProgressMeter -       chr1:109011596              2.5               2388000         952494.9
10:14:32.925 INFO  ProgressMeter -       chr1:116361626              2.7               2552000         954173.3
10:14:42.946 INFO  ProgressMeter -       chr1:143185289              2.8               2744000         965658.8
10:14:52.994 INFO  ProgressMeter -       chr1:152456659              3.0               2926000         972394.5
10:15:02.999 INFO  ProgressMeter -       chr1:159819670              3.2               3088000         972348.3
10:15:13.032 INFO  ProgressMeter -       chr1:167167786              3.3               3252000         972774.1
10:15:23.047 INFO  ProgressMeter -       chr1:174666520              3.5               3419000         974087.9
10:15:33.099 INFO  ProgressMeter -       chr1:182148578              3.7               3586000         975123.4
10:15:43.104 INFO  ProgressMeter -       chr1:189567180              3.8               3751000         975747.2
10:15:53.127 INFO  ProgressMeter -       chr1:197219657              4.0               3916000         976250.2
10:16:03.140 INFO  ProgressMeter -       chr1:204679582              4.2               4081000         976748.1
10:16:13.164 INFO  ProgressMeter -       chr1:211737607              4.3               4239000         975551.8
10:16:23.173 INFO  ProgressMeter -       chr1:219152213              4.5               4405000         976278.2
10:16:33.179 INFO  ProgressMeter -       chr1:226698532              4.7               4572000         977170.2
10:16:43.198 INFO  ProgressMeter -       chr1:234041605              4.8               4735000         977138.2
10:16:53.238 INFO  ProgressMeter -       chr1:241357335              5.0               4896000         976638.0
10:17:03.265 INFO  ProgressMeter -       chr1:248613754              5.2               5054000         975628.6
10:17:13.297 INFO  ProgressMeter -         chr2:6861542              5.3               5213000         974857.2
10:17:23.341 INFO  ProgressMeter -        chr2:14108623              5.5               5376000         974825.5
10:17:33.349 INFO  ProgressMeter -        chr2:21471570              5.7               5543000         975599.7
10:17:43.373 INFO  ProgressMeter -        chr2:29049247              5.8               5711000         976456.3
10:17:53.403 INFO  ProgressMeter -        chr2:36318941              6.0               5871000         975919.2
10:18:03.439 INFO  ProgressMeter -        chr2:43465888              6.2               6029000         975069.3
10:18:13.462 INFO  ProgressMeter -        chr2:50644736              6.4               6189000         974617.5
10:18:23.510 INFO  ProgressMeter -        chr2:57915227              6.5               6350000         974277.5
10:18:33.521 INFO  ProgressMeter -        chr2:65579668              6.7               6520000         975388.4
10:18:43.555 INFO  ProgressMeter -        chr2:72971274              6.9               6686000         975811.5
10:18:53.576 INFO  ProgressMeter -        chr2:80307544              7.0               6847000         975527.5
10:19:03.627 INFO  ProgressMeter -        chr2:88261868              7.2               7014000         976028.4
10:19:13.678 INFO  ProgressMeter -        chr2:98693428              7.4               7196000         978543.9
10:19:23.714 INFO  ProgressMeter -       chr2:106086729              7.5               7362000         978850.5
10:19:33.765 INFO  ProgressMeter -       chr2:114287883              7.7               7529000         979246.2
10:19:43.764 INFO  ProgressMeter -       chr2:121683699              7.9               7693000         979347.1
10:19:53.812 INFO  ProgressMeter -       chr2:128842389              8.0               7850000         978473.6
10:20:03.835 INFO  ProgressMeter -       chr2:136443681              8.2               8014000         978540.2
10:20:13.848 INFO  ProgressMeter -       chr2:143775328              8.4               8177000         978504.1
10:20:23.861 INFO  ProgressMeter -       chr2:151409704              8.5               8348000         979409.9
10:20:33.877 INFO  ProgressMeter -       chr2:158990631              8.7               8515000         979813.1
10:20:43.908 INFO  ProgressMeter -       chr2:166565465              8.9               8684000         980397.3
10:20:53.967 INFO  ProgressMeter -       chr2:173902424              9.0               8848000         980357.0
10:21:03.975 INFO  ProgressMeter -       chr2:181281658              9.2               9013000         980517.7
10:21:13.981 INFO  ProgressMeter -       chr2:188882115              9.4               9179000         980784.6
10:21:23.991 INFO  ProgressMeter -       chr2:196510977              9.5               9347000         981241.9
10:21:34.032 INFO  ProgressMeter -       chr2:204315614              9.7               9520000         982148.7
10:21:44.085 INFO  ProgressMeter -       chr2:211834410              9.9               9688000         982497.7
10:21:54.091 INFO  ProgressMeter -       chr2:219131375             10.0               9852000         982512.8
10:22:04.152 INFO  ProgressMeter -       chr2:226521372             10.2              10018000         982635.3
10:22:14.181 INFO  ProgressMeter -       chr2:233854568             10.4              10180000         982420.0
10:22:24.209 INFO  ProgressMeter -       chr2:240948565             10.5              10339000         981926.6
10:22:34.252 INFO  ProgressMeter -         chr3:5706580             10.7              10493000         980956.7
10:22:44.258 INFO  ProgressMeter -        chr3:12697642             10.9              10651000         980443.6
10:22:54.289 INFO  ProgressMeter -        chr3:20075145             11.0              10818000         980721.9
10:23:04.345 INFO  ProgressMeter -        chr3:27296120             11.2              10980000         980510.3
10:23:14.405 INFO  ProgressMeter -        chr3:34819955             11.4              11147000         980740.6
10:23:24.426 INFO  ProgressMeter -        chr3:42294029             11.5              11314000         981016.7
10:23:34.479 INFO  ProgressMeter -        chr3:49926064             11.7              11484000         981497.9
10:23:44.539 INFO  ProgressMeter -        chr3:57461349             11.9              11652000         981788.8
10:23:54.541 INFO  ProgressMeter -        chr3:64683896             12.0              11815000         981732.2
10:24:04.585 INFO  ProgressMeter -        chr3:72047236             12.2              11981000         981868.1
10:24:14.637 INFO  ProgressMeter -        chr3:79008789             12.4              12140000         981423.8
10:24:24.690 INFO  ProgressMeter -        chr3:86683279             12.5              12308000         981709.3
10:24:34.724 INFO  ProgressMeter -        chr3:95261490             12.7              12498000         983740.8
10:24:44.742 INFO  ProgressMeter -       chr3:102716207             12.9              12664000         983876.6
10:24:54.795 INFO  ProgressMeter -       chr3:110301926             13.0              12831000         984042.8
10:25:04.820 INFO  ProgressMeter -       chr3:117848814             13.2              12998000         984237.2
10:25:14.858 INFO  ProgressMeter -       chr3:125287873             13.4              13163000         984262.4
10:25:24.897 INFO  ProgressMeter -       chr3:132666767             13.5              13327000         984211.9
10:25:34.939 INFO  ProgressMeter -       chr3:140268598             13.7              13495000         984450.9
10:25:44.973 INFO  ProgressMeter -       chr3:147759510             13.9              13661000         984550.6
10:25:55.020 INFO  ProgressMeter -       chr3:155207108             14.0              13827000         984630.4
10:26:05.085 INFO  ProgressMeter -       chr3:162738892             14.2              13995000         984830.5
10:26:15.118 INFO  ProgressMeter -       chr3:170408739             14.4              14160000         984851.6
10:26:25.161 INFO  ProgressMeter -       chr3:177862704             14.5              14326000         984930.9
10:26:35.194 INFO  ProgressMeter -       chr3:185464613             14.7              14494000         985155.4
10:26:45.224 INFO  ProgressMeter -       chr3:192704001             14.9              14656000         984974.9
10:26:55.235 INFO  ProgressMeter -         chr4:1497824             15.0              14813000         984486.9
10:27:05.269 INFO  ProgressMeter -         chr4:8447992             15.2              14966000         983721.9
10:27:15.309 INFO  ProgressMeter -        chr4:15830077             15.4              15126000         983423.2
10:27:25.342 INFO  ProgressMeter -        chr4:23304709             15.5              15292000         983522.2
10:27:35.395 INFO  ProgressMeter -        chr4:30800701             15.7              15457000         983535.6
10:27:45.430 INFO  ProgressMeter -        chr4:38285409             15.9              15621000         983505.4
10:27:55.491 INFO  ProgressMeter -        chr4:45622815             16.1              15782000         983260.3
10:28:05.532 INFO  ProgressMeter -        chr4:53739546             16.2              15959000         984029.1
10:28:15.592 INFO  ProgressMeter -        chr4:61127586             16.4              16121000         983845.7
10:28:25.592 INFO  ProgressMeter -        chr4:68447650             16.6              16280000         983545.2
10:28:35.637 INFO  ProgressMeter -        chr4:75705845             16.7              16439000         983206.5
10:28:45.639 INFO  ProgressMeter -        chr4:83180099             16.9              16605000         983331.8
10:28:55.640 INFO  ProgressMeter -        chr4:90714837             17.1              16772000         983513.3
10:29:05.680 INFO  ProgressMeter -        chr4:98393389             17.2              16939000         983653.2
10:29:15.709 INFO  ProgressMeter -       chr4:106000223             17.4              17108000         983916.7
10:29:25.746 INFO  ProgressMeter -       chr4:113667058             17.6              17277000         984167.8
10:29:35.794 INFO  ProgressMeter -       chr4:121244175             17.7              17443000         984234.6
10:29:45.834 INFO  ProgressMeter -       chr4:128936081             17.9              17612000         984475.3
10:29:55.850 INFO  ProgressMeter -       chr4:136548467             18.1              17776000         984457.2
10:30:05.909 INFO  ProgressMeter -       chr4:144078830             18.2              17944000         984618.5
10:30:15.931 INFO  ProgressMeter -       chr4:151779689             18.4              18115000         984974.8
10:30:25.941 INFO  ProgressMeter -       chr4:159300706             18.6              18282000         985118.9
10:30:35.996 INFO  ProgressMeter -       chr4:166752228             18.7              18444000         984953.0
10:30:46.002 INFO  ProgressMeter -       chr4:174266392             18.9              18609000         984992.3
10:30:56.012 INFO  ProgressMeter -       chr4:181619048             19.1              18770000         984817.6
10:31:06.015 INFO  ProgressMeter -       chr4:188805647             19.2              18929000         984547.9
10:31:16.046 INFO  ProgressMeter -         chr5:5535014             19.4              19083000         984002.2
10:31:26.073 INFO  ProgressMeter -        chr5:12808748             19.6              19246000         983927.5
10:31:36.098 INFO  ProgressMeter -        chr5:20235122             19.7              19411000         983958.1
10:31:46.107 INFO  ProgressMeter -        chr5:27822859             19.9              19576000         984002.1
10:31:56.111 INFO  ProgressMeter -        chr5:35241789             20.1              19740000         983998.8
10:32:06.144 INFO  ProgressMeter -        chr5:42752774             20.2              19907000         984119.6
10:32:16.160 INFO  ProgressMeter -        chr5:52699734             20.4              20084000         984743.9
10:32:26.176 INFO  ProgressMeter -        chr5:60185194             20.6              20252000         984918.9
10:32:36.177 INFO  ProgressMeter -        chr5:67828322             20.7              20422000         985200.1
10:32:46.214 INFO  ProgressMeter -        chr5:76820104             20.9              20591000         985400.8
10:32:56.228 INFO  ProgressMeter -        chr5:84431974             21.1              20758000         985521.2
10:33:06.251 INFO  ProgressMeter -        chr5:92249521             21.2              20929000         985821.2
10:33:16.275 INFO  ProgressMeter -        chr5:99984552             21.4              21100000         986115.7
10:33:26.291 INFO  ProgressMeter -       chr5:107633258             21.6              21267000         986226.3
10:33:36.292 INFO  ProgressMeter -       chr5:114957426             21.7              21430000         986162.4
10:33:46.308 INFO  ProgressMeter -       chr5:122342782             21.9              21592000         986042.6
10:33:56.324 INFO  ProgressMeter -       chr5:129799696             22.1              21758000         986105.9
10:34:06.376 INFO  ProgressMeter -       chr5:137465584             22.2              21929000         986367.3
10:34:16.418 INFO  ProgressMeter -       chr5:145155336             22.4              22099000         986586.7
10:34:26.452 INFO  ProgressMeter -       chr5:152587177             22.6              22267000         986719.4
10:34:36.487 INFO  ProgressMeter -       chr5:159990677             22.7              22434000         986806.1
10:34:46.530 INFO  ProgressMeter -       chr5:167556820             22.9              22601000         986885.8
10:34:56.562 INFO  ProgressMeter -       chr5:174913263             23.1              22766000         986885.5
10:35:06.606 INFO  ProgressMeter -         chr6:1188676             23.2              22926000         986661.5
10:35:16.643 INFO  ProgressMeter -         chr6:8291630             23.4              23087000         986488.3
10:35:26.686 INFO  ProgressMeter -        chr6:15283369             23.6              23244000         986143.8
10:35:36.706 INFO  ProgressMeter -        chr6:22622376             23.7              23407000         986072.7
10:35:46.756 INFO  ProgressMeter -        chr6:29956339             23.9              23566000         985814.7
10:35:56.790 INFO  ProgressMeter -        chr6:36703131             24.1              23712000         985031.9
10:36:06.843 INFO  ProgressMeter -        chr6:44020285             24.2              23877000         985029.5
10:36:16.890 INFO  ProgressMeter -        chr6:51506872             24.4              24044000         985113.8
10:36:26.902 INFO  ProgressMeter -        chr6:60479527             24.6              24210000         985179.6
10:36:36.933 INFO  ProgressMeter -        chr6:67941465             24.7              24371000         985030.5
10:36:46.977 INFO  ProgressMeter -        chr6:75500237             24.9              24537000         985074.9
10:36:56.983 INFO  ProgressMeter -        chr6:82877565             25.1              24700000         985023.9
10:37:06.983 INFO  ProgressMeter -        chr6:90294459             25.2              24865000         985056.8
10:37:17.037 INFO  ProgressMeter -        chr6:98089993             25.4              25034000         985211.1
10:37:27.086 INFO  ProgressMeter -       chr6:105768394             25.6              25203000         985367.2
10:37:37.102 INFO  ProgressMeter -       chr6:113337264             25.7              25372000         985542.4
10:37:47.158 INFO  ProgressMeter -       chr6:120916008             25.9              25540000         985651.3
10:37:57.200 INFO  ProgressMeter -       chr6:128561718             26.1              25710000         985844.4
10:38:07.210 INFO  ProgressMeter -       chr6:135986914             26.2              25875000         985864.5
10:38:17.245 INFO  ProgressMeter -       chr6:143502343             26.4              26043000         985982.4
10:38:27.261 INFO  ProgressMeter -       chr6:150927705             26.6              26209000         986036.0
10:38:37.280 INFO  ProgressMeter -       chr6:158226786             26.7              26372000         985973.6
10:38:47.321 INFO  ProgressMeter -       chr6:165432990             26.9              26533000         985824.9
10:38:57.359 INFO  ProgressMeter -         chr7:1995967             27.1              26689000         985495.2
10:39:07.392 INFO  ProgressMeter -         chr7:8986126             27.2              26840000         984989.7
10:39:17.402 INFO  ProgressMeter -        chr7:16032085             27.4              26995000         984649.4
10:39:27.453 INFO  ProgressMeter -        chr7:23194295             27.6              27155000         984469.5
10:39:37.487 INFO  ProgressMeter -        chr7:30449140             27.8              27318000         984411.1
10:39:47.544 INFO  ProgressMeter -        chr7:37815769             27.9              27483000         984410.4
10:39:57.589 INFO  ProgressMeter -        chr7:45257298             28.1              27649000         984452.9
10:40:07.601 INFO  ProgressMeter -        chr7:52562266             28.3              27813000         984443.3
10:40:17.657 INFO  ProgressMeter -        chr7:62863825             28.4              27970000         984162.0
10:40:27.691 INFO  ProgressMeter -        chr7:70727022             28.6              28134000         984141.6
10:40:37.716 INFO  ProgressMeter -        chr7:78927774             28.8              28296000         984057.0
10:40:47.749 INFO  ProgressMeter -        chr7:86367858             28.9              28459000         984003.9
10:40:57.771 INFO  ProgressMeter -        chr7:93930457             29.1              28627000         984128.4
10:41:07.788 INFO  ProgressMeter -       chr7:101478862             29.3              28791000         984118.7
10:41:17.813 INFO  ProgressMeter -       chr7:109010973             29.4              28955000         984104.1
10:41:27.835 INFO  ProgressMeter -       chr7:116621688             29.6              29124000         984260.3
10:41:37.877 INFO  ProgressMeter -       chr7:124351771             29.8              29295000         984470.4
10:41:47.917 INFO  ProgressMeter -       chr7:131904382             29.9              29461000         984513.2
10:41:57.966 INFO  ProgressMeter -       chr7:139393214             30.1              29628000         984582.8
10:42:07.981 INFO  ProgressMeter -       chr7:147260150             30.3              29794000         984637.6
10:42:18.001 INFO  ProgressMeter -       chr7:154355584             30.4              29951000         984393.2
10:42:28.036 INFO  ProgressMeter -         chr8:2030046             30.6              30100000         983882.0
10:42:38.043 INFO  ProgressMeter -         chr8:8778242             30.8              30233000         982871.1
10:42:48.086 INFO  ProgressMeter -        chr8:15560712             30.9              30380000         982304.7
10:42:58.105 INFO  ProgressMeter -        chr8:22299343             31.1              30531000         981885.7
10:43:08.147 INFO  ProgressMeter -        chr8:29571523             31.3              30692000         981779.0
10:43:18.215 INFO  ProgressMeter -        chr8:37141423             31.4              30860000         981883.2
10:43:28.233 INFO  ProgressMeter -        chr8:46248833             31.6              31023000         981852.9
10:43:38.258 INFO  ProgressMeter -        chr8:53750143             31.8              31190000         981945.7
10:43:48.311 INFO  ProgressMeter -        chr8:61213276             31.9              31356000         981991.9
10:43:58.334 INFO  ProgressMeter -        chr8:68846024             32.1              31524000         982115.2
10:44:08.335 INFO  ProgressMeter -        chr8:76333719             32.3              31690000         982186.4
10:44:18.379 INFO  ProgressMeter -        chr8:83881631             32.4              31856000         982235.7
10:44:28.409 INFO  ProgressMeter -        chr8:91508198             32.6              32021000         982259.9
10:44:38.428 INFO  ProgressMeter -        chr8:99102535             32.8              32189000         982381.8
10:44:48.431 INFO  ProgressMeter -       chr8:106588936             32.9              32356000         982479.6
10:44:58.470 INFO  ProgressMeter -       chr8:114268168             33.1              32525000         982619.0
10:45:08.471 INFO  ProgressMeter -       chr8:121732407             33.3              32692000         982715.6
10:45:18.526 INFO  ProgressMeter -       chr8:129032725             33.4              32856000         982694.6
10:45:28.528 INFO  ProgressMeter -       chr8:136176427             33.6              33019000         982670.3
10:45:38.531 INFO  ProgressMeter -       chr8:143354156             33.8              33178000         982527.4
10:45:48.558 INFO  ProgressMeter -         chr9:5149884             33.9              33331000         982197.4
10:45:58.559 INFO  ProgressMeter -        chr9:12085236             34.1              33483000         981853.9
10:46:08.620 INFO  ProgressMeter -        chr9:19193574             34.3              33641000         981660.1
10:46:18.653 INFO  ProgressMeter -        chr9:26466946             34.4              33801000         981539.6
10:46:28.660 INFO  ProgressMeter -        chr9:33756252             34.6              33962000         981461.4
10:46:38.709 INFO  ProgressMeter -        chr9:43435557             34.8              34131000         981594.3
10:46:48.766 INFO  ProgressMeter -        chr9:72353619             34.9              34297000         981636.8
10:46:58.778 INFO  ProgressMeter -        chr9:79802319             35.1              34463000         981699.0
10:47:08.792 INFO  ProgressMeter -        chr9:87297775             35.3              34629000         981760.5
10:47:18.813 INFO  ProgressMeter -        chr9:94770012             35.4              34793000         981760.9
10:47:28.859 INFO  ProgressMeter -       chr9:102309663             35.6              34961000         981863.0
10:47:38.906 INFO  ProgressMeter -       chr9:109646873             35.8              35125000         981851.5
10:47:48.958 INFO  ProgressMeter -       chr9:117067423             35.9              35289000         981837.8
10:47:58.970 INFO  ProgressMeter -       chr9:124569968             36.1              35457000         981952.6
10:48:08.994 INFO  ProgressMeter -       chr9:132014499             36.3              35620000         981923.6
10:48:18.999 INFO  ProgressMeter -         chr10:938336             36.4              35773000         981629.0
10:48:29.055 INFO  ProgressMeter -        chr10:7895147             36.6              35928000         981369.4
10:48:39.068 INFO  ProgressMeter -       chr10:15039217             36.8              36087000         981239.2
10:48:49.117 INFO  ProgressMeter -       chr10:22342345             36.9              36246000         981094.6
10:48:59.140 INFO  ProgressMeter -       chr10:29582348             37.1              36406000         980989.7
10:49:09.157 INFO  ProgressMeter -       chr10:36976923             37.3              36569000         980968.9
10:49:19.184 INFO  ProgressMeter -       chr10:45540067             37.4              36738000         981104.1
10:49:29.231 INFO  ProgressMeter -       chr10:53546913             37.6              36909000         981282.6
10:49:39.266 INFO  ProgressMeter -       chr10:60830920             37.8              37071000         981226.5
10:49:49.280 INFO  ProgressMeter -       chr10:68241393             37.9              37236000         981259.5
10:49:59.312 INFO  ProgressMeter -       chr10:75641544             38.1              37400000         981257.3
10:50:09.355 INFO  ProgressMeter -       chr10:82968818             38.3              37565000         981277.0
10:50:19.393 INFO  ProgressMeter -       chr10:90434170             38.4              37730000         981298.6
10:50:29.441 INFO  ProgressMeter -       chr10:97940118             38.6              37896000         981341.7
10:50:39.449 INFO  ProgressMeter -      chr10:105525951             38.8              38063000         981427.2
10:50:49.461 INFO  ProgressMeter -      chr10:112820124             39.0              38226000         981407.9
10:50:59.472 INFO  ProgressMeter -      chr10:120164031             39.1              38392000         981465.4
10:51:09.507 INFO  ProgressMeter -      chr10:127391384             39.3              38555000         981435.7
10:51:19.546 INFO  ProgressMeter -         chr11:768879             39.5              38711000         981228.0
10:51:29.591 INFO  ProgressMeter -        chr11:7989248             39.6              38863000         980917.8
10:51:39.648 INFO  ProgressMeter -       chr11:15322056             39.8              39029000         980958.0
10:51:49.657 INFO  ProgressMeter -       chr11:22689116             40.0              39195000         981016.7
10:51:59.671 INFO  ProgressMeter -       chr11:30137871             40.1              39358000         980998.8
10:52:09.678 INFO  ProgressMeter -       chr11:37549034             40.3              39525000         981082.5
10:52:19.709 INFO  ProgressMeter -       chr11:44942777             40.5              39688000         981057.2
10:52:29.783 INFO  ProgressMeter -       chr11:55157725             40.6              39847000         980916.4
10:52:39.841 INFO  ProgressMeter -       chr11:62586738             40.8              40010000         980881.3
10:52:49.916 INFO  ProgressMeter -       chr11:70041794             41.0              40172000         980815.2
10:52:59.939 INFO  ProgressMeter -       chr11:77508037             41.1              40336000         980819.4
10:53:09.978 INFO  ProgressMeter -       chr11:84947705             41.3              40501000         980840.6
10:53:20.020 INFO  ProgressMeter -       chr11:92460556             41.5              40663000         980788.5
10:53:30.052 INFO  ProgressMeter -       chr11:99745495             41.6              40825000         980740.7
10:53:40.056 INFO  ProgressMeter -      chr11:107048898             41.8              40989000         980752.6
10:53:50.111 INFO  ProgressMeter -      chr11:114477496             42.0              41155000         980791.3
10:54:00.130 INFO  ProgressMeter -      chr11:121810919             42.1              41320000         980820.4
10:54:10.145 INFO  ProgressMeter -      chr11:129220691             42.3              41486000         980874.4
10:54:20.196 INFO  ProgressMeter -        chr12:1268609             42.5              41647000         980796.4
10:54:30.245 INFO  ProgressMeter -        chr12:8387623             42.6              41807000         980696.3
10:54:40.297 INFO  ProgressMeter -       chr12:15790366             42.8              41968000         980619.2
10:54:50.317 INFO  ProgressMeter -       chr12:23233453             43.0              42131000         980601.8
10:55:00.326 INFO  ProgressMeter -       chr12:30522547             43.1              42294000         980588.3
10:55:10.346 INFO  ProgressMeter -       chr12:39641514             43.3              42452000         980455.0
10:55:20.411 INFO  ProgressMeter -       chr12:47072555             43.5              42617000         980467.1
10:55:30.462 INFO  ProgressMeter -       chr12:54601391             43.6              42782000         980484.8
10:55:40.518 INFO  ProgressMeter -       chr12:62191352             43.8              42948000         980522.9
10:55:50.568 INFO  ProgressMeter -       chr12:69713367             44.0              43115000         980585.4
10:56:00.584 INFO  ProgressMeter -       chr12:77272970             44.1              43282000         980660.7
10:56:10.639 INFO  ProgressMeter -       chr12:84924966             44.3              43450000         980742.9
10:56:20.685 INFO  ProgressMeter -       chr12:92625763             44.5              43621000         980895.6
10:56:30.725 INFO  ProgressMeter -      chr12:100098969             44.6              43786000         980915.3
10:56:40.768 INFO  ProgressMeter -      chr12:107510394             44.8              43953000         980977.7
10:56:50.789 INFO  ProgressMeter -      chr12:115011311             45.0              44120000         981048.3
10:57:00.816 INFO  ProgressMeter -      chr12:122383679             45.1              44283000         981026.9
10:57:10.876 INFO  ProgressMeter -      chr12:129536107             45.3              44442000         980906.2
10:57:20.883 INFO  ProgressMeter -       chr13:19288761             45.5              44624000         981310.5
10:57:30.896 INFO  ProgressMeter -       chr13:26449286             45.6              44782000         981184.2
10:57:40.948 INFO  ProgressMeter -       chr13:33736358             45.8              44944000         981132.2
10:57:50.954 INFO  ProgressMeter -       chr13:41153129             46.0              45109000         981162.6
10:58:00.999 INFO  ProgressMeter -       chr13:48552955             46.1              45274000         981178.6
10:58:11.019 INFO  ProgressMeter -       chr13:56189692             46.3              45443000         981289.6
10:58:21.074 INFO  ProgressMeter -       chr13:63888422             46.5              45610000         981344.2
10:58:31.117 INFO  ProgressMeter -       chr13:71475690             46.6              45774000         981338.6
10:58:41.137 INFO  ProgressMeter -       chr13:78887319             46.8              45939000         981362.5
10:58:51.176 INFO  ProgressMeter -       chr13:86549808             47.0              46106000         981422.1
10:59:01.198 INFO  ProgressMeter -       chr13:94053014             47.1              46270000         981423.6
10:59:11.200 INFO  ProgressMeter -      chr13:101313275             47.3              46432000         981389.7
10:59:21.203 INFO  ProgressMeter -      chr13:108506563             47.5              46593000         981334.6
10:59:31.269 INFO  ProgressMeter -       chr14:20094713             47.6              46752000         981216.7
10:59:41.311 INFO  ProgressMeter -       chr14:27423960             47.8              46915000         981190.8
10:59:51.324 INFO  ProgressMeter -       chr14:34949291             48.0              47081000         981237.8
11:00:01.334 INFO  ProgressMeter -       chr14:42563959             48.1              47246000         981264.7
11:00:11.360 INFO  ProgressMeter -       chr14:50202403             48.3              47410000         981265.4
11:00:21.375 INFO  ProgressMeter -       chr14:57599406             48.5              47575000         981290.3
11:00:31.404 INFO  ProgressMeter -       chr14:65098612             48.6              47742000         981351.5
11:00:41.422 INFO  ProgressMeter -       chr14:72565719             48.8              47909000         981416.0
11:00:51.449 INFO  ProgressMeter -       chr14:79928505             49.0              48073000         981416.1
11:01:01.470 INFO  ProgressMeter -       chr14:87406832             49.2              48239000         981458.2
11:01:11.507 INFO  ProgressMeter -       chr14:94715987             49.3              48403000         981454.6
11:01:21.543 INFO  ProgressMeter -      chr14:101996223             49.5              48567000         981451.2
11:01:31.575 INFO  ProgressMeter -       chr15:22935485             49.7              48728000         981388.8
11:01:41.609 INFO  ProgressMeter -       chr15:30912321             49.8              48888000         981306.4
11:01:51.658 INFO  ProgressMeter -       chr15:38615184             50.0              49051000         981279.1
11:02:01.678 INFO  ProgressMeter -       chr15:46190119             50.2              49218000         981341.4
11:02:11.726 INFO  ProgressMeter -       chr15:53645019             50.3              49383000         981354.5
11:02:21.779 INFO  ProgressMeter -       chr15:60877420             50.5              49543000         981267.1
11:02:31.798 INFO  ProgressMeter -       chr15:68225288             50.7              49708000         981289.4
11:02:41.805 INFO  ProgressMeter -       chr15:75855142             50.8              49878000         981414.1
11:02:51.805 INFO  ProgressMeter -       chr15:83392718             51.0              50044000         981461.8
11:03:01.848 INFO  ProgressMeter -       chr15:90939655             51.2              50204000         981378.1
11:03:11.917 INFO  ProgressMeter -       chr15:98116517             51.3              50366000         981325.7
11:03:21.922 INFO  ProgressMeter -        chr16:3078067             51.5              50517000         981080.3
11:03:31.983 INFO  ProgressMeter -        chr16:9705126             51.7              50663000         980721.9
11:03:42.031 INFO  ProgressMeter -       chr16:17219576             51.8              50820000         980582.3
11:03:52.032 INFO  ProgressMeter -       chr16:25145959             52.0              50985000         980612.1
11:04:02.116 INFO  ProgressMeter -       chr16:34150461             52.2              51146000         980539.1
11:04:12.161 INFO  ProgressMeter -       chr16:46398730             52.3              51320000         980727.2
11:04:22.176 INFO  ProgressMeter -       chr16:52388487             52.5              51487000         980790.1
11:04:32.191 INFO  ProgressMeter -       chr16:59697794             52.7              51651000         980795.6
11:04:42.194 INFO  ProgressMeter -       chr16:67238301             52.8              51818000         980861.5
11:04:52.254 INFO  ProgressMeter -       chr16:74817492             53.0              51983000         980871.8
11:05:02.301 INFO  ProgressMeter -       chr16:81481167             53.2              52132000         980585.0
11:05:12.360 INFO  ProgressMeter -       chr16:87968456             53.3              52277000         980221.6
11:05:22.404 INFO  ProgressMeter -        chr17:4951417             53.5              52426000         979939.3
11:05:32.440 INFO  ProgressMeter -       chr17:12091484             53.7              52583000         979810.5
11:05:42.461 INFO  ProgressMeter -       chr17:19714736             53.8              52745000         979779.9
11:05:52.523 INFO  ProgressMeter -       chr17:30203886             54.0              52927000         980107.5
11:06:02.578 INFO  ProgressMeter -       chr17:37814464             54.2              53094000         980158.3
11:06:12.632 INFO  ProgressMeter -       chr17:45684483             54.3              53256000         980117.1
11:06:22.640 INFO  ProgressMeter -       chr17:53427636             54.5              53420000         980126.5
11:06:32.689 INFO  ProgressMeter -       chr17:61152420             54.7              53590000         980233.8
11:06:42.742 INFO  ProgressMeter -       chr17:68651241             54.8              53754000         980229.4
11:06:52.756 INFO  ProgressMeter -       chr17:75585315             55.0              53917000         980218.2
11:07:02.783 INFO  ProgressMeter -       chr17:82723266             55.2              54071000         980040.4
11:07:12.841 INFO  ProgressMeter -        chr18:6284093             55.3              54234000         980017.1
11:07:22.871 INFO  ProgressMeter -       chr18:13446105             55.5              54394000         979948.2
11:07:32.885 INFO  ProgressMeter -       chr18:25442980             55.7              54559000         979974.2
11:07:42.933 INFO  ProgressMeter -       chr18:32919666             55.8              54725000         980008.0
11:07:52.945 INFO  ProgressMeter -       chr18:40620478             56.0              54896000         980141.3
11:08:02.946 INFO  ProgressMeter -       chr18:48133831             56.2              55063000         980205.9
11:08:12.987 INFO  ProgressMeter -       chr18:55384649             56.3              55226000         980187.5
11:08:23.004 INFO  ProgressMeter -       chr18:62706012             56.5              55390000         980193.8
11:08:33.008 INFO  ProgressMeter -       chr18:70059220             56.7              55552000         980168.5
11:08:43.019 INFO  ProgressMeter -       chr18:77250094             56.8              55712000         980106.3
11:08:53.050 INFO  ProgressMeter -        chr19:4197379             57.0              55860000         979828.1
11:09:03.069 INFO  ProgressMeter -       chr19:11509032             57.2              56010000         979590.0
11:09:13.075 INFO  ProgressMeter -       chr19:18919947             57.3              56164000         979426.7
11:09:23.107 INFO  ProgressMeter -       chr19:28593235             57.5              56320000         979291.8
11:09:33.127 INFO  ProgressMeter -       chr19:35932505             57.7              56480000         979230.4
11:09:43.166 INFO  ProgressMeter -       chr19:43335419             57.8              56636000         979094.8
11:09:53.193 INFO  ProgressMeter -       chr19:50692630             58.0              56788000         978894.7
11:10:03.206 INFO  ProgressMeter -       chr19:57545624             58.2              56934000         978596.0
11:10:13.253 INFO  ProgressMeter -        chr20:6146811             58.3              57091000         978478.4
11:10:23.282 INFO  ProgressMeter -       chr20:13399734             58.5              57254000         978468.9
11:10:33.308 INFO  ProgressMeter -       chr20:20501096             58.7              57414000         978409.2
11:10:43.320 INFO  ProgressMeter -       chr20:29545743             58.8              57583000         978506.7
11:10:53.368 INFO  ProgressMeter -       chr20:37358269             59.0              57758000         978695.4
11:11:03.425 INFO  ProgressMeter -       chr20:44586427             59.2              57921000         978677.7
11:11:13.438 INFO  ProgressMeter -       chr20:51675265             59.3              58080000         978604.8
11:11:23.484 INFO  ProgressMeter -       chr20:58802998             59.5              58240000         978540.4
11:11:33.530 INFO  ProgressMeter -        chr21:9559951             59.7              58398000         978442.3
11:11:43.545 INFO  ProgressMeter -       chr21:17878620             59.9              58570000         978587.3
11:11:53.569 INFO  ProgressMeter -       chr21:25090389             60.0              58727000         978479.2
11:12:03.603 INFO  ProgressMeter -       chr21:32271123             60.2              58888000         978435.4
11:12:13.630 INFO  ProgressMeter -       chr21:39528221             60.4              59050000         978410.6
11:12:23.654 INFO  ProgressMeter -       chr22:10955688             60.5              59206000         978287.1
11:12:33.690 INFO  ProgressMeter -       chr22:22335661             60.7              59381000         978474.4
11:12:43.697 INFO  ProgressMeter -       chr22:29613377             60.9              59541000         978421.9
11:12:53.754 INFO  ProgressMeter -       chr22:36940684             61.0              59703000         978389.1
11:13:03.764 INFO  ProgressMeter -       chr22:44354337             61.2              59863000         978336.4
11:13:13.094 INFO  BaseRecalibrator - 2141653 read(s) filtered by: MappingQualityNotZeroReadFilter 
0 read(s) filtered by: MappingQualityAvailableReadFilter 
0 read(s) filtered by: MappedReadFilter 
0 read(s) filtered by: NotSecondaryAlignmentReadFilter 
6524 read(s) filtered by: NotDuplicateReadFilter 
0 read(s) filtered by: PassesVendorQualityCheckReadFilter 
0 read(s) filtered by: WellformedReadFilter 
2148177 total reads filtered out of 62151985 reads processed
11:13:13.095 INFO  ProgressMeter -       chr22:50763260             61.3              60003808         978151.8
11:13:13.095 INFO  ProgressMeter - Traversal complete. Processed 60003808 total reads in 61.3 minutes.
11:13:13.336 INFO  BaseRecalibrator - Calculating quantized quality scores...
11:13:13.356 INFO  BaseRecalibrator - Writing recalibration report...
11:13:16.782 INFO  BaseRecalibrator - ...done!
11:13:16.785 INFO  BaseRecalibrator - BaseRecalibrator was able to recalibrate 60003808 reads
11:13:16.785 INFO  BaseRecalibrator - Shutting down engine
[April 26, 2024 at 11:13:16 AM UTC] org.broadinstitute.hellbender.tools.walkers.bqsr.BaseRecalibrator done. Elapsed time: 61.46 minutes.
Runtime.totalMemory()=409468928
Tool returned:
SUCCESS
Using GATK jar /export/approved/gatk-4.5.0.0/gatk-package-4.5.0.0-local.jar
Running:
    java -Dsamjdk.use_async_io_read_samtools=false -Dsamjdk.use_async_io_write_samtools=true -Dsamjdk.use_async_io_write_tribble=false -Dsamjdk.compression_level=2 -Xmx8G -XX:+UseParallelGC -XX:ParallelGCThreads=4 -jar /export/approved/gatk-4.5.0.0/gatk-package-4.5.0.0-local.jar ApplyBQSR -R /export/home/andrew/genome/hg38_v0_20231023/Homo_sapiens_assembly38.fasta -I 72210953309787_subsample.sorted.dedupe.bam -L /export/home/andrew/genome/hg38_v0_20231023/wgs_coverage_regions.hg38.interval_list -bqsr 72210953309787_subsample.sorted.dedupe.recal_data.table --static-quantized-quals 10 --static-quantized-quals 20 --static-quantized-quals 30 -O 72210953309787_subsample.sorted.dedupe.recal.bam
11:13:20.077 INFO  NativeLibraryLoader - Loading libgkl_compression.so from jar:file:/export/approved/gatk-4.5.0.0/gatk-package-4.5.0.0-local.jar!/com/intel/gkl/native/libgkl_compression.so
11:13:20.406 INFO  ApplyBQSR - ------------------------------------------------------------
11:13:20.412 INFO  ApplyBQSR - The Genome Analysis Toolkit (GATK) v4.5.0.0
11:13:20.412 INFO  ApplyBQSR - For support and documentation go to https://software.broadinstitute.org/gatk/
11:13:20.413 INFO  ApplyBQSR - Executing as andrew@compute-0-8 on Linux v5.15.0-75-generic amd64
11:13:20.413 INFO  ApplyBQSR - Java runtime: OpenJDK 64-Bit Server VM v19.0.2+7-Ubuntu-0ubuntu322.04
11:13:20.413 INFO  ApplyBQSR - Start Date/Time: April 26, 2024 at 11:13:20 AM UTC
11:13:20.414 INFO  ApplyBQSR - ------------------------------------------------------------
11:13:20.414 INFO  ApplyBQSR - ------------------------------------------------------------
11:13:20.415 INFO  ApplyBQSR - HTSJDK Version: 4.1.0
11:13:20.415 INFO  ApplyBQSR - Picard Version: 3.1.1
11:13:20.415 INFO  ApplyBQSR - Built for Spark Version: 3.5.0
11:13:20.416 INFO  ApplyBQSR - HTSJDK Defaults.COMPRESSION_LEVEL : 2
11:13:20.416 INFO  ApplyBQSR - HTSJDK Defaults.USE_ASYNC_IO_READ_FOR_SAMTOOLS : false
11:13:20.416 INFO  ApplyBQSR - HTSJDK Defaults.USE_ASYNC_IO_WRITE_FOR_SAMTOOLS : true
11:13:20.417 INFO  ApplyBQSR - HTSJDK Defaults.USE_ASYNC_IO_WRITE_FOR_TRIBBLE : false
11:13:20.417 INFO  ApplyBQSR - Deflater: IntelDeflater
11:13:20.417 INFO  ApplyBQSR - Inflater: IntelInflater
11:13:20.417 INFO  ApplyBQSR - GCS max retries/reopens: 20
11:13:20.418 INFO  ApplyBQSR - Requester pays: disabled
11:13:20.419 INFO  ApplyBQSR - Initializing engine
11:13:21.184 INFO  FeatureManager - Using codec IntervalListCodec to read file file:///export/home/andrew/genome/hg38_v0_20231023/wgs_coverage_regions.hg38.interval_list
11:13:21.317 INFO  IntervalArgumentCollection - Processing 2875001522 bp from intervals
11:13:21.341 INFO  ApplyBQSR - Done initializing engine
11:13:21.616 INFO  ProgressMeter - Starting traversal
11:13:21.617 INFO  ProgressMeter -        Current Locus  Elapsed Minutes       Reads Processed     Reads/Minute
11:13:31.652 INFO  ProgressMeter -        chr1:11827436              0.2                259000        1548888.7
11:13:41.660 INFO  ProgressMeter -        chr1:22397566              0.3                500000        1496856.6
11:13:51.669 INFO  ProgressMeter -        chr1:33593484              0.5                745000        1487421.8
11:14:01.694 INFO  ProgressMeter -        chr1:46114953              0.7               1022000        1530092.8
11:14:11.715 INFO  ProgressMeter -        chr1:61607222              0.8               1370000        1640784.1
11:14:21.755 INFO  ProgressMeter -        chr1:74342938              1.0               1654000        1650204.5
11:14:31.765 INFO  ProgressMeter -        chr1:85627025              1.2               1906000        1630290.7
11:14:41.771 INFO  ProgressMeter -        chr1:96621083              1.3               2152000        1610899.0
11:14:51.984 INFO  ProgressMeter -       chr1:111065805              1.5               2472000        1641307.1
11:15:02.001 INFO  ProgressMeter -       chr1:124925727              1.7               2820000        1685527.6
11:15:12.007 INFO  ProgressMeter -       chr1:152567634              1.8               3157000        1715931.8
11:15:22.024 INFO  ProgressMeter -       chr1:165651305              2.0               3451000        1719681.7
11:15:32.055 INFO  ProgressMeter -       chr1:176696877              2.2               3698000        1701051.1
11:15:42.081 INFO  ProgressMeter -       chr1:187074557              2.3               3932000        1679588.2
11:15:52.103 INFO  ProgressMeter -       chr1:198768700              2.5               4186000        1668992.5
11:16:02.133 INFO  ProgressMeter -       chr1:209712243              2.7               4433000        1657041.4
11:16:12.161 INFO  ProgressMeter -       chr1:220634899              2.8               4679000        1646144.1
11:16:22.199 INFO  ProgressMeter -       chr1:231540030              3.0               4924000        1636043.5
11:16:32.199 INFO  ProgressMeter -       chr1:242842517              3.2               5176000        1629534.8
11:16:42.222 INFO  ProgressMeter -         chr2:6978452              3.3               5466000        1634862.7
11:16:52.247 INFO  ProgressMeter -        chr2:22118330              3.5               5809000        1654750.0
11:17:02.272 INFO  ProgressMeter -        chr2:37684901              3.7               6156000        1673932.9
11:17:12.296 INFO  ProgressMeter -        chr2:50435638              3.8               6440000        1675054.9
11:17:22.310 INFO  ProgressMeter -        chr2:61523912              4.0               6687000        1666936.7
11:17:32.323 INFO  ProgressMeter -        chr2:72821093              4.2               6940000        1660909.6
11:17:42.331 INFO  ProgressMeter -        chr2:83507804              4.3               7176000        1651464.8
11:17:52.340 INFO  ProgressMeter -        chr2:94692540              4.5               7420000        1644491.4
11:18:02.360 INFO  ProgressMeter -       chr2:105903608              4.7               7673000        1639862.8
11:18:12.388 INFO  ProgressMeter -       chr2:116813584              4.8               7918000        1633863.1
11:18:22.396 INFO  ProgressMeter -       chr2:132608847              5.0               8269000        1649516.8
11:18:32.398 INFO  ProgressMeter -       chr2:147231510              5.2               8596000        1659560.9
11:18:42.482 INFO  ProgressMeter -       chr2:159270046              5.3               8865000        1657711.7
11:18:52.517 INFO  ProgressMeter -       chr2:170602974              5.5               9119000        1653495.5
11:19:02.535 INFO  ProgressMeter -       chr2:180405655              5.7               9340000        1643801.9
11:19:12.557 INFO  ProgressMeter -       chr2:191883504              5.8               9594000        1640285.1
11:19:22.559 INFO  ProgressMeter -       chr2:202615106              6.0               9831000        1634228.3
11:19:32.578 INFO  ProgressMeter -       chr2:213666254              6.2              10079000        1630202.7
11:19:42.611 INFO  ProgressMeter -       chr2:224915874              6.3              10333000        1627269.7
11:19:52.619 INFO  ProgressMeter -       chr2:238575452              6.5              10639000        1632574.8
11:20:02.625 INFO  ProgressMeter -        chr3:11523935              6.7              10979000        1642710.4
11:20:12.635 INFO  ProgressMeter -        chr3:26343015              6.9              11314000        1651606.5
11:20:22.636 INFO  ProgressMeter -        chr3:39836105              7.0              11616000        1655412.2
11:20:32.670 INFO  ProgressMeter -        chr3:50643357              7.2              11859000        1650701.9
11:20:42.684 INFO  ProgressMeter -        chr3:61877205              7.4              12111000        1647508.5
11:20:52.720 INFO  ProgressMeter -        chr3:72530480              7.5              12353000        1643039.4
11:21:02.757 INFO  ProgressMeter -        chr3:83724618              7.7              12606000        1640196.0
11:21:12.763 INFO  ProgressMeter -        chr3:93470637              7.9              12860000        1637708.9
11:21:22.773 INFO  ProgressMeter -       chr3:108331120              8.0              13199000        1645911.1
11:21:32.785 INFO  ProgressMeter -       chr3:123950503              8.2              13545000        1654627.3
11:21:42.810 INFO  ProgressMeter -       chr3:138650330              8.4              13873000        1660800.7
11:21:52.810 INFO  ProgressMeter -       chr3:149958125              8.5              14125000        1657886.6
11:22:02.839 INFO  ProgressMeter -       chr3:160548861              8.7              14363000        1653383.8
11:22:12.862 INFO  ProgressMeter -       chr3:171814311              8.9              14609000        1649976.3
11:22:22.871 INFO  ProgressMeter -       chr3:183145760              9.0              14861000        1647396.6
11:22:32.901 INFO  ProgressMeter -       chr3:194229745              9.2              15110000        1644524.4
11:22:42.929 INFO  ProgressMeter -         chr4:9979947              9.4              15429000        1649243.2
11:22:52.938 INFO  ProgressMeter -        chr4:24445631              9.5              15753000        1654376.4
11:23:02.938 INFO  ProgressMeter -        chr4:40198667              9.7              16099000        1661629.3
11:23:12.971 INFO  ProgressMeter -        chr4:50295795              9.9              16395000        1663470.6
11:23:22.980 INFO  ProgressMeter -        chr4:61167231             10.0              16648000        1661026.7
11:23:32.997 INFO  ProgressMeter -        chr4:72196846             10.2              16889000        1657466.2
11:23:43.034 INFO  ProgressMeter -        chr4:83552637             10.4              17142000        1655120.5
11:23:53.055 INFO  ProgressMeter -        chr4:94583385             10.5              17386000        1652038.7
11:24:03.074 INFO  ProgressMeter -       chr4:106949401             10.7              17660000        1651864.4
11:24:13.085 INFO  ProgressMeter -       chr4:121514264             10.9              17982000        1656139.1
11:24:23.086 INFO  ProgressMeter -       chr4:136916818             11.0              18319000        1661665.2
11:24:33.097 INFO  ProgressMeter -       chr4:152364550             11.2              18665000        1667810.9
11:24:43.098 INFO  ProgressMeter -       chr4:164849146             11.4              18940000        1667544.7
11:24:53.136 INFO  ProgressMeter -       chr4:176333005             11.5              19193000        1665290.5
11:25:03.155 INFO  ProgressMeter -       chr4:187151789             11.7              19434000        1662119.5
11:25:13.186 INFO  ProgressMeter -         chr5:7715711             11.9              19682000        1659600.1
11:25:23.191 INFO  ProgressMeter -        chr5:18763865             12.0              19934000        1657543.1
11:25:33.194 INFO  ProgressMeter -        chr5:33721941             12.2              20261000        1661697.9
11:25:43.203 INFO  ProgressMeter -        chr5:49854959             12.4              20597000        1666457.7
11:25:53.228 INFO  ProgressMeter -        chr5:65244607             12.5              20946000        1672088.4
11:26:03.245 INFO  ProgressMeter -        chr5:80299702             12.7              21281000        1676487.7
11:26:13.250 INFO  ProgressMeter -        chr5:92041332             12.9              21539000        1674811.7
11:26:23.278 INFO  ProgressMeter -       chr5:103139450             13.0              21785000        1672208.3
11:26:33.345 INFO  ProgressMeter -       chr5:114440822             13.2              22036000        1669967.5
11:26:43.378 INFO  ProgressMeter -       chr5:125890191             13.4              22290000        1668078.1
11:26:53.388 INFO  ProgressMeter -       chr5:136798754             13.5              22533000        1665469.7
11:27:03.388 INFO  ProgressMeter -       chr5:148174930             13.7              22788000        1663821.2
11:27:13.395 INFO  ProgressMeter -       chr5:159183192             13.9              23037000        1661767.5
11:27:23.395 INFO  ProgressMeter -       chr5:170297504             14.0              23286000        1659774.5
11:27:33.421 INFO  ProgressMeter -          chr6:374832             14.2              23538000        1657987.0
11:27:43.433 INFO  ProgressMeter -        chr6:11302866             14.4              23786000        1655991.5
11:27:53.450 INFO  ProgressMeter -        chr6:22312247             14.5              24033000        1653963.5
11:28:03.476 INFO  ProgressMeter -        chr6:33595405             14.7              24281000        1652032.8
11:28:13.478 INFO  ProgressMeter -        chr6:44573264             14.9              24528000        1650122.6
11:28:23.505 INFO  ProgressMeter -        chr6:55756854             15.0              24778000        1648410.5
11:28:33.528 INFO  ProgressMeter -        chr6:69270750             15.2              25106000        1651871.7
11:28:43.539 INFO  ProgressMeter -        chr6:84457531             15.4              25443000        1655866.8
11:28:53.559 INFO  ProgressMeter -       chr6:100278856             15.5              25792000        1660532.5
11:29:03.586 INFO  ProgressMeter -       chr6:112098771             15.7              26055000        1659608.8
11:29:13.599 INFO  ProgressMeter -       chr6:123460021             15.9              26308000        1658098.6
11:29:23.621 INFO  ProgressMeter -       chr6:134358999             16.0              26552000        1656043.0
11:29:33.630 INFO  ProgressMeter -       chr6:145672726             16.2              26805000        1654609.2
11:29:43.633 INFO  ProgressMeter -       chr6:156655165             16.4              27051000        1652783.7
11:29:53.644 INFO  ProgressMeter -       chr6:169755693             16.5              27347000        1654009.1
11:30:03.837 INFO  ProgressMeter -        chr7:14161818             16.7              27678000        1657001.5
11:30:13.845 INFO  ProgressMeter -        chr7:29583862             16.9              28024000        1661129.4
11:30:24.274 INFO  ProgressMeter -        chr7:44420042             17.0              28358000        1663785.3
11:30:34.280 INFO  ProgressMeter -        chr7:55674986             17.2              28610000        1662304.2
11:30:44.611 INFO  ProgressMeter -        chr7:67480684             17.4              28857000        1660047.9
11:30:54.621 INFO  ProgressMeter -        chr7:79104733             17.6              29108000        1658569.2
11:31:05.085 INFO  ProgressMeter -        chr7:90470316             17.7              29359000        1656410.9
11:31:15.108 INFO  ProgressMeter -       chr7:103376952             17.9              29645000        1656930.5
11:31:25.116 INFO  ProgressMeter -       chr7:118476903             18.1              29983000        1660343.0
11:31:35.119 INFO  ProgressMeter -       chr7:134088783             18.2              30329000        1664139.6
11:31:45.127 INFO  ProgressMeter -       chr7:148924920             18.4              30656000        1666826.8
11:31:55.160 INFO  ProgressMeter -         chr8:2245533             18.6              30934000        1666787.9
11:32:05.180 INFO  ProgressMeter -        chr8:13580879             18.7              31185000        1665328.7
11:32:15.214 INFO  ProgressMeter -        chr8:24318392             18.9              31424000        1663236.6
11:32:25.216 INFO  ProgressMeter -        chr8:35629083             19.1              31676000        1661911.2
11:32:35.235 INFO  ProgressMeter -        chr8:46792911             19.2              31926000        1660481.8
11:32:45.258 INFO  ProgressMeter -        chr8:59989393             19.4              32220000        1661337.1
11:32:55.261 INFO  ProgressMeter -        chr8:76112489             19.6              32578000        1665480.9
11:33:05.278 INFO  ProgressMeter -        chr8:90555880             19.7              32906000        1668011.4
11:33:15.297 INFO  ProgressMeter -       chr8:106498441             19.9              33262000        1671905.4
11:33:25.305 INFO  ProgressMeter -       chr8:123050639             20.1              33631000        1676399.3
11:33:35.317 INFO  ProgressMeter -       chr8:135794188             20.2              33921000        1676905.3
11:33:45.333 INFO  ProgressMeter -         chr9:7274943             20.4              34291000        1681321.5
11:33:55.349 INFO  ProgressMeter -        chr9:23997633             20.6              34662000        1685715.9
11:34:05.361 INFO  ProgressMeter -        chr9:38343732             20.7              34979000        1687438.6
11:34:15.362 INFO  ProgressMeter -        chr9:72124225             20.9              35347000        1691589.4
11:34:25.364 INFO  ProgressMeter -        chr9:88977729             21.1              35723000        1696052.8
11:34:35.388 INFO  ProgressMeter -       chr9:104562015             21.2              36070000        1699050.8
11:34:45.412 INFO  ProgressMeter -       chr9:121554555             21.4              36452000        1703636.5
11:34:55.437 INFO  ProgressMeter -         chr10:595347             21.6              36832000        1708058.3
11:35:05.445 INFO  ProgressMeter -       chr10:16084317             21.7              37178000        1710871.2
11:35:15.466 INFO  ProgressMeter -       chr10:33369989             21.9              37559000        1715219.9
11:35:25.473 INFO  ProgressMeter -       chr10:48766965             22.1              37937000        1719387.7
11:35:35.485 INFO  ProgressMeter -       chr10:63987419             22.2              38279000        1721864.5
11:35:45.495 INFO  ProgressMeter -       chr10:81019155             22.4              38660000        1726049.5
11:35:55.514 INFO  ProgressMeter -       chr10:98040708             22.6              39040000        1730116.8
11:36:05.525 INFO  ProgressMeter -      chr10:113488700             22.7              39385000        1732596.1
11:36:15.540 INFO  ProgressMeter -      chr10:130216537             22.9              39765000        1736560.2
11:36:25.543 INFO  ProgressMeter -       chr11:13257422             23.1              40144000        1740439.9
11:36:35.553 INFO  ProgressMeter -       chr11:28697873             23.2              40489000        1742791.6
11:36:45.567 INFO  ProgressMeter -       chr11:45762725             23.4              40871000        1746686.1
11:36:55.573 INFO  ProgressMeter -       chr11:62073091             23.6              41232000        1749644.3
11:37:05.598 INFO  ProgressMeter -       chr11:78882040             23.7              41601000        1752874.5
11:37:15.612 INFO  ProgressMeter -       chr11:94207550             23.9              41942000        1754901.5
11:37:25.638 INFO  ProgressMeter -      chr11:110105061             24.1              42298000        1757510.3
11:37:35.695 INFO  ProgressMeter -      chr11:123930411             24.2              42609000        1758186.3
11:37:45.730 INFO  ProgressMeter -        chr12:4634294             24.4              42968000        1760847.7
11:37:55.731 INFO  ProgressMeter -       chr12:20676806             24.6              43322000        1763310.0
11:38:06.464 INFO  ProgressMeter -       chr12:37822638             24.7              43684000        1765192.0
11:38:16.480 INFO  ProgressMeter -       chr12:54688750             24.9              44058000        1768377.3
11:38:26.485 INFO  ProgressMeter -       chr12:69682313             25.1              44390000        1769856.2
11:38:36.518 INFO  ProgressMeter -       chr12:80731560             25.2              44635000        1767838.3
11:38:46.742 INFO  ProgressMeter -       chr12:91963766             25.4              44884000        1765783.1
11:38:56.949 INFO  ProgressMeter -      chr12:103159684             25.6              45133000        1763776.0
11:39:07.194 INFO  ProgressMeter -      chr12:114204031             25.8              45382000        1761751.0
11:39:17.617 INFO  ProgressMeter -      chr12:125435123             25.9              45630000        1759512.7
11:39:27.621 INFO  ProgressMeter -       chr13:17170577             26.1              45881000        1757889.4
11:39:37.695 INFO  ProgressMeter -       chr13:24912149             26.3              46133000        1756246.7
11:39:47.714 INFO  ProgressMeter -       chr13:36258049             26.4              46386000        1754722.4
11:39:57.721 INFO  ProgressMeter -       chr13:49217007             26.6              46676000        1754623.6
11:40:07.738 INFO  ProgressMeter -       chr13:64865249             26.8              47022000        1756604.9
11:40:17.739 INFO  ProgressMeter -       chr13:80248779             26.9              47362000        1758358.4
11:40:27.770 INFO  ProgressMeter -       chr13:92180504             27.1              47622000        1757105.1
11:40:37.792 INFO  ProgressMeter -      chr13:103306939             27.3              47871000        1755472.4
11:40:47.827 INFO  ProgressMeter -       chr14:18232270             27.4              48119000        1753810.3
11:40:57.845 INFO  ProgressMeter -       chr14:29031820             27.6              48367000        1752186.3
11:41:07.860 INFO  ProgressMeter -       chr14:40177899             27.8              48613000        1750513.0
11:41:17.865 INFO  ProgressMeter -       chr14:54166484             27.9              48918000        1750982.0
11:41:27.871 INFO  ProgressMeter -       chr14:65255766             28.1              49166000        1749416.2
11:41:37.885 INFO  ProgressMeter -       chr14:76321144             28.3              49414000        1747860.6
11:41:47.885 INFO  ProgressMeter -       chr14:87479306             28.4              49663000        1746372.8
11:41:57.888 INFO  ProgressMeter -       chr14:98518997             28.6              49913000        1744934.2
11:42:07.888 INFO  ProgressMeter -       chr15:20374433             28.8              50161000        1743445.8
11:42:17.908 INFO  ProgressMeter -       chr15:31736405             28.9              50405000        1741816.3
11:42:27.917 INFO  ProgressMeter -       chr15:42861442             29.1              50651000        1740285.2
11:42:37.953 INFO  ProgressMeter -       chr15:54167050             29.3              50902000        1738916.6
11:42:47.952 INFO  ProgressMeter -       chr15:66714237             29.4              51182000        1738583.0
11:42:57.956 INFO  ProgressMeter -       chr15:81906480             29.6              51525000        1740377.3
11:43:07.979 INFO  ProgressMeter -       chr15:95467574             29.8              51826000        1740722.2
11:43:17.998 INFO  ProgressMeter -        chr16:8297535             29.9              52156000        1742035.8
11:43:28.013 INFO  ProgressMeter -       chr16:23313745             30.1              52496000        1743670.8
11:43:38.013 INFO  ProgressMeter -       chr16:36052816             30.3              52819000        1744740.7
11:43:48.034 INFO  ProgressMeter -       chr16:53282353             30.4              53150000        1746041.6
11:43:58.035 INFO  ProgressMeter -       chr16:64155701             30.6              53393000        1744472.1
11:44:08.035 INFO  ProgressMeter -       chr16:75191944             30.8              53639000        1743018.1
11:44:18.035 INFO  ProgressMeter -       chr16:86387034             30.9              53891000        1741773.7
11:44:28.048 INFO  ProgressMeter -       chr17:11465552             31.1              54223000        1743102.2
11:44:38.066 INFO  ProgressMeter -       chr17:26740332             31.3              54562000        1744635.7
11:44:48.080 INFO  ProgressMeter -       chr17:41070105             31.4              54887000        1745711.4
11:44:58.092 INFO  ProgressMeter -       chr17:57442203             31.6              55248000        1747916.5
11:45:08.109 INFO  ProgressMeter -       chr17:72326198             31.8              55577000        1749086.8
11:45:18.135 INFO  ProgressMeter -        chr18:2879840             31.9              55908000        1750300.2
11:45:28.163 INFO  ProgressMeter -       chr18:14744325             32.1              56174000        1749472.9
11:45:38.164 INFO  ProgressMeter -       chr18:27046193             32.3              56420000        1748059.8
11:45:48.197 INFO  ProgressMeter -       chr18:37636870             32.4              56656000        1746325.2
11:45:58.205 INFO  ProgressMeter -       chr18:50116429             32.6              56936000        1745979.1
11:46:08.224 INFO  ProgressMeter -       chr18:65273552             32.8              57277000        1747486.9
11:46:18.231 INFO  ProgressMeter -         chr19:126660             32.9              57613000        1748840.1
11:46:28.257 INFO  ProgressMeter -       chr19:15831949             33.1              57940000        1749890.1
11:46:38.287 INFO  ProgressMeter -       chr19:30507833             33.3              58204000        1749032.1
11:46:48.319 INFO  ProgressMeter -       chr19:41808523             33.4              58451000        1747673.5
11:46:58.329 INFO  ProgressMeter -       chr19:55048598             33.6              58734000        1747418.6
11:47:08.332 INFO  ProgressMeter -        chr20:7636925             33.8              58979000        1746047.2
11:47:18.354 INFO  ProgressMeter -       chr20:18387214             33.9              59222000        1744614.1
11:47:28.381 INFO  ProgressMeter -       chr20:28568663             34.1              59475000        1743483.9
11:47:38.416 INFO  ProgressMeter -       chr20:38240591             34.3              59717000        1742037.0
11:47:48.425 INFO  ProgressMeter -       chr20:48183468             34.4              59942000        1740133.5
11:47:58.430 INFO  ProgressMeter -       chr20:59124500             34.6              60188000        1738857.4
11:48:08.447 INFO  ProgressMeter -        chr21:8450222             34.8              60431000        1737497.4
11:48:18.463 INFO  ProgressMeter -       chr21:18563000             34.9              60675000        1736179.0
11:48:28.485 INFO  ProgressMeter -       chr21:29771371             35.1              60922000        1734954.4
11:48:38.497 INFO  ProgressMeter -       chr21:40676643             35.3              61168000        1733721.3
11:48:48.535 INFO  ProgressMeter -       chr22:17232040             35.4              61412000        1732422.2
11:48:58.565 INFO  ProgressMeter -       chr22:28181016             35.6              61656000        1731142.6
11:49:08.576 INFO  ProgressMeter -       chr22:39558476             35.8              61907000        1730084.3
11:49:18.342 INFO  ApplyBQSR - 0 read(s) filtered by: WellformedReadFilter 

11:49:18.342 INFO  ProgressMeter -       chr22:50765430             35.9              62151985        1729065.6
11:49:18.342 INFO  ProgressMeter - Traversal complete. Processed 62151985 total reads in 35.9 minutes.
11:49:19.217 INFO  ApplyBQSR - Shutting down engine
[April 26, 2024 at 11:49:19 AM UTC] org.broadinstitute.hellbender.tools.walkers.bqsr.ApplyBQSR done. Elapsed time: 35.99 minutes.
Runtime.totalMemory()=847249408
Stage 2: Done BQSR for 72210953309787_subsample.sorted.dedupe.bam
