Using GATK jar /export/approved/gatk-4.5.0.0/gatk-package-4.5.0.0-local.jar
Running:
    java -Dsamjdk.use_async_io_read_samtools=false -Dsamjdk.use_async_io_write_samtools=true -Dsamjdk.use_async_io_write_tribble=false -Dsamjdk.compression_level=2 -Xmx40G -XX:+UseParallelGC -XX:ParallelGCThreads=2 -jar /export/approved/gatk-4.5.0.0/gatk-package-4.5.0.0-local.jar HaplotypeCaller -R /export/home/andrew/genome/hg38_v0_20231023/Homo_sapiens_assembly38.fasta -I APH_subsampled.sorted.final.bam -L chr21 -O called.chr21.recal.g.vcf.gz -G StandardAnnotation -G StandardHCAnnotation -GQB 10 -GQB 20 -GQB 30 -GQB 40 -GQB 50 -GQB 60 -GQB 70 -GQB 80 -GQB 90 --native-pair-hmm-threads 8 -ERC GVCF
09:34:41.324 WARN  GATKAnnotationPluginDescriptor - Redundant enabled annotation group (StandardAnnotation) is enabled for this tool by default
09:34:41.329 WARN  GATKAnnotationPluginDescriptor - Redundant enabled annotation group (StandardHCAnnotation) is enabled for this tool by default
09:34:41.390 INFO  NativeLibraryLoader - Loading libgkl_compression.so from jar:file:/export/approved/gatk-4.5.0.0/gatk-package-4.5.0.0-local.jar!/com/intel/gkl/native/libgkl_compression.so
09:34:41.648 INFO  HaplotypeCaller - ------------------------------------------------------------
09:34:41.653 INFO  HaplotypeCaller - The Genome Analysis Toolkit (GATK) v4.5.0.0
09:34:41.653 INFO  HaplotypeCaller - For support and documentation go to https://software.broadinstitute.org/gatk/
09:34:41.653 INFO  HaplotypeCaller - Executing as andrew@compute-0-11 on Linux v5.15.0-75-generic amd64
09:34:41.653 INFO  HaplotypeCaller - Java runtime: OpenJDK 64-Bit Server VM v19.0.2+7-Ubuntu-0ubuntu322.04
09:34:41.653 INFO  HaplotypeCaller - Start Date/Time: April 29, 2024 at 9:34:41 AM UTC
09:34:41.653 INFO  HaplotypeCaller - ------------------------------------------------------------
09:34:41.653 INFO  HaplotypeCaller - ------------------------------------------------------------
09:34:41.654 INFO  HaplotypeCaller - HTSJDK Version: 4.1.0
09:34:41.655 INFO  HaplotypeCaller - Picard Version: 3.1.1
09:34:41.655 INFO  HaplotypeCaller - Built for Spark Version: 3.5.0
09:34:41.655 INFO  HaplotypeCaller - HTSJDK Defaults.COMPRESSION_LEVEL : 2
09:34:41.655 INFO  HaplotypeCaller - HTSJDK Defaults.USE_ASYNC_IO_READ_FOR_SAMTOOLS : false
09:34:41.655 INFO  HaplotypeCaller - HTSJDK Defaults.USE_ASYNC_IO_WRITE_FOR_SAMTOOLS : true
09:34:41.656 INFO  HaplotypeCaller - HTSJDK Defaults.USE_ASYNC_IO_WRITE_FOR_TRIBBLE : false
09:34:41.656 INFO  HaplotypeCaller - Deflater: IntelDeflater
09:34:41.656 INFO  HaplotypeCaller - Inflater: IntelInflater
09:34:41.656 INFO  HaplotypeCaller - GCS max retries/reopens: 20
09:34:41.656 INFO  HaplotypeCaller - Requester pays: disabled
09:34:41.657 INFO  HaplotypeCaller - Initializing engine
09:34:42.202 INFO  IntervalArgumentCollection - Processing 46709983 bp from intervals
09:34:42.220 INFO  HaplotypeCaller - Done initializing engine
09:34:42.223 INFO  HaplotypeCallerEngine - Tool is in reference confidence mode and the annotation, the following changes will be made to any specified annotations: 'StrandBiasBySample' will be enabled. 'ChromosomeCounts', 'FisherStrand', 'StrandOddsRatio' and 'QualByDepth' annotations have been disabled
09:34:42.353 INFO  NativeLibraryLoader - Loading libgkl_utils.so from jar:file:/export/approved/gatk-4.5.0.0/gatk-package-4.5.0.0-local.jar!/com/intel/gkl/native/libgkl_utils.so
09:34:42.354 INFO  SmithWatermanAligner - AVX accelerated SmithWaterman implementation is not supported, falling back to the Java implementation
09:34:42.359 INFO  HaplotypeCallerEngine - Standard Emitting and Calling confidence set to -0.0 for reference-model confidence output
09:34:42.359 INFO  HaplotypeCallerEngine - All sites annotated with PLs forced to true for reference-model confidence output
09:34:42.371 INFO  NativeLibraryLoader - Loading libgkl_pairhmm_omp.so from jar:file:/export/approved/gatk-4.5.0.0/gatk-package-4.5.0.0-local.jar!/com/intel/gkl/native/libgkl_pairhmm_omp.so
09:34:42.396 INFO  IntelPairHmm - Flush-to-zero (FTZ) is enabled when running PairHMM
09:34:42.396 INFO  IntelPairHmm - Available threads: 10
09:34:42.396 INFO  IntelPairHmm - Requested threads: 8
09:34:42.396 INFO  PairHMM - Using the OpenMP multi-threaded AVX-accelerated native PairHMM implementation
09:34:43.754 INFO  ProgressMeter - Starting traversal
09:34:43.755 INFO  ProgressMeter -        Current Locus  Elapsed Minutes     Regions Processed   Regions/Minute
09:34:50.239 WARN  InbreedingCoeff - InbreedingCoeff will not be calculated at position chr21:5031465 and possibly subsequent; at least 10 samples must have called genotypes
09:34:53.954 INFO  ProgressMeter -        chr21:5217715              0.2                 17430         102549.5
09:35:03.956 INFO  ProgressMeter -        chr21:5232126              0.3                 17560          52155.8
09:35:14.600 INFO  ProgressMeter -        chr21:5245262              0.5                 17680          34391.3
09:35:19.029 WARN  DepthPerSampleHC - Annotation will not be calculated at position chr21:5306760 and possibly subsequent; genotype for sample APH_subsampled is not called
09:35:19.030 WARN  StrandBiasBySample - Annotation will not be calculated at position chr21:5306760 and possibly subsequent; genotype for sample APH_subsampled is not called
09:35:24.779 INFO  ProgressMeter -        chr21:5379525              0.7                 18420          26940.3
09:35:34.800 INFO  ProgressMeter -        chr21:7249529              0.9                 24860          29221.3
09:35:44.844 INFO  ProgressMeter -        chr21:7954164              1.0                 27510          27019.6
09:35:54.899 INFO  ProgressMeter -        chr21:8420207              1.2                 29290          24702.0
09:36:08.242 INFO  ProgressMeter -        chr21:8991434              1.4                 31650          22476.8
09:36:18.956 INFO  ProgressMeter -        chr21:8999798              1.6                 31710          19985.3
09:36:28.959 INFO  ProgressMeter -        chr21:9010868              1.8                 31810          18141.9
09:36:39.402 INFO  ProgressMeter -        chr21:9247396              1.9                 33050          17147.0
09:36:49.449 INFO  ProgressMeter -        chr21:9756797              2.1                 35480          16936.4
09:36:59.516 INFO  ProgressMeter -        chr21:9863984              2.3                 36180          15989.9
09:37:11.642 INFO  ProgressMeter -       chr21:10271754              2.5                 38290          15534.8
09:37:21.918 INFO  ProgressMeter -       chr21:10352284              2.6                 38710          14684.9
09:37:32.428 INFO  ProgressMeter -       chr21:10374043              2.8                 38890          13833.9
09:37:43.318 INFO  ProgressMeter -       chr21:10397314              3.0                 39070          13055.0
09:37:54.459 INFO  ProgressMeter -       chr21:10419867              3.2                 39230          12342.8
09:38:05.146 INFO  ProgressMeter -       chr21:10428554              3.4                 39290          11705.6
09:38:16.120 INFO  ProgressMeter -       chr21:10441400              3.5                 39390          11129.0
09:38:26.143 INFO  ProgressMeter -       chr21:10452650              3.7                 39480          10651.7
09:38:36.309 INFO  ProgressMeter -       chr21:10462769              3.9                 39570          10209.2
09:38:46.346 INFO  ProgressMeter -       chr21:10523262              4.0                 39990           9890.7
09:38:56.499 INFO  ProgressMeter -       chr21:10751301              4.2                 41600           9875.6
09:39:06.500 INFO  ProgressMeter -       chr21:10785664              4.4                 41870           9561.4
09:39:18.166 INFO  ProgressMeter -       chr21:10807127              4.6                 42020           9187.7
09:39:28.177 INFO  ProgressMeter -       chr21:12978983              4.7                 49330          10406.4
09:39:38.179 INFO  ProgressMeter -       chr21:13933010              4.9                 53590          10921.0
09:39:48.185 INFO  ProgressMeter -       chr21:14639581              5.1                 57200          11273.6
09:39:58.198 INFO  ProgressMeter -       chr21:15598492              5.2                 61630          11759.8
09:40:08.202 INFO  ProgressMeter -       chr21:16468466              5.4                 65840          12175.8
09:40:18.229 INFO  ProgressMeter -       chr21:17337544              5.6                 69990          12555.2
09:40:28.237 INFO  ProgressMeter -       chr21:18163625              5.7                 74010          12890.7
09:40:38.252 INFO  ProgressMeter -       chr21:18954746              5.9                 77900          13184.9
09:40:48.262 INFO  ProgressMeter -       chr21:19727770              6.1                 81710          13449.9
09:40:58.356 INFO  ProgressMeter -       chr21:20455342              6.2                 85530          13699.4
09:41:08.378 INFO  ProgressMeter -       chr21:21058866              6.4                 88600          13821.3
09:41:18.380 INFO  ProgressMeter -       chr21:21717361              6.6                 92090          14001.6
09:41:28.397 INFO  ProgressMeter -       chr21:22581376              6.7                 96260          14273.4
09:41:38.408 INFO  ProgressMeter -       chr21:23472206              6.9                100480          14539.4
09:41:48.421 INFO  ProgressMeter -       chr21:24114152              7.1                103800          14665.6
09:41:58.425 INFO  ProgressMeter -       chr21:24862725              7.2                107670          14862.3
09:42:08.440 INFO  ProgressMeter -       chr21:25986553              7.4                112530          15183.3
09:42:18.440 INFO  ProgressMeter -       chr21:26810124              7.6                116640          15391.8
09:42:28.467 INFO  ProgressMeter -       chr21:27639490              7.7                120730          15587.7
09:42:38.553 INFO  ProgressMeter -       chr21:28436263              7.9                124590          15744.4
09:42:48.566 INFO  ProgressMeter -       chr21:29185152              8.1                128240          15870.9
09:42:58.631 INFO  ProgressMeter -       chr21:30243230              8.2                132870          16109.5
09:43:08.665 INFO  ProgressMeter -       chr21:31067557              8.4                136900          16268.2
09:43:18.695 INFO  ProgressMeter -       chr21:32057007              8.6                141460          16482.7
09:43:28.709 INFO  ProgressMeter -       chr21:33027179              8.7                145940          16680.3
09:43:38.739 INFO  ProgressMeter -       chr21:34037771              8.9                150600          16890.2
09:43:48.742 INFO  ProgressMeter -       chr21:35057009              9.1                155120          17077.8
09:43:58.754 INFO  ProgressMeter -       chr21:35995500              9.2                159350          17227.1
09:44:08.768 INFO  ProgressMeter -       chr21:36735279              9.4                163150          17325.3
09:44:18.817 INFO  ProgressMeter -       chr21:37643009              9.6                167270          17452.4
09:44:28.829 INFO  ProgressMeter -       chr21:38544081              9.8                171350          17572.1
09:44:38.854 INFO  ProgressMeter -       chr21:39212193              9.9                174780          17621.9
09:44:48.866 INFO  ProgressMeter -       chr21:39898983             10.1                178220          17671.5
09:44:58.883 INFO  ProgressMeter -       chr21:40673601             10.3                181930          17745.6
09:45:08.884 INFO  ProgressMeter -       chr21:41480168             10.4                185780          17831.2
09:45:18.888 INFO  ProgressMeter -       chr21:42178764             10.6                189310          17883.8
09:45:29.196 INFO  ProgressMeter -       chr21:42968166             10.8                193230          17962.6
09:45:39.201 INFO  ProgressMeter -       chr21:44272522             10.9                198810          18199.2
09:45:49.229 INFO  ProgressMeter -       chr21:44990188             11.1                202430          18251.4
09:45:59.231 INFO  ProgressMeter -       chr21:45832047             11.3                206500          18342.6
09:46:09.238 INFO  ProgressMeter -       chr21:46584597             11.4                210370          18413.6
09:46:10.579 INFO  HaplotypeCaller - 169483 read(s) filtered by: MappingQualityReadFilter 
0 read(s) filtered by: MappingQualityAvailableReadFilter 
0 read(s) filtered by: MappedReadFilter 
0 read(s) filtered by: NotSecondaryAlignmentReadFilter 
58 read(s) filtered by: NotDuplicateReadFilter 
0 read(s) filtered by: PassesVendorQualityCheckReadFilter 
0 read(s) filtered by: NonZeroReferenceLengthAlignmentReadFilter 
0 read(s) filtered by: GoodCigarReadFilter 
0 read(s) filtered by: WellformedReadFilter 
169541 total reads filtered out of 990775 reads processed
09:46:10.579 INFO  ProgressMeter -       chr21:46709583             11.4                210961          18429.3
09:46:10.579 INFO  ProgressMeter - Traversal complete. Processed 210961 total regions in 11.4 minutes.
09:46:10.991 INFO  VectorLoglessPairHMM - Time spent in setup for JNI call : 0.131731013
09:46:10.992 INFO  PairHMM - Total compute time in PairHMM computeLogLikelihoods() : 16.31687998
09:46:10.992 INFO  SmithWatermanAligner - Total compute time in java Smith-Waterman : 253.68 sec
09:46:10.994 INFO  HaplotypeCaller - Shutting down engine
[April 29, 2024 at 9:46:10 AM UTC] org.broadinstitute.hellbender.tools.walkers.haplotypecaller.HaplotypeCaller done. Elapsed time: 11.49 minutes.
Runtime.totalMemory()=1062207488
Stage 4: Completed chrom chr21
