Using GATK jar /export/approved/gatk-4.5.0.0/gatk-package-4.5.0.0-local.jar
Running:
    java -Dsamjdk.use_async_io_read_samtools=false -Dsamjdk.use_async_io_write_samtools=true -Dsamjdk.use_async_io_write_tribble=false -Dsamjdk.compression_level=2 -Xmx30G -XX:ParallelGCThreads=4 -jar /export/approved/gatk-4.5.0.0/gatk-package-4.5.0.0-local.jar GenotypeGVCFs -R /export/home/andrew/genome/hg38_v0_20231023/Homo_sapiens_assembly38.fasta -L chr21 -V called.chr21.recal.g.vcf.gz -O genotype.chr21.vcf.gz
03:38:31.910 INFO  NativeLibraryLoader - Loading libgkl_compression.so from jar:file:/export/approved/gatk-4.5.0.0/gatk-package-4.5.0.0-local.jar!/com/intel/gkl/native/libgkl_compression.so
03:38:34.395 INFO  GenotypeGVCFs - ------------------------------------------------------------
03:38:34.399 INFO  GenotypeGVCFs - The Genome Analysis Toolkit (GATK) v4.5.0.0
03:38:34.400 INFO  GenotypeGVCFs - For support and documentation go to https://software.broadinstitute.org/gatk/
03:38:34.400 INFO  GenotypeGVCFs - Executing as andrew@compute-0-11 on Linux v5.15.0-75-generic amd64
03:38:34.400 INFO  GenotypeGVCFs - Java runtime: OpenJDK 64-Bit Server VM v19.0.2+7-Ubuntu-0ubuntu322.04
03:38:34.401 INFO  GenotypeGVCFs - Start Date/Time: May 2, 2024 at 3:38:31 AM UTC
03:38:34.401 INFO  GenotypeGVCFs - ------------------------------------------------------------
03:38:34.401 INFO  GenotypeGVCFs - ------------------------------------------------------------
03:38:34.402 INFO  GenotypeGVCFs - HTSJDK Version: 4.1.0
03:38:34.403 INFO  GenotypeGVCFs - Picard Version: 3.1.1
03:38:34.403 INFO  GenotypeGVCFs - Built for Spark Version: 3.5.0
03:38:34.403 INFO  GenotypeGVCFs - HTSJDK Defaults.COMPRESSION_LEVEL : 2
03:38:34.404 INFO  GenotypeGVCFs - HTSJDK Defaults.USE_ASYNC_IO_READ_FOR_SAMTOOLS : false
03:38:34.404 INFO  GenotypeGVCFs - HTSJDK Defaults.USE_ASYNC_IO_WRITE_FOR_SAMTOOLS : true
03:38:34.404 INFO  GenotypeGVCFs - HTSJDK Defaults.USE_ASYNC_IO_WRITE_FOR_TRIBBLE : false
03:38:34.404 INFO  GenotypeGVCFs - Deflater: IntelDeflater
03:38:34.405 INFO  GenotypeGVCFs - Inflater: IntelInflater
03:38:34.405 INFO  GenotypeGVCFs - GCS max retries/reopens: 20
03:38:34.405 INFO  GenotypeGVCFs - Requester pays: disabled
03:38:34.406 INFO  GenotypeGVCFs - Initializing engine
03:38:38.102 INFO  FeatureManager - Using codec VCFCodec to read file file:///data3/andrew/genomes/analysis/APH_subsampled/called.chr21.recal.g.vcf.gz
03:38:40.680 INFO  IntervalArgumentCollection - Processing 46709983 bp from intervals
03:38:43.794 INFO  GenotypeGVCFs - Done initializing engine
03:38:45.446 INFO  ProgressMeter - Starting traversal
03:38:48.792 INFO  ProgressMeter -        Current Locus  Elapsed Minutes    Variants Processed  Variants/Minute
03:38:52.123 WARN  ReferenceConfidenceVariantContextMerger - Detected invalid annotations: When trying to merge variant contexts at location chr21:5031465 the annotation MLEAC=[1, 0] was not a numerical value and was ignored
03:38:53.694 WARN  InbreedingCoeff - InbreedingCoeff will not be calculated at position chr21:5031465 and possibly subsequent; at least 10 samples must have called genotypes
03:38:58.892 INFO  ProgressMeter -        chr21:7964094              0.2                 19000         112882.5
03:39:10.774 INFO  ProgressMeter -       chr21:12977762              0.4                105000         286598.1
03:39:21.395 INFO  ProgressMeter -       chr21:18017940              0.5                207000         380946.5
03:39:31.607 INFO  ProgressMeter -       chr21:22017400              0.7                291000         407801.0
03:39:41.630 INFO  ProgressMeter -       chr21:28470399              0.9                424000         481480.8
03:39:51.637 INFO  ProgressMeter -       chr21:34817091              1.0                558000         532739.3
03:40:02.466 INFO  ProgressMeter -       chr21:38917343              1.2                648000         527730.3
03:40:13.912 INFO  ProgressMeter -       chr21:45029026              1.4                771000         543468.0
03:40:16.828 INFO  ProgressMeter -       chr21:46678148              1.5                807155         550107.9
03:40:22.069 INFO  ProgressMeter - Traversal complete. Processed 807155 total variants in 1.5 minutes.
03:40:33.569 INFO  GenotypeGVCFs - Shutting down engine
[May 2, 2024 at 3:40:33 AM UTC] org.broadinstitute.hellbender.tools.walkers.GenotypeGVCFs done. Elapsed time: 2.03 minutes.
Runtime.totalMemory()=436207616
Stage 5: Genotyped chrom
