Using GATK jar /export/approved/gatk-4.5.0.0/gatk-package-4.5.0.0-local.jar
Running:
    java -Dsamjdk.use_async_io_read_samtools=false -Dsamjdk.use_async_io_write_samtools=true -Dsamjdk.use_async_io_write_tribble=false -Dsamjdk.compression_level=2 -Xmx30G -XX:ParallelGCThreads=4 -jar /export/approved/gatk-4.5.0.0/gatk-package-4.5.0.0-local.jar GenotypeGVCFs -R /export/home/andrew/genome/hg38_v0_20231023/Homo_sapiens_assembly38.fasta -L chr1 -V called.chr1.recal.g.vcf.gz -O genotype.chr1.vcf.gz
03:33:40.252 INFO  NativeLibraryLoader - Loading libgkl_compression.so from jar:file:/export/approved/gatk-4.5.0.0/gatk-package-4.5.0.0-local.jar!/com/intel/gkl/native/libgkl_compression.so
03:34:03.269 INFO  GenotypeGVCFs - ------------------------------------------------------------
03:34:09.612 INFO  GenotypeGVCFs - The Genome Analysis Toolkit (GATK) v4.5.0.0
03:34:09.612 INFO  GenotypeGVCFs - For support and documentation go to https://software.broadinstitute.org/gatk/
03:34:09.614 INFO  GenotypeGVCFs - Executing as andrew@compute-0-2 on Linux v5.15.0-102-generic amd64
03:34:09.614 INFO  GenotypeGVCFs - Java runtime: OpenJDK 64-Bit Server VM v19.0.2+7-Ubuntu-0ubuntu322.04
03:34:09.614 INFO  GenotypeGVCFs - Start Date/Time: May 2, 2024 at 3:33:40 AM UTC
03:34:09.615 INFO  GenotypeGVCFs - ------------------------------------------------------------
03:34:09.615 INFO  GenotypeGVCFs - ------------------------------------------------------------
03:34:09.616 INFO  GenotypeGVCFs - HTSJDK Version: 4.1.0
03:34:09.617 INFO  GenotypeGVCFs - Picard Version: 3.1.1
03:34:09.617 INFO  GenotypeGVCFs - Built for Spark Version: 3.5.0
03:34:09.617 INFO  GenotypeGVCFs - HTSJDK Defaults.COMPRESSION_LEVEL : 2
03:34:09.618 INFO  GenotypeGVCFs - HTSJDK Defaults.USE_ASYNC_IO_READ_FOR_SAMTOOLS : false
03:34:09.618 INFO  GenotypeGVCFs - HTSJDK Defaults.USE_ASYNC_IO_WRITE_FOR_SAMTOOLS : true
03:34:09.619 INFO  GenotypeGVCFs - HTSJDK Defaults.USE_ASYNC_IO_WRITE_FOR_TRIBBLE : false
03:34:09.619 INFO  GenotypeGVCFs - Deflater: IntelDeflater
03:34:09.619 INFO  GenotypeGVCFs - Inflater: IntelInflater
03:34:09.620 INFO  GenotypeGVCFs - GCS max retries/reopens: 20
03:34:09.620 INFO  GenotypeGVCFs - Requester pays: disabled
03:34:09.621 INFO  GenotypeGVCFs - Initializing engine
03:34:17.206 INFO  FeatureManager - Using codec VCFCodec to read file file:///data3/andrew/genomes/analysis/APH_subsampled/called.chr1.recal.g.vcf.gz
03:34:21.231 INFO  IntervalArgumentCollection - Processing 248956422 bp from intervals
03:34:21.420 INFO  GenotypeGVCFs - Done initializing engine
03:34:25.504 INFO  ProgressMeter - Starting traversal
03:34:26.459 INFO  ProgressMeter -        Current Locus  Elapsed Minutes    Variants Processed  Variants/Minute
03:34:27.870 WARN  ReferenceConfidenceVariantContextMerger - Detected invalid annotations: When trying to merge variant contexts at location chr1:14464 the annotation MLEAC=[1, 0] was not a numerical value and was ignored
03:34:32.254 WARN  InbreedingCoeff - InbreedingCoeff will not be calculated at position chr1:14464 and possibly subsequent; at least 10 samples must have called genotypes
03:34:36.914 INFO  ProgressMeter -         chr1:1027531              0.2                  9000          51659.8
03:34:46.914 INFO  ProgressMeter -         chr1:4831514              0.3                 93000         272820.6
03:34:56.928 INFO  ProgressMeter -        chr1:10717338              0.5                218000         429302.9
03:35:06.953 INFO  ProgressMeter -        chr1:16582035              0.7                339000         502309.0
03:35:17.277 INFO  ProgressMeter -        chr1:21037639              0.8                442000         521872.6
03:35:27.289 INFO  ProgressMeter -        chr1:28856510              1.0                603000         594782.1
03:35:37.361 INFO  ProgressMeter -        chr1:35112096              1.2                733000         620301.5
03:35:47.694 INFO  ProgressMeter -        chr1:42061319              1.4                877000         647758.3
03:35:57.721 INFO  ProgressMeter -        chr1:48855945              1.5               1017000         668631.7
03:36:07.795 INFO  ProgressMeter -        chr1:56417469              1.7               1170000         692751.8
03:36:17.801 INFO  ProgressMeter -        chr1:63387842              1.9               1318000         710250.5
03:36:27.813 INFO  ProgressMeter -        chr1:68583186              2.0               1427000         705550.8
03:36:37.812 INFO  ProgressMeter -        chr1:75355071              2.2               1565000         714873.0
03:36:47.907 INFO  ProgressMeter -        chr1:82100577              2.4               1706000         723663.3
03:36:57.917 INFO  ProgressMeter -        chr1:87825218              2.5               1825000         722977.5
03:37:07.959 INFO  ProgressMeter -        chr1:93823907              2.7               1947000         723352.6
03:37:18.207 INFO  ProgressMeter -       chr1:100132004              2.9               2079000         726300.9
03:37:30.710 INFO  ProgressMeter -       chr1:106297332              3.1               2204000         717720.5
03:37:40.717 INFO  ProgressMeter -       chr1:112560758              3.2               2333000         720591.8
03:37:50.733 INFO  ProgressMeter -       chr1:119673123              3.4               2481000         728730.7
03:38:07.066 INFO  ProgressMeter -       chr1:143194868              3.7               2543000         691643.4
03:38:17.966 INFO  ProgressMeter -       chr1:152187323              3.9               2673000         692768.2
03:38:28.307 INFO  ProgressMeter -       chr1:159207959              4.0               2821000         699864.0
03:38:40.921 INFO  ProgressMeter -       chr1:166236034              4.2               2970000         700303.8
03:38:51.023 INFO  ProgressMeter -       chr1:174224830              4.4               3135000         710986.5
03:39:01.067 INFO  ProgressMeter -       chr1:181275921              4.6               3281000         716879.0
03:39:11.107 INFO  ProgressMeter -       chr1:188270866              4.7               3428000         722579.2
03:39:21.341 INFO  ProgressMeter -       chr1:193234631              4.9               3526000         717442.0
03:39:32.884 INFO  ProgressMeter -       chr1:200310298              5.1               3665000         717635.4
03:39:43.018 INFO  ProgressMeter -       chr1:207803390              5.3               3825000         724985.6
03:39:53.044 INFO  ProgressMeter -       chr1:214730775              5.4               3973000         729919.4
03:40:03.291 INFO  ProgressMeter -       chr1:221246507              5.6               4110000         732120.1
03:40:13.734 INFO  ProgressMeter -       chr1:228256184              5.8               4256000         735327.1
03:40:23.741 INFO  ProgressMeter -       chr1:235291053              6.0               4405000         739753.9
03:40:33.869 INFO  ProgressMeter -       chr1:242282792              6.1               4549000         742879.9
03:40:45.785 INFO  ProgressMeter -       chr1:247465229              6.3               4656000         736466.1
03:40:47.230 INFO  ProgressMeter -       chr1:248915059              6.3               4686390         738460.0
03:40:47.230 INFO  ProgressMeter - Traversal complete. Processed 4686390 total variants in 6.3 minutes.
03:40:57.863 INFO  GenotypeGVCFs - Shutting down engine
[May 2, 2024 at 3:40:57 AM UTC] org.broadinstitute.hellbender.tools.walkers.GenotypeGVCFs done. Elapsed time: 7.29 minutes.
Runtime.totalMemory()=369098752
Stage 5: Genotyped chrom
