Using GATK jar /export/approved/gatk-4.5.0.0/gatk-package-4.5.0.0-local.jar
Running:
    java -Dsamjdk.use_async_io_read_samtools=false -Dsamjdk.use_async_io_write_samtools=true -Dsamjdk.use_async_io_write_tribble=false -Dsamjdk.compression_level=2 -Xmx30G -XX:ParallelGCThreads=4 -jar /export/approved/gatk-4.5.0.0/gatk-package-4.5.0.0-local.jar GenotypeGVCFs -R /export/home/andrew/genome/hg38_v0_20231023/Homo_sapiens_assembly38.fasta -L chr5 -V called.chr5.recal.g.vcf.gz -O genotype.chr5.vcf.gz
03:33:40.148 INFO  NativeLibraryLoader - Loading libgkl_compression.so from jar:file:/export/approved/gatk-4.5.0.0/gatk-package-4.5.0.0-local.jar!/com/intel/gkl/native/libgkl_compression.so
03:34:11.274 INFO  GenotypeGVCFs - ------------------------------------------------------------
03:34:11.424 INFO  GenotypeGVCFs - The Genome Analysis Toolkit (GATK) v4.5.0.0
03:34:11.424 INFO  GenotypeGVCFs - For support and documentation go to https://software.broadinstitute.org/gatk/
03:34:11.425 INFO  GenotypeGVCFs - Executing as andrew@compute-0-5 on Linux v5.15.0-75-generic amd64
03:34:11.425 INFO  GenotypeGVCFs - Java runtime: OpenJDK 64-Bit Server VM v19.0.2+7-Ubuntu-0ubuntu322.04
03:34:11.425 INFO  GenotypeGVCFs - Start Date/Time: May 2, 2024 at 3:33:40 AM UTC
03:34:11.425 INFO  GenotypeGVCFs - ------------------------------------------------------------
03:34:11.425 INFO  GenotypeGVCFs - ------------------------------------------------------------
03:34:11.426 INFO  GenotypeGVCFs - HTSJDK Version: 4.1.0
03:34:11.427 INFO  GenotypeGVCFs - Picard Version: 3.1.1
03:34:11.427 INFO  GenotypeGVCFs - Built for Spark Version: 3.5.0
03:34:11.427 INFO  GenotypeGVCFs - HTSJDK Defaults.COMPRESSION_LEVEL : 2
03:34:11.427 INFO  GenotypeGVCFs - HTSJDK Defaults.USE_ASYNC_IO_READ_FOR_SAMTOOLS : false
03:34:11.427 INFO  GenotypeGVCFs - HTSJDK Defaults.USE_ASYNC_IO_WRITE_FOR_SAMTOOLS : true
03:34:11.428 INFO  GenotypeGVCFs - HTSJDK Defaults.USE_ASYNC_IO_WRITE_FOR_TRIBBLE : false
03:34:11.428 INFO  GenotypeGVCFs - Deflater: IntelDeflater
03:34:11.428 INFO  GenotypeGVCFs - Inflater: IntelInflater
03:34:11.428 INFO  GenotypeGVCFs - GCS max retries/reopens: 20
03:34:11.428 INFO  GenotypeGVCFs - Requester pays: disabled
03:34:11.429 INFO  GenotypeGVCFs - Initializing engine
03:34:17.145 INFO  FeatureManager - Using codec VCFCodec to read file file:///data3/andrew/genomes/analysis/APH_subsampled/called.chr5.recal.g.vcf.gz
03:34:23.762 INFO  IntervalArgumentCollection - Processing 181538259 bp from intervals
03:34:23.887 INFO  GenotypeGVCFs - Done initializing engine
03:34:26.535 INFO  ProgressMeter - Starting traversal
03:34:29.522 INFO  ProgressMeter -        Current Locus  Elapsed Minutes    Variants Processed  Variants/Minute
03:34:32.454 WARN  ReferenceConfidenceVariantContextMerger - Detected invalid annotations: When trying to merge variant contexts at location chr5:12114 the annotation MLEAC=[1, 0] was not a numerical value and was ignored
03:34:35.944 WARN  InbreedingCoeff - InbreedingCoeff will not be calculated at position chr5:12114 and possibly subsequent; at least 10 samples must have called genotypes
03:34:39.571 INFO  ProgressMeter -          chr5:516816              0.2                 11000          65684.7
03:34:51.198 INFO  ProgressMeter -         chr5:3026407              0.4                 66000         182690.5
03:35:01.612 INFO  ProgressMeter -         chr5:6936742              0.5                152000         284200.7
03:35:16.260 INFO  ProgressMeter -        chr5:11034711              0.8                242000         310668.0
03:35:26.290 INFO  ProgressMeter -        chr5:17642134              0.9                380000         401641.8
03:35:36.311 INFO  ProgressMeter -        chr5:24634255              1.1                523000         469837.8
03:35:50.443 INFO  ProgressMeter -        chr5:28745162              1.3                606000         449327.1
03:36:00.459 INFO  ProgressMeter -        chr5:35280430              1.5                744000         490894.7
03:36:10.476 INFO  ProgressMeter -        chr5:39737255              1.7                838000         498048.6
03:36:20.745 INFO  ProgressMeter -        chr5:45540069              1.9                955000         515181.2
03:36:31.730 INFO  ProgressMeter -        chr5:54627137              2.0               1082000         531225.5
03:36:41.753 INFO  ProgressMeter -        chr5:59105175              2.2               1177000         534065.4
03:36:51.897 INFO  ProgressMeter -        chr5:64630378              2.4               1289000         543213.3
03:37:03.165 INFO  ProgressMeter -        chr5:72623031              2.6               1419000         554141.7
03:37:13.678 INFO  ProgressMeter -        chr5:78636838              2.7               1546000         565072.2
03:37:23.955 INFO  ProgressMeter -        chr5:86624998              2.9               1706000         586815.6
03:37:34.746 INFO  ProgressMeter -        chr5:94659782              3.1               1866000         604460.6
03:37:44.782 INFO  ProgressMeter -       chr5:101272029              3.3               1999000         614257.9
03:37:54.877 INFO  ProgressMeter -       chr5:108650207              3.4               2148000         627599.2
03:38:04.922 INFO  ProgressMeter -       chr5:112649330              3.6               2230000         621169.9
03:38:15.037 INFO  ProgressMeter -       chr5:118617767              3.8               2356000         626834.7
03:38:25.072 INFO  ProgressMeter -       chr5:123009409              3.9               2444000         622543.0
03:38:35.298 INFO  ProgressMeter -       chr5:130660841              4.1               2603000         635456.7
03:38:45.321 INFO  ProgressMeter -       chr5:137428578              4.3               2743000         643395.8
03:38:55.341 INFO  ProgressMeter -       chr5:145981237              4.4               2920000         659097.6
03:39:05.520 INFO  ProgressMeter -       chr5:152718253              4.6               3063000         665874.4
03:39:16.392 INFO  ProgressMeter -       chr5:159690229              4.8               3208000         670968.3
03:39:26.496 INFO  ProgressMeter -       chr5:166688301              4.9               3352000         677233.3
03:39:36.502 INFO  ProgressMeter -       chr5:174247220              5.1               3511000         686235.9
03:39:46.650 INFO  ProgressMeter -       chr5:178715976              5.3               3600000         681113.0
03:39:50.323 INFO  ProgressMeter -       chr5:181475202              5.3               3654026         683419.2
03:39:52.211 INFO  ProgressMeter - Traversal complete. Processed 3654026 total variants in 5.3 minutes.
03:40:02.738 INFO  GenotypeGVCFs - Shutting down engine
[May 2, 2024 at 3:40:02 AM UTC] org.broadinstitute.hellbender.tools.walkers.GenotypeGVCFs done. Elapsed time: 6.38 minutes.
Runtime.totalMemory()=452984832
Stage 5: Genotyped chrom
