Using GATK jar /export/approved/gatk-4.5.0.0/gatk-package-4.5.0.0-local.jar
Running:
    java -Dsamjdk.use_async_io_read_samtools=false -Dsamjdk.use_async_io_write_samtools=true -Dsamjdk.use_async_io_write_tribble=false -Dsamjdk.compression_level=2 -Xmx30G -XX:ParallelGCThreads=4 -jar /export/approved/gatk-4.5.0.0/gatk-package-4.5.0.0-local.jar GenotypeGVCFs -R /export/home/andrew/genome/hg38_v0_20231023/Homo_sapiens_assembly38.fasta -L chr9 -V called.chr9.recal.g.vcf.gz -O genotype.chr9.vcf.gz
03:33:40.218 INFO  NativeLibraryLoader - Loading libgkl_compression.so from jar:file:/export/approved/gatk-4.5.0.0/gatk-package-4.5.0.0-local.jar!/com/intel/gkl/native/libgkl_compression.so
03:34:11.518 INFO  GenotypeGVCFs - ------------------------------------------------------------
03:34:12.467 INFO  GenotypeGVCFs - The Genome Analysis Toolkit (GATK) v4.5.0.0
03:34:12.467 INFO  GenotypeGVCFs - For support and documentation go to https://software.broadinstitute.org/gatk/
03:34:12.467 INFO  GenotypeGVCFs - Executing as andrew@compute-0-8 on Linux v5.15.0-75-generic amd64
03:34:12.468 INFO  GenotypeGVCFs - Java runtime: OpenJDK 64-Bit Server VM v19.0.2+7-Ubuntu-0ubuntu322.04
03:34:12.468 INFO  GenotypeGVCFs - Start Date/Time: May 2, 2024 at 3:33:40 AM UTC
03:34:12.468 INFO  GenotypeGVCFs - ------------------------------------------------------------
03:34:12.468 INFO  GenotypeGVCFs - ------------------------------------------------------------
03:34:12.470 INFO  GenotypeGVCFs - HTSJDK Version: 4.1.0
03:34:12.470 INFO  GenotypeGVCFs - Picard Version: 3.1.1
03:34:12.470 INFO  GenotypeGVCFs - Built for Spark Version: 3.5.0
03:34:12.470 INFO  GenotypeGVCFs - HTSJDK Defaults.COMPRESSION_LEVEL : 2
03:34:12.471 INFO  GenotypeGVCFs - HTSJDK Defaults.USE_ASYNC_IO_READ_FOR_SAMTOOLS : false
03:34:12.471 INFO  GenotypeGVCFs - HTSJDK Defaults.USE_ASYNC_IO_WRITE_FOR_SAMTOOLS : true
03:34:12.471 INFO  GenotypeGVCFs - HTSJDK Defaults.USE_ASYNC_IO_WRITE_FOR_TRIBBLE : false
03:34:12.471 INFO  GenotypeGVCFs - Deflater: IntelDeflater
03:34:12.471 INFO  GenotypeGVCFs - Inflater: IntelInflater
03:34:12.472 INFO  GenotypeGVCFs - GCS max retries/reopens: 20
03:34:12.472 INFO  GenotypeGVCFs - Requester pays: disabled
03:34:12.473 INFO  GenotypeGVCFs - Initializing engine
03:34:17.218 INFO  FeatureManager - Using codec VCFCodec to read file file:///data3/andrew/genomes/analysis/APH_subsampled/called.chr9.recal.g.vcf.gz
03:34:20.598 INFO  IntervalArgumentCollection - Processing 138394717 bp from intervals
03:34:20.692 INFO  GenotypeGVCFs - Done initializing engine
03:34:22.214 INFO  ProgressMeter - Starting traversal
03:34:22.216 INFO  ProgressMeter -        Current Locus  Elapsed Minutes    Variants Processed  Variants/Minute
03:34:23.435 WARN  ReferenceConfidenceVariantContextMerger - Detected invalid annotations: When trying to merge variant contexts at location chr9:10576 the annotation MLEAC=[1, 0] was not a numerical value and was ignored
03:34:26.454 WARN  InbreedingCoeff - InbreedingCoeff will not be calculated at position chr9:10648 and possibly subsequent; at least 10 samples must have called genotypes
03:34:32.268 INFO  ProgressMeter -         chr9:1022562              0.2                 22000         131343.3
03:34:42.306 INFO  ProgressMeter -         chr9:4837435              0.3                106000         316575.4
03:34:52.690 INFO  ProgressMeter -         chr9:8024730              0.5                175000         344556.0
03:35:02.727 INFO  ProgressMeter -        chr9:12358259              0.7                265000         392486.0
03:35:16.309 INFO  ProgressMeter -        chr9:17033829              0.9                364000         403749.1
03:35:26.330 INFO  ProgressMeter -        chr9:24965913              1.1                528000         494119.8
03:35:36.344 INFO  ProgressMeter -        chr9:31576006              1.2                666000         539067.6
03:35:46.364 INFO  ProgressMeter -        chr9:37904265              1.4                798000         568997.5
03:35:56.985 INFO  ProgressMeter -        chr9:43208394              1.6                871000         551446.1
03:36:11.166 INFO  ProgressMeter -        chr9:63549346              1.8                893000         491789.7
03:36:21.624 INFO  ProgressMeter -        chr9:70429213              2.0                977000         490921.9
03:36:31.644 INFO  ProgressMeter -        chr9:79305183              2.2               1162000         538677.9
03:36:41.957 INFO  ProgressMeter -        chr9:85428782              2.3               1287000         552593.7
03:36:51.966 INFO  ProgressMeter -        chr9:93157313              2.5               1444000         578564.3
03:37:02.812 INFO  ProgressMeter -       chr9:100449524              2.7               1593000         595161.7
03:37:12.811 INFO  ProgressMeter -       chr9:103473037              2.8               1654000         581728.7
03:37:22.837 INFO  ProgressMeter -       chr9:111613267              3.0               1825000         606241.8
03:37:32.851 INFO  ProgressMeter -       chr9:118680524              3.2               1975000         621606.7
03:37:43.487 INFO  ProgressMeter -       chr9:123450364              3.4               2077000         619165.2
03:37:53.681 INFO  ProgressMeter -       chr9:131474207              3.5               2247000         637555.3
03:38:03.698 INFO  ProgressMeter -       chr9:137328105              3.7               2377000         643934.9
03:38:04.765 INFO  ProgressMeter -       chr9:138207895              3.7               2394242         645496.1
03:38:04.766 INFO  ProgressMeter - Traversal complete. Processed 2394242 total variants in 3.7 minutes.
03:38:18.303 INFO  GenotypeGVCFs - Shutting down engine
[May 2, 2024 at 3:38:18 AM UTC] org.broadinstitute.hellbender.tools.walkers.GenotypeGVCFs done. Elapsed time: 4.64 minutes.
Runtime.totalMemory()=436207616
Stage 5: Genotyped chrom
