Using GATK jar /export/approved/gatk-4.5.0.0/gatk-package-4.5.0.0-local.jar
Running:
    java -Dsamjdk.use_async_io_read_samtools=false -Dsamjdk.use_async_io_write_samtools=true -Dsamjdk.use_async_io_write_tribble=false -Dsamjdk.compression_level=2 -Xmx40G -XX:+UseParallelGC -XX:ParallelGCThreads=2 -jar /export/approved/gatk-4.5.0.0/gatk-package-4.5.0.0-local.jar HaplotypeCaller -R /export/home/andrew/genome/hg38_v0_20231023/Homo_sapiens_assembly38.fasta -I APH_subsampled.sorted.final.bam -L chr19 -O called.chr19.recal.g.vcf.gz -G StandardAnnotation -G StandardHCAnnotation -GQB 10 -GQB 20 -GQB 30 -GQB 40 -GQB 50 -GQB 60 -GQB 70 -GQB 80 -GQB 90 --native-pair-hmm-threads 8 -ERC GVCF
09:34:41.527 WARN  GATKAnnotationPluginDescriptor - Redundant enabled annotation group (StandardAnnotation) is enabled for this tool by default
09:34:41.532 WARN  GATKAnnotationPluginDescriptor - Redundant enabled annotation group (StandardHCAnnotation) is enabled for this tool by default
09:34:41.593 INFO  NativeLibraryLoader - Loading libgkl_compression.so from jar:file:/export/approved/gatk-4.5.0.0/gatk-package-4.5.0.0-local.jar!/com/intel/gkl/native/libgkl_compression.so
09:34:41.861 INFO  HaplotypeCaller - ------------------------------------------------------------
09:34:41.865 INFO  HaplotypeCaller - The Genome Analysis Toolkit (GATK) v4.5.0.0
09:34:41.865 INFO  HaplotypeCaller - For support and documentation go to https://software.broadinstitute.org/gatk/
09:34:41.865 INFO  HaplotypeCaller - Executing as andrew@compute-0-10 on Linux v5.15.0-75-generic amd64
09:34:41.865 INFO  HaplotypeCaller - Java runtime: OpenJDK 64-Bit Server VM v19.0.2+7-Ubuntu-0ubuntu322.04
09:34:41.866 INFO  HaplotypeCaller - Start Date/Time: April 29, 2024 at 9:34:41 AM UTC
09:34:41.866 INFO  HaplotypeCaller - ------------------------------------------------------------
09:34:41.866 INFO  HaplotypeCaller - ------------------------------------------------------------
09:34:41.867 INFO  HaplotypeCaller - HTSJDK Version: 4.1.0
09:34:41.867 INFO  HaplotypeCaller - Picard Version: 3.1.1
09:34:41.867 INFO  HaplotypeCaller - Built for Spark Version: 3.5.0
09:34:41.867 INFO  HaplotypeCaller - HTSJDK Defaults.COMPRESSION_LEVEL : 2
09:34:41.868 INFO  HaplotypeCaller - HTSJDK Defaults.USE_ASYNC_IO_READ_FOR_SAMTOOLS : false
09:34:41.868 INFO  HaplotypeCaller - HTSJDK Defaults.USE_ASYNC_IO_WRITE_FOR_SAMTOOLS : true
09:34:41.868 INFO  HaplotypeCaller - HTSJDK Defaults.USE_ASYNC_IO_WRITE_FOR_TRIBBLE : false
09:34:41.868 INFO  HaplotypeCaller - Deflater: IntelDeflater
09:34:41.868 INFO  HaplotypeCaller - Inflater: IntelInflater
09:34:41.869 INFO  HaplotypeCaller - GCS max retries/reopens: 20
09:34:41.869 INFO  HaplotypeCaller - Requester pays: disabled
09:34:41.869 INFO  HaplotypeCaller - Initializing engine
09:34:42.436 INFO  IntervalArgumentCollection - Processing 58617616 bp from intervals
09:34:42.454 INFO  HaplotypeCaller - Done initializing engine
09:34:42.457 INFO  HaplotypeCallerEngine - Tool is in reference confidence mode and the annotation, the following changes will be made to any specified annotations: 'StrandBiasBySample' will be enabled. 'ChromosomeCounts', 'FisherStrand', 'StrandOddsRatio' and 'QualByDepth' annotations have been disabled
09:34:42.646 INFO  NativeLibraryLoader - Loading libgkl_utils.so from jar:file:/export/approved/gatk-4.5.0.0/gatk-package-4.5.0.0-local.jar!/com/intel/gkl/native/libgkl_utils.so
09:34:42.648 INFO  SmithWatermanAligner - AVX accelerated SmithWaterman implementation is not supported, falling back to the Java implementation
09:34:42.653 INFO  HaplotypeCallerEngine - Standard Emitting and Calling confidence set to -0.0 for reference-model confidence output
09:34:42.653 INFO  HaplotypeCallerEngine - All sites annotated with PLs forced to true for reference-model confidence output
09:34:42.665 INFO  NativeLibraryLoader - Loading libgkl_pairhmm_omp.so from jar:file:/export/approved/gatk-4.5.0.0/gatk-package-4.5.0.0-local.jar!/com/intel/gkl/native/libgkl_pairhmm_omp.so
09:34:42.689 INFO  IntelPairHmm - Flush-to-zero (FTZ) is enabled when running PairHMM
09:34:42.689 INFO  IntelPairHmm - Available threads: 10
09:34:42.689 INFO  IntelPairHmm - Requested threads: 8
09:34:42.689 INFO  PairHMM - Using the OpenMP multi-threaded AVX-accelerated native PairHMM implementation
09:34:43.967 INFO  ProgressMeter - Starting traversal
09:34:43.968 INFO  ProgressMeter -        Current Locus  Elapsed Minutes     Regions Processed   Regions/Minute
09:34:45.293 WARN  InbreedingCoeff - InbreedingCoeff will not be calculated at position chr19:71178 and possibly subsequent; at least 10 samples must have called genotypes
09:34:53.981 INFO  ProgressMeter -         chr19:461433              0.2                  1980          11864.6
09:34:55.054 WARN  DepthPerSampleHC - Annotation will not be calculated at position chr19:489631 and possibly subsequent; genotype for sample APH_subsampled is not called
09:34:55.055 WARN  StrandBiasBySample - Annotation will not be calculated at position chr19:489631 and possibly subsequent; genotype for sample APH_subsampled is not called
09:35:04.026 INFO  ProgressMeter -         chr19:995957              0.3                  4840          14478.0
09:35:14.045 INFO  ProgressMeter -        chr19:1813156              0.5                  8730          17415.9
09:35:24.044 INFO  ProgressMeter -        chr19:2655564              0.7                 12790          19148.6
09:35:34.074 INFO  ProgressMeter -        chr19:3338340              0.8                 16360          19590.9
09:35:44.091 INFO  ProgressMeter -        chr19:4239149              1.0                 20690          20647.7
09:35:54.106 INFO  ProgressMeter -        chr19:5153107              1.2                 25020          21403.5
09:36:04.133 INFO  ProgressMeter -        chr19:6143748              1.3                 29550          22116.9
09:36:14.159 INFO  ProgressMeter -        chr19:7010781              1.5                 33670          22399.1
09:36:24.193 INFO  ProgressMeter -        chr19:7700017              1.7                 37170          22252.2
09:36:34.211 INFO  ProgressMeter -        chr19:8399599              1.8                 40870          22243.6
09:36:44.223 INFO  ProgressMeter -        chr19:9148238              2.0                 44540          22222.8
09:36:54.229 INFO  ProgressMeter -       chr19:10282115              2.2                 49520          22809.6
09:37:04.260 INFO  ProgressMeter -       chr19:11277513              2.3                 54180          23171.7
09:37:14.264 INFO  ProgressMeter -       chr19:12472481              2.5                 59290          23669.5
09:37:24.278 INFO  ProgressMeter -       chr19:13527392              2.7                 63940          23931.1
09:37:34.299 INFO  ProgressMeter -       chr19:14601717              2.8                 68830          24245.7
09:37:44.309 INFO  ProgressMeter -       chr19:15369494              3.0                 72690          24184.2
09:37:54.319 INFO  ProgressMeter -       chr19:16019834              3.2                 76030          23965.2
09:38:04.334 INFO  ProgressMeter -       chr19:17028211              3.3                 80630          24144.8
09:38:14.359 INFO  ProgressMeter -       chr19:17831845              3.5                 84760          24172.1
09:38:24.367 INFO  ProgressMeter -       chr19:18787461              3.7                 89210          24286.0
09:38:34.370 INFO  ProgressMeter -       chr19:19835009              3.8                 93990          24476.4
09:38:44.392 INFO  ProgressMeter -       chr19:20585556              4.0                 97320          24287.1
09:38:54.412 INFO  ProgressMeter -       chr19:21304898              4.2                100920          24177.9
09:39:04.522 INFO  ProgressMeter -       chr19:21643334              4.3                102850          23684.1
09:39:14.537 INFO  ProgressMeter -       chr19:22305730              4.5                106020          23510.5
09:39:24.582 INFO  ProgressMeter -       chr19:23238824              4.7                110380          23601.2
09:39:34.594 INFO  ProgressMeter -       chr19:23796678              4.8                113440          23419.9
09:39:44.691 INFO  ProgressMeter -       chr19:24374953              5.0                116440          23232.0
09:39:54.968 INFO  ProgressMeter -       chr19:27346187              5.2                126750          24453.4
09:40:05.223 INFO  ProgressMeter -       chr19:27364939              5.4                126900          23700.8
09:40:15.295 INFO  ProgressMeter -       chr19:27391154              5.5                127100          23016.5
09:40:25.378 INFO  ProgressMeter -       chr19:27834458              5.7                129250          22714.6
09:40:35.396 INFO  ProgressMeter -       chr19:28469051              5.9                132530          22627.1
09:40:45.406 INFO  ProgressMeter -       chr19:29131458              6.0                135750          22535.0
09:40:55.425 INFO  ProgressMeter -       chr19:29867533              6.2                139460          22526.4
09:41:05.432 INFO  ProgressMeter -       chr19:31001420              6.4                144410          22714.1
09:41:15.439 INFO  ProgressMeter -       chr19:32262681              6.5                149670          22939.6
09:41:25.474 INFO  ProgressMeter -       chr19:33243556              6.7                154310          23059.7
09:41:35.477 INFO  ProgressMeter -       chr19:34342278              6.9                159190          23210.7
09:41:45.487 INFO  ProgressMeter -       chr19:35216747              7.0                163350          23251.7
09:41:55.500 INFO  ProgressMeter -       chr19:36167248              7.2                167820          23333.6
09:42:05.502 INFO  ProgressMeter -       chr19:37114702              7.4                172250          23407.0
09:42:15.508 INFO  ProgressMeter -       chr19:38070241              7.5                176650          23473.0
09:42:25.584 INFO  ProgressMeter -       chr19:39048596              7.7                181100          23539.0
09:42:35.720 INFO  ProgressMeter -       chr19:39899790              7.9                185100          23542.1
09:42:45.726 INFO  ProgressMeter -       chr19:40875509              8.0                189480          23598.6
09:42:55.726 INFO  ProgressMeter -       chr19:42050164              8.2                194460          23726.3
09:43:05.752 INFO  ProgressMeter -       chr19:43213433              8.4                199270          23827.4
09:43:15.777 INFO  ProgressMeter -       chr19:44105731              8.5                203500          23856.6
09:43:25.782 INFO  ProgressMeter -       chr19:45107182              8.7                208060          23923.5
09:43:35.795 INFO  ProgressMeter -       chr19:46115410              8.9                212770          24004.4
09:43:45.801 INFO  ProgressMeter -       chr19:47026797              9.0                217110          24041.8
09:43:55.810 INFO  ProgressMeter -       chr19:47985615              9.2                221690          24103.6
09:44:05.831 INFO  ProgressMeter -       chr19:48783382              9.4                225700          24102.0
09:44:15.835 INFO  ProgressMeter -       chr19:49708444              9.5                230150          24147.3
09:44:25.849 INFO  ProgressMeter -       chr19:50806645              9.7                235100          24242.1
09:44:35.853 INFO  ProgressMeter -       chr19:51616815              9.9                239100          24237.8
09:44:45.876 INFO  ProgressMeter -       chr19:52464705             10.0                243010          24224.0
09:44:55.888 INFO  ProgressMeter -       chr19:53151408             10.2                246590          24178.7
09:45:05.898 INFO  ProgressMeter -       chr19:53780542             10.4                249900          24108.8
09:45:15.904 INFO  ProgressMeter -       chr19:54516785             10.5                253640          24082.2
09:45:25.923 INFO  ProgressMeter -       chr19:55050447             10.7                256560          23979.3
09:45:35.959 INFO  ProgressMeter -       chr19:55932374             10.9                260760          23996.7
09:45:45.990 INFO  ProgressMeter -       chr19:56649867             11.0                264460          23968.4
09:45:55.992 INFO  ProgressMeter -       chr19:57552727             11.2                268760          23995.6
09:46:06.004 INFO  ProgressMeter -       chr19:58569349             11.4                273350          24047.2
09:46:06.361 INFO  HaplotypeCaller - 27142 read(s) filtered by: MappingQualityReadFilter 
0 read(s) filtered by: MappingQualityAvailableReadFilter 
0 read(s) filtered by: MappedReadFilter 
0 read(s) filtered by: NotSecondaryAlignmentReadFilter 
0 read(s) filtered by: NotDuplicateReadFilter 
0 read(s) filtered by: PassesVendorQualityCheckReadFilter 
0 read(s) filtered by: NonZeroReferenceLengthAlignmentReadFilter 
0 read(s) filtered by: GoodCigarReadFilter 
0 read(s) filtered by: WellformedReadFilter 
27142 total reads filtered out of 1200227 reads processed
09:46:06.362 INFO  ProgressMeter -       chr19:58616583             11.4                273553          24052.4
09:46:06.362 INFO  ProgressMeter - Traversal complete. Processed 273553 total regions in 11.4 minutes.
09:46:06.461 INFO  VectorLoglessPairHMM - Time spent in setup for JNI call : 0.174710721
09:46:06.461 INFO  PairHMM - Total compute time in PairHMM computeLogLikelihoods() : 8.312201546
09:46:06.461 INFO  SmithWatermanAligner - Total compute time in java Smith-Waterman : 133.13 sec
09:46:06.463 INFO  HaplotypeCaller - Shutting down engine
[April 29, 2024 at 9:46:06 AM UTC] org.broadinstitute.hellbender.tools.walkers.haplotypecaller.HaplotypeCaller done. Elapsed time: 11.42 minutes.
Runtime.totalMemory()=2272788480
Stage 4: Completed chrom chr19
