Using GATK jar /export/approved/gatk-4.5.0.0/gatk-package-4.5.0.0-local.jar
Running:
    java -Dsamjdk.use_async_io_read_samtools=false -Dsamjdk.use_async_io_write_samtools=true -Dsamjdk.use_async_io_write_tribble=false -Dsamjdk.compression_level=2 -Xmx40G -XX:+UseParallelGC -XX:ParallelGCThreads=2 -jar /export/approved/gatk-4.5.0.0/gatk-package-4.5.0.0-local.jar HaplotypeCaller -R /export/home/andrew/genome/hg38_v0_20231023/Homo_sapiens_assembly38.fasta -I APH_subsampled.sorted.final.bam -L chr17 -O called.chr17.recal.g.vcf.gz -G StandardAnnotation -G StandardHCAnnotation -GQB 10 -GQB 20 -GQB 30 -GQB 40 -GQB 50 -GQB 60 -GQB 70 -GQB 80 -GQB 90 --native-pair-hmm-threads 8 -ERC GVCF
09:34:41.521 WARN  GATKAnnotationPluginDescriptor - Redundant enabled annotation group (StandardAnnotation) is enabled for this tool by default
09:34:41.526 WARN  GATKAnnotationPluginDescriptor - Redundant enabled annotation group (StandardHCAnnotation) is enabled for this tool by default
09:34:41.587 INFO  NativeLibraryLoader - Loading libgkl_compression.so from jar:file:/export/approved/gatk-4.5.0.0/gatk-package-4.5.0.0-local.jar!/com/intel/gkl/native/libgkl_compression.so
09:34:41.862 INFO  HaplotypeCaller - ------------------------------------------------------------
09:34:41.865 INFO  HaplotypeCaller - The Genome Analysis Toolkit (GATK) v4.5.0.0
09:34:41.866 INFO  HaplotypeCaller - For support and documentation go to https://software.broadinstitute.org/gatk/
09:34:41.866 INFO  HaplotypeCaller - Executing as andrew@compute-0-10 on Linux v5.15.0-75-generic amd64
09:34:41.866 INFO  HaplotypeCaller - Java runtime: OpenJDK 64-Bit Server VM v19.0.2+7-Ubuntu-0ubuntu322.04
09:34:41.866 INFO  HaplotypeCaller - Start Date/Time: April 29, 2024 at 9:34:41 AM UTC
09:34:41.866 INFO  HaplotypeCaller - ------------------------------------------------------------
09:34:41.866 INFO  HaplotypeCaller - ------------------------------------------------------------
09:34:41.867 INFO  HaplotypeCaller - HTSJDK Version: 4.1.0
09:34:41.867 INFO  HaplotypeCaller - Picard Version: 3.1.1
09:34:41.868 INFO  HaplotypeCaller - Built for Spark Version: 3.5.0
09:34:41.868 INFO  HaplotypeCaller - HTSJDK Defaults.COMPRESSION_LEVEL : 2
09:34:41.868 INFO  HaplotypeCaller - HTSJDK Defaults.USE_ASYNC_IO_READ_FOR_SAMTOOLS : false
09:34:41.868 INFO  HaplotypeCaller - HTSJDK Defaults.USE_ASYNC_IO_WRITE_FOR_SAMTOOLS : true
09:34:41.868 INFO  HaplotypeCaller - HTSJDK Defaults.USE_ASYNC_IO_WRITE_FOR_TRIBBLE : false
09:34:41.869 INFO  HaplotypeCaller - Deflater: IntelDeflater
09:34:41.869 INFO  HaplotypeCaller - Inflater: IntelInflater
09:34:41.869 INFO  HaplotypeCaller - GCS max retries/reopens: 20
09:34:41.869 INFO  HaplotypeCaller - Requester pays: disabled
09:34:41.870 INFO  HaplotypeCaller - Initializing engine
09:34:42.447 INFO  IntervalArgumentCollection - Processing 83257441 bp from intervals
09:34:42.466 INFO  HaplotypeCaller - Done initializing engine
09:34:42.469 INFO  HaplotypeCallerEngine - Tool is in reference confidence mode and the annotation, the following changes will be made to any specified annotations: 'StrandBiasBySample' will be enabled. 'ChromosomeCounts', 'FisherStrand', 'StrandOddsRatio' and 'QualByDepth' annotations have been disabled
09:34:42.646 INFO  NativeLibraryLoader - Loading libgkl_utils.so from jar:file:/export/approved/gatk-4.5.0.0/gatk-package-4.5.0.0-local.jar!/com/intel/gkl/native/libgkl_utils.so
09:34:42.648 INFO  SmithWatermanAligner - AVX accelerated SmithWaterman implementation is not supported, falling back to the Java implementation
09:34:42.653 INFO  HaplotypeCallerEngine - Standard Emitting and Calling confidence set to -0.0 for reference-model confidence output
09:34:42.653 INFO  HaplotypeCallerEngine - All sites annotated with PLs forced to true for reference-model confidence output
09:34:42.665 INFO  NativeLibraryLoader - Loading libgkl_pairhmm_omp.so from jar:file:/export/approved/gatk-4.5.0.0/gatk-package-4.5.0.0-local.jar!/com/intel/gkl/native/libgkl_pairhmm_omp.so
09:34:42.689 INFO  IntelPairHmm - Flush-to-zero (FTZ) is enabled when running PairHMM
09:34:42.690 INFO  IntelPairHmm - Available threads: 10
09:34:42.690 INFO  IntelPairHmm - Requested threads: 8
09:34:42.690 INFO  PairHMM - Using the OpenMP multi-threaded AVX-accelerated native PairHMM implementation
09:34:44.081 INFO  ProgressMeter - Starting traversal
09:34:44.082 INFO  ProgressMeter -        Current Locus  Elapsed Minutes     Regions Processed   Regions/Minute
09:34:45.164 WARN  InbreedingCoeff - InbreedingCoeff will not be calculated at position chr17:62697 and possibly subsequent; at least 10 samples must have called genotypes
09:34:50.395 WARN  DepthPerSampleHC - Annotation will not be calculated at position chr17:198664 and possibly subsequent; genotype for sample APH_subsampled is not called
09:34:50.395 WARN  StrandBiasBySample - Annotation will not be calculated at position chr17:198664 and possibly subsequent; genotype for sample APH_subsampled is not called
09:34:54.156 INFO  ProgressMeter -         chr17:314647              0.2                  1520           9053.9
09:35:04.157 INFO  ProgressMeter -         chr17:992659              0.3                  4810          14376.1
09:35:14.173 INFO  ProgressMeter -        chr17:1580168              0.5                  7980          15911.7
09:35:24.179 INFO  ProgressMeter -        chr17:2463258              0.7                 12150          18180.9
09:35:34.195 INFO  ProgressMeter -        chr17:3303519              0.8                 16070          19240.5
09:35:44.205 INFO  ProgressMeter -        chr17:4067690              1.0                 19720          19679.7
09:35:54.206 INFO  ProgressMeter -        chr17:4786983              1.2                 23430          20047.3
09:36:04.216 INFO  ProgressMeter -        chr17:5509756              1.3                 27100          20291.0
09:36:14.235 INFO  ProgressMeter -        chr17:6299019              1.5                 30880          20552.0
09:36:24.266 INFO  ProgressMeter -        chr17:7113658              1.7                 34750          20811.7
09:36:34.279 INFO  ProgressMeter -        chr17:8005477              1.8                 39060          21267.4
09:36:44.283 INFO  ProgressMeter -        chr17:8833050              2.0                 43050          21489.0
09:36:54.283 INFO  ProgressMeter -        chr17:9665626              2.2                 47060          21686.5
09:37:04.292 INFO  ProgressMeter -       chr17:10347935              2.3                 50410          21571.9
09:37:14.308 INFO  ProgressMeter -       chr17:11262471              2.5                 54620          21815.3
09:37:24.327 INFO  ProgressMeter -       chr17:12136320              2.7                 58800          22016.3
09:37:34.363 INFO  ProgressMeter -       chr17:13062989              2.8                 63050          22216.2
09:37:44.393 INFO  ProgressMeter -       chr17:13765048              3.0                 66610          22165.0
09:37:54.423 INFO  ProgressMeter -       chr17:14525037              3.2                 70430          22201.2
09:38:04.423 INFO  ProgressMeter -       chr17:15258489              3.3                 74060          22180.2
09:38:14.443 INFO  ProgressMeter -       chr17:16073856              3.5                 78040          22258.9
09:38:24.453 INFO  ProgressMeter -       chr17:17342396              3.7                 83370          22699.0
09:38:34.459 INFO  ProgressMeter -       chr17:18467591              3.8                 88360          23012.7
09:38:44.476 INFO  ProgressMeter -       chr17:19796683              4.0                 94060          23476.5
09:38:54.499 INFO  ProgressMeter -       chr17:20841959              4.2                 98850          23684.6
09:39:04.513 INFO  ProgressMeter -       chr17:21307729              4.3                101080          23287.6
09:39:14.524 INFO  ProgressMeter -       chr17:21496753              4.5                102090          22649.6
09:39:26.569 INFO  ProgressMeter -       chr17:21664729              4.7                102900          21855.9
09:39:37.303 INFO  ProgressMeter -       chr17:21681357              4.9                103020          21080.4
09:39:48.073 INFO  ProgressMeter -       chr17:21748224              5.1                103440          20416.4
09:39:58.898 INFO  ProgressMeter -       chr17:21852064              5.2                104030          19826.8
09:40:09.503 INFO  ProgressMeter -       chr17:22129321              5.4                105240          19403.8
09:40:21.036 INFO  ProgressMeter -       chr17:22142080              5.6                105330          18755.7
09:40:31.995 INFO  ProgressMeter -       chr17:22154106              5.8                105410          18178.7
09:40:42.309 INFO  ProgressMeter -       chr17:22979606              6.0                108790          18221.4
09:40:52.310 INFO  ProgressMeter -       chr17:26271395              6.1                120220          19589.0
09:41:03.972 INFO  ProgressMeter -       chr17:26604401              6.3                121410          19175.6
09:41:14.864 INFO  ProgressMeter -       chr17:26621157              6.5                121480          18651.8
09:41:24.876 INFO  ProgressMeter -       chr17:26876544              6.7                122840          18389.5
09:41:34.937 INFO  ProgressMeter -       chr17:27011469              6.8                123500          18035.6
09:41:44.938 INFO  ProgressMeter -       chr17:28089442              7.0                128280          18288.4
09:41:54.957 INFO  ProgressMeter -       chr17:29448987              7.2                134020          18662.5
09:42:04.975 INFO  ProgressMeter -       chr17:30748520              7.3                139550          18991.0
09:42:14.985 INFO  ProgressMeter -       chr17:31796038              7.5                144290          19200.2
09:42:24.999 INFO  ProgressMeter -       chr17:32997654              7.7                149520          19463.8
09:42:35.018 INFO  ProgressMeter -       chr17:33877058              7.8                153640          19574.7
09:42:45.027 INFO  ProgressMeter -       chr17:34801453              8.0                158020          19713.7
09:42:55.043 INFO  ProgressMeter -       chr17:35973709              8.2                163130          19936.0
09:43:05.045 INFO  ProgressMeter -       chr17:37215058              8.3                168410          20170.4
09:43:15.066 INFO  ProgressMeter -       chr17:38730352              8.5                174640          20506.4
09:43:25.070 INFO  ProgressMeter -       chr17:39919511              8.7                179980          20727.6
09:43:35.129 INFO  ProgressMeter -       chr17:40979291              8.9                184720          20870.5
09:43:45.151 INFO  ProgressMeter -       chr17:41826050              9.0                188770          20933.0
09:43:55.160 INFO  ProgressMeter -       chr17:43087649              9.2                194350          21160.3
09:44:05.170 INFO  ProgressMeter -       chr17:44125834              9.4                199110          21291.8
09:44:15.181 INFO  ProgressMeter -       chr17:45262646              9.5                204220          21455.5
09:44:25.204 INFO  ProgressMeter -       chr17:46778144              9.7                210430          21726.6
09:44:35.209 INFO  ProgressMeter -       chr17:47852208              9.9                215330          21856.2
09:44:45.243 INFO  ProgressMeter -       chr17:48900884             10.0                220140          21971.5
09:44:55.246 INFO  ProgressMeter -       chr17:50034588             10.2                225240          22112.6
09:45:05.253 INFO  ProgressMeter -       chr17:50991501             10.4                229830          22199.7
09:45:15.271 INFO  ProgressMeter -       chr17:51954095             10.5                234190          22261.8
09:45:25.292 INFO  ProgressMeter -       chr17:52808672             10.7                238380          22306.0
09:45:35.296 INFO  ProgressMeter -       chr17:53758525             10.9                242830          22373.3
09:45:45.298 INFO  ProgressMeter -       chr17:54760287             11.0                247450          22454.1
09:45:55.650 INFO  ProgressMeter -       chr17:55588532             11.2                251430          22463.5
09:46:05.663 INFO  ProgressMeter -       chr17:56681932             11.4                256290          22561.4
09:46:15.694 INFO  ProgressMeter -       chr17:57654316             11.5                260780          22623.7
09:46:25.698 INFO  ProgressMeter -       chr17:58705859             11.7                265550          22709.0
09:46:35.708 INFO  ProgressMeter -       chr17:59926035             11.9                270920          22842.3
09:46:45.715 INFO  ProgressMeter -       chr17:61538000             12.0                277310          23056.9
09:46:55.727 INFO  ProgressMeter -       chr17:62766081             12.2                282760          23188.3
09:47:05.736 INFO  ProgressMeter -       chr17:64027958             12.4                287990          23298.5
09:47:15.755 INFO  ProgressMeter -       chr17:65123801             12.5                292830          23374.3
09:47:25.802 INFO  ProgressMeter -       chr17:66053578             12.7                297030          23396.8
09:47:35.823 INFO  ProgressMeter -       chr17:66950466             12.9                301380          23431.2
09:47:45.850 INFO  ProgressMeter -       chr17:68042703             13.0                306390          23515.2
09:47:55.858 INFO  ProgressMeter -       chr17:69068716             13.2                311150          23578.6
09:48:05.934 INFO  ProgressMeter -       chr17:70096273             13.4                315840          23633.3
09:48:15.961 INFO  ProgressMeter -       chr17:70974441             13.5                320070          23654.0
09:48:25.971 INFO  ProgressMeter -       chr17:71952069             13.7                324590          23695.9
09:48:35.978 INFO  ProgressMeter -       chr17:72868624             13.9                328940          23724.6
09:48:45.994 INFO  ProgressMeter -       chr17:73705412             14.0                333100          23738.8
09:48:56.009 INFO  ProgressMeter -       chr17:74393106             14.2                336600          23706.3
09:49:06.035 INFO  ProgressMeter -       chr17:75325074             14.4                341040          23739.6
09:49:16.044 INFO  ProgressMeter -       chr17:76198914             14.5                345410          23767.8
09:49:26.052 INFO  ProgressMeter -       chr17:77049818             14.7                349570          23781.1
09:49:36.052 INFO  ProgressMeter -       chr17:77892475             14.9                353560          23782.9
09:49:46.064 INFO  ProgressMeter -       chr17:78824461             15.0                357970          23812.2
09:49:56.086 INFO  ProgressMeter -       chr17:79620418             15.2                361980          23814.4
09:50:06.101 INFO  ProgressMeter -       chr17:80567698             15.4                366520          23851.1
09:50:16.114 INFO  ProgressMeter -       chr17:81363008             15.5                370600          23857.5
09:50:26.115 INFO  ProgressMeter -       chr17:82485127             15.7                375610          23923.4
09:50:34.741 INFO  HaplotypeCaller - 113666 read(s) filtered by: MappingQualityReadFilter 
0 read(s) filtered by: MappingQualityAvailableReadFilter 
0 read(s) filtered by: MappedReadFilter 
0 read(s) filtered by: NotSecondaryAlignmentReadFilter 
92 read(s) filtered by: NotDuplicateReadFilter 
0 read(s) filtered by: PassesVendorQualityCheckReadFilter 
0 read(s) filtered by: NonZeroReferenceLengthAlignmentReadFilter 
0 read(s) filtered by: GoodCigarReadFilter 
0 read(s) filtered by: WellformedReadFilter 
113758 total reads filtered out of 1849073 reads processed
09:50:34.741 INFO  ProgressMeter -       chr17:83256268             15.8                379483          23950.7
09:50:34.742 INFO  ProgressMeter - Traversal complete. Processed 379483 total regions in 15.8 minutes.
09:50:34.979 INFO  VectorLoglessPairHMM - Time spent in setup for JNI call : 0.229700531
09:50:34.980 INFO  PairHMM - Total compute time in PairHMM computeLogLikelihoods() : 23.296478773
09:50:34.980 INFO  SmithWatermanAligner - Total compute time in java Smith-Waterman : 206.78 sec
09:50:34.982 INFO  HaplotypeCaller - Shutting down engine
[April 29, 2024 at 9:50:34 AM UTC] org.broadinstitute.hellbender.tools.walkers.haplotypecaller.HaplotypeCaller done. Elapsed time: 15.89 minutes.
Runtime.totalMemory()=1195900928
Stage 4: Completed chrom chr17
