Using GATK jar /export/approved/gatk-4.5.0.0/gatk-package-4.5.0.0-local.jar
Running:
    java -Dsamjdk.use_async_io_read_samtools=false -Dsamjdk.use_async_io_write_samtools=true -Dsamjdk.use_async_io_write_tribble=false -Dsamjdk.compression_level=2 -Xmx30G -XX:ParallelGCThreads=4 -jar /export/approved/gatk-4.5.0.0/gatk-package-4.5.0.0-local.jar GenotypeGVCFs -R /export/home/andrew/genome/hg38_v0_20231023/Homo_sapiens_assembly38.fasta -L chr14 -V called.chr14.recal.g.vcf.gz -O genotype.chr14.vcf.gz
03:33:40.293 INFO  NativeLibraryLoader - Loading libgkl_compression.so from jar:file:/export/approved/gatk-4.5.0.0/gatk-package-4.5.0.0-local.jar!/com/intel/gkl/native/libgkl_compression.so
03:34:10.077 INFO  GenotypeGVCFs - ------------------------------------------------------------
03:34:10.321 INFO  GenotypeGVCFs - The Genome Analysis Toolkit (GATK) v4.5.0.0
03:34:10.321 INFO  GenotypeGVCFs - For support and documentation go to https://software.broadinstitute.org/gatk/
03:34:10.322 INFO  GenotypeGVCFs - Executing as andrew@compute-0-11 on Linux v5.15.0-75-generic amd64
03:34:10.322 INFO  GenotypeGVCFs - Java runtime: OpenJDK 64-Bit Server VM v19.0.2+7-Ubuntu-0ubuntu322.04
03:34:10.323 INFO  GenotypeGVCFs - Start Date/Time: May 2, 2024 at 3:33:40 AM UTC
03:34:10.323 INFO  GenotypeGVCFs - ------------------------------------------------------------
03:34:10.323 INFO  GenotypeGVCFs - ------------------------------------------------------------
03:34:10.325 INFO  GenotypeGVCFs - HTSJDK Version: 4.1.0
03:34:10.326 INFO  GenotypeGVCFs - Picard Version: 3.1.1
03:34:10.326 INFO  GenotypeGVCFs - Built for Spark Version: 3.5.0
03:34:10.326 INFO  GenotypeGVCFs - HTSJDK Defaults.COMPRESSION_LEVEL : 2
03:34:10.327 INFO  GenotypeGVCFs - HTSJDK Defaults.USE_ASYNC_IO_READ_FOR_SAMTOOLS : false
03:34:10.327 INFO  GenotypeGVCFs - HTSJDK Defaults.USE_ASYNC_IO_WRITE_FOR_SAMTOOLS : true
03:34:10.328 INFO  GenotypeGVCFs - HTSJDK Defaults.USE_ASYNC_IO_WRITE_FOR_TRIBBLE : false
03:34:10.328 INFO  GenotypeGVCFs - Deflater: IntelDeflater
03:34:10.328 INFO  GenotypeGVCFs - Inflater: IntelInflater
03:34:10.329 INFO  GenotypeGVCFs - GCS max retries/reopens: 20
03:34:10.329 INFO  GenotypeGVCFs - Requester pays: disabled
03:34:10.330 INFO  GenotypeGVCFs - Initializing engine
03:34:17.771 INFO  FeatureManager - Using codec VCFCodec to read file file:///data3/andrew/genomes/analysis/APH_subsampled/called.chr14.recal.g.vcf.gz
03:34:22.208 INFO  IntervalArgumentCollection - Processing 107043718 bp from intervals
03:34:22.261 INFO  GenotypeGVCFs - Done initializing engine
03:34:24.054 INFO  ProgressMeter - Starting traversal
03:34:25.098 INFO  ProgressMeter -        Current Locus  Elapsed Minutes    Variants Processed  Variants/Minute
03:34:54.570 WARN  ReferenceConfidenceVariantContextMerger - Detected invalid annotations: When trying to merge variant contexts at location chr14:16023334 the annotation MLEAC=[1, 0] was not a numerical value and was ignored
03:34:54.811 WARN  InbreedingCoeff - InbreedingCoeff will not be calculated at position chr14:16023334 and possibly subsequent; at least 10 samples must have called genotypes
03:34:55.390 INFO  ProgressMeter -       chr14:16101521              0.5                  1000           1980.8
03:35:05.418 INFO  ProgressMeter -       chr14:19697098              0.7                 23000          34226.2
03:35:17.155 INFO  ProgressMeter -       chr14:22231962              0.9                 78000          89903.2
03:35:27.163 INFO  ProgressMeter -       chr14:28101009              1.0                202000         195279.1
03:35:37.452 INFO  ProgressMeter -       chr14:35269557              1.2                349000         289410.4
03:35:49.262 INFO  ProgressMeter -       chr14:40253219              1.4                450000         320802.2
03:35:59.323 INFO  ProgressMeter -       chr14:46269438              1.6                567000         361050.7
03:36:09.702 INFO  ProgressMeter -       chr14:52196492              1.7                690000         395782.1
03:36:19.701 INFO  ProgressMeter -       chr14:56424977              1.9                779000         407842.7
03:36:29.963 INFO  ProgressMeter -       chr14:60278737              2.1                859000         412765.8
03:36:40.221 INFO  ProgressMeter -       chr14:64291939              2.3                942000         418285.6
03:36:50.264 INFO  ProgressMeter -       chr14:70408358              2.4               1070000         442252.3
03:37:00.445 INFO  ProgressMeter -       chr14:75297536              2.6               1171000         452277.8
03:37:10.451 INFO  ProgressMeter -       chr14:79994103              2.8               1270000         460832.3
03:37:21.035 INFO  ProgressMeter -       chr14:85917252              2.9               1393000         475056.4
03:37:31.051 INFO  ProgressMeter -       chr14:91928060              3.1               1519000         490123.8
03:37:41.109 INFO  ProgressMeter -       chr14:97321113              3.3               1635000         500482.1
03:37:51.166 INFO  ProgressMeter -      chr14:103324983              3.4               1765000         513908.0
03:37:55.641 INFO  ProgressMeter -      chr14:106859069              3.5               1841524         524792.8
03:37:55.641 INFO  ProgressMeter - Traversal complete. Processed 1841524 total variants in 3.5 minutes.
03:38:09.270 INFO  GenotypeGVCFs - Shutting down engine
[May 2, 2024 at 3:38:13 AM UTC] org.broadinstitute.hellbender.tools.walkers.GenotypeGVCFs done. Elapsed time: 4.55 minutes.
Runtime.totalMemory()=469762048
Stage 5: Genotyped chrom
