Using GATK jar /export/approved/gatk-4.5.0.0/gatk-package-4.5.0.0-local.jar
Running:
    java -Dsamjdk.use_async_io_read_samtools=false -Dsamjdk.use_async_io_write_samtools=true -Dsamjdk.use_async_io_write_tribble=false -Dsamjdk.compression_level=2 -Xmx30G -XX:ParallelGCThreads=4 -jar /export/approved/gatk-4.5.0.0/gatk-package-4.5.0.0-local.jar GenotypeGVCFs -R /export/home/andrew/genome/hg38_v0_20231023/Homo_sapiens_assembly38.fasta -L chr22 -V called.chr22.recal.g.vcf.gz -O genotype.chr22.vcf.gz
03:38:45.429 INFO  NativeLibraryLoader - Loading libgkl_compression.so from jar:file:/export/approved/gatk-4.5.0.0/gatk-package-4.5.0.0-local.jar!/com/intel/gkl/native/libgkl_compression.so
03:38:45.621 INFO  GenotypeGVCFs - ------------------------------------------------------------
03:38:45.625 INFO  GenotypeGVCFs - The Genome Analysis Toolkit (GATK) v4.5.0.0
03:38:45.625 INFO  GenotypeGVCFs - For support and documentation go to https://software.broadinstitute.org/gatk/
03:38:45.626 INFO  GenotypeGVCFs - Executing as andrew@compute-0-11 on Linux v5.15.0-75-generic amd64
03:38:45.626 INFO  GenotypeGVCFs - Java runtime: OpenJDK 64-Bit Server VM v19.0.2+7-Ubuntu-0ubuntu322.04
03:38:45.626 INFO  GenotypeGVCFs - Start Date/Time: May 2, 2024 at 3:38:45 AM UTC
03:38:45.626 INFO  GenotypeGVCFs - ------------------------------------------------------------
03:38:45.626 INFO  GenotypeGVCFs - ------------------------------------------------------------
03:38:45.628 INFO  GenotypeGVCFs - HTSJDK Version: 4.1.0
03:38:45.628 INFO  GenotypeGVCFs - Picard Version: 3.1.1
03:38:45.628 INFO  GenotypeGVCFs - Built for Spark Version: 3.5.0
03:38:45.629 INFO  GenotypeGVCFs - HTSJDK Defaults.COMPRESSION_LEVEL : 2
03:38:45.629 INFO  GenotypeGVCFs - HTSJDK Defaults.USE_ASYNC_IO_READ_FOR_SAMTOOLS : false
03:38:45.629 INFO  GenotypeGVCFs - HTSJDK Defaults.USE_ASYNC_IO_WRITE_FOR_SAMTOOLS : true
03:38:45.629 INFO  GenotypeGVCFs - HTSJDK Defaults.USE_ASYNC_IO_WRITE_FOR_TRIBBLE : false
03:38:45.630 INFO  GenotypeGVCFs - Deflater: IntelDeflater
03:38:45.630 INFO  GenotypeGVCFs - Inflater: IntelInflater
03:38:45.630 INFO  GenotypeGVCFs - GCS max retries/reopens: 20
03:38:45.630 INFO  GenotypeGVCFs - Requester pays: disabled
03:38:45.631 INFO  GenotypeGVCFs - Initializing engine
03:38:49.049 INFO  FeatureManager - Using codec VCFCodec to read file file:///data3/andrew/genomes/analysis/APH_subsampled/called.chr22.recal.g.vcf.gz
03:38:51.203 INFO  IntervalArgumentCollection - Processing 50818468 bp from intervals
03:38:55.146 INFO  GenotypeGVCFs - Done initializing engine
03:38:58.887 INFO  ProgressMeter - Starting traversal
03:38:58.888 INFO  ProgressMeter -        Current Locus  Elapsed Minutes    Variants Processed  Variants/Minute
03:39:08.278 WARN  ReferenceConfidenceVariantContextMerger - Detected invalid annotations: When trying to merge variant contexts at location chr22:10652872 the annotation MLEAC=[1, 0] was not a numerical value and was ignored
03:39:08.412 WARN  InbreedingCoeff - InbreedingCoeff will not be calculated at position chr22:10652872 and possibly subsequent; at least 10 samples must have called genotypes
03:39:09.132 INFO  ProgressMeter -       chr22:10713593              0.2                  1000           5857.7
03:39:19.598 INFO  ProgressMeter -       chr22:12564504              0.3                 55000         159343.3
03:39:29.640 INFO  ProgressMeter -       chr22:18597688              0.5                122000         238033.3
03:39:39.657 INFO  ProgressMeter -       chr22:25110698              0.7                252000         370870.0
03:39:49.830 INFO  ProgressMeter -       chr22:31170532              0.8                379000         446390.0
03:39:59.833 INFO  ProgressMeter -       chr22:36179833              1.0                482000         474526.2
03:40:10.526 INFO  ProgressMeter -       chr22:42210722              1.2                607000         508389.4
03:40:20.890 INFO  ProgressMeter -       chr22:46199997              1.4                692000         506329.1
03:40:29.437 INFO  ProgressMeter -       chr22:50747263              1.5                794920         526733.6
03:40:29.437 INFO  ProgressMeter - Traversal complete. Processed 794920 total variants in 1.5 minutes.
03:40:39.957 INFO  GenotypeGVCFs - Shutting down engine
[May 2, 2024 at 3:40:39 AM UTC] org.broadinstitute.hellbender.tools.walkers.GenotypeGVCFs done. Elapsed time: 1.91 minutes.
Runtime.totalMemory()=536870912
Stage 5: Genotyped chrom
