Using GATK jar /export/approved/gatk-4.5.0.0/gatk-package-4.5.0.0-local.jar
Running:
    java -Dsamjdk.use_async_io_read_samtools=false -Dsamjdk.use_async_io_write_samtools=true -Dsamjdk.use_async_io_write_tribble=false -Dsamjdk.compression_level=2 -Xmx30G -XX:ParallelGCThreads=4 -jar /export/approved/gatk-4.5.0.0/gatk-package-4.5.0.0-local.jar GenotypeGVCFs -R /export/home/andrew/genome/hg38_v0_20231023/Homo_sapiens_assembly38.fasta -L chr20 -V called.chr20.recal.g.vcf.gz -O genotype.chr20.vcf.gz
03:38:04.167 INFO  NativeLibraryLoader - Loading libgkl_compression.so from jar:file:/export/approved/gatk-4.5.0.0/gatk-package-4.5.0.0-local.jar!/com/intel/gkl/native/libgkl_compression.so
03:38:04.467 INFO  GenotypeGVCFs - ------------------------------------------------------------
03:38:04.471 INFO  GenotypeGVCFs - The Genome Analysis Toolkit (GATK) v4.5.0.0
03:38:04.471 INFO  GenotypeGVCFs - For support and documentation go to https://software.broadinstitute.org/gatk/
03:38:04.471 INFO  GenotypeGVCFs - Executing as andrew@compute-0-11 on Linux v5.15.0-75-generic amd64
03:38:04.472 INFO  GenotypeGVCFs - Java runtime: OpenJDK 64-Bit Server VM v19.0.2+7-Ubuntu-0ubuntu322.04
03:38:04.472 INFO  GenotypeGVCFs - Start Date/Time: May 2, 2024 at 3:38:04 AM UTC
03:38:04.472 INFO  GenotypeGVCFs - ------------------------------------------------------------
03:38:04.472 INFO  GenotypeGVCFs - ------------------------------------------------------------
03:38:04.474 INFO  GenotypeGVCFs - HTSJDK Version: 4.1.0
03:38:04.474 INFO  GenotypeGVCFs - Picard Version: 3.1.1
03:38:04.474 INFO  GenotypeGVCFs - Built for Spark Version: 3.5.0
03:38:04.474 INFO  GenotypeGVCFs - HTSJDK Defaults.COMPRESSION_LEVEL : 2
03:38:04.475 INFO  GenotypeGVCFs - HTSJDK Defaults.USE_ASYNC_IO_READ_FOR_SAMTOOLS : false
03:38:04.475 INFO  GenotypeGVCFs - HTSJDK Defaults.USE_ASYNC_IO_WRITE_FOR_SAMTOOLS : true
03:38:04.475 INFO  GenotypeGVCFs - HTSJDK Defaults.USE_ASYNC_IO_WRITE_FOR_TRIBBLE : false
03:38:04.476 INFO  GenotypeGVCFs - Deflater: IntelDeflater
03:38:04.476 INFO  GenotypeGVCFs - Inflater: IntelInflater
03:38:04.476 INFO  GenotypeGVCFs - GCS max retries/reopens: 20
03:38:04.476 INFO  GenotypeGVCFs - Requester pays: disabled
03:38:04.477 INFO  GenotypeGVCFs - Initializing engine
03:38:09.303 INFO  FeatureManager - Using codec VCFCodec to read file file:///data3/andrew/genomes/analysis/APH_subsampled/called.chr20.recal.g.vcf.gz
03:38:16.713 INFO  IntervalArgumentCollection - Processing 64444167 bp from intervals
03:38:16.764 INFO  GenotypeGVCFs - Done initializing engine
03:38:18.113 INFO  ProgressMeter - Starting traversal
03:38:23.810 INFO  ProgressMeter -        Current Locus  Elapsed Minutes    Variants Processed  Variants/Minute
03:38:26.193 WARN  ReferenceConfidenceVariantContextMerger - Detected invalid annotations: When trying to merge variant contexts at location chr20:62407 the annotation MLEAC=[1, 0] was not a numerical value and was ignored
03:38:26.261 WARN  InbreedingCoeff - InbreedingCoeff will not be calculated at position chr20:62407 and possibly subsequent; at least 10 samples must have called genotypes
03:38:33.881 INFO  ProgressMeter -        chr20:2274551              0.2                 48000         285998.0
03:38:43.924 INFO  ProgressMeter -        chr20:7862291              0.3                165000         492219.0
03:38:53.927 INFO  ProgressMeter -       chr20:14246417              0.5                297000         591712.0
03:39:03.946 INFO  ProgressMeter -       chr20:18863309              0.7                396000         591987.2
03:39:13.969 INFO  ProgressMeter -       chr20:24914612              0.8                525000         628003.0
03:39:24.869 INFO  ProgressMeter -       chr20:28939430              1.0                577000         566992.6
03:39:34.901 INFO  ProgressMeter -       chr20:32702003              1.2                684000         577288.3
03:39:45.388 INFO  ProgressMeter -       chr20:39955396              1.4                833000         612665.2
03:39:55.965 INFO  ProgressMeter -       chr20:45965582              1.5                958000         623738.5
03:40:06.791 INFO  ProgressMeter -       chr20:48960217              1.7               1023000         596032.3
03:40:19.218 INFO  ProgressMeter -       chr20:54198941              1.9               1135000         590080.4
03:40:29.232 INFO  ProgressMeter -       chr20:61952822              2.1               1300000         621900.5
03:40:31.900 INFO  ProgressMeter -       chr20:64314255              2.1               1352643         633605.9
03:40:35.769 INFO  ProgressMeter - Traversal complete. Processed 1352643 total variants in 2.1 minutes.
03:40:49.663 INFO  GenotypeGVCFs - Shutting down engine
[May 2, 2024 at 3:40:49 AM UTC] org.broadinstitute.hellbender.tools.walkers.GenotypeGVCFs done. Elapsed time: 2.76 minutes.
Runtime.totalMemory()=536870912
Stage 5: Genotyped chrom
