Using GATK jar /export/approved/gatk-4.5.0.0/gatk-package-4.5.0.0-local.jar
Running:
    java -Dsamjdk.use_async_io_read_samtools=false -Dsamjdk.use_async_io_write_samtools=true -Dsamjdk.use_async_io_write_tribble=false -Dsamjdk.compression_level=2 -Xmx30G -XX:ParallelGCThreads=4 -jar /export/approved/gatk-4.5.0.0/gatk-package-4.5.0.0-local.jar GenotypeGVCFs -R /export/home/andrew/genome/hg38_v0_20231023/Homo_sapiens_assembly38.fasta -L chr17 -V called.chr17.recal.g.vcf.gz -O genotype.chr17.vcf.gz
03:33:40.279 INFO  NativeLibraryLoader - Loading libgkl_compression.so from jar:file:/export/approved/gatk-4.5.0.0/gatk-package-4.5.0.0-local.jar!/com/intel/gkl/native/libgkl_compression.so
03:34:10.048 INFO  GenotypeGVCFs - ------------------------------------------------------------
03:34:10.138 INFO  GenotypeGVCFs - The Genome Analysis Toolkit (GATK) v4.5.0.0
03:34:10.138 INFO  GenotypeGVCFs - For support and documentation go to https://software.broadinstitute.org/gatk/
03:34:10.139 INFO  GenotypeGVCFs - Executing as andrew@compute-0-11 on Linux v5.15.0-75-generic amd64
03:34:10.139 INFO  GenotypeGVCFs - Java runtime: OpenJDK 64-Bit Server VM v19.0.2+7-Ubuntu-0ubuntu322.04
03:34:10.139 INFO  GenotypeGVCFs - Start Date/Time: May 2, 2024 at 3:33:40 AM UTC
03:34:10.140 INFO  GenotypeGVCFs - ------------------------------------------------------------
03:34:10.140 INFO  GenotypeGVCFs - ------------------------------------------------------------
03:34:10.141 INFO  GenotypeGVCFs - HTSJDK Version: 4.1.0
03:34:10.141 INFO  GenotypeGVCFs - Picard Version: 3.1.1
03:34:10.141 INFO  GenotypeGVCFs - Built for Spark Version: 3.5.0
03:34:10.142 INFO  GenotypeGVCFs - HTSJDK Defaults.COMPRESSION_LEVEL : 2
03:34:10.142 INFO  GenotypeGVCFs - HTSJDK Defaults.USE_ASYNC_IO_READ_FOR_SAMTOOLS : false
03:34:10.142 INFO  GenotypeGVCFs - HTSJDK Defaults.USE_ASYNC_IO_WRITE_FOR_SAMTOOLS : true
03:34:10.143 INFO  GenotypeGVCFs - HTSJDK Defaults.USE_ASYNC_IO_WRITE_FOR_TRIBBLE : false
03:34:10.143 INFO  GenotypeGVCFs - Deflater: IntelDeflater
03:34:10.143 INFO  GenotypeGVCFs - Inflater: IntelInflater
03:34:10.143 INFO  GenotypeGVCFs - GCS max retries/reopens: 20
03:34:10.144 INFO  GenotypeGVCFs - Requester pays: disabled
03:34:10.145 INFO  GenotypeGVCFs - Initializing engine
03:34:17.775 INFO  FeatureManager - Using codec VCFCodec to read file file:///data3/andrew/genomes/analysis/APH_subsampled/called.chr17.recal.g.vcf.gz
03:34:22.208 INFO  IntervalArgumentCollection - Processing 83257441 bp from intervals
03:34:22.259 INFO  GenotypeGVCFs - Done initializing engine
03:34:24.180 INFO  ProgressMeter - Starting traversal
03:34:24.378 INFO  ProgressMeter -        Current Locus  Elapsed Minutes    Variants Processed  Variants/Minute
03:34:26.813 WARN  ReferenceConfidenceVariantContextMerger - Detected invalid annotations: When trying to merge variant contexts at location chr17:62697 the annotation MLEAC=[1, 0] was not a numerical value and was ignored
03:34:34.381 WARN  InbreedingCoeff - InbreedingCoeff will not be calculated at position chr17:62697 and possibly subsequent; at least 10 samples must have called genotypes
03:34:35.516 INFO  ProgressMeter -         chr17:173951              0.2                  1000           5387.4
03:34:45.914 INFO  ProgressMeter -        chr17:2012242              0.4                 41000         114232.6
03:34:56.157 INFO  ProgressMeter -        chr17:5536896              0.5                114000         215236.5
03:35:07.735 INFO  ProgressMeter -        chr17:9056299              0.7                190000         262933.3
03:35:18.003 INFO  ProgressMeter -       chr17:12022604              0.9                253000         283082.2
03:35:28.017 INFO  ProgressMeter -       chr17:18347156              1.1                384000         362047.8
03:35:38.042 INFO  ProgressMeter -       chr17:27744748              1.2                507000         412956.1
03:35:49.488 INFO  ProgressMeter -       chr17:32881666              1.4                610000         430031.7
03:35:59.518 INFO  ProgressMeter -       chr17:38510048              1.6                719000         453437.0
03:36:09.647 INFO  ProgressMeter -       chr17:44559775              1.8                843000         480483.3
03:36:22.558 INFO  ProgressMeter -       chr17:48869723              2.0                926000         470130.3
03:36:32.877 INFO  ProgressMeter -       chr17:54887096              2.1               1050000         490276.2
03:36:43.622 INFO  ProgressMeter -       chr17:61905552              2.3               1193000         514061.6
03:36:53.802 INFO  ProgressMeter -       chr17:67907983              2.5               1315000         528031.2
03:37:04.565 INFO  ProgressMeter -       chr17:72884514              2.7               1419000         531503.8
03:37:14.577 INFO  ProgressMeter -       chr17:77811455              2.8               1539000         542541.4
03:37:24.107 INFO  ProgressMeter -       chr17:83187448              3.0               1657567         553355.4
03:37:24.108 INFO  ProgressMeter - Traversal complete. Processed 1657567 total variants in 3.0 minutes.
03:37:36.437 INFO  GenotypeGVCFs - Shutting down engine
[May 2, 2024 at 3:37:36 AM UTC] org.broadinstitute.hellbender.tools.walkers.GenotypeGVCFs done. Elapsed time: 3.94 minutes.
Runtime.totalMemory()=452984832
Stage 5: Genotyped chrom
