Using GATK jar /export/approved/gatk-4.5.0.0/gatk-package-4.5.0.0-local.jar
Running:
    java -Dsamjdk.use_async_io_read_samtools=false -Dsamjdk.use_async_io_write_samtools=true -Dsamjdk.use_async_io_write_tribble=false -Dsamjdk.compression_level=2 -Xmx30G -XX:ParallelGCThreads=4 -jar /export/approved/gatk-4.5.0.0/gatk-package-4.5.0.0-local.jar GenotypeGVCFs -R /export/home/andrew/genome/hg38_v0_20231023/Homo_sapiens_assembly38.fasta -L chr18 -V called.chr18.recal.g.vcf.gz -O genotype.chr18.vcf.gz
03:37:54.704 INFO  NativeLibraryLoader - Loading libgkl_compression.so from jar:file:/export/approved/gatk-4.5.0.0/gatk-package-4.5.0.0-local.jar!/com/intel/gkl/native/libgkl_compression.so
03:37:58.238 INFO  GenotypeGVCFs - ------------------------------------------------------------
03:37:58.242 INFO  GenotypeGVCFs - The Genome Analysis Toolkit (GATK) v4.5.0.0
03:37:58.242 INFO  GenotypeGVCFs - For support and documentation go to https://software.broadinstitute.org/gatk/
03:37:58.243 INFO  GenotypeGVCFs - Executing as andrew@compute-0-10 on Linux v5.15.0-75-generic amd64
03:37:58.243 INFO  GenotypeGVCFs - Java runtime: OpenJDK 64-Bit Server VM v19.0.2+7-Ubuntu-0ubuntu322.04
03:37:58.244 INFO  GenotypeGVCFs - Start Date/Time: May 2, 2024 at 3:37:54 AM UTC
03:37:58.244 INFO  GenotypeGVCFs - ------------------------------------------------------------
03:37:58.244 INFO  GenotypeGVCFs - ------------------------------------------------------------
03:37:58.245 INFO  GenotypeGVCFs - HTSJDK Version: 4.1.0
03:37:58.245 INFO  GenotypeGVCFs - Picard Version: 3.1.1
03:37:58.245 INFO  GenotypeGVCFs - Built for Spark Version: 3.5.0
03:37:58.246 INFO  GenotypeGVCFs - HTSJDK Defaults.COMPRESSION_LEVEL : 2
03:37:58.246 INFO  GenotypeGVCFs - HTSJDK Defaults.USE_ASYNC_IO_READ_FOR_SAMTOOLS : false
03:37:58.246 INFO  GenotypeGVCFs - HTSJDK Defaults.USE_ASYNC_IO_WRITE_FOR_SAMTOOLS : true
03:37:58.247 INFO  GenotypeGVCFs - HTSJDK Defaults.USE_ASYNC_IO_WRITE_FOR_TRIBBLE : false
03:37:58.247 INFO  GenotypeGVCFs - Deflater: IntelDeflater
03:37:58.247 INFO  GenotypeGVCFs - Inflater: IntelInflater
03:37:58.247 INFO  GenotypeGVCFs - GCS max retries/reopens: 20
03:37:58.248 INFO  GenotypeGVCFs - Requester pays: disabled
03:37:58.248 INFO  GenotypeGVCFs - Initializing engine
03:38:01.660 INFO  FeatureManager - Using codec VCFCodec to read file file:///data3/andrew/genomes/analysis/APH_subsampled/called.chr18.recal.g.vcf.gz
03:38:03.474 INFO  IntervalArgumentCollection - Processing 80373285 bp from intervals
03:38:07.685 INFO  GenotypeGVCFs - Done initializing engine
03:38:14.657 INFO  ProgressMeter - Starting traversal
03:38:14.765 INFO  ProgressMeter -        Current Locus  Elapsed Minutes    Variants Processed  Variants/Minute
03:38:15.830 WARN  ReferenceConfidenceVariantContextMerger - Detected invalid annotations: When trying to merge variant contexts at location chr18:14929 the annotation MLEAC=[1, 0] was not a numerical value and was ignored
03:38:15.904 WARN  InbreedingCoeff - InbreedingCoeff will not be calculated at position chr18:14929 and possibly subsequent; at least 10 samples must have called genotypes
03:38:25.581 INFO  ProgressMeter -        chr18:3022003              0.2                 64000         355128.1
03:38:35.587 INFO  ProgressMeter -       chr18:10333270              0.3                219000         631123.9
03:38:46.230 INFO  ProgressMeter -       chr18:14286997              0.5                304000         579710.1
03:38:58.266 INFO  ProgressMeter -       chr18:24912867              0.7                416000         573793.1
03:39:08.288 INFO  ProgressMeter -       chr18:33265813              0.9                588000         659168.2
03:39:18.445 INFO  ProgressMeter -       chr18:41981484              1.1                765000         720802.8
03:39:28.461 INFO  ProgressMeter -       chr18:50212473              1.2                939000         764502.3
03:39:41.164 INFO  ProgressMeter -       chr18:57452210              1.4               1091000         757656.4
03:39:51.179 INFO  ProgressMeter -       chr18:64130046              1.6               1234000         767954.2
03:40:01.276 INFO  ProgressMeter -       chr18:72013448              1.8               1398000         787531.7
03:40:11.299 INFO  ProgressMeter -       chr18:80063036              1.9               1577000         811958.8
03:40:11.449 INFO  ProgressMeter -       chr18:80241829              1.9               1581561         813260.4
03:40:11.449 INFO  ProgressMeter - Traversal complete. Processed 1581561 total variants in 1.9 minutes.
03:40:24.779 INFO  GenotypeGVCFs - Shutting down engine
[May 2, 2024 at 3:40:24 AM UTC] org.broadinstitute.hellbender.tools.walkers.GenotypeGVCFs done. Elapsed time: 2.50 minutes.
Runtime.totalMemory()=654311424
Stage 5: Genotyped chrom
