Using GATK jar /export/approved/gatk-4.5.0.0/gatk-package-4.5.0.0-local.jar
Running:
    java -Dsamjdk.use_async_io_read_samtools=false -Dsamjdk.use_async_io_write_samtools=true -Dsamjdk.use_async_io_write_tribble=false -Dsamjdk.compression_level=2 -Xmx30G -XX:ParallelGCThreads=4 -jar /export/approved/gatk-4.5.0.0/gatk-package-4.5.0.0-local.jar GenotypeGVCFs -R /export/home/andrew/genome/hg38_v0_20231023/Homo_sapiens_assembly38.fasta -L chr19 -V called.chr19.recal.g.vcf.gz -O genotype.chr19.vcf.gz
03:37:55.228 INFO  NativeLibraryLoader - Loading libgkl_compression.so from jar:file:/export/approved/gatk-4.5.0.0/gatk-package-4.5.0.0-local.jar!/com/intel/gkl/native/libgkl_compression.so
03:37:56.036 INFO  GenotypeGVCFs - ------------------------------------------------------------
03:37:56.042 INFO  GenotypeGVCFs - The Genome Analysis Toolkit (GATK) v4.5.0.0
03:37:56.042 INFO  GenotypeGVCFs - For support and documentation go to https://software.broadinstitute.org/gatk/
03:37:56.042 INFO  GenotypeGVCFs - Executing as andrew@compute-0-11 on Linux v5.15.0-75-generic amd64
03:37:56.043 INFO  GenotypeGVCFs - Java runtime: OpenJDK 64-Bit Server VM v19.0.2+7-Ubuntu-0ubuntu322.04
03:37:56.043 INFO  GenotypeGVCFs - Start Date/Time: May 2, 2024 at 3:37:55 AM UTC
03:37:56.043 INFO  GenotypeGVCFs - ------------------------------------------------------------
03:37:56.043 INFO  GenotypeGVCFs - ------------------------------------------------------------
03:37:56.045 INFO  GenotypeGVCFs - HTSJDK Version: 4.1.0
03:37:56.045 INFO  GenotypeGVCFs - Picard Version: 3.1.1
03:37:56.045 INFO  GenotypeGVCFs - Built for Spark Version: 3.5.0
03:37:56.046 INFO  GenotypeGVCFs - HTSJDK Defaults.COMPRESSION_LEVEL : 2
03:37:56.046 INFO  GenotypeGVCFs - HTSJDK Defaults.USE_ASYNC_IO_READ_FOR_SAMTOOLS : false
03:37:56.046 INFO  GenotypeGVCFs - HTSJDK Defaults.USE_ASYNC_IO_WRITE_FOR_SAMTOOLS : true
03:37:56.047 INFO  GenotypeGVCFs - HTSJDK Defaults.USE_ASYNC_IO_WRITE_FOR_TRIBBLE : false
03:37:56.047 INFO  GenotypeGVCFs - Deflater: IntelDeflater
03:37:56.047 INFO  GenotypeGVCFs - Inflater: IntelInflater
03:37:56.047 INFO  GenotypeGVCFs - GCS max retries/reopens: 20
03:37:56.048 INFO  GenotypeGVCFs - Requester pays: disabled
03:37:56.048 INFO  GenotypeGVCFs - Initializing engine
03:38:00.159 INFO  FeatureManager - Using codec VCFCodec to read file file:///data3/andrew/genomes/analysis/APH_subsampled/called.chr19.recal.g.vcf.gz
03:38:01.747 INFO  IntervalArgumentCollection - Processing 58617616 bp from intervals
03:38:01.798 INFO  GenotypeGVCFs - Done initializing engine
03:38:02.947 INFO  ProgressMeter - Starting traversal
03:38:02.948 INFO  ProgressMeter -        Current Locus  Elapsed Minutes    Variants Processed  Variants/Minute
03:38:04.040 WARN  ReferenceConfidenceVariantContextMerger - Detected invalid annotations: When trying to merge variant contexts at location chr19:71178 the annotation MLEAC=[1, 0] was not a numerical value and was ignored
03:38:04.119 WARN  InbreedingCoeff - InbreedingCoeff will not be calculated at position chr19:80833 and possibly subsequent; at least 10 samples must have called genotypes
03:38:13.499 INFO  ProgressMeter -        chr19:3004035              0.2                 60000         341232.2
03:38:23.515 INFO  ProgressMeter -        chr19:7877394              0.3                159000         463849.9
03:38:34.183 INFO  ProgressMeter -       chr19:13043945              0.5                261000         501360.7
03:38:44.644 INFO  ProgressMeter -       chr19:19016843              0.7                382000         549693.0
03:38:55.135 INFO  ProgressMeter -       chr19:22028813              0.9                446000         512771.4
03:39:05.159 INFO  ProgressMeter -       chr19:29677566              1.0                558000         538168.5
03:39:16.789 INFO  ProgressMeter -       chr19:35284406              1.2                672000         546038.1
03:39:27.160 INFO  ProgressMeter -       chr19:41956736              1.4                806000         574265.0
03:39:37.169 INFO  ProgressMeter -       chr19:48335393              1.6                935000         595408.7
03:39:47.652 INFO  ProgressMeter -       chr19:54302751              1.7               1056000         605134.5
03:39:53.543 INFO  ProgressMeter -       chr19:58604368              1.8               1146109         621792.7
03:39:53.543 INFO  ProgressMeter - Traversal complete. Processed 1146109 total variants in 1.8 minutes.
03:40:05.101 INFO  GenotypeGVCFs - Shutting down engine
[May 2, 2024 at 3:40:05 AM UTC] org.broadinstitute.hellbender.tools.walkers.GenotypeGVCFs done. Elapsed time: 2.17 minutes.
Runtime.totalMemory()=452984832
Stage 5: Genotyped chrom
