Using GATK jar /export/approved/gatk-4.5.0.0/gatk-package-4.5.0.0-local.jar
Running:
    java -Dsamjdk.use_async_io_read_samtools=false -Dsamjdk.use_async_io_write_samtools=true -Dsamjdk.use_async_io_write_tribble=false -Dsamjdk.compression_level=2 -Xmx30G -XX:ParallelGCThreads=4 -jar /export/approved/gatk-4.5.0.0/gatk-package-4.5.0.0-local.jar GenotypeGVCFs -R /export/home/andrew/genome/hg38_v0_20231023/Homo_sapiens_assembly38.fasta -L chr7 -V called.chr7.recal.g.vcf.gz -O genotype.chr7.vcf.gz
03:34:12.986 INFO  NativeLibraryLoader - Loading libgkl_compression.so from jar:file:/export/approved/gatk-4.5.0.0/gatk-package-4.5.0.0-local.jar!/com/intel/gkl/native/libgkl_compression.so
03:34:13.989 INFO  GenotypeGVCFs - ------------------------------------------------------------
03:34:15.395 INFO  GenotypeGVCFs - The Genome Analysis Toolkit (GATK) v4.5.0.0
03:34:15.395 INFO  GenotypeGVCFs - For support and documentation go to https://software.broadinstitute.org/gatk/
03:34:15.396 INFO  GenotypeGVCFs - Executing as andrew@compute-0-7 on Linux v5.15.0-75-generic amd64
03:34:15.396 INFO  GenotypeGVCFs - Java runtime: OpenJDK 64-Bit Server VM v19.0.2+7-Ubuntu-0ubuntu322.04
03:34:15.397 INFO  GenotypeGVCFs - Start Date/Time: May 2, 2024 at 3:34:12 AM UTC
03:34:15.397 INFO  GenotypeGVCFs - ------------------------------------------------------------
03:34:15.397 INFO  GenotypeGVCFs - ------------------------------------------------------------
03:34:15.399 INFO  GenotypeGVCFs - HTSJDK Version: 4.1.0
03:34:15.399 INFO  GenotypeGVCFs - Picard Version: 3.1.1
03:34:15.399 INFO  GenotypeGVCFs - Built for Spark Version: 3.5.0
03:34:15.400 INFO  GenotypeGVCFs - HTSJDK Defaults.COMPRESSION_LEVEL : 2
03:34:15.400 INFO  GenotypeGVCFs - HTSJDK Defaults.USE_ASYNC_IO_READ_FOR_SAMTOOLS : false
03:34:15.400 INFO  GenotypeGVCFs - HTSJDK Defaults.USE_ASYNC_IO_WRITE_FOR_SAMTOOLS : true
03:34:15.401 INFO  GenotypeGVCFs - HTSJDK Defaults.USE_ASYNC_IO_WRITE_FOR_TRIBBLE : false
03:34:15.401 INFO  GenotypeGVCFs - Deflater: IntelDeflater
03:34:15.401 INFO  GenotypeGVCFs - Inflater: IntelInflater
03:34:15.401 INFO  GenotypeGVCFs - GCS max retries/reopens: 20
03:34:15.402 INFO  GenotypeGVCFs - Requester pays: disabled
03:34:15.403 INFO  GenotypeGVCFs - Initializing engine
03:34:22.091 INFO  FeatureManager - Using codec VCFCodec to read file file:///data3/andrew/genomes/analysis/APH_subsampled/called.chr7.recal.g.vcf.gz
03:34:27.246 INFO  IntervalArgumentCollection - Processing 159345973 bp from intervals
03:34:27.340 INFO  GenotypeGVCFs - Done initializing engine
03:34:29.259 INFO  ProgressMeter - Starting traversal
03:34:32.049 INFO  ProgressMeter -        Current Locus  Elapsed Minutes    Variants Processed  Variants/Minute
03:34:37.664 WARN  ReferenceConfidenceVariantContextMerger - Detected invalid annotations: When trying to merge variant contexts at location chr7:30444 the annotation MLEAC=[1, 0] was not a numerical value and was ignored
03:34:38.877 WARN  InbreedingCoeff - InbreedingCoeff will not be calculated at position chr7:30444 and possibly subsequent; at least 10 samples must have called genotypes
03:34:42.102 INFO  ProgressMeter -          chr7:767858              0.2                 16000          95493.9
03:34:53.787 INFO  ProgressMeter -         chr7:1802068              0.4                 38000         104885.5
03:35:08.434 INFO  ProgressMeter -         chr7:3049855              0.6                 66000         108836.1
03:35:19.463 INFO  ProgressMeter -         chr7:5220327              0.8                113000         142995.7
03:35:29.841 INFO  ProgressMeter -         chr7:8830763              1.0                189000         196220.9
03:35:40.899 INFO  ProgressMeter -        chr7:13020712              1.1                278000         242265.8
03:35:50.924 INFO  ProgressMeter -        chr7:18253391              1.3                386000         293629.2
03:36:01.005 INFO  ProgressMeter -        chr7:22051160              1.5                466000         314312.7
03:36:14.021 INFO  ProgressMeter -        chr7:27045912              1.7                570000         335389.5
03:36:24.130 INFO  ProgressMeter -        chr7:32659386              1.9                691000         369911.0
03:36:34.147 INFO  ProgressMeter -        chr7:37790200              2.0                798000         392144.0
03:36:45.799 INFO  ProgressMeter -        chr7:42888707              2.2                904000         405532.7
03:36:57.907 INFO  ProgressMeter -        chr7:47051748              2.4                992000         408070.9
03:37:08.528 INFO  ProgressMeter -        chr7:50084525              2.6               1057000         405294.0
03:37:18.546 INFO  ProgressMeter -        chr7:55105558              2.8               1164000         419467.0
03:37:28.564 INFO  ProgressMeter -        chr7:62784540              2.9               1257000         427272.5
03:37:38.697 INFO  ProgressMeter -        chr7:65685438              3.1               1310000         421115.8
03:37:48.926 INFO  ProgressMeter -        chr7:68660488              3.3               1373000         418433.8
03:38:00.094 INFO  ProgressMeter -        chr7:72670161              3.5               1457000         420197.6
03:38:10.307 INFO  ProgressMeter -        chr7:77231818              3.6               1532000         421154.9
03:38:20.318 INFO  ProgressMeter -        chr7:80838455              3.8               1606000         422133.5
03:38:30.731 INFO  ProgressMeter -        chr7:84770591              4.0               1686000         423827.5
03:38:41.820 INFO  ProgressMeter -        chr7:92435464              4.2               1842000         442485.3
03:38:52.006 INFO  ProgressMeter -        chr7:99680704              4.3               1988000         458845.1
03:39:02.043 INFO  ProgressMeter -       chr7:105410792              4.5               2101000         466899.3
03:39:15.585 INFO  ProgressMeter -       chr7:108624792              4.7               2168000         458777.7
03:39:25.730 INFO  ProgressMeter -       chr7:112664624              4.9               2251000         459886.7
03:39:35.741 INFO  ProgressMeter -       chr7:121539200              5.1               2428000         479696.5
03:39:45.749 INFO  ProgressMeter -       chr7:128515045              5.2               2571000         491743.7
03:39:57.971 INFO  ProgressMeter -       chr7:133682146              5.4               2681000         493553.7
03:40:08.006 INFO  ProgressMeter -       chr7:137281132              5.6               2757000         492384.4
03:40:18.024 INFO  ProgressMeter -       chr7:140363736              5.8               2821000         489226.1
03:40:29.841 INFO  ProgressMeter -       chr7:141678095              6.0               2849000         477763.6
03:40:39.850 INFO  ProgressMeter -       chr7:146655758              6.1               2947000         480749.1
03:40:53.183 INFO  ProgressMeter -       chr7:151409767              6.4               3047000         479673.8
03:41:03.229 INFO  ProgressMeter -       chr7:154918301              6.5               3122000         478858.8
03:41:13.265 INFO  ProgressMeter -       chr7:158833534              6.7               3206000         479442.5
03:41:13.698 INFO  ProgressMeter -       chr7:159284483              6.7               3216964         480563.5
03:41:13.698 INFO  ProgressMeter - Traversal complete. Processed 3216964 total variants in 6.7 minutes.
03:41:40.640 INFO  GenotypeGVCFs - Shutting down engine
[May 2, 2024 at 3:41:40 AM UTC] org.broadinstitute.hellbender.tools.walkers.GenotypeGVCFs done. Elapsed time: 7.46 minutes.
Runtime.totalMemory()=436207616
Stage 5: Genotyped chrom
