Using GATK jar /export/approved/gatk-4.5.0.0/gatk-package-4.5.0.0-local.jar
Running:
    java -Dsamjdk.use_async_io_read_samtools=false -Dsamjdk.use_async_io_write_samtools=true -Dsamjdk.use_async_io_write_tribble=false -Dsamjdk.compression_level=2 -Xmx30G -XX:ParallelGCThreads=4 -jar /export/approved/gatk-4.5.0.0/gatk-package-4.5.0.0-local.jar GenotypeGVCFs -R /export/home/andrew/genome/hg38_v0_20231023/Homo_sapiens_assembly38.fasta -L chr13 -V called.chr13.recal.g.vcf.gz -O genotype.chr13.vcf.gz
03:33:40.144 INFO  NativeLibraryLoader - Loading libgkl_compression.so from jar:file:/export/approved/gatk-4.5.0.0/gatk-package-4.5.0.0-local.jar!/com/intel/gkl/native/libgkl_compression.so
03:33:43.398 INFO  GenotypeGVCFs - ------------------------------------------------------------
03:33:43.404 INFO  GenotypeGVCFs - The Genome Analysis Toolkit (GATK) v4.5.0.0
03:33:43.405 INFO  GenotypeGVCFs - For support and documentation go to https://software.broadinstitute.org/gatk/
03:33:43.406 INFO  GenotypeGVCFs - Executing as andrew@compute-0-10 on Linux v5.15.0-75-generic amd64
03:33:43.406 INFO  GenotypeGVCFs - Java runtime: OpenJDK 64-Bit Server VM v19.0.2+7-Ubuntu-0ubuntu322.04
03:33:43.406 INFO  GenotypeGVCFs - Start Date/Time: May 2, 2024 at 3:33:40 AM UTC
03:33:43.406 INFO  GenotypeGVCFs - ------------------------------------------------------------
03:33:43.407 INFO  GenotypeGVCFs - ------------------------------------------------------------
03:33:43.408 INFO  GenotypeGVCFs - HTSJDK Version: 4.1.0
03:33:43.408 INFO  GenotypeGVCFs - Picard Version: 3.1.1
03:33:43.409 INFO  GenotypeGVCFs - Built for Spark Version: 3.5.0
03:33:43.409 INFO  GenotypeGVCFs - HTSJDK Defaults.COMPRESSION_LEVEL : 2
03:33:43.409 INFO  GenotypeGVCFs - HTSJDK Defaults.USE_ASYNC_IO_READ_FOR_SAMTOOLS : false
03:33:43.410 INFO  GenotypeGVCFs - HTSJDK Defaults.USE_ASYNC_IO_WRITE_FOR_SAMTOOLS : true
03:33:43.410 INFO  GenotypeGVCFs - HTSJDK Defaults.USE_ASYNC_IO_WRITE_FOR_TRIBBLE : false
03:33:43.410 INFO  GenotypeGVCFs - Deflater: IntelDeflater
03:33:43.410 INFO  GenotypeGVCFs - Inflater: IntelInflater
03:33:43.411 INFO  GenotypeGVCFs - GCS max retries/reopens: 20
03:33:43.411 INFO  GenotypeGVCFs - Requester pays: disabled
03:33:43.412 INFO  GenotypeGVCFs - Initializing engine
03:33:46.042 INFO  FeatureManager - Using codec VCFCodec to read file file:///data3/andrew/genomes/analysis/APH_subsampled/called.chr13.recal.g.vcf.gz
03:34:09.890 INFO  IntervalArgumentCollection - Processing 114364328 bp from intervals
03:34:09.946 INFO  GenotypeGVCFs - Done initializing engine
03:34:11.649 INFO  ProgressMeter - Starting traversal
03:34:11.650 INFO  ProgressMeter -        Current Locus  Elapsed Minutes    Variants Processed  Variants/Minute
03:34:23.144 WARN  ReferenceConfidenceVariantContextMerger - Detected invalid annotations: When trying to merge variant contexts at location chr13:16000289 the annotation MLEAC=[1, 0] was not a numerical value and was ignored
03:34:23.220 WARN  InbreedingCoeff - InbreedingCoeff will not be calculated at position chr13:16000289 and possibly subsequent; at least 10 samples must have called genotypes
03:34:24.039 INFO  ProgressMeter -       chr13:16016596              0.2                  1000           4843.4
03:34:34.361 INFO  ProgressMeter -       chr13:19021252              0.4                 43000         113601.3
03:34:44.976 INFO  ProgressMeter -       chr13:23421444              0.6                138000         248462.1
03:34:55.003 INFO  ProgressMeter -       chr13:28464530              0.7                247000         341844.9
03:35:05.601 INFO  ProgressMeter -       chr13:34024403              0.9                366000         407036.0
03:35:16.321 INFO  ProgressMeter -       chr13:38025042              1.1                449000         416576.5
03:35:26.368 INFO  ProgressMeter -       chr13:41361975              1.2                520000         417570.1
03:35:36.383 INFO  ProgressMeter -       chr13:50798749              1.4                716000         507004.4
03:35:46.389 INFO  ProgressMeter -       chr13:54714317              1.6                796000         504121.9
03:35:56.394 INFO  ProgressMeter -       chr13:61623550              1.7                935000         535591.5
03:36:06.475 INFO  ProgressMeter -       chr13:69051978              1.9               1084000         566427.2
03:36:16.478 INFO  ProgressMeter -       chr13:75399372              2.1               1217000         584969.6
03:36:27.221 INFO  ProgressMeter -       chr13:82065968              2.3               1357000         600570.9
03:36:37.419 INFO  ProgressMeter -       chr13:89066162              2.4               1496000         615768.8
03:36:47.916 INFO  ProgressMeter -       chr13:95091632              2.6               1621000         622400.3
03:36:57.936 INFO  ProgressMeter -      chr13:101566614              2.8               1758000         634328.8
03:37:07.973 INFO  ProgressMeter -      chr13:105833797              2.9               1847000         628505.6
03:37:17.995 INFO  ProgressMeter -      chr13:111121375              3.1               1961000         631409.5
03:37:24.896 INFO  ProgressMeter -      chr13:114321364              3.2               2025994         629040.9
03:37:26.341 INFO  ProgressMeter - Traversal complete. Processed 2025994 total variants in 3.2 minutes.
03:37:39.497 INFO  GenotypeGVCFs - Shutting down engine
[May 2, 2024 at 3:37:39 AM UTC] org.broadinstitute.hellbender.tools.walkers.GenotypeGVCFs done. Elapsed time: 3.99 minutes.
Runtime.totalMemory()=436207616
Stage 5: Genotyped chrom
