Using GATK jar /export/approved/gatk-4.5.0.0/gatk-package-4.5.0.0-local.jar
Running:
    java -Dsamjdk.use_async_io_read_samtools=false -Dsamjdk.use_async_io_write_samtools=true -Dsamjdk.use_async_io_write_tribble=false -Dsamjdk.compression_level=2 -Xmx30G -XX:ParallelGCThreads=4 -jar /export/approved/gatk-4.5.0.0/gatk-package-4.5.0.0-local.jar GenotypeGVCFs -R /export/home/andrew/genome/hg38_v0_20231023/Homo_sapiens_assembly38.fasta -L chr10 -V called.chr10.recal.g.vcf.gz -O genotype.chr10.vcf.gz
03:35:35.086 INFO  NativeLibraryLoader - Loading libgkl_compression.so from jar:file:/export/approved/gatk-4.5.0.0/gatk-package-4.5.0.0-local.jar!/com/intel/gkl/native/libgkl_compression.so
03:35:36.158 INFO  GenotypeGVCFs - ------------------------------------------------------------
03:35:36.166 INFO  GenotypeGVCFs - The Genome Analysis Toolkit (GATK) v4.5.0.0
03:35:36.166 INFO  GenotypeGVCFs - For support and documentation go to https://software.broadinstitute.org/gatk/
03:35:36.166 INFO  GenotypeGVCFs - Executing as andrew@compute-0-9 on Linux v5.15.0-75-generic amd64
03:35:36.167 INFO  GenotypeGVCFs - Java runtime: OpenJDK 64-Bit Server VM v19.0.2+7-Ubuntu-0ubuntu322.04
03:35:36.167 INFO  GenotypeGVCFs - Start Date/Time: May 2, 2024 at 3:35:34 AM UTC
03:35:36.167 INFO  GenotypeGVCFs - ------------------------------------------------------------
03:35:36.167 INFO  GenotypeGVCFs - ------------------------------------------------------------
03:35:36.169 INFO  GenotypeGVCFs - HTSJDK Version: 4.1.0
03:35:36.169 INFO  GenotypeGVCFs - Picard Version: 3.1.1
03:35:36.169 INFO  GenotypeGVCFs - Built for Spark Version: 3.5.0
03:35:36.170 INFO  GenotypeGVCFs - HTSJDK Defaults.COMPRESSION_LEVEL : 2
03:35:36.170 INFO  GenotypeGVCFs - HTSJDK Defaults.USE_ASYNC_IO_READ_FOR_SAMTOOLS : false
03:35:36.170 INFO  GenotypeGVCFs - HTSJDK Defaults.USE_ASYNC_IO_WRITE_FOR_SAMTOOLS : true
03:35:36.171 INFO  GenotypeGVCFs - HTSJDK Defaults.USE_ASYNC_IO_WRITE_FOR_TRIBBLE : false
03:35:36.171 INFO  GenotypeGVCFs - Deflater: IntelDeflater
03:35:36.171 INFO  GenotypeGVCFs - Inflater: IntelInflater
03:35:36.172 INFO  GenotypeGVCFs - GCS max retries/reopens: 20
03:35:36.172 INFO  GenotypeGVCFs - Requester pays: disabled
03:35:36.173 INFO  GenotypeGVCFs - Initializing engine
03:35:43.572 INFO  FeatureManager - Using codec VCFCodec to read file file:///data3/andrew/genomes/analysis/APH_subsampled/called.chr10.recal.g.vcf.gz
03:35:45.991 INFO  IntervalArgumentCollection - Processing 133797422 bp from intervals
03:35:46.067 INFO  GenotypeGVCFs - Done initializing engine
03:35:47.650 INFO  ProgressMeter - Starting traversal
03:35:50.500 INFO  ProgressMeter -        Current Locus  Elapsed Minutes    Variants Processed  Variants/Minute
03:35:50.696 WARN  ReferenceConfidenceVariantContextMerger - Detected invalid annotations: When trying to merge variant contexts at location chr10:11133 the annotation MLEAC=[0, 0] was not a numerical value and was ignored
03:35:50.807 WARN  InbreedingCoeff - InbreedingCoeff will not be calculated at position chr10:11427 and possibly subsequent; at least 10 samples must have called genotypes
03:36:00.521 INFO  ProgressMeter -        chr10:3087912              0.2                 67000         401197.6
03:36:12.150 INFO  ProgressMeter -        chr10:8031164              0.4                177000         490553.8
03:36:22.544 INFO  ProgressMeter -       chr10:12010545              0.5                263000         492447.9
03:36:32.603 INFO  ProgressMeter -       chr10:17388232              0.7                379000         540104.0
03:36:43.587 INFO  ProgressMeter -       chr10:23036683              0.9                494000         558328.8
03:36:53.942 INFO  ProgressMeter -       chr10:28776141              1.1                612000         578796.4
03:37:04.409 INFO  ProgressMeter -       chr10:34035761              1.2                723000         586938.0
03:37:16.302 INFO  ProgressMeter -       chr10:38794748              1.4                821000         574112.5
03:37:26.303 INFO  ProgressMeter -       chr10:45216705              1.6                932000         583697.8
03:37:41.778 INFO  ProgressMeter -       chr10:51755750              1.9               1060000         571541.5
03:37:52.991 INFO  ProgressMeter -       chr10:56073895              2.0               1151000         563796.5
03:38:03.007 INFO  ProgressMeter -       chr10:60161630              2.2               1240000         561479.8
03:38:14.575 INFO  ProgressMeter -       chr10:64976320              2.4               1343000         559292.0
03:38:24.933 INFO  ProgressMeter -       chr10:68949759              2.6               1426000         554026.7
03:38:34.988 INFO  ProgressMeter -       chr10:75395127              2.7               1561000         569406.7
03:38:45.019 INFO  ProgressMeter -       chr10:81310859              2.9               1685000         579309.9
03:38:55.042 INFO  ProgressMeter -       chr10:87769897              3.1               1818000         591085.0
03:39:05.056 INFO  ProgressMeter -       chr10:93717691              3.2               1941000         598593.7
03:39:16.110 INFO  ProgressMeter -       chr10:99987693              3.4               2071000         604348.0
03:39:26.127 INFO  ProgressMeter -      chr10:105972110              3.6               2195000         610779.8
03:39:36.458 INFO  ProgressMeter -      chr10:111991315              3.8               2320000         616043.7
03:39:46.460 INFO  ProgressMeter -      chr10:118527838              3.9               2460000         625529.8
03:39:56.475 INFO  ProgressMeter -      chr10:124221756              4.1               2585000         630551.9
03:40:06.502 INFO  ProgressMeter -      chr10:129400834              4.3               2699000         632573.2
03:40:13.503 INFO  ProgressMeter -      chr10:133688616              4.4               2794935         637622.9
03:40:13.503 INFO  ProgressMeter - Traversal complete. Processed 2794935 total variants in 4.4 minutes.
03:40:27.250 INFO  GenotypeGVCFs - Shutting down engine
[May 2, 2024 at 3:40:27 AM UTC] org.broadinstitute.hellbender.tools.walkers.GenotypeGVCFs done. Elapsed time: 4.89 minutes.
Runtime.totalMemory()=352321536
Stage 5: Genotyped chrom
